2017-07-24 17:17:00,366 () volttron.platform.main DEBUG: open file resource limit increased from 1024 to 4096
2017-07-24 17:17:00,366 () volttron.platform.main DEBUG: using key-store file /home/volttron/.volttron52/keystore
2017-07-24 17:17:00,367 () volttron.platform.main INFO: public key: B1H4SsbkrtL1df1sJ7OlguHuU56kISCj0SVU7FjUFTs
2017-07-24 17:17:00,370 () volttron.platform.main DEBUG: protected topics file /home/volttron/.volttron52/protected_topics.json
2017-07-24 17:17:00,371 () volttron.platform.main DEBUG: external_address_file file /home/volttron/.volttron52/external_address.json
2017-07-24 17:17:00,372 () volttron.platform.vip.agent.core DEBUG: address: inproc://vip
2017-07-24 17:17:00,372 () volttron.platform.vip.agent.core DEBUG: identity: config.store
2017-07-24 17:17:00,372 () volttron.platform.vip.agent.core DEBUG: agent_uuid: None
2017-07-24 17:17:00,372 () volttron.platform.vip.agent.core DEBUG: serverkey: None
2017-07-24 17:17:00,377 () volttron.platform.store INFO: Initializing configuration store service.
2017-07-24 17:17:00,377 () volttron.platform.store DEBUG: Configuration directory already exists.
2017-07-24 17:17:00,381 () volttron.platform.vip.agent.core DEBUG: address: inproc://vip
2017-07-24 17:17:00,382 () volttron.platform.vip.agent.core DEBUG: identity: platform.auth
2017-07-24 17:17:00,382 () volttron.platform.vip.agent.core DEBUG: agent_uuid: None
2017-07-24 17:17:00,382 () volttron.platform.vip.agent.core DEBUG: serverkey: None
2017-07-24 17:17:00,386 () volttron.platform.auth INFO: loading auth file /home/volttron/.volttron52/auth.json
2017-07-24 17:17:00,386 () volttron.platform.auth INFO: auth file /home/volttron/.volttron52/auth.json loaded
2017-07-24 17:17:00,389 () volttron.platform.main DEBUG: MAIN: protected topics content {}
2017-07-24 17:17:00,390 () volttron.platform.main DEBUG: In-process VIP router bound to inproc://vip
2017-07-24 17:17:00,391 () volttron.platform.vip.socket ERROR: Attempted to bind Volttron to already bound address ipc://@/home/volttron/.volttron52/run/vip.socket, stopping
2017-07-24 17:17:09,591 () volttron.platform.main DEBUG: open file resource limit increased from 1024 to 4096
2017-07-24 17:17:09,592 () volttron.platform.agent.utils DEBUG: missing file /home/volttron/.volttron53/keystore
2017-07-24 17:17:09,592 () volttron.platform.agent.utils INFO: creating file /home/volttron/.volttron53/keystore
2017-07-24 17:17:09,593 () volttron.platform.main DEBUG: using key-store file /home/volttron/.volttron53/keystore
2017-07-24 17:17:09,593 () volttron.platform.main INFO: public key: WHDiJ_VISSLWOa6xTQcEou4wh4mWo9J44bmBXOtrm3o
2017-07-24 17:17:09,594 () volttron.platform.agent.utils DEBUG: missing file /home/volttron/.volttron53/auth.json
2017-07-24 17:17:09,594 () volttron.platform.agent.utils INFO: creating file /home/volttron/.volttron53/auth.json
2017-07-24 17:17:09,594 () volttron.platform.auth INFO: Created backup of /home/volttron/.volttron53/auth.json at /home/volttron/.volttron53/auth.json.85cdc9b0-1466-4ff3-8d52-3deeb2e1759e.bak
2017-07-24 17:17:09,595 () volttron.platform.agent.utils DEBUG: missing file /home/volttron/.volttron53/known_hosts
2017-07-24 17:17:09,595 () volttron.platform.agent.utils INFO: creating file /home/volttron/.volttron53/known_hosts
2017-07-24 17:17:09,596 () volttron.platform.main DEBUG: protected topics file /home/volttron/.volttron53/protected_topics.json
2017-07-24 17:17:09,596 () volttron.platform.main DEBUG: external_address_file file /home/volttron/.volttron53/external_address.json
2017-07-24 17:17:09,596 () volttron.platform.agent.utils DEBUG: missing file /home/volttron/.volttron53/keystores/config.store/keystore.json
2017-07-24 17:17:09,596 () volttron.platform.agent.utils INFO: creating file /home/volttron/.volttron53/keystores/config.store/keystore.json
2017-07-24 17:17:09,598 () volttron.platform.vip.agent.core DEBUG: address: inproc://vip
2017-07-24 17:17:09,598 () volttron.platform.vip.agent.core DEBUG: identity: config.store
2017-07-24 17:17:09,598 () volttron.platform.vip.agent.core DEBUG: agent_uuid: None
2017-07-24 17:17:09,598 () volttron.platform.vip.agent.core DEBUG: serverkey: None
2017-07-24 17:17:09,599 () volttron.platform.store INFO: Initializing configuration store service.
2017-07-24 17:17:09,601 () volttron.platform.agent.utils DEBUG: missing file /home/volttron/.volttron53/keystores/platform.auth/keystore.json
2017-07-24 17:17:09,601 () volttron.platform.agent.utils INFO: creating file /home/volttron/.volttron53/keystores/platform.auth/keystore.json
2017-07-24 17:17:09,603 () volttron.platform.vip.agent.core DEBUG: address: inproc://vip
2017-07-24 17:17:09,603 () volttron.platform.vip.agent.core DEBUG: identity: platform.auth
2017-07-24 17:17:09,603 () volttron.platform.vip.agent.core DEBUG: agent_uuid: None
2017-07-24 17:17:09,603 () volttron.platform.vip.agent.core DEBUG: serverkey: None
2017-07-24 17:17:09,605 () volttron.platform.auth INFO: loading auth file /home/volttron/.volttron53/auth.json
2017-07-24 17:17:09,605 () volttron.platform.auth INFO: auth file /home/volttron/.volttron53/auth.json loaded
2017-07-24 17:17:09,605 () volttron.platform.agent.utils DEBUG: missing file /home/volttron/.volttron53/protected_topics.json
2017-07-24 17:17:09,605 () volttron.platform.agent.utils INFO: creating file /home/volttron/.volttron53/protected_topics.json
2017-07-24 17:17:09,607 () volttron.platform.main DEBUG: MAIN: protected topics content {}
2017-07-24 17:17:09,608 () volttron.platform.main DEBUG: In-process VIP router bound to inproc://vip
2017-07-24 17:17:09,608 () volttron.platform.main DEBUG: Local VIP router bound to ipc://@/home/volttron/.volttron53/run/vip.socket?secretkey=XXXXX&domain=vip&server=CURVE#85e45ef9-14d6-463f-aef2-6096647c528c
2017-07-24 17:17:09,609 () volttron.platform.main DEBUG: Additional VIP router bound to tcp://127.0.0.53:22916?secretkey=XXXXX&domain=vip&server=CURVE#85e45ef9-14d6-463f-aef2-6096647c528c
2017-07-24 17:17:09,609 () volttron.platform.vip.pubsubservice INFO: protected-topics loaded
2017-07-24 17:17:09,609 () volttron.platform.vip.externalrpcservice DEBUG: ExternalRPCService
2017-07-24 17:17:09,609 () volttron.platform.main DEBUG: ZMQ version: 4.1.5
2017-07-24 17:17:09,609 () volttron.platform.vip.pubsubservice DEBUG: PUBSUBSERVICE peer add config.store
2017-07-24 17:17:09,611 () volttron.platform.vip.agent.core INFO: Connected to platform: router: 85e45ef9-14d6-463f-aef2-6096647c528c version: 1.0 identity: config.store
2017-07-24 17:17:09,611 () volttron.platform.vip.agent.core DEBUG: Running onstart methods.
2017-07-24 17:17:09,612 () volttron.platform.vip.pubsubservice DEBUG: PUBSUBSERVICE peer add platform.auth
2017-07-24 17:17:09,615 () volttron.platform.vip.agent.core INFO: Connected to platform: router: 85e45ef9-14d6-463f-aef2-6096647c528c version: 1.0 identity: platform.auth
2017-07-24 17:17:09,615 () volttron.platform.vip.agent.core DEBUG: Running onstart methods.
2017-07-24 17:17:09,621 () volttron.platform.vip.agent.subsystems.configstore DEBUG: Processing callbacks for affected files: {}
2017-07-24 17:17:09,733 () volttron.platform.main DEBUG: protected topics file /home/volttron/.volttron53/protected_topics.json
2017-07-24 17:17:09,733 () volttron.platform.main DEBUG: external_address_file file /home/volttron/.volttron53/external_address.json
2017-07-24 17:17:09,734 () volttron.platform.agent.utils DEBUG: missing file /home/volttron/.volttron53/keystores/control/keystore.json
2017-07-24 17:17:09,734 () volttron.platform.agent.utils INFO: creating file /home/volttron/.volttron53/keystores/control/keystore.json
2017-07-24 17:17:09,737 () volttron.platform.vip.agent.core DEBUG: address: inproc://vip
2017-07-24 17:17:09,737 () volttron.platform.vip.agent.core DEBUG: identity: control
2017-07-24 17:17:09,737 () volttron.platform.vip.agent.core DEBUG: agent_uuid: None
2017-07-24 17:17:09,737 () volttron.platform.vip.agent.core DEBUG: serverkey: None
2017-07-24 17:17:09,740 () volttron.platform.agent.utils DEBUG: missing file /home/volttron/.volttron53/keystores/pubsub.compat/keystore.json
2017-07-24 17:17:09,740 () volttron.platform.agent.utils INFO: creating file /home/volttron/.volttron53/keystores/pubsub.compat/keystore.json
2017-07-24 17:17:09,742 () volttron.platform.vip.agent.core DEBUG: address: inproc://vip
2017-07-24 17:17:09,742 () volttron.platform.vip.agent.core DEBUG: identity: pubsub.compat
2017-07-24 17:17:09,743 () volttron.platform.vip.agent.core DEBUG: agent_uuid: None
2017-07-24 17:17:09,743 () volttron.platform.vip.agent.core DEBUG: serverkey: None
2017-07-24 17:17:09,744 () volttron.platform.agent.utils DEBUG: missing file /home/volttron/.volttron53/keystores/master.web/keystore.json
2017-07-24 17:17:09,744 () volttron.platform.agent.utils INFO: creating file /home/volttron/.volttron53/keystores/master.web/keystore.json
2017-07-24 17:17:09,747 () volttron.platform.vip.agent.core DEBUG: address: inproc://vip
2017-07-24 17:17:09,747 () volttron.platform.vip.agent.core DEBUG: identity: master.web
2017-07-24 17:17:09,747 () volttron.platform.vip.agent.core DEBUG: agent_uuid: None
2017-07-24 17:17:09,748 () volttron.platform.vip.agent.core DEBUG: serverkey: None
2017-07-24 17:17:09,754 () volttron.platform.agent.utils DEBUG: missing file /home/volttron/.volttron53/keystores/keydiscovery/keystore.json
2017-07-24 17:17:09,754 () volttron.platform.agent.utils INFO: creating file /home/volttron/.volttron53/keystores/keydiscovery/keystore.json
2017-07-24 17:17:09,756 () volttron.platform.vip.agent.core DEBUG: address: inproc://vip
2017-07-24 17:17:09,756 () volttron.platform.vip.agent.core DEBUG: identity: keydiscovery
2017-07-24 17:17:09,756 () volttron.platform.vip.agent.core DEBUG: agent_uuid: None
2017-07-24 17:17:09,756 () volttron.platform.vip.agent.core DEBUG: serverkey: None
2017-07-24 17:17:09,763 () volttron.platform.vip.pubsubservice DEBUG: PUBSUBSERVICE peer add control
2017-07-24 17:17:09,765 () volttron.platform.vip.agent.core INFO: Connected to platform: router: 85e45ef9-14d6-463f-aef2-6096647c528c version: 1.0 identity: control
2017-07-24 17:17:09,766 () volttron.platform.vip.agent.core DEBUG: Running onstart methods.
2017-07-24 17:17:09,767 () volttron.platform.vip.pubsubservice DEBUG: PUBSUBSERVICE peer add pubsub.compat
2017-07-24 17:17:09,769 () volttron.platform.vip.agent.core INFO: Connected to platform: router: 85e45ef9-14d6-463f-aef2-6096647c528c version: 1.0 identity: pubsub.compat
2017-07-24 17:17:09,770 () volttron.platform.vip.agent.core DEBUG: Running onstart methods.
2017-07-24 17:17:09,771 () volttron.platform.vip.pubsubservice DEBUG: PUBSUBSERVICE peer add master.web
2017-07-24 17:17:09,773 () volttron.platform.vip.pubsubservice DEBUG: PUBSUBSERVICE peer add keydiscovery
2017-07-24 17:17:09,776 () volttron.platform.vip.agent.core INFO: Connected to platform: router: 85e45ef9-14d6-463f-aef2-6096647c528c version: 1.0 identity: keydiscovery
2017-07-24 17:17:09,776 () volttron.platform.vip.agent.core DEBUG: Running onstart methods.
2017-07-24 17:17:09,777 () volttron.platform.vip.keydiscovery ERROR: Error opening file /home/volttron/.volttron53/external_address.json
2017-07-24 17:17:09,783 () volttron.platform.vip.agent.core INFO: Connected to platform: router: 85e45ef9-14d6-463f-aef2-6096647c528c version: 1.0 identity: master.web
2017-07-24 17:17:09,784 () volttron.platform.vip.agent.core DEBUG: Running onstart methods.
2017-07-24 17:17:09,790 () volttron.platform.web INFO: Starting web server binding to 127.0.0.53:8080.
2017-07-24 17:17:09,810 () volttron.platform.vip.agent.subsystems.configstore DEBUG: Processing callbacks for affected files: {}
2017-07-24 17:17:18,386 () volttron.platform.auth INFO: loading auth file /home/volttron/.volttron53/auth.json
2017-07-24 17:17:18,387 () volttron.platform.auth INFO: auth file /home/volttron/.volttron53/auth.json loaded
2017-07-24 17:17:18,389 () volttron.platform.auth DEBUG: AUTH new capabilities update: {'platform': [], 'ef420a39-f34e-4a9b-b615-602ffc3f570d': []}
2017-07-24 17:17:18,395 () volttron.platform.auth INFO: loading auth file /home/volttron/.volttron53/auth.json
2017-07-24 17:17:18,397 () volttron.platform.auth INFO: auth file /home/volttron/.volttron53/auth.json loaded
2017-07-24 17:17:18,400 () volttron.platform.auth DEBUG: AUTH new capabilities update: {'platform': [], 'ef420a39-f34e-4a9b-b615-602ffc3f570d': []}
2017-07-24 17:17:25,312 () volttron.platform.main DEBUG: open file resource limit increased from 1024 to 4096
2017-07-24 17:17:25,312 () volttron.platform.agent.utils DEBUG: missing file /home/volttron/.volttron54/keystore
2017-07-24 17:17:25,312 () volttron.platform.agent.utils INFO: creating file /home/volttron/.volttron54/keystore
2017-07-24 17:17:25,314 () volttron.platform.main DEBUG: using key-store file /home/volttron/.volttron54/keystore
2017-07-24 17:17:25,314 () volttron.platform.main INFO: public key: 0Ca_oZvypRXULxYxJYkKDbFEVgefbXE70JHKdiQYJBM
2017-07-24 17:17:25,314 () volttron.platform.agent.utils DEBUG: missing file /home/volttron/.volttron54/auth.json
2017-07-24 17:17:25,314 () volttron.platform.agent.utils INFO: creating file /home/volttron/.volttron54/auth.json
2017-07-24 17:17:25,315 () volttron.platform.auth INFO: Created backup of /home/volttron/.volttron54/auth.json at /home/volttron/.volttron54/auth.json.b8601c1e-9907-4314-b259-6fb0d1fa157e.bak
2017-07-24 17:17:25,316 () volttron.platform.agent.utils DEBUG: missing file /home/volttron/.volttron54/known_hosts
2017-07-24 17:17:25,316 () volttron.platform.agent.utils INFO: creating file /home/volttron/.volttron54/known_hosts
2017-07-24 17:17:25,316 () volttron.platform.main DEBUG: protected topics file /home/volttron/.volttron54/protected_topics.json
2017-07-24 17:17:25,316 () volttron.platform.main DEBUG: external_address_file file /home/volttron/.volttron54/external_address.json
2017-07-24 17:17:25,317 () volttron.platform.agent.utils DEBUG: missing file /home/volttron/.volttron54/keystores/config.store/keystore.json
2017-07-24 17:17:25,317 () volttron.platform.agent.utils INFO: creating file /home/volttron/.volttron54/keystores/config.store/keystore.json
2017-07-24 17:17:25,318 () volttron.platform.vip.agent.core DEBUG: address: inproc://vip
2017-07-24 17:17:25,318 () volttron.platform.vip.agent.core DEBUG: identity: config.store
2017-07-24 17:17:25,318 () volttron.platform.vip.agent.core DEBUG: agent_uuid: None
2017-07-24 17:17:25,318 () volttron.platform.vip.agent.core DEBUG: serverkey: None
2017-07-24 17:17:25,320 () volttron.platform.store INFO: Initializing configuration store service.
2017-07-24 17:17:25,321 () volttron.platform.agent.utils DEBUG: missing file /home/volttron/.volttron54/keystores/platform.auth/keystore.json
2017-07-24 17:17:25,321 () volttron.platform.agent.utils INFO: creating file /home/volttron/.volttron54/keystores/platform.auth/keystore.json
2017-07-24 17:17:25,323 () volttron.platform.vip.agent.core DEBUG: address: inproc://vip
2017-07-24 17:17:25,323 () volttron.platform.vip.agent.core DEBUG: identity: platform.auth
2017-07-24 17:17:25,323 () volttron.platform.vip.agent.core DEBUG: agent_uuid: None
2017-07-24 17:17:25,323 () volttron.platform.vip.agent.core DEBUG: serverkey: None
2017-07-24 17:17:25,325 () volttron.platform.auth INFO: loading auth file /home/volttron/.volttron54/auth.json
2017-07-24 17:17:25,325 () volttron.platform.auth INFO: auth file /home/volttron/.volttron54/auth.json loaded
2017-07-24 17:17:25,325 () volttron.platform.agent.utils DEBUG: missing file /home/volttron/.volttron54/protected_topics.json
2017-07-24 17:17:25,325 () volttron.platform.agent.utils INFO: creating file /home/volttron/.volttron54/protected_topics.json
2017-07-24 17:17:25,327 () volttron.platform.main DEBUG: MAIN: protected topics content {}
2017-07-24 17:17:25,327 () volttron.platform.main DEBUG: In-process VIP router bound to inproc://vip
2017-07-24 17:17:25,328 () volttron.platform.main DEBUG: Local VIP router bound to ipc://@/home/volttron/.volttron54/run/vip.socket?secretkey=XXXXX&domain=vip&server=CURVE#18b6eeaf-073b-4908-ba9c-50fb640a5908
2017-07-24 17:17:25,328 () volttron.platform.main DEBUG: Additional VIP router bound to tcp://127.0.0.54:22916?secretkey=XXXXX&domain=vip&server=CURVE#18b6eeaf-073b-4908-ba9c-50fb640a5908
2017-07-24 17:17:25,328 () volttron.platform.vip.pubsubservice INFO: protected-topics loaded
2017-07-24 17:17:25,328 () volttron.platform.vip.externalrpcservice DEBUG: ExternalRPCService
2017-07-24 17:17:25,328 () volttron.platform.main DEBUG: ZMQ version: 4.1.5
2017-07-24 17:17:25,329 () volttron.platform.vip.pubsubservice DEBUG: PUBSUBSERVICE peer add config.store
2017-07-24 17:17:25,330 () volttron.platform.vip.pubsubservice DEBUG: PUBSUBSERVICE peer add platform.auth
2017-07-24 17:17:25,330 () volttron.platform.vip.agent.core INFO: Connected to platform: router: 18b6eeaf-073b-4908-ba9c-50fb640a5908 version: 1.0 identity: config.store
2017-07-24 17:17:25,330 () volttron.platform.vip.agent.core DEBUG: Running onstart methods.
2017-07-24 17:17:25,333 () volttron.platform.vip.agent.core INFO: Connected to platform: router: 18b6eeaf-073b-4908-ba9c-50fb640a5908 version: 1.0 identity: platform.auth
2017-07-24 17:17:25,334 () volttron.platform.vip.agent.core DEBUG: Running onstart methods.
2017-07-24 17:17:25,338 () volttron.platform.vip.agent.subsystems.configstore DEBUG: Processing callbacks for affected files: {}
2017-07-24 17:17:25,458 () volttron.platform.main DEBUG: protected topics file /home/volttron/.volttron54/protected_topics.json
2017-07-24 17:17:25,458 () volttron.platform.main DEBUG: external_address_file file /home/volttron/.volttron54/external_address.json
2017-07-24 17:17:25,459 () volttron.platform.agent.utils DEBUG: missing file /home/volttron/.volttron54/keystores/control/keystore.json
2017-07-24 17:17:25,459 () volttron.platform.agent.utils INFO: creating file /home/volttron/.volttron54/keystores/control/keystore.json
2017-07-24 17:17:25,461 () volttron.platform.vip.agent.core DEBUG: address: inproc://vip
2017-07-24 17:17:25,461 () volttron.platform.vip.agent.core DEBUG: identity: control
2017-07-24 17:17:25,461 () volttron.platform.vip.agent.core DEBUG: agent_uuid: None
2017-07-24 17:17:25,461 () volttron.platform.vip.agent.core DEBUG: serverkey: None
2017-07-24 17:17:25,464 () volttron.platform.agent.utils DEBUG: missing file /home/volttron/.volttron54/keystores/pubsub.compat/keystore.json
2017-07-24 17:17:25,464 () volttron.platform.agent.utils INFO: creating file /home/volttron/.volttron54/keystores/pubsub.compat/keystore.json
2017-07-24 17:17:25,466 () volttron.platform.vip.agent.core DEBUG: address: inproc://vip
2017-07-24 17:17:25,466 () volttron.platform.vip.agent.core DEBUG: identity: pubsub.compat
2017-07-24 17:17:25,466 () volttron.platform.vip.agent.core DEBUG: agent_uuid: None
2017-07-24 17:17:25,466 () volttron.platform.vip.agent.core DEBUG: serverkey: None
2017-07-24 17:17:25,467 () volttron.platform.agent.utils DEBUG: missing file /home/volttron/.volttron54/keystores/master.web/keystore.json
2017-07-24 17:17:25,468 () volttron.platform.agent.utils INFO: creating file /home/volttron/.volttron54/keystores/master.web/keystore.json
2017-07-24 17:17:25,469 () volttron.platform.vip.agent.core DEBUG: address: inproc://vip
2017-07-24 17:17:25,470 () volttron.platform.vip.agent.core DEBUG: identity: master.web
2017-07-24 17:17:25,470 () volttron.platform.vip.agent.core DEBUG: agent_uuid: None
2017-07-24 17:17:25,470 () volttron.platform.vip.agent.core DEBUG: serverkey: None
2017-07-24 17:17:25,477 () volttron.platform.agent.utils DEBUG: missing file /home/volttron/.volttron54/keystores/keydiscovery/keystore.json
2017-07-24 17:17:25,477 () volttron.platform.agent.utils INFO: creating file /home/volttron/.volttron54/keystores/keydiscovery/keystore.json
2017-07-24 17:17:25,479 () volttron.platform.vip.agent.core DEBUG: address: inproc://vip
2017-07-24 17:17:25,479 () volttron.platform.vip.agent.core DEBUG: identity: keydiscovery
2017-07-24 17:17:25,479 () volttron.platform.vip.agent.core DEBUG: agent_uuid: None
2017-07-24 17:17:25,480 () volttron.platform.vip.agent.core DEBUG: serverkey: None
2017-07-24 17:17:25,487 () volttron.platform.vip.pubsubservice DEBUG: PUBSUBSERVICE peer add control
2017-07-24 17:17:25,490 () volttron.platform.vip.agent.core INFO: Connected to platform: router: 18b6eeaf-073b-4908-ba9c-50fb640a5908 version: 1.0 identity: control
2017-07-24 17:17:25,490 () volttron.platform.vip.agent.core DEBUG: Running onstart methods.
2017-07-24 17:17:25,496 () volttron.platform.vip.pubsubservice DEBUG: PUBSUBSERVICE peer add pubsub.compat
2017-07-24 17:17:25,499 () volttron.platform.vip.agent.core INFO: Connected to platform: router: 18b6eeaf-073b-4908-ba9c-50fb640a5908 version: 1.0 identity: pubsub.compat
2017-07-24 17:17:25,499 () volttron.platform.vip.agent.core DEBUG: Running onstart methods.
2017-07-24 17:17:25,501 () volttron.platform.vip.pubsubservice DEBUG: PUBSUBSERVICE peer add master.web
2017-07-24 17:17:25,505 () volttron.platform.vip.agent.core INFO: Connected to platform: router: 18b6eeaf-073b-4908-ba9c-50fb640a5908 version: 1.0 identity: master.web
2017-07-24 17:17:25,505 () volttron.platform.vip.agent.core DEBUG: Running onstart methods.
2017-07-24 17:17:25,508 () volttron.platform.web INFO: Starting web server binding to 127.0.0.54:8080.
2017-07-24 17:17:25,518 () volttron.platform.vip.pubsubservice DEBUG: PUBSUBSERVICE peer add keydiscovery
2017-07-24 17:17:25,522 () volttron.platform.vip.agent.core INFO: Connected to platform: router: 18b6eeaf-073b-4908-ba9c-50fb640a5908 version: 1.0 identity: keydiscovery
2017-07-24 17:17:25,522 () volttron.platform.vip.agent.core DEBUG: Running onstart methods.
2017-07-24 17:17:25,523 () volttron.platform.vip.keydiscovery ERROR: Error opening file /home/volttron/.volttron54/external_address.json
2017-07-24 17:17:25,531 () volttron.platform.vip.agent.subsystems.configstore DEBUG: Processing callbacks for affected files: {}
2017-07-24 17:17:37,072 () volttron.platform.auth INFO: loading auth file /home/volttron/.volttron54/auth.json
2017-07-24 17:17:37,074 () volttron.platform.auth INFO: auth file /home/volttron/.volttron54/auth.json loaded
2017-07-24 17:17:37,077 () volttron.platform.auth DEBUG: AUTH new capabilities update: {'platform': [], '8a86f540-84ac-43f0-b5e2-22f48a936320': []}
