2017-07-24 17:17:48,692 () volttron.platform.main DEBUG: open file resource limit increased from 1024 to 4096
2017-07-24 17:17:48,692 () volttron.platform.agent.utils DEBUG: missing file /home/volttron/.volttron55/keystore
2017-07-24 17:17:48,692 () volttron.platform.agent.utils INFO: creating file /home/volttron/.volttron55/keystore
2017-07-24 17:17:48,694 () volttron.platform.main DEBUG: using key-store file /home/volttron/.volttron55/keystore
2017-07-24 17:17:48,694 () volttron.platform.main INFO: public key: JAT-8sFRPsB66tcHC7Gv9o0K-KNeBEepunzi_t89Oho
2017-07-24 17:17:48,694 () volttron.platform.agent.utils DEBUG: missing file /home/volttron/.volttron55/auth.json
2017-07-24 17:17:48,694 () volttron.platform.agent.utils INFO: creating file /home/volttron/.volttron55/auth.json
2017-07-24 17:17:48,694 () volttron.platform.auth INFO: Created backup of /home/volttron/.volttron55/auth.json at /home/volttron/.volttron55/auth.json.8fbbfc48-7701-4c5f-ae6d-0640666fbac7.bak
2017-07-24 17:17:48,695 () volttron.platform.agent.utils DEBUG: missing file /home/volttron/.volttron55/known_hosts
2017-07-24 17:17:48,695 () volttron.platform.agent.utils INFO: creating file /home/volttron/.volttron55/known_hosts
2017-07-24 17:17:48,696 () volttron.platform.main DEBUG: protected topics file /home/volttron/.volttron55/protected_topics.json
2017-07-24 17:17:48,696 () volttron.platform.main DEBUG: external_address_file file /home/volttron/.volttron55/external_address.json
2017-07-24 17:17:48,696 () volttron.platform.agent.utils DEBUG: missing file /home/volttron/.volttron55/keystores/config.store/keystore.json
2017-07-24 17:17:48,696 () volttron.platform.agent.utils INFO: creating file /home/volttron/.volttron55/keystores/config.store/keystore.json
2017-07-24 17:17:48,698 () volttron.platform.vip.agent.core DEBUG: address: inproc://vip
2017-07-24 17:17:48,698 () volttron.platform.vip.agent.core DEBUG: identity: config.store
2017-07-24 17:17:48,698 () volttron.platform.vip.agent.core DEBUG: agent_uuid: None
2017-07-24 17:17:48,698 () volttron.platform.vip.agent.core DEBUG: serverkey: None
2017-07-24 17:17:48,700 () volttron.platform.store INFO: Initializing configuration store service.
2017-07-24 17:17:48,701 () volttron.platform.agent.utils DEBUG: missing file /home/volttron/.volttron55/keystores/platform.auth/keystore.json
2017-07-24 17:17:48,701 () volttron.platform.agent.utils INFO: creating file /home/volttron/.volttron55/keystores/platform.auth/keystore.json
2017-07-24 17:17:48,704 () volttron.platform.vip.agent.core DEBUG: address: inproc://vip
2017-07-24 17:17:48,704 () volttron.platform.vip.agent.core DEBUG: identity: platform.auth
2017-07-24 17:17:48,704 () volttron.platform.vip.agent.core DEBUG: agent_uuid: None
2017-07-24 17:17:48,704 () volttron.platform.vip.agent.core DEBUG: serverkey: None
2017-07-24 17:17:48,705 () volttron.platform.auth INFO: loading auth file /home/volttron/.volttron55/auth.json
2017-07-24 17:17:48,706 () volttron.platform.auth INFO: auth file /home/volttron/.volttron55/auth.json loaded
2017-07-24 17:17:48,706 () volttron.platform.agent.utils DEBUG: missing file /home/volttron/.volttron55/protected_topics.json
2017-07-24 17:17:48,706 () volttron.platform.agent.utils INFO: creating file /home/volttron/.volttron55/protected_topics.json
2017-07-24 17:17:48,708 () volttron.platform.main DEBUG: MAIN: protected topics content {}
2017-07-24 17:17:48,709 () volttron.platform.main DEBUG: In-process VIP router bound to inproc://vip
2017-07-24 17:17:48,709 () volttron.platform.main DEBUG: Local VIP router bound to ipc://@/home/volttron/.volttron55/run/vip.socket?secretkey=XXXXX&domain=vip&server=CURVE#a3d4ff78-9622-44fd-882c-db8fb6fbf76f
2017-07-24 17:17:48,710 () volttron.platform.main DEBUG: Additional VIP router bound to tcp://127.0.0.55:22916?secretkey=XXXXX&domain=vip&server=CURVE#a3d4ff78-9622-44fd-882c-db8fb6fbf76f
2017-07-24 17:17:48,710 () volttron.platform.vip.pubsubservice INFO: protected-topics loaded
2017-07-24 17:17:48,710 () volttron.platform.vip.externalrpcservice DEBUG: ExternalRPCService
2017-07-24 17:17:48,710 () volttron.platform.main DEBUG: ZMQ version: 4.1.5
2017-07-24 17:17:48,710 () volttron.platform.vip.pubsubservice DEBUG: PUBSUBSERVICE peer add config.store
2017-07-24 17:17:48,711 () volttron.platform.vip.pubsubservice DEBUG: PUBSUBSERVICE peer add platform.auth
2017-07-24 17:17:48,712 () volttron.platform.vip.agent.core INFO: Connected to platform: router: a3d4ff78-9622-44fd-882c-db8fb6fbf76f version: 1.0 identity: config.store
2017-07-24 17:17:48,713 () volttron.platform.vip.agent.core DEBUG: Running onstart methods.
2017-07-24 17:17:48,715 () volttron.platform.vip.agent.core INFO: Connected to platform: router: a3d4ff78-9622-44fd-882c-db8fb6fbf76f version: 1.0 identity: platform.auth
2017-07-24 17:17:48,715 () volttron.platform.vip.agent.core DEBUG: Running onstart methods.
2017-07-24 17:17:48,722 () volttron.platform.vip.agent.subsystems.configstore DEBUG: Processing callbacks for affected files: {}
2017-07-24 17:17:48,845 () volttron.platform.main DEBUG: protected topics file /home/volttron/.volttron55/protected_topics.json
2017-07-24 17:17:48,845 () volttron.platform.main DEBUG: external_address_file file /home/volttron/.volttron55/external_address.json
2017-07-24 17:17:48,846 () volttron.platform.agent.utils DEBUG: missing file /home/volttron/.volttron55/keystores/control/keystore.json
2017-07-24 17:17:48,847 () volttron.platform.agent.utils INFO: creating file /home/volttron/.volttron55/keystores/control/keystore.json
2017-07-24 17:17:48,850 () volttron.platform.vip.agent.core DEBUG: address: inproc://vip
2017-07-24 17:17:48,850 () volttron.platform.vip.agent.core DEBUG: identity: control
2017-07-24 17:17:48,850 () volttron.platform.vip.agent.core DEBUG: agent_uuid: None
2017-07-24 17:17:48,850 () volttron.platform.vip.agent.core DEBUG: serverkey: None
2017-07-24 17:17:48,853 () volttron.platform.agent.utils DEBUG: missing file /home/volttron/.volttron55/keystores/pubsub.compat/keystore.json
2017-07-24 17:17:48,854 () volttron.platform.agent.utils INFO: creating file /home/volttron/.volttron55/keystores/pubsub.compat/keystore.json
2017-07-24 17:17:48,857 () volttron.platform.vip.agent.core DEBUG: address: inproc://vip
2017-07-24 17:17:48,857 () volttron.platform.vip.agent.core DEBUG: identity: pubsub.compat
2017-07-24 17:17:48,857 () volttron.platform.vip.agent.core DEBUG: agent_uuid: None
2017-07-24 17:17:48,857 () volttron.platform.vip.agent.core DEBUG: serverkey: None
2017-07-24 17:17:48,859 () volttron.platform.agent.utils DEBUG: missing file /home/volttron/.volttron55/keystores/master.web/keystore.json
2017-07-24 17:17:48,859 () volttron.platform.agent.utils INFO: creating file /home/volttron/.volttron55/keystores/master.web/keystore.json
2017-07-24 17:17:48,863 () volttron.platform.vip.agent.core DEBUG: address: inproc://vip
2017-07-24 17:17:48,863 () volttron.platform.vip.agent.core DEBUG: identity: master.web
2017-07-24 17:17:48,863 () volttron.platform.vip.agent.core DEBUG: agent_uuid: None
2017-07-24 17:17:48,863 () volttron.platform.vip.agent.core DEBUG: serverkey: None
2017-07-24 17:17:48,872 () volttron.platform.agent.utils DEBUG: missing file /home/volttron/.volttron55/keystores/keydiscovery/keystore.json
2017-07-24 17:17:48,872 () volttron.platform.agent.utils INFO: creating file /home/volttron/.volttron55/keystores/keydiscovery/keystore.json
2017-07-24 17:17:48,876 () volttron.platform.vip.agent.core DEBUG: address: inproc://vip
2017-07-24 17:17:48,876 () volttron.platform.vip.agent.core DEBUG: identity: keydiscovery
2017-07-24 17:17:48,876 () volttron.platform.vip.agent.core DEBUG: agent_uuid: None
2017-07-24 17:17:48,876 () volttron.platform.vip.agent.core DEBUG: serverkey: None
2017-07-24 17:17:48,883 () volttron.platform.vip.pubsubservice DEBUG: PUBSUBSERVICE peer add control
2017-07-24 17:17:48,888 () volttron.platform.vip.pubsubservice DEBUG: PUBSUBSERVICE peer add pubsub.compat
2017-07-24 17:17:48,889 () volttron.platform.vip.pubsubservice DEBUG: PUBSUBSERVICE peer add keydiscovery
2017-07-24 17:17:48,891 () volttron.platform.vip.pubsubservice DEBUG: PUBSUBSERVICE peer add master.web
2017-07-24 17:17:48,894 () volttron.platform.vip.agent.core INFO: Connected to platform: router: a3d4ff78-9622-44fd-882c-db8fb6fbf76f version: 1.0 identity: control
2017-07-24 17:17:48,895 () volttron.platform.vip.agent.core DEBUG: Running onstart methods.
2017-07-24 17:17:48,902 () volttron.platform.vip.agent.core INFO: Connected to platform: router: a3d4ff78-9622-44fd-882c-db8fb6fbf76f version: 1.0 identity: master.web
2017-07-24 17:17:48,902 () volttron.platform.vip.agent.core DEBUG: Running onstart methods.
2017-07-24 17:17:48,903 () volttron.platform.vip.agent.core INFO: Connected to platform: router: a3d4ff78-9622-44fd-882c-db8fb6fbf76f version: 1.0 identity: keydiscovery
2017-07-24 17:17:48,904 () volttron.platform.vip.agent.core DEBUG: Running onstart methods.
2017-07-24 17:17:48,906 () volttron.platform.vip.agent.core INFO: Connected to platform: router: a3d4ff78-9622-44fd-882c-db8fb6fbf76f version: 1.0 identity: pubsub.compat
2017-07-24 17:17:48,906 () volttron.platform.vip.agent.core DEBUG: Running onstart methods.
2017-07-24 17:17:48,908 () volttron.platform.web INFO: Starting web server binding to 127.0.0.55:8080.
2017-07-24 17:17:48,908 () volttron.platform.vip.keydiscovery ERROR: Error opening file /home/volttron/.volttron55/external_address.json
2017-07-24 17:17:48,922 () volttron.platform.vip.agent.subsystems.configstore DEBUG: Processing callbacks for affected files: {}
2017-07-24 17:17:58,947 () volttron.platform.auth INFO: loading auth file /home/volttron/.volttron55/auth.json
2017-07-24 17:17:58,947 () volttron.platform.auth INFO: auth file /home/volttron/.volttron55/auth.json loaded
2017-07-24 17:17:58,949 () volttron.platform.auth DEBUG: AUTH new capabilities update: {'platform': [], '57a5dca5-27a3-4fbe-845b-62bd906244ce': []}
2017-07-24 17:17:58,956 () volttron.platform.auth INFO: loading auth file /home/volttron/.volttron55/auth.json
2017-07-24 17:17:58,957 () volttron.platform.auth INFO: auth file /home/volttron/.volttron55/auth.json loaded
2017-07-24 17:17:58,971 () volttron.platform.auth DEBUG: AUTH new capabilities update: {'platform': [], '57a5dca5-27a3-4fbe-845b-62bd906244ce': []}
2017-07-24 17:18:07,662 () volttron.platform.main DEBUG: open file resource limit increased from 1024 to 4096
2017-07-24 17:18:07,662 () volttron.platform.agent.utils DEBUG: missing file /home/volttron/.volttron56/keystore
2017-07-24 17:18:07,662 () volttron.platform.agent.utils INFO: creating file /home/volttron/.volttron56/keystore
2017-07-24 17:18:07,664 () volttron.platform.main DEBUG: using key-store file /home/volttron/.volttron56/keystore
2017-07-24 17:18:07,664 () volttron.platform.main INFO: public key: x4XeU2tQ2qYA0BM142ruUSgdU23NEfb7uqazSB7BqmE
2017-07-24 17:18:07,664 () volttron.platform.agent.utils DEBUG: missing file /home/volttron/.volttron56/auth.json
2017-07-24 17:18:07,664 () volttron.platform.agent.utils INFO: creating file /home/volttron/.volttron56/auth.json
2017-07-24 17:18:07,665 () volttron.platform.auth INFO: Created backup of /home/volttron/.volttron56/auth.json at /home/volttron/.volttron56/auth.json.4a3e1364-3349-4297-8f31-e89438d64ee8.bak
2017-07-24 17:18:07,666 () volttron.platform.agent.utils DEBUG: missing file /home/volttron/.volttron56/known_hosts
2017-07-24 17:18:07,667 () volttron.platform.agent.utils INFO: creating file /home/volttron/.volttron56/known_hosts
2017-07-24 17:18:07,667 () volttron.platform.main DEBUG: protected topics file /home/volttron/.volttron56/protected_topics.json
2017-07-24 17:18:07,668 () volttron.platform.main DEBUG: external_address_file file /home/volttron/.volttron56/external_address.json
2017-07-24 17:18:07,668 () volttron.platform.agent.utils DEBUG: missing file /home/volttron/.volttron56/keystores/config.store/keystore.json
2017-07-24 17:18:07,668 () volttron.platform.agent.utils INFO: creating file /home/volttron/.volttron56/keystores/config.store/keystore.json
2017-07-24 17:18:07,670 () volttron.platform.vip.agent.core DEBUG: address: inproc://vip
2017-07-24 17:18:07,670 () volttron.platform.vip.agent.core DEBUG: identity: config.store
2017-07-24 17:18:07,670 () volttron.platform.vip.agent.core DEBUG: agent_uuid: None
2017-07-24 17:18:07,671 () volttron.platform.vip.agent.core DEBUG: serverkey: None
2017-07-24 17:18:07,672 () volttron.platform.store INFO: Initializing configuration store service.
2017-07-24 17:18:07,674 () volttron.platform.agent.utils DEBUG: missing file /home/volttron/.volttron56/keystores/platform.auth/keystore.json
2017-07-24 17:18:07,674 () volttron.platform.agent.utils INFO: creating file /home/volttron/.volttron56/keystores/platform.auth/keystore.json
2017-07-24 17:18:07,676 () volttron.platform.vip.agent.core DEBUG: address: inproc://vip
2017-07-24 17:18:07,676 () volttron.platform.vip.agent.core DEBUG: identity: platform.auth
2017-07-24 17:18:07,676 () volttron.platform.vip.agent.core DEBUG: agent_uuid: None
2017-07-24 17:18:07,676 () volttron.platform.vip.agent.core DEBUG: serverkey: None
2017-07-24 17:18:07,678 () volttron.platform.auth INFO: loading auth file /home/volttron/.volttron56/auth.json
2017-07-24 17:18:07,678 () volttron.platform.auth INFO: auth file /home/volttron/.volttron56/auth.json loaded
2017-07-24 17:18:07,678 () volttron.platform.agent.utils DEBUG: missing file /home/volttron/.volttron56/protected_topics.json
2017-07-24 17:18:07,678 () volttron.platform.agent.utils INFO: creating file /home/volttron/.volttron56/protected_topics.json
2017-07-24 17:18:07,686 () volttron.platform.main DEBUG: MAIN: protected topics content {}
2017-07-24 17:18:07,686 () volttron.platform.main DEBUG: In-process VIP router bound to inproc://vip
2017-07-24 17:18:07,686 () volttron.platform.main DEBUG: Local VIP router bound to ipc://@/home/volttron/.volttron56/run/vip.socket?secretkey=XXXXX&domain=vip&server=CURVE#23d5f8e4-a528-4c9f-a70d-04e62ae5c450
2017-07-24 17:18:07,687 () volttron.platform.main DEBUG: Additional VIP router bound to tcp://127.0.0.56:22916?secretkey=XXXXX&domain=vip&server=CURVE#23d5f8e4-a528-4c9f-a70d-04e62ae5c450
2017-07-24 17:18:07,687 () volttron.platform.vip.pubsubservice INFO: protected-topics loaded
2017-07-24 17:18:07,687 () volttron.platform.vip.externalrpcservice DEBUG: ExternalRPCService
2017-07-24 17:18:07,687 () volttron.platform.main DEBUG: ZMQ version: 4.1.5
2017-07-24 17:18:07,688 () volttron.platform.vip.pubsubservice DEBUG: PUBSUBSERVICE peer add config.store
2017-07-24 17:18:07,689 () volttron.platform.vip.pubsubservice DEBUG: PUBSUBSERVICE peer add platform.auth
2017-07-24 17:18:07,691 () volttron.platform.vip.agent.core INFO: Connected to platform: router: 23d5f8e4-a528-4c9f-a70d-04e62ae5c450 version: 1.0 identity: config.store
2017-07-24 17:18:07,691 () volttron.platform.vip.agent.core DEBUG: Running onstart methods.
2017-07-24 17:18:07,695 () volttron.platform.vip.agent.core INFO: Connected to platform: router: 23d5f8e4-a528-4c9f-a70d-04e62ae5c450 version: 1.0 identity: platform.auth
2017-07-24 17:18:07,696 () volttron.platform.vip.agent.core DEBUG: Running onstart methods.
2017-07-24 17:18:07,706 () volttron.platform.vip.agent.subsystems.configstore DEBUG: Processing callbacks for affected files: {}
2017-07-24 17:18:07,817 () volttron.platform.main DEBUG: protected topics file /home/volttron/.volttron56/protected_topics.json
2017-07-24 17:18:07,818 () volttron.platform.main DEBUG: external_address_file file /home/volttron/.volttron56/external_address.json
2017-07-24 17:18:07,819 () volttron.platform.agent.utils DEBUG: missing file /home/volttron/.volttron56/keystores/control/keystore.json
2017-07-24 17:18:07,820 () volttron.platform.agent.utils INFO: creating file /home/volttron/.volttron56/keystores/control/keystore.json
2017-07-24 17:18:07,823 () volttron.platform.vip.agent.core DEBUG: address: inproc://vip
2017-07-24 17:18:07,823 () volttron.platform.vip.agent.core DEBUG: identity: control
2017-07-24 17:18:07,824 () volttron.platform.vip.agent.core DEBUG: agent_uuid: None
2017-07-24 17:18:07,824 () volttron.platform.vip.agent.core DEBUG: serverkey: None
2017-07-24 17:18:07,827 () volttron.platform.agent.utils DEBUG: missing file /home/volttron/.volttron56/keystores/pubsub.compat/keystore.json
2017-07-24 17:18:07,827 () volttron.platform.agent.utils INFO: creating file /home/volttron/.volttron56/keystores/pubsub.compat/keystore.json
2017-07-24 17:18:07,829 () volttron.platform.vip.agent.core DEBUG: address: inproc://vip
2017-07-24 17:18:07,829 () volttron.platform.vip.agent.core DEBUG: identity: pubsub.compat
2017-07-24 17:18:07,829 () volttron.platform.vip.agent.core DEBUG: agent_uuid: None
2017-07-24 17:18:07,830 () volttron.platform.vip.agent.core DEBUG: serverkey: None
2017-07-24 17:18:07,830 () volttron.platform.agent.utils DEBUG: missing file /home/volttron/.volttron56/keystores/master.web/keystore.json
2017-07-24 17:18:07,831 () volttron.platform.agent.utils INFO: creating file /home/volttron/.volttron56/keystores/master.web/keystore.json
2017-07-24 17:18:07,833 () volttron.platform.vip.agent.core DEBUG: address: inproc://vip
2017-07-24 17:18:07,833 () volttron.platform.vip.agent.core DEBUG: identity: master.web
2017-07-24 17:18:07,833 () volttron.platform.vip.agent.core DEBUG: agent_uuid: None
2017-07-24 17:18:07,833 () volttron.platform.vip.agent.core DEBUG: serverkey: None
2017-07-24 17:18:07,841 () volttron.platform.agent.utils DEBUG: missing file /home/volttron/.volttron56/keystores/keydiscovery/keystore.json
2017-07-24 17:18:07,841 () volttron.platform.agent.utils INFO: creating file /home/volttron/.volttron56/keystores/keydiscovery/keystore.json
2017-07-24 17:18:07,844 () volttron.platform.vip.agent.core DEBUG: address: inproc://vip
2017-07-24 17:18:07,844 () volttron.platform.vip.agent.core DEBUG: identity: keydiscovery
2017-07-24 17:18:07,844 () volttron.platform.vip.agent.core DEBUG: agent_uuid: None
2017-07-24 17:18:07,844 () volttron.platform.vip.agent.core DEBUG: serverkey: None
2017-07-24 17:18:07,855 () volttron.platform.vip.pubsubservice DEBUG: PUBSUBSERVICE peer add control
2017-07-24 17:18:07,858 () volttron.platform.vip.pubsubservice DEBUG: PUBSUBSERVICE peer add pubsub.compat
2017-07-24 17:18:07,860 () volttron.platform.vip.agent.core INFO: Connected to platform: router: 23d5f8e4-a528-4c9f-a70d-04e62ae5c450 version: 1.0 identity: control
2017-07-24 17:18:07,860 () volttron.platform.vip.agent.core DEBUG: Running onstart methods.
2017-07-24 17:18:07,863 () volttron.platform.vip.pubsubservice DEBUG: PUBSUBSERVICE peer add master.web
2017-07-24 17:18:07,864 () volttron.platform.vip.pubsubservice DEBUG: PUBSUBSERVICE peer add keydiscovery
2017-07-24 17:18:07,874 () volttron.platform.vip.agent.core INFO: Connected to platform: router: 23d5f8e4-a528-4c9f-a70d-04e62ae5c450 version: 1.0 identity: keydiscovery
2017-07-24 17:18:07,874 () volttron.platform.vip.agent.core DEBUG: Running onstart methods.
2017-07-24 17:18:07,879 () volttron.platform.vip.agent.core INFO: Connected to platform: router: 23d5f8e4-a528-4c9f-a70d-04e62ae5c450 version: 1.0 identity: master.web
2017-07-24 17:18:07,879 () volttron.platform.vip.agent.core DEBUG: Running onstart methods.
2017-07-24 17:18:07,882 () volttron.platform.vip.agent.core INFO: Connected to platform: router: 23d5f8e4-a528-4c9f-a70d-04e62ae5c450 version: 1.0 identity: pubsub.compat
2017-07-24 17:18:07,884 () volttron.platform.vip.agent.core DEBUG: Running onstart methods.
2017-07-24 17:18:07,885 () volttron.platform.vip.keydiscovery ERROR: Error opening file /home/volttron/.volttron56/external_address.json
2017-07-24 17:18:07,885 () volttron.platform.web INFO: Starting web server binding to 127.0.0.56:8080.
2017-07-24 17:18:07,898 () volttron.platform.vip.agent.subsystems.configstore DEBUG: Processing callbacks for affected files: {}
