2017-07-24 17:20:45,961 () volttron.platform.main DEBUG: open file resource limit increased from 1024 to 4096
2017-07-24 17:20:45,961 () volttron.platform.agent.utils DEBUG: missing file /home/volttron/.volttron61/keystore
2017-07-24 17:20:45,961 () volttron.platform.agent.utils INFO: creating file /home/volttron/.volttron61/keystore
2017-07-24 17:20:45,963 () volttron.platform.main DEBUG: using key-store file /home/volttron/.volttron61/keystore
2017-07-24 17:20:45,963 () volttron.platform.main INFO: public key: 6B57iUo84Ax3DU68vzEDW2oLu_Uiy-lbaZucj99ltTE
2017-07-24 17:20:45,963 () volttron.platform.agent.utils DEBUG: missing file /home/volttron/.volttron61/auth.json
2017-07-24 17:20:45,964 () volttron.platform.agent.utils INFO: creating file /home/volttron/.volttron61/auth.json
2017-07-24 17:20:45,964 () volttron.platform.auth INFO: Created backup of /home/volttron/.volttron61/auth.json at /home/volttron/.volttron61/auth.json.7f6f59b4-9a50-4353-81b5-58b8c59025b1.bak
2017-07-24 17:20:45,965 () volttron.platform.agent.utils DEBUG: missing file /home/volttron/.volttron61/known_hosts
2017-07-24 17:20:45,965 () volttron.platform.agent.utils INFO: creating file /home/volttron/.volttron61/known_hosts
2017-07-24 17:20:45,966 () volttron.platform.main DEBUG: protected topics file /home/volttron/.volttron61/protected_topics.json
2017-07-24 17:20:45,966 () volttron.platform.main DEBUG: external_address_file file /home/volttron/.volttron61/external_address.json
2017-07-24 17:20:45,966 () volttron.platform.agent.utils DEBUG: missing file /home/volttron/.volttron61/keystores/config.store/keystore.json
2017-07-24 17:20:45,966 () volttron.platform.agent.utils INFO: creating file /home/volttron/.volttron61/keystores/config.store/keystore.json
2017-07-24 17:20:45,968 () volttron.platform.vip.agent.core DEBUG: address: inproc://vip
2017-07-24 17:20:45,968 () volttron.platform.vip.agent.core DEBUG: identity: config.store
2017-07-24 17:20:45,968 () volttron.platform.vip.agent.core DEBUG: agent_uuid: None
2017-07-24 17:20:45,968 () volttron.platform.vip.agent.core DEBUG: serverkey: None
2017-07-24 17:20:45,969 () volttron.platform.store INFO: Initializing configuration store service.
2017-07-24 17:20:45,971 () volttron.platform.agent.utils DEBUG: missing file /home/volttron/.volttron61/keystores/platform.auth/keystore.json
2017-07-24 17:20:45,971 () volttron.platform.agent.utils INFO: creating file /home/volttron/.volttron61/keystores/platform.auth/keystore.json
2017-07-24 17:20:45,973 () volttron.platform.vip.agent.core DEBUG: address: inproc://vip
2017-07-24 17:20:45,973 () volttron.platform.vip.agent.core DEBUG: identity: platform.auth
2017-07-24 17:20:45,973 () volttron.platform.vip.agent.core DEBUG: agent_uuid: None
2017-07-24 17:20:45,973 () volttron.platform.vip.agent.core DEBUG: serverkey: None
2017-07-24 17:20:45,974 () volttron.platform.auth INFO: loading auth file /home/volttron/.volttron61/auth.json
2017-07-24 17:20:45,974 () volttron.platform.auth INFO: auth file /home/volttron/.volttron61/auth.json loaded
2017-07-24 17:20:45,975 () volttron.platform.agent.utils DEBUG: missing file /home/volttron/.volttron61/protected_topics.json
2017-07-24 17:20:45,975 () volttron.platform.agent.utils INFO: creating file /home/volttron/.volttron61/protected_topics.json
2017-07-24 17:20:45,976 () volttron.platform.main DEBUG: MAIN: protected topics content {}
2017-07-24 17:20:45,977 () volttron.platform.main DEBUG: In-process VIP router bound to inproc://vip
2017-07-24 17:20:45,978 () volttron.platform.main DEBUG: Local VIP router bound to ipc://@/home/volttron/.volttron61/run/vip.socket?secretkey=XXXXX&domain=vip&server=CURVE#a50834fc-9f0a-4fa7-9551-5c9f3b072b8d
2017-07-24 17:20:45,978 () volttron.platform.main DEBUG: Additional VIP router bound to tcp://127.0.0.61:22916?secretkey=XXXXX&domain=vip&server=CURVE#a50834fc-9f0a-4fa7-9551-5c9f3b072b8d
2017-07-24 17:20:45,978 () volttron.platform.vip.pubsubservice INFO: protected-topics loaded
2017-07-24 17:20:45,978 () volttron.platform.vip.externalrpcservice DEBUG: ExternalRPCService
2017-07-24 17:20:45,978 () volttron.platform.main DEBUG: ZMQ version: 4.1.5
2017-07-24 17:20:45,978 () volttron.platform.vip.pubsubservice DEBUG: PUBSUBSERVICE peer add config.store
2017-07-24 17:20:45,979 () volttron.platform.vip.pubsubservice DEBUG: PUBSUBSERVICE peer add platform.auth
2017-07-24 17:20:45,980 () volttron.platform.vip.agent.core INFO: Connected to platform: router: a50834fc-9f0a-4fa7-9551-5c9f3b072b8d version: 1.0 identity: platform.auth
2017-07-24 17:20:45,980 () volttron.platform.vip.agent.core DEBUG: Running onstart methods.
2017-07-24 17:20:45,981 () volttron.platform.vip.agent.core INFO: Connected to platform: router: a50834fc-9f0a-4fa7-9551-5c9f3b072b8d version: 1.0 identity: config.store
2017-07-24 17:20:45,981 () volttron.platform.vip.agent.core DEBUG: Running onstart methods.
2017-07-24 17:20:45,992 () volttron.platform.vip.agent.subsystems.configstore DEBUG: Processing callbacks for affected files: {}
2017-07-24 17:20:46,114 () volttron.platform.main DEBUG: protected topics file /home/volttron/.volttron61/protected_topics.json
2017-07-24 17:20:46,114 () volttron.platform.main DEBUG: external_address_file file /home/volttron/.volttron61/external_address.json
2017-07-24 17:20:46,115 () volttron.platform.agent.utils DEBUG: missing file /home/volttron/.volttron61/keystores/control/keystore.json
2017-07-24 17:20:46,115 () volttron.platform.agent.utils INFO: creating file /home/volttron/.volttron61/keystores/control/keystore.json
2017-07-24 17:20:46,118 () volttron.platform.vip.agent.core DEBUG: address: inproc://vip
2017-07-24 17:20:46,118 () volttron.platform.vip.agent.core DEBUG: identity: control
2017-07-24 17:20:46,118 () volttron.platform.vip.agent.core DEBUG: agent_uuid: None
2017-07-24 17:20:46,118 () volttron.platform.vip.agent.core DEBUG: serverkey: None
2017-07-24 17:20:46,121 () volttron.platform.agent.utils DEBUG: missing file /home/volttron/.volttron61/keystores/pubsub.compat/keystore.json
2017-07-24 17:20:46,121 () volttron.platform.agent.utils INFO: creating file /home/volttron/.volttron61/keystores/pubsub.compat/keystore.json
2017-07-24 17:20:46,125 () volttron.platform.vip.agent.core DEBUG: address: inproc://vip
2017-07-24 17:20:46,125 () volttron.platform.vip.agent.core DEBUG: identity: pubsub.compat
2017-07-24 17:20:46,125 () volttron.platform.vip.agent.core DEBUG: agent_uuid: None
2017-07-24 17:20:46,125 () volttron.platform.vip.agent.core DEBUG: serverkey: None
2017-07-24 17:20:46,126 () volttron.platform.agent.utils DEBUG: missing file /home/volttron/.volttron61/keystores/master.web/keystore.json
2017-07-24 17:20:46,126 () volttron.platform.agent.utils INFO: creating file /home/volttron/.volttron61/keystores/master.web/keystore.json
2017-07-24 17:20:46,129 () volttron.platform.vip.agent.core DEBUG: address: inproc://vip
2017-07-24 17:20:46,130 () volttron.platform.vip.agent.core DEBUG: identity: master.web
2017-07-24 17:20:46,130 () volttron.platform.vip.agent.core DEBUG: agent_uuid: None
2017-07-24 17:20:46,130 () volttron.platform.vip.agent.core DEBUG: serverkey: None
2017-07-24 17:20:46,138 () volttron.platform.agent.utils DEBUG: missing file /home/volttron/.volttron61/keystores/keydiscovery/keystore.json
2017-07-24 17:20:46,138 () volttron.platform.agent.utils INFO: creating file /home/volttron/.volttron61/keystores/keydiscovery/keystore.json
2017-07-24 17:20:46,141 () volttron.platform.vip.agent.core DEBUG: address: inproc://vip
2017-07-24 17:20:46,141 () volttron.platform.vip.agent.core DEBUG: identity: keydiscovery
2017-07-24 17:20:46,141 () volttron.platform.vip.agent.core DEBUG: agent_uuid: None
2017-07-24 17:20:46,142 () volttron.platform.vip.agent.core DEBUG: serverkey: None
2017-07-24 17:20:46,150 () volttron.platform.vip.pubsubservice DEBUG: PUBSUBSERVICE peer add control
2017-07-24 17:20:46,151 () volttron.platform.vip.pubsubservice DEBUG: PUBSUBSERVICE peer add pubsub.compat
2017-07-24 17:20:46,154 () volttron.platform.vip.pubsubservice DEBUG: PUBSUBSERVICE peer add master.web
2017-07-24 17:20:46,156 () volttron.platform.vip.pubsubservice DEBUG: PUBSUBSERVICE peer add keydiscovery
2017-07-24 17:20:46,158 () volttron.platform.vip.agent.core INFO: Connected to platform: router: a50834fc-9f0a-4fa7-9551-5c9f3b072b8d version: 1.0 identity: keydiscovery
2017-07-24 17:20:46,158 () volttron.platform.vip.agent.core DEBUG: Running onstart methods.
2017-07-24 17:20:46,160 () volttron.platform.vip.agent.core INFO: Connected to platform: router: a50834fc-9f0a-4fa7-9551-5c9f3b072b8d version: 1.0 identity: master.web
2017-07-24 17:20:46,161 () volttron.platform.vip.agent.core DEBUG: Running onstart methods.
2017-07-24 17:20:46,163 () volttron.platform.vip.agent.core INFO: Connected to platform: router: a50834fc-9f0a-4fa7-9551-5c9f3b072b8d version: 1.0 identity: pubsub.compat
2017-07-24 17:20:46,164 () volttron.platform.vip.agent.core DEBUG: Running onstart methods.
2017-07-24 17:20:46,167 () volttron.platform.vip.agent.core INFO: Connected to platform: router: a50834fc-9f0a-4fa7-9551-5c9f3b072b8d version: 1.0 identity: control
2017-07-24 17:20:46,167 () volttron.platform.vip.agent.core DEBUG: Running onstart methods.
2017-07-24 17:20:46,173 () volttron.platform.vip.keydiscovery ERROR: Error opening file /home/volttron/.volttron61/external_address.json
2017-07-24 17:20:46,175 () volttron.platform.web INFO: Starting web server binding to 127.0.0.61:8080.
2017-07-24 17:20:46,194 () volttron.platform.vip.agent.subsystems.configstore DEBUG: Processing callbacks for affected files: {}
2017-07-24 17:20:55,139 () volttron.platform.auth INFO: loading auth file /home/volttron/.volttron61/auth.json
2017-07-24 17:20:55,139 () volttron.platform.auth INFO: auth file /home/volttron/.volttron61/auth.json loaded
2017-07-24 17:20:55,141 () volttron.platform.auth DEBUG: AUTH new capabilities update: {}
2017-07-24 17:20:55,147 () volttron.platform.auth INFO: loading auth file /home/volttron/.volttron61/auth.json
2017-07-24 17:20:55,147 () volttron.platform.auth INFO: auth file /home/volttron/.volttron61/auth.json loaded
2017-07-24 17:20:55,152 () volttron.platform.auth DEBUG: AUTH new capabilities update: {'platform': [], '4844b09a-ff02-49b7-b20d-c0dc201092ff': []}
2017-07-24 17:42:24,863 () volttron.platform.auth INFO: loading auth file /home/volttron/.volttron61/auth.json
2017-07-24 17:42:25,399 () volttron.platform.auth INFO: auth file /home/volttron/.volttron61/auth.json loaded
2017-07-24 17:42:25,802 () volttron.platform.auth DEBUG: AUTH new capabilities update: {'platform': [], '4844b09a-ff02-49b7-b20d-c0dc201092ff': []}
2017-07-24 17:42:26,041 () volttron.platform.auth INFO: loading auth file /home/volttron/.volttron61/auth.json
2017-07-24 17:42:26,280 () volttron.platform.auth INFO: auth file /home/volttron/.volttron61/auth.json loaded
2017-07-24 17:42:26,368 () volttron.platform.auth DEBUG: AUTH new capabilities update: {'platform': [], '4844b09a-ff02-49b7-b20d-c0dc201092ff': []}
2017-07-24 17:42:34,800 () volttron.platform.web DEBUG: PATH IS: /discovery/
2017-07-24 17:42:34,801 () volttron.platform.web DEBUG: Peer we path_info is associated with: None
2017-07-24 17:42:34,802 () volttron.platform.web DEBUG: MATCHED:
pattern: ^/discovery/$, path_info: /discovery/
 v: <bound method MasterWebService._get_discovery of <volttron.platform.web.MasterWebService object at 0x7f8ce05301d0>>
2017-07-24 17:42:34,802 () volttron.platform.web DEBUG: registered route t is: callable
2017-07-24 17:42:34,882 () volttron.platform.auth INFO: authentication success: domain='vip', address='127.0.0.1', mechanism='CURVE', credentials=['TCMNFHwXpXpqFp-XwbNSJgCnYn30ra7oXZB8veV4WUk'], user_id='4844b09a-ff02-49b7-b20d-c0dc201092ff'
2017-07-24 17:42:34,896 () volttron.platform.vip.pubsubservice DEBUG: PUBSUBSERVICE peer add platform61-0.304222395263
2017-07-24 17:42:34,897 () volttron.platform.vip.routingservice DEBUG: HELLO Recieved hello, sending welcome to platform1
2017-07-24 17:42:34,897 () volttron.platform.vip.routingservice DEBUG: Sending welcome message to sender platform1
2017-07-24 17:42:34,897 () volttron.platform.vip.routingservice DEBUG: Key error for platform platform1
2017-07-24 17:42:34,897 () volttron.platform.vip.pubsubservice DEBUG: PUBSUBSERVICE external_list
2017-07-24 17:42:34,898 () volttron.platform.vip.pubsubservice DEBUG: PUBSUBSERVICE external_subscriptions from external platforms: platform61-0.304222395263
2017-07-24 17:42:34,901 () volttron.platform.vip.pubsubservice DEBUG: PUBSUBSERVICE New external list from platform1: List: defaultdict(<type 'set'>, {'platform1': []})
2017-07-24 17:43:07,539 () volttron.platform.auth INFO: authentication success: domain='vip', address='localhost:1000:1000:835', mechanism='CURVE', credentials=['6B57iUo84Ax3DU68vzEDW2oLu_Uiy-lbaZucj99ltTE'], user_id='platform'
2017-07-24 17:43:07,543 () volttron.platform.vip.pubsubservice DEBUG: PUBSUBSERVICE peer add control.connection
2017-07-24 17:44:23,260 () volttron.platform.auth INFO: authentication success: domain='vip', address='localhost:1000:1000:1297', mechanism='CURVE', credentials=['6B57iUo84Ax3DU68vzEDW2oLu_Uiy-lbaZucj99ltTE'], user_id='platform'
