2017-07-24 17:21:04,850 () volttron.platform.main DEBUG: open file resource limit increased from 1024 to 4096
2017-07-24 17:21:04,850 () volttron.platform.agent.utils DEBUG: missing file /home/volttron/.volttron62/keystore
2017-07-24 17:21:04,850 () volttron.platform.agent.utils INFO: creating file /home/volttron/.volttron62/keystore
2017-07-24 17:21:04,852 () volttron.platform.main DEBUG: using key-store file /home/volttron/.volttron62/keystore
2017-07-24 17:21:04,852 () volttron.platform.main INFO: public key: mbLkrHmGIO5l3bn5_MxZLVQnPWl2HJ_SB3UUh4mqB34
2017-07-24 17:21:04,852 () volttron.platform.agent.utils DEBUG: missing file /home/volttron/.volttron62/auth.json
2017-07-24 17:21:04,852 () volttron.platform.agent.utils INFO: creating file /home/volttron/.volttron62/auth.json
2017-07-24 17:21:04,852 () volttron.platform.auth INFO: Created backup of /home/volttron/.volttron62/auth.json at /home/volttron/.volttron62/auth.json.180a28fb-e986-4a65-aa5e-58977cb4642d.bak
2017-07-24 17:21:04,853 () volttron.platform.agent.utils DEBUG: missing file /home/volttron/.volttron62/known_hosts
2017-07-24 17:21:04,853 () volttron.platform.agent.utils INFO: creating file /home/volttron/.volttron62/known_hosts
2017-07-24 17:21:04,854 () volttron.platform.main DEBUG: protected topics file /home/volttron/.volttron62/protected_topics.json
2017-07-24 17:21:04,854 () volttron.platform.main DEBUG: external_address_file file /home/volttron/.volttron62/external_address.json
2017-07-24 17:21:04,854 () volttron.platform.agent.utils DEBUG: missing file /home/volttron/.volttron62/keystores/config.store/keystore.json
2017-07-24 17:21:04,854 () volttron.platform.agent.utils INFO: creating file /home/volttron/.volttron62/keystores/config.store/keystore.json
2017-07-24 17:21:04,856 () volttron.platform.vip.agent.core DEBUG: address: inproc://vip
2017-07-24 17:21:04,856 () volttron.platform.vip.agent.core DEBUG: identity: config.store
2017-07-24 17:21:04,856 () volttron.platform.vip.agent.core DEBUG: agent_uuid: None
2017-07-24 17:21:04,856 () volttron.platform.vip.agent.core DEBUG: serverkey: None
2017-07-24 17:21:04,858 () volttron.platform.store INFO: Initializing configuration store service.
2017-07-24 17:21:04,859 () volttron.platform.agent.utils DEBUG: missing file /home/volttron/.volttron62/keystores/platform.auth/keystore.json
2017-07-24 17:21:04,859 () volttron.platform.agent.utils INFO: creating file /home/volttron/.volttron62/keystores/platform.auth/keystore.json
2017-07-24 17:21:04,861 () volttron.platform.vip.agent.core DEBUG: address: inproc://vip
2017-07-24 17:21:04,861 () volttron.platform.vip.agent.core DEBUG: identity: platform.auth
2017-07-24 17:21:04,861 () volttron.platform.vip.agent.core DEBUG: agent_uuid: None
2017-07-24 17:21:04,861 () volttron.platform.vip.agent.core DEBUG: serverkey: None
2017-07-24 17:21:04,862 () volttron.platform.auth INFO: loading auth file /home/volttron/.volttron62/auth.json
2017-07-24 17:21:04,863 () volttron.platform.auth INFO: auth file /home/volttron/.volttron62/auth.json loaded
2017-07-24 17:21:04,863 () volttron.platform.agent.utils DEBUG: missing file /home/volttron/.volttron62/protected_topics.json
2017-07-24 17:21:04,863 () volttron.platform.agent.utils INFO: creating file /home/volttron/.volttron62/protected_topics.json
2017-07-24 17:21:04,864 () volttron.platform.main DEBUG: MAIN: protected topics content {}
2017-07-24 17:21:04,865 () volttron.platform.main DEBUG: In-process VIP router bound to inproc://vip
2017-07-24 17:21:04,865 () volttron.platform.main DEBUG: Local VIP router bound to ipc://@/home/volttron/.volttron62/run/vip.socket?secretkey=XXXXX&domain=vip&server=CURVE#73590ca6-ce52-49b5-9a4c-60cc578c2172
2017-07-24 17:21:04,866 () volttron.platform.main DEBUG: Additional VIP router bound to tcp://127.0.0.62:22916?secretkey=XXXXX&domain=vip&server=CURVE#73590ca6-ce52-49b5-9a4c-60cc578c2172
2017-07-24 17:21:04,866 () volttron.platform.vip.pubsubservice INFO: protected-topics loaded
2017-07-24 17:21:04,866 () volttron.platform.vip.externalrpcservice DEBUG: ExternalRPCService
2017-07-24 17:21:04,866 () volttron.platform.main DEBUG: ZMQ version: 4.1.5
2017-07-24 17:21:04,867 () volttron.platform.vip.pubsubservice DEBUG: PUBSUBSERVICE peer add config.store
2017-07-24 17:21:04,868 () volttron.platform.vip.agent.core INFO: Connected to platform: router: 73590ca6-ce52-49b5-9a4c-60cc578c2172 version: 1.0 identity: config.store
2017-07-24 17:21:04,869 () volttron.platform.vip.agent.core DEBUG: Running onstart methods.
2017-07-24 17:21:04,870 () volttron.platform.vip.pubsubservice DEBUG: PUBSUBSERVICE peer add platform.auth
2017-07-24 17:21:04,874 () volttron.platform.vip.agent.core INFO: Connected to platform: router: 73590ca6-ce52-49b5-9a4c-60cc578c2172 version: 1.0 identity: platform.auth
2017-07-24 17:21:04,875 () volttron.platform.vip.agent.core DEBUG: Running onstart methods.
2017-07-24 17:21:04,878 () volttron.platform.vip.agent.subsystems.configstore DEBUG: Processing callbacks for affected files: {}
2017-07-24 17:21:05,000 () volttron.platform.main DEBUG: protected topics file /home/volttron/.volttron62/protected_topics.json
2017-07-24 17:21:05,001 () volttron.platform.main DEBUG: external_address_file file /home/volttron/.volttron62/external_address.json
2017-07-24 17:21:05,001 () volttron.platform.agent.utils DEBUG: missing file /home/volttron/.volttron62/keystores/control/keystore.json
2017-07-24 17:21:05,002 () volttron.platform.agent.utils INFO: creating file /home/volttron/.volttron62/keystores/control/keystore.json
2017-07-24 17:21:05,005 () volttron.platform.vip.agent.core DEBUG: address: inproc://vip
2017-07-24 17:21:05,005 () volttron.platform.vip.agent.core DEBUG: identity: control
2017-07-24 17:21:05,006 () volttron.platform.vip.agent.core DEBUG: agent_uuid: None
2017-07-24 17:21:05,006 () volttron.platform.vip.agent.core DEBUG: serverkey: None
2017-07-24 17:21:05,009 () volttron.platform.agent.utils DEBUG: missing file /home/volttron/.volttron62/keystores/pubsub.compat/keystore.json
2017-07-24 17:21:05,010 () volttron.platform.agent.utils INFO: creating file /home/volttron/.volttron62/keystores/pubsub.compat/keystore.json
2017-07-24 17:21:05,014 () volttron.platform.vip.agent.core DEBUG: address: inproc://vip
2017-07-24 17:21:05,014 () volttron.platform.vip.agent.core DEBUG: identity: pubsub.compat
2017-07-24 17:21:05,014 () volttron.platform.vip.agent.core DEBUG: agent_uuid: None
2017-07-24 17:21:05,014 () volttron.platform.vip.agent.core DEBUG: serverkey: None
2017-07-24 17:21:05,015 () volttron.platform.agent.utils DEBUG: missing file /home/volttron/.volttron62/keystores/master.web/keystore.json
2017-07-24 17:21:05,016 () volttron.platform.agent.utils INFO: creating file /home/volttron/.volttron62/keystores/master.web/keystore.json
2017-07-24 17:21:05,018 () volttron.platform.vip.agent.core DEBUG: address: inproc://vip
2017-07-24 17:21:05,018 () volttron.platform.vip.agent.core DEBUG: identity: master.web
2017-07-24 17:21:05,019 () volttron.platform.vip.agent.core DEBUG: agent_uuid: None
2017-07-24 17:21:05,019 () volttron.platform.vip.agent.core DEBUG: serverkey: None
2017-07-24 17:21:05,025 () volttron.platform.agent.utils DEBUG: missing file /home/volttron/.volttron62/keystores/keydiscovery/keystore.json
2017-07-24 17:21:05,025 () volttron.platform.agent.utils INFO: creating file /home/volttron/.volttron62/keystores/keydiscovery/keystore.json
2017-07-24 17:21:05,027 () volttron.platform.vip.agent.core DEBUG: address: inproc://vip
2017-07-24 17:21:05,027 () volttron.platform.vip.agent.core DEBUG: identity: keydiscovery
2017-07-24 17:21:05,027 () volttron.platform.vip.agent.core DEBUG: agent_uuid: None
2017-07-24 17:21:05,027 () volttron.platform.vip.agent.core DEBUG: serverkey: None
2017-07-24 17:21:05,035 () volttron.platform.vip.pubsubservice DEBUG: PUBSUBSERVICE peer add control
2017-07-24 17:21:05,037 () volttron.platform.vip.pubsubservice DEBUG: PUBSUBSERVICE peer add pubsub.compat
2017-07-24 17:21:05,040 () volttron.platform.vip.pubsubservice DEBUG: PUBSUBSERVICE peer add master.web
2017-07-24 17:21:05,041 () volttron.platform.vip.agent.core INFO: Connected to platform: router: 73590ca6-ce52-49b5-9a4c-60cc578c2172 version: 1.0 identity: pubsub.compat
2017-07-24 17:21:05,041 () volttron.platform.vip.agent.core DEBUG: Running onstart methods.
2017-07-24 17:21:05,044 () volttron.platform.vip.pubsubservice DEBUG: PUBSUBSERVICE peer add keydiscovery
2017-07-24 17:21:05,045 () volttron.platform.vip.agent.core INFO: Connected to platform: router: 73590ca6-ce52-49b5-9a4c-60cc578c2172 version: 1.0 identity: control
2017-07-24 17:21:05,045 () volttron.platform.vip.agent.core DEBUG: Running onstart methods.
2017-07-24 17:21:05,056 () volttron.platform.vip.agent.core INFO: Connected to platform: router: 73590ca6-ce52-49b5-9a4c-60cc578c2172 version: 1.0 identity: keydiscovery
2017-07-24 17:21:05,056 () volttron.platform.vip.agent.core DEBUG: Running onstart methods.
2017-07-24 17:21:05,058 () volttron.platform.vip.agent.core INFO: Connected to platform: router: 73590ca6-ce52-49b5-9a4c-60cc578c2172 version: 1.0 identity: master.web
2017-07-24 17:21:05,058 () volttron.platform.vip.agent.core DEBUG: Running onstart methods.
2017-07-24 17:21:05,062 () volttron.platform.vip.keydiscovery ERROR: Error opening file /home/volttron/.volttron62/external_address.json
2017-07-24 17:21:05,063 () volttron.platform.web INFO: Starting web server binding to 127.0.0.62:8080.
2017-07-24 17:21:05,078 () volttron.platform.vip.agent.subsystems.configstore DEBUG: Processing callbacks for affected files: {}
2017-07-24 17:21:16,072 () volttron.platform.auth INFO: loading auth file /home/volttron/.volttron62/auth.json
2017-07-24 17:21:16,073 () volttron.platform.auth INFO: auth file /home/volttron/.volttron62/auth.json loaded
2017-07-24 17:21:16,076 () volttron.platform.auth DEBUG: AUTH new capabilities update: {}
2017-07-24 17:21:16,088 () volttron.platform.auth INFO: loading auth file /home/volttron/.volttron62/auth.json
2017-07-24 17:21:16,089 () volttron.platform.auth INFO: auth file /home/volttron/.volttron62/auth.json loaded
2017-07-24 17:21:16,095 () volttron.platform.auth DEBUG: AUTH new capabilities update: {'platform': [], '90a29872-e23d-4dcc-9094-a8fc53e71edd': []}
2017-07-24 17:42:23,479 () volttron.platform.auth INFO: loading auth file /home/volttron/.volttron62/auth.json
2017-07-24 17:42:24,280 () volttron.platform.auth INFO: auth file /home/volttron/.volttron62/auth.json loaded
2017-07-24 17:42:24,556 () volttron.platform.auth DEBUG: AUTH new capabilities update: {'platform': [], '90a29872-e23d-4dcc-9094-a8fc53e71edd': []}
2017-07-24 17:42:35,124 () volttron.platform.web DEBUG: PATH IS: /discovery/
2017-07-24 17:42:35,124 () volttron.platform.web DEBUG: Peer we path_info is associated with: None
2017-07-24 17:42:35,125 () volttron.platform.web DEBUG: MATCHED:
pattern: ^/discovery/$, path_info: /discovery/
 v: <bound method MasterWebService._get_discovery of <volttron.platform.web.MasterWebService object at 0x7f85105e0190>>
2017-07-24 17:42:35,125 () volttron.platform.web DEBUG: registered route t is: callable
2017-07-24 17:42:35,208 () volttron.platform.auth INFO: authentication success: domain='vip', address='127.0.0.1', mechanism='CURVE', credentials=['TCMNFHwXpXpqFp-XwbNSJgCnYn30ra7oXZB8veV4WUk'], user_id='90a29872-e23d-4dcc-9094-a8fc53e71edd'
2017-07-24 17:42:35,225 () volttron.platform.vip.pubsubservice DEBUG: PUBSUBSERVICE peer add platform62-0.0685656962438
2017-07-24 17:42:35,226 () volttron.platform.vip.routingservice DEBUG: HELLO Recieved hello, sending welcome to platform1
2017-07-24 17:42:35,226 () volttron.platform.vip.routingservice DEBUG: Sending welcome message to sender platform1
2017-07-24 17:42:35,227 () volttron.platform.vip.routingservice DEBUG: Key error for platform platform1
2017-07-24 17:42:35,227 () volttron.platform.vip.pubsubservice DEBUG: PUBSUBSERVICE external_list
2017-07-24 17:42:35,227 () volttron.platform.vip.pubsubservice DEBUG: PUBSUBSERVICE external_subscriptions from external platforms: platform62-0.0685656962438
2017-07-24 17:42:35,228 () volttron.platform.vip.pubsubservice DEBUG: PUBSUBSERVICE New external list from platform1: List: defaultdict(<type 'set'>, {'platform1': []})
2017-07-24 17:43:08,014 () volttron.platform.auth INFO: authentication success: domain='vip', address='localhost:1000:1000:850', mechanism='CURVE', credentials=['mbLkrHmGIO5l3bn5_MxZLVQnPWl2HJ_SB3UUh4mqB34'], user_id='platform'
2017-07-24 17:43:08,018 () volttron.platform.vip.pubsubservice DEBUG: PUBSUBSERVICE peer add control.connection
2017-07-24 17:44:23,789 () volttron.platform.auth INFO: authentication success: domain='vip', address='localhost:1000:1000:1314', mechanism='CURVE', credentials=['mbLkrHmGIO5l3bn5_MxZLVQnPWl2HJ_SB3UUh4mqB34'], user_id='platform'
