2017-07-24 17:21:28,578 () volttron.platform.main DEBUG: open file resource limit increased from 1024 to 4096
2017-07-24 17:21:28,578 () volttron.platform.agent.utils DEBUG: missing file /home/volttron/.volttron63/keystore
2017-07-24 17:21:28,578 () volttron.platform.agent.utils INFO: creating file /home/volttron/.volttron63/keystore
2017-07-24 17:21:28,580 () volttron.platform.main DEBUG: using key-store file /home/volttron/.volttron63/keystore
2017-07-24 17:21:28,580 () volttron.platform.main INFO: public key: YkqRQiVwPidzOkBKOXIsIERQEDKnzCLR5PseBOfz8yM
2017-07-24 17:21:28,580 () volttron.platform.agent.utils DEBUG: missing file /home/volttron/.volttron63/auth.json
2017-07-24 17:21:28,580 () volttron.platform.agent.utils INFO: creating file /home/volttron/.volttron63/auth.json
2017-07-24 17:21:28,580 () volttron.platform.auth INFO: Created backup of /home/volttron/.volttron63/auth.json at /home/volttron/.volttron63/auth.json.3be8a76f-e490-4efd-89c4-3f4841472945.bak
2017-07-24 17:21:28,581 () volttron.platform.agent.utils DEBUG: missing file /home/volttron/.volttron63/known_hosts
2017-07-24 17:21:28,581 () volttron.platform.agent.utils INFO: creating file /home/volttron/.volttron63/known_hosts
2017-07-24 17:21:28,582 () volttron.platform.main DEBUG: protected topics file /home/volttron/.volttron63/protected_topics.json
2017-07-24 17:21:28,582 () volttron.platform.main DEBUG: external_address_file file /home/volttron/.volttron63/external_address.json
2017-07-24 17:21:28,582 () volttron.platform.agent.utils DEBUG: missing file /home/volttron/.volttron63/keystores/config.store/keystore.json
2017-07-24 17:21:28,582 () volttron.platform.agent.utils INFO: creating file /home/volttron/.volttron63/keystores/config.store/keystore.json
2017-07-24 17:21:28,584 () volttron.platform.vip.agent.core DEBUG: address: inproc://vip
2017-07-24 17:21:28,584 () volttron.platform.vip.agent.core DEBUG: identity: config.store
2017-07-24 17:21:28,584 () volttron.platform.vip.agent.core DEBUG: agent_uuid: None
2017-07-24 17:21:28,584 () volttron.platform.vip.agent.core DEBUG: serverkey: None
2017-07-24 17:21:28,586 () volttron.platform.store INFO: Initializing configuration store service.
2017-07-24 17:21:28,589 () volttron.platform.agent.utils DEBUG: missing file /home/volttron/.volttron63/keystores/platform.auth/keystore.json
2017-07-24 17:21:28,589 () volttron.platform.agent.utils INFO: creating file /home/volttron/.volttron63/keystores/platform.auth/keystore.json
2017-07-24 17:21:28,591 () volttron.platform.vip.agent.core DEBUG: address: inproc://vip
2017-07-24 17:21:28,591 () volttron.platform.vip.agent.core DEBUG: identity: platform.auth
2017-07-24 17:21:28,591 () volttron.platform.vip.agent.core DEBUG: agent_uuid: None
2017-07-24 17:21:28,591 () volttron.platform.vip.agent.core DEBUG: serverkey: None
2017-07-24 17:21:28,593 () volttron.platform.auth INFO: loading auth file /home/volttron/.volttron63/auth.json
2017-07-24 17:21:28,593 () volttron.platform.auth INFO: auth file /home/volttron/.volttron63/auth.json loaded
2017-07-24 17:21:28,593 () volttron.platform.agent.utils DEBUG: missing file /home/volttron/.volttron63/protected_topics.json
2017-07-24 17:21:28,593 () volttron.platform.agent.utils INFO: creating file /home/volttron/.volttron63/protected_topics.json
2017-07-24 17:21:28,595 () volttron.platform.main DEBUG: MAIN: protected topics content {}
2017-07-24 17:21:28,595 () volttron.platform.main DEBUG: In-process VIP router bound to inproc://vip
2017-07-24 17:21:28,596 () volttron.platform.main DEBUG: Local VIP router bound to ipc://@/home/volttron/.volttron63/run/vip.socket?secretkey=XXXXX&domain=vip&server=CURVE#d690b2e7-db8f-40e5-8898-e3efb5a4882d
2017-07-24 17:21:28,596 () volttron.platform.main DEBUG: Additional VIP router bound to tcp://127.0.0.63:22916?secretkey=XXXXX&domain=vip&server=CURVE#d690b2e7-db8f-40e5-8898-e3efb5a4882d
2017-07-24 17:21:28,596 () volttron.platform.vip.pubsubservice INFO: protected-topics loaded
2017-07-24 17:21:28,596 () volttron.platform.vip.externalrpcservice DEBUG: ExternalRPCService
2017-07-24 17:21:28,596 () volttron.platform.main DEBUG: ZMQ version: 4.1.5
2017-07-24 17:21:28,597 () volttron.platform.vip.pubsubservice DEBUG: PUBSUBSERVICE peer add config.store
2017-07-24 17:21:28,598 () volttron.platform.vip.agent.core INFO: Connected to platform: router: d690b2e7-db8f-40e5-8898-e3efb5a4882d version: 1.0 identity: config.store
2017-07-24 17:21:28,598 () volttron.platform.vip.agent.core DEBUG: Running onstart methods.
2017-07-24 17:21:28,599 () volttron.platform.vip.pubsubservice DEBUG: PUBSUBSERVICE peer add platform.auth
2017-07-24 17:21:28,600 () volttron.platform.vip.agent.core INFO: Connected to platform: router: d690b2e7-db8f-40e5-8898-e3efb5a4882d version: 1.0 identity: platform.auth
2017-07-24 17:21:28,600 () volttron.platform.vip.agent.core DEBUG: Running onstart methods.
2017-07-24 17:21:28,607 () volttron.platform.vip.agent.subsystems.configstore DEBUG: Processing callbacks for affected files: {}
2017-07-24 17:21:28,711 () volttron.platform.main DEBUG: protected topics file /home/volttron/.volttron63/protected_topics.json
2017-07-24 17:21:28,711 () volttron.platform.main DEBUG: external_address_file file /home/volttron/.volttron63/external_address.json
2017-07-24 17:21:28,711 () volttron.platform.agent.utils DEBUG: missing file /home/volttron/.volttron63/keystores/control/keystore.json
2017-07-24 17:21:28,712 () volttron.platform.agent.utils INFO: creating file /home/volttron/.volttron63/keystores/control/keystore.json
2017-07-24 17:21:28,714 () volttron.platform.vip.agent.core DEBUG: address: inproc://vip
2017-07-24 17:21:28,714 () volttron.platform.vip.agent.core DEBUG: identity: control
2017-07-24 17:21:28,714 () volttron.platform.vip.agent.core DEBUG: agent_uuid: None
2017-07-24 17:21:28,714 () volttron.platform.vip.agent.core DEBUG: serverkey: None
2017-07-24 17:21:28,716 () volttron.platform.agent.utils DEBUG: missing file /home/volttron/.volttron63/keystores/pubsub.compat/keystore.json
2017-07-24 17:21:28,716 () volttron.platform.agent.utils INFO: creating file /home/volttron/.volttron63/keystores/pubsub.compat/keystore.json
2017-07-24 17:21:28,720 () volttron.platform.vip.agent.core DEBUG: address: inproc://vip
2017-07-24 17:21:28,720 () volttron.platform.vip.agent.core DEBUG: identity: pubsub.compat
2017-07-24 17:21:28,720 () volttron.platform.vip.agent.core DEBUG: agent_uuid: None
2017-07-24 17:21:28,721 () volttron.platform.vip.agent.core DEBUG: serverkey: None
2017-07-24 17:21:28,722 () volttron.platform.agent.utils DEBUG: missing file /home/volttron/.volttron63/keystores/master.web/keystore.json
2017-07-24 17:21:28,722 () volttron.platform.agent.utils INFO: creating file /home/volttron/.volttron63/keystores/master.web/keystore.json
2017-07-24 17:21:28,724 () volttron.platform.vip.agent.core DEBUG: address: inproc://vip
2017-07-24 17:21:28,724 () volttron.platform.vip.agent.core DEBUG: identity: master.web
2017-07-24 17:21:28,724 () volttron.platform.vip.agent.core DEBUG: agent_uuid: None
2017-07-24 17:21:28,724 () volttron.platform.vip.agent.core DEBUG: serverkey: None
2017-07-24 17:21:28,732 () volttron.platform.agent.utils DEBUG: missing file /home/volttron/.volttron63/keystores/keydiscovery/keystore.json
2017-07-24 17:21:28,732 () volttron.platform.agent.utils INFO: creating file /home/volttron/.volttron63/keystores/keydiscovery/keystore.json
2017-07-24 17:21:28,734 () volttron.platform.vip.agent.core DEBUG: address: inproc://vip
2017-07-24 17:21:28,735 () volttron.platform.vip.agent.core DEBUG: identity: keydiscovery
2017-07-24 17:21:28,735 () volttron.platform.vip.agent.core DEBUG: agent_uuid: None
2017-07-24 17:21:28,735 () volttron.platform.vip.agent.core DEBUG: serverkey: None
2017-07-24 17:21:28,744 () volttron.platform.vip.pubsubservice DEBUG: PUBSUBSERVICE peer add control
2017-07-24 17:21:28,749 () volttron.platform.vip.pubsubservice DEBUG: PUBSUBSERVICE peer add pubsub.compat
2017-07-24 17:21:28,751 () volttron.platform.vip.agent.core INFO: Connected to platform: router: d690b2e7-db8f-40e5-8898-e3efb5a4882d version: 1.0 identity: control
2017-07-24 17:21:28,751 () volttron.platform.vip.agent.core DEBUG: Running onstart methods.
2017-07-24 17:21:28,752 () volttron.platform.vip.pubsubservice DEBUG: PUBSUBSERVICE peer add keydiscovery
2017-07-24 17:21:28,758 () volttron.platform.vip.pubsubservice DEBUG: PUBSUBSERVICE peer add master.web
2017-07-24 17:21:28,762 () volttron.platform.vip.agent.core INFO: Connected to platform: router: d690b2e7-db8f-40e5-8898-e3efb5a4882d version: 1.0 identity: master.web
2017-07-24 17:21:28,762 () volttron.platform.vip.agent.core DEBUG: Running onstart methods.
2017-07-24 17:21:28,765 () volttron.platform.vip.agent.core INFO: Connected to platform: router: d690b2e7-db8f-40e5-8898-e3efb5a4882d version: 1.0 identity: keydiscovery
2017-07-24 17:21:28,765 () volttron.platform.vip.agent.core DEBUG: Running onstart methods.
2017-07-24 17:21:28,770 () volttron.platform.vip.agent.core INFO: Connected to platform: router: d690b2e7-db8f-40e5-8898-e3efb5a4882d version: 1.0 identity: pubsub.compat
2017-07-24 17:21:28,770 () volttron.platform.vip.agent.core DEBUG: Running onstart methods.
2017-07-24 17:21:28,773 () volttron.platform.web INFO: Starting web server binding to 127.0.0.63:8080.
2017-07-24 17:21:28,774 () volttron.platform.vip.keydiscovery ERROR: Error opening file /home/volttron/.volttron63/external_address.json
2017-07-24 17:21:28,790 () volttron.platform.vip.agent.subsystems.configstore DEBUG: Processing callbacks for affected files: {}
2017-07-24 17:21:37,963 () volttron.platform.auth INFO: loading auth file /home/volttron/.volttron63/auth.json
2017-07-24 17:21:37,965 () volttron.platform.auth INFO: auth file /home/volttron/.volttron63/auth.json loaded
2017-07-24 17:21:37,967 () volttron.platform.auth DEBUG: AUTH new capabilities update: {'platform': [], '324f130e-0d79-421e-bd90-6963fab3ce05': []}
2017-07-24 17:21:37,979 () volttron.platform.auth INFO: loading auth file /home/volttron/.volttron63/auth.json
2017-07-24 17:21:37,981 () volttron.platform.auth INFO: auth file /home/volttron/.volttron63/auth.json loaded
2017-07-24 17:21:38,000 () volttron.platform.auth DEBUG: AUTH new capabilities update: {'platform': [], '324f130e-0d79-421e-bd90-6963fab3ce05': []}
2017-07-24 17:42:25,354 () volttron.platform.auth INFO: loading auth file /home/volttron/.volttron63/auth.json
2017-07-24 17:42:25,912 () volttron.platform.auth INFO: auth file /home/volttron/.volttron63/auth.json loaded
2017-07-24 17:42:26,396 () volttron.platform.auth DEBUG: AUTH new capabilities update: {'platform': [], '324f130e-0d79-421e-bd90-6963fab3ce05': []}
2017-07-24 17:42:34,931 () volttron.platform.web DEBUG: PATH IS: /discovery/
2017-07-24 17:42:34,932 () volttron.platform.web DEBUG: Peer we path_info is associated with: None
2017-07-24 17:42:34,938 () volttron.platform.web DEBUG: MATCHED:
pattern: ^/discovery/$, path_info: /discovery/
 v: <bound method MasterWebService._get_discovery of <volttron.platform.web.MasterWebService object at 0x7f3d643d41d0>>
2017-07-24 17:42:34,938 () volttron.platform.web DEBUG: registered route t is: callable
2017-07-24 17:42:35,080 () volttron.platform.auth INFO: authentication success: domain='vip', address='127.0.0.1', mechanism='CURVE', credentials=['TCMNFHwXpXpqFp-XwbNSJgCnYn30ra7oXZB8veV4WUk'], user_id='324f130e-0d79-421e-bd90-6963fab3ce05'
2017-07-24 17:42:35,100 () volttron.platform.vip.pubsubservice DEBUG: PUBSUBSERVICE peer add platform63-0.268413866385
2017-07-24 17:42:35,102 () volttron.platform.vip.routingservice DEBUG: HELLO Recieved hello, sending welcome to platform1
2017-07-24 17:42:35,103 () volttron.platform.vip.routingservice DEBUG: Sending welcome message to sender platform1
2017-07-24 17:42:35,103 () volttron.platform.vip.routingservice DEBUG: Key error for platform platform1
2017-07-24 17:42:35,103 () volttron.platform.vip.pubsubservice DEBUG: PUBSUBSERVICE external_list
2017-07-24 17:42:35,103 () volttron.platform.vip.pubsubservice DEBUG: PUBSUBSERVICE external_subscriptions from external platforms: platform63-0.268413866385
2017-07-24 17:42:35,104 () volttron.platform.vip.pubsubservice DEBUG: PUBSUBSERVICE New external list from platform1: List: defaultdict(<type 'set'>, {'platform1': []})
2017-07-24 17:43:08,498 () volttron.platform.auth INFO: authentication success: domain='vip', address='localhost:1000:1000:865', mechanism='CURVE', credentials=['YkqRQiVwPidzOkBKOXIsIERQEDKnzCLR5PseBOfz8yM'], user_id='platform'
2017-07-24 17:43:08,500 () volttron.platform.vip.pubsubservice DEBUG: PUBSUBSERVICE peer add control.connection
2017-07-24 17:44:24,334 () volttron.platform.auth INFO: authentication success: domain='vip', address='localhost:1000:1000:1329', mechanism='CURVE', credentials=['YkqRQiVwPidzOkBKOXIsIERQEDKnzCLR5PseBOfz8yM'], user_id='platform'
