2017-07-24 17:21:48,849 () volttron.platform.main DEBUG: open file resource limit increased from 1024 to 4096
2017-07-24 17:21:48,849 () volttron.platform.agent.utils DEBUG: missing file /home/volttron/.volttron64/keystore
2017-07-24 17:21:48,849 () volttron.platform.agent.utils INFO: creating file /home/volttron/.volttron64/keystore
2017-07-24 17:21:48,851 () volttron.platform.main DEBUG: using key-store file /home/volttron/.volttron64/keystore
2017-07-24 17:21:48,851 () volttron.platform.main INFO: public key: O5jHsc1hpATE4wihvg60NHZ6eXOG8L1Nx6x05Wkf-lE
2017-07-24 17:21:48,852 () volttron.platform.agent.utils DEBUG: missing file /home/volttron/.volttron64/auth.json
2017-07-24 17:21:48,852 () volttron.platform.agent.utils INFO: creating file /home/volttron/.volttron64/auth.json
2017-07-24 17:21:48,852 () volttron.platform.auth INFO: Created backup of /home/volttron/.volttron64/auth.json at /home/volttron/.volttron64/auth.json.336ab143-42d6-496f-9fa6-83eed7de177d.bak
2017-07-24 17:21:48,853 () volttron.platform.agent.utils DEBUG: missing file /home/volttron/.volttron64/known_hosts
2017-07-24 17:21:48,853 () volttron.platform.agent.utils INFO: creating file /home/volttron/.volttron64/known_hosts
2017-07-24 17:21:48,854 () volttron.platform.main DEBUG: protected topics file /home/volttron/.volttron64/protected_topics.json
2017-07-24 17:21:48,854 () volttron.platform.main DEBUG: external_address_file file /home/volttron/.volttron64/external_address.json
2017-07-24 17:21:48,854 () volttron.platform.agent.utils DEBUG: missing file /home/volttron/.volttron64/keystores/config.store/keystore.json
2017-07-24 17:21:48,854 () volttron.platform.agent.utils INFO: creating file /home/volttron/.volttron64/keystores/config.store/keystore.json
2017-07-24 17:21:48,856 () volttron.platform.vip.agent.core DEBUG: address: inproc://vip
2017-07-24 17:21:48,856 () volttron.platform.vip.agent.core DEBUG: identity: config.store
2017-07-24 17:21:48,856 () volttron.platform.vip.agent.core DEBUG: agent_uuid: None
2017-07-24 17:21:48,856 () volttron.platform.vip.agent.core DEBUG: serverkey: None
2017-07-24 17:21:48,857 () volttron.platform.store INFO: Initializing configuration store service.
2017-07-24 17:21:48,858 () volttron.platform.agent.utils DEBUG: missing file /home/volttron/.volttron64/keystores/platform.auth/keystore.json
2017-07-24 17:21:48,859 () volttron.platform.agent.utils INFO: creating file /home/volttron/.volttron64/keystores/platform.auth/keystore.json
2017-07-24 17:21:48,860 () volttron.platform.vip.agent.core DEBUG: address: inproc://vip
2017-07-24 17:21:48,860 () volttron.platform.vip.agent.core DEBUG: identity: platform.auth
2017-07-24 17:21:48,860 () volttron.platform.vip.agent.core DEBUG: agent_uuid: None
2017-07-24 17:21:48,860 () volttron.platform.vip.agent.core DEBUG: serverkey: None
2017-07-24 17:21:48,862 () volttron.platform.auth INFO: loading auth file /home/volttron/.volttron64/auth.json
2017-07-24 17:21:48,862 () volttron.platform.auth INFO: auth file /home/volttron/.volttron64/auth.json loaded
2017-07-24 17:21:48,862 () volttron.platform.agent.utils DEBUG: missing file /home/volttron/.volttron64/protected_topics.json
2017-07-24 17:21:48,862 () volttron.platform.agent.utils INFO: creating file /home/volttron/.volttron64/protected_topics.json
2017-07-24 17:21:48,863 () volttron.platform.main DEBUG: MAIN: protected topics content {}
2017-07-24 17:21:48,864 () volttron.platform.main DEBUG: In-process VIP router bound to inproc://vip
2017-07-24 17:21:48,864 () volttron.platform.main DEBUG: Local VIP router bound to ipc://@/home/volttron/.volttron64/run/vip.socket?secretkey=XXXXX&domain=vip&server=CURVE#c4f63b68-bf13-444f-b368-a11563ac2784
2017-07-24 17:21:48,865 () volttron.platform.main DEBUG: Additional VIP router bound to tcp://127.0.0.64:22916?secretkey=XXXXX&domain=vip&server=CURVE#c4f63b68-bf13-444f-b368-a11563ac2784
2017-07-24 17:21:48,865 () volttron.platform.vip.pubsubservice INFO: protected-topics loaded
2017-07-24 17:21:48,865 () volttron.platform.vip.externalrpcservice DEBUG: ExternalRPCService
2017-07-24 17:21:48,865 () volttron.platform.main DEBUG: ZMQ version: 4.1.5
2017-07-24 17:21:48,866 () volttron.platform.vip.pubsubservice DEBUG: PUBSUBSERVICE peer add config.store
2017-07-24 17:21:48,868 () volttron.platform.vip.agent.core INFO: Connected to platform: router: c4f63b68-bf13-444f-b368-a11563ac2784 version: 1.0 identity: config.store
2017-07-24 17:21:48,868 () volttron.platform.vip.agent.core DEBUG: Running onstart methods.
2017-07-24 17:21:48,870 () volttron.platform.vip.pubsubservice DEBUG: PUBSUBSERVICE peer add platform.auth
2017-07-24 17:21:48,875 () volttron.platform.vip.agent.core INFO: Connected to platform: router: c4f63b68-bf13-444f-b368-a11563ac2784 version: 1.0 identity: platform.auth
2017-07-24 17:21:48,876 () volttron.platform.vip.agent.core DEBUG: Running onstart methods.
2017-07-24 17:21:48,880 () volttron.platform.vip.agent.subsystems.configstore DEBUG: Processing callbacks for affected files: {}
2017-07-24 17:21:49,009 () volttron.platform.main DEBUG: protected topics file /home/volttron/.volttron64/protected_topics.json
2017-07-24 17:21:49,010 () volttron.platform.main DEBUG: external_address_file file /home/volttron/.volttron64/external_address.json
2017-07-24 17:21:49,011 () volttron.platform.agent.utils DEBUG: missing file /home/volttron/.volttron64/keystores/control/keystore.json
2017-07-24 17:21:49,011 () volttron.platform.agent.utils INFO: creating file /home/volttron/.volttron64/keystores/control/keystore.json
2017-07-24 17:21:49,015 () volttron.platform.vip.agent.core DEBUG: address: inproc://vip
2017-07-24 17:21:49,015 () volttron.platform.vip.agent.core DEBUG: identity: control
2017-07-24 17:21:49,015 () volttron.platform.vip.agent.core DEBUG: agent_uuid: None
2017-07-24 17:21:49,015 () volttron.platform.vip.agent.core DEBUG: serverkey: None
2017-07-24 17:21:49,018 () volttron.platform.agent.utils DEBUG: missing file /home/volttron/.volttron64/keystores/pubsub.compat/keystore.json
2017-07-24 17:21:49,018 () volttron.platform.agent.utils INFO: creating file /home/volttron/.volttron64/keystores/pubsub.compat/keystore.json
2017-07-24 17:21:49,021 () volttron.platform.vip.agent.core DEBUG: address: inproc://vip
2017-07-24 17:21:49,022 () volttron.platform.vip.agent.core DEBUG: identity: pubsub.compat
2017-07-24 17:21:49,022 () volttron.platform.vip.agent.core DEBUG: agent_uuid: None
2017-07-24 17:21:49,022 () volttron.platform.vip.agent.core DEBUG: serverkey: None
2017-07-24 17:21:49,023 () volttron.platform.agent.utils DEBUG: missing file /home/volttron/.volttron64/keystores/master.web/keystore.json
2017-07-24 17:21:49,023 () volttron.platform.agent.utils INFO: creating file /home/volttron/.volttron64/keystores/master.web/keystore.json
2017-07-24 17:21:49,026 () volttron.platform.vip.agent.core DEBUG: address: inproc://vip
2017-07-24 17:21:49,026 () volttron.platform.vip.agent.core DEBUG: identity: master.web
2017-07-24 17:21:49,026 () volttron.platform.vip.agent.core DEBUG: agent_uuid: None
2017-07-24 17:21:49,026 () volttron.platform.vip.agent.core DEBUG: serverkey: None
2017-07-24 17:21:49,034 () volttron.platform.agent.utils DEBUG: missing file /home/volttron/.volttron64/keystores/keydiscovery/keystore.json
2017-07-24 17:21:49,034 () volttron.platform.agent.utils INFO: creating file /home/volttron/.volttron64/keystores/keydiscovery/keystore.json
2017-07-24 17:21:49,037 () volttron.platform.vip.agent.core DEBUG: address: inproc://vip
2017-07-24 17:21:49,037 () volttron.platform.vip.agent.core DEBUG: identity: keydiscovery
2017-07-24 17:21:49,037 () volttron.platform.vip.agent.core DEBUG: agent_uuid: None
2017-07-24 17:21:49,037 () volttron.platform.vip.agent.core DEBUG: serverkey: None
2017-07-24 17:21:49,045 () volttron.platform.vip.pubsubservice DEBUG: PUBSUBSERVICE peer add control
2017-07-24 17:21:49,047 () volttron.platform.vip.pubsubservice DEBUG: PUBSUBSERVICE peer add pubsub.compat
2017-07-24 17:21:49,047 () volttron.platform.vip.pubsubservice DEBUG: PUBSUBSERVICE peer add master.web
2017-07-24 17:21:49,049 () volttron.platform.vip.pubsubservice DEBUG: PUBSUBSERVICE peer add keydiscovery
2017-07-24 17:21:49,052 () volttron.platform.vip.agent.core INFO: Connected to platform: router: c4f63b68-bf13-444f-b368-a11563ac2784 version: 1.0 identity: keydiscovery
2017-07-24 17:21:49,052 () volttron.platform.vip.agent.core DEBUG: Running onstart methods.
2017-07-24 17:21:49,054 () volttron.platform.vip.agent.core INFO: Connected to platform: router: c4f63b68-bf13-444f-b368-a11563ac2784 version: 1.0 identity: master.web
2017-07-24 17:21:49,055 () volttron.platform.vip.agent.core DEBUG: Running onstart methods.
2017-07-24 17:21:49,058 () volttron.platform.vip.agent.core INFO: Connected to platform: router: c4f63b68-bf13-444f-b368-a11563ac2784 version: 1.0 identity: pubsub.compat
2017-07-24 17:21:49,058 () volttron.platform.vip.agent.core DEBUG: Running onstart methods.
2017-07-24 17:21:49,062 () volttron.platform.vip.agent.core INFO: Connected to platform: router: c4f63b68-bf13-444f-b368-a11563ac2784 version: 1.0 identity: control
2017-07-24 17:21:49,062 () volttron.platform.vip.agent.core DEBUG: Running onstart methods.
2017-07-24 17:21:49,068 () volttron.platform.vip.keydiscovery ERROR: Error opening file /home/volttron/.volttron64/external_address.json
2017-07-24 17:21:49,070 () volttron.platform.web INFO: Starting web server binding to 127.0.0.64:8080.
2017-07-24 17:21:49,087 () volttron.platform.vip.agent.subsystems.configstore DEBUG: Processing callbacks for affected files: {}
2017-07-24 17:21:58,297 () volttron.platform.auth INFO: loading auth file /home/volttron/.volttron64/auth.json
2017-07-24 17:21:58,298 () volttron.platform.auth INFO: auth file /home/volttron/.volttron64/auth.json loaded
2017-07-24 17:21:58,301 () volttron.platform.auth DEBUG: AUTH new capabilities update: {}
2017-07-24 17:21:58,310 () volttron.platform.auth INFO: loading auth file /home/volttron/.volttron64/auth.json
2017-07-24 17:21:58,311 () volttron.platform.auth INFO: auth file /home/volttron/.volttron64/auth.json loaded
2017-07-24 17:21:58,319 () volttron.platform.auth DEBUG: AUTH new capabilities update: {'25dd5969-55cc-495f-9bff-7dac3ed44967': [], 'platform': []}
2017-07-24 17:42:26,420 () volttron.platform.auth INFO: loading auth file /home/volttron/.volttron64/auth.json
2017-07-24 17:42:26,859 () volttron.platform.auth INFO: auth file /home/volttron/.volttron64/auth.json loaded
2017-07-24 17:42:27,061 () volttron.platform.auth DEBUG: AUTH new capabilities update: {'25dd5969-55cc-495f-9bff-7dac3ed44967': [], 'platform': []}
2017-07-24 17:42:34,376 () volttron.platform.web DEBUG: PATH IS: /discovery/
2017-07-24 17:42:34,377 () volttron.platform.web DEBUG: Peer we path_info is associated with: None
2017-07-24 17:42:34,377 () volttron.platform.web DEBUG: MATCHED:
pattern: ^/discovery/$, path_info: /discovery/
 v: <bound method MasterWebService._get_discovery of <volttron.platform.web.MasterWebService object at 0x7f618419a250>>
2017-07-24 17:42:34,377 () volttron.platform.web DEBUG: registered route t is: callable
2017-07-24 17:42:34,455 () volttron.platform.auth INFO: authentication success: domain='vip', address='127.0.0.1', mechanism='CURVE', credentials=['TCMNFHwXpXpqFp-XwbNSJgCnYn30ra7oXZB8veV4WUk'], user_id='25dd5969-55cc-495f-9bff-7dac3ed44967'
2017-07-24 17:42:34,475 () volttron.platform.vip.pubsubservice DEBUG: PUBSUBSERVICE peer add platform64-0.983365831661
2017-07-24 17:42:34,477 () volttron.platform.vip.routingservice DEBUG: HELLO Recieved hello, sending welcome to platform1
2017-07-24 17:42:34,477 () volttron.platform.vip.routingservice DEBUG: Sending welcome message to sender platform1
2017-07-24 17:42:34,477 () volttron.platform.vip.routingservice DEBUG: Key error for platform platform1
2017-07-24 17:42:34,478 () volttron.platform.vip.pubsubservice DEBUG: PUBSUBSERVICE external_list
2017-07-24 17:42:34,478 () volttron.platform.vip.pubsubservice DEBUG: PUBSUBSERVICE external_subscriptions from external platforms: platform64-0.983365831661
2017-07-24 17:42:34,480 () volttron.platform.vip.pubsubservice DEBUG: PUBSUBSERVICE New external list from platform1: List: defaultdict(<type 'set'>, {'platform1': []})
2017-07-24 17:43:08,973 () volttron.platform.auth INFO: authentication success: domain='vip', address='localhost:1000:1000:882', mechanism='CURVE', credentials=['O5jHsc1hpATE4wihvg60NHZ6eXOG8L1Nx6x05Wkf-lE'], user_id='platform'
2017-07-24 17:43:08,975 () volttron.platform.vip.pubsubservice DEBUG: PUBSUBSERVICE peer add control.connection
2017-07-24 17:44:24,948 () volttron.platform.auth INFO: authentication success: domain='vip', address='localhost:1000:1000:1346', mechanism='CURVE', credentials=['O5jHsc1hpATE4wihvg60NHZ6eXOG8L1Nx6x05Wkf-lE'], user_id='platform'
