2017-07-24 17:22:27,433 () volttron.platform.main DEBUG: open file resource limit increased from 1024 to 4096
2017-07-24 17:22:27,434 () volttron.platform.agent.utils DEBUG: missing file /home/volttron/.volttron66/keystore
2017-07-24 17:22:27,434 () volttron.platform.agent.utils INFO: creating file /home/volttron/.volttron66/keystore
2017-07-24 17:22:27,435 () volttron.platform.main DEBUG: using key-store file /home/volttron/.volttron66/keystore
2017-07-24 17:22:27,436 () volttron.platform.main INFO: public key: u6lZ1vm-d8XpjZ2c2DsOyDe5SN29GUG2Kvqw2svLDhk
2017-07-24 17:22:27,436 () volttron.platform.agent.utils DEBUG: missing file /home/volttron/.volttron66/auth.json
2017-07-24 17:22:27,436 () volttron.platform.agent.utils INFO: creating file /home/volttron/.volttron66/auth.json
2017-07-24 17:22:27,436 () volttron.platform.auth INFO: Created backup of /home/volttron/.volttron66/auth.json at /home/volttron/.volttron66/auth.json.0c91dfa3-7598-4283-91c4-87c6be234d5d.bak
2017-07-24 17:22:27,437 () volttron.platform.agent.utils DEBUG: missing file /home/volttron/.volttron66/known_hosts
2017-07-24 17:22:27,437 () volttron.platform.agent.utils INFO: creating file /home/volttron/.volttron66/known_hosts
2017-07-24 17:22:27,438 () volttron.platform.main DEBUG: protected topics file /home/volttron/.volttron66/protected_topics.json
2017-07-24 17:22:27,438 () volttron.platform.main DEBUG: external_address_file file /home/volttron/.volttron66/external_address.json
2017-07-24 17:22:27,438 () volttron.platform.agent.utils DEBUG: missing file /home/volttron/.volttron66/keystores/config.store/keystore.json
2017-07-24 17:22:27,438 () volttron.platform.agent.utils INFO: creating file /home/volttron/.volttron66/keystores/config.store/keystore.json
2017-07-24 17:22:27,440 () volttron.platform.vip.agent.core DEBUG: address: inproc://vip
2017-07-24 17:22:27,440 () volttron.platform.vip.agent.core DEBUG: identity: config.store
2017-07-24 17:22:27,440 () volttron.platform.vip.agent.core DEBUG: agent_uuid: None
2017-07-24 17:22:27,440 () volttron.platform.vip.agent.core DEBUG: serverkey: None
2017-07-24 17:22:27,441 () volttron.platform.store INFO: Initializing configuration store service.
2017-07-24 17:22:27,443 () volttron.platform.agent.utils DEBUG: missing file /home/volttron/.volttron66/keystores/platform.auth/keystore.json
2017-07-24 17:22:27,443 () volttron.platform.agent.utils INFO: creating file /home/volttron/.volttron66/keystores/platform.auth/keystore.json
2017-07-24 17:22:27,444 () volttron.platform.vip.agent.core DEBUG: address: inproc://vip
2017-07-24 17:22:27,444 () volttron.platform.vip.agent.core DEBUG: identity: platform.auth
2017-07-24 17:22:27,444 () volttron.platform.vip.agent.core DEBUG: agent_uuid: None
2017-07-24 17:22:27,444 () volttron.platform.vip.agent.core DEBUG: serverkey: None
2017-07-24 17:22:27,446 () volttron.platform.auth INFO: loading auth file /home/volttron/.volttron66/auth.json
2017-07-24 17:22:27,446 () volttron.platform.auth INFO: auth file /home/volttron/.volttron66/auth.json loaded
2017-07-24 17:22:27,446 () volttron.platform.agent.utils DEBUG: missing file /home/volttron/.volttron66/protected_topics.json
2017-07-24 17:22:27,446 () volttron.platform.agent.utils INFO: creating file /home/volttron/.volttron66/protected_topics.json
2017-07-24 17:22:27,447 () volttron.platform.main DEBUG: MAIN: protected topics content {}
2017-07-24 17:22:27,448 () volttron.platform.main DEBUG: In-process VIP router bound to inproc://vip
2017-07-24 17:22:27,448 () volttron.platform.main DEBUG: Local VIP router bound to ipc://@/home/volttron/.volttron66/run/vip.socket?secretkey=XXXXX&domain=vip&server=CURVE#019ceb26-b3c4-4701-b4db-63ad90d38669
2017-07-24 17:22:27,449 () volttron.platform.main DEBUG: Additional VIP router bound to tcp://127.0.0.66:22916?secretkey=XXXXX&domain=vip&server=CURVE#019ceb26-b3c4-4701-b4db-63ad90d38669
2017-07-24 17:22:27,449 () volttron.platform.vip.pubsubservice INFO: protected-topics loaded
2017-07-24 17:22:27,449 () volttron.platform.vip.externalrpcservice DEBUG: ExternalRPCService
2017-07-24 17:22:27,449 () volttron.platform.main DEBUG: ZMQ version: 4.1.5
2017-07-24 17:22:27,450 () volttron.platform.vip.pubsubservice DEBUG: PUBSUBSERVICE peer add config.store
2017-07-24 17:22:27,452 () volttron.platform.vip.agent.core INFO: Connected to platform: router: 019ceb26-b3c4-4701-b4db-63ad90d38669 version: 1.0 identity: config.store
2017-07-24 17:22:27,452 () volttron.platform.vip.agent.core DEBUG: Running onstart methods.
2017-07-24 17:22:27,452 () volttron.platform.vip.pubsubservice DEBUG: PUBSUBSERVICE peer add platform.auth
2017-07-24 17:22:27,456 () volttron.platform.vip.agent.core INFO: Connected to platform: router: 019ceb26-b3c4-4701-b4db-63ad90d38669 version: 1.0 identity: platform.auth
2017-07-24 17:22:27,457 () volttron.platform.vip.agent.core DEBUG: Running onstart methods.
2017-07-24 17:22:27,460 () volttron.platform.vip.agent.subsystems.configstore DEBUG: Processing callbacks for affected files: {}
2017-07-24 17:22:27,585 () volttron.platform.main DEBUG: protected topics file /home/volttron/.volttron66/protected_topics.json
2017-07-24 17:22:27,586 () volttron.platform.main DEBUG: external_address_file file /home/volttron/.volttron66/external_address.json
2017-07-24 17:22:27,587 () volttron.platform.agent.utils DEBUG: missing file /home/volttron/.volttron66/keystores/control/keystore.json
2017-07-24 17:22:27,587 () volttron.platform.agent.utils INFO: creating file /home/volttron/.volttron66/keystores/control/keystore.json
2017-07-24 17:22:27,590 () volttron.platform.vip.agent.core DEBUG: address: inproc://vip
2017-07-24 17:22:27,590 () volttron.platform.vip.agent.core DEBUG: identity: control
2017-07-24 17:22:27,590 () volttron.platform.vip.agent.core DEBUG: agent_uuid: None
2017-07-24 17:22:27,591 () volttron.platform.vip.agent.core DEBUG: serverkey: None
2017-07-24 17:22:27,595 () volttron.platform.agent.utils DEBUG: missing file /home/volttron/.volttron66/keystores/pubsub.compat/keystore.json
2017-07-24 17:22:27,596 () volttron.platform.agent.utils INFO: creating file /home/volttron/.volttron66/keystores/pubsub.compat/keystore.json
2017-07-24 17:22:27,599 () volttron.platform.vip.agent.core DEBUG: address: inproc://vip
2017-07-24 17:22:27,600 () volttron.platform.vip.agent.core DEBUG: identity: pubsub.compat
2017-07-24 17:22:27,600 () volttron.platform.vip.agent.core DEBUG: agent_uuid: None
2017-07-24 17:22:27,600 () volttron.platform.vip.agent.core DEBUG: serverkey: None
2017-07-24 17:22:27,602 () volttron.platform.agent.utils DEBUG: missing file /home/volttron/.volttron66/keystores/master.web/keystore.json
2017-07-24 17:22:27,602 () volttron.platform.agent.utils INFO: creating file /home/volttron/.volttron66/keystores/master.web/keystore.json
2017-07-24 17:22:27,605 () volttron.platform.vip.agent.core DEBUG: address: inproc://vip
2017-07-24 17:22:27,605 () volttron.platform.vip.agent.core DEBUG: identity: master.web
2017-07-24 17:22:27,606 () volttron.platform.vip.agent.core DEBUG: agent_uuid: None
2017-07-24 17:22:27,606 () volttron.platform.vip.agent.core DEBUG: serverkey: None
2017-07-24 17:22:27,612 () volttron.platform.agent.utils DEBUG: missing file /home/volttron/.volttron66/keystores/keydiscovery/keystore.json
2017-07-24 17:22:27,613 () volttron.platform.agent.utils INFO: creating file /home/volttron/.volttron66/keystores/keydiscovery/keystore.json
2017-07-24 17:22:27,615 () volttron.platform.vip.agent.core DEBUG: address: inproc://vip
2017-07-24 17:22:27,615 () volttron.platform.vip.agent.core DEBUG: identity: keydiscovery
2017-07-24 17:22:27,615 () volttron.platform.vip.agent.core DEBUG: agent_uuid: None
2017-07-24 17:22:27,616 () volttron.platform.vip.agent.core DEBUG: serverkey: None
2017-07-24 17:22:27,628 () volttron.platform.vip.pubsubservice DEBUG: PUBSUBSERVICE peer add control
2017-07-24 17:22:27,632 () volttron.platform.vip.pubsubservice DEBUG: PUBSUBSERVICE peer add keydiscovery
2017-07-24 17:22:27,634 () volttron.platform.vip.pubsubservice DEBUG: PUBSUBSERVICE peer add pubsub.compat
2017-07-24 17:22:27,636 () volttron.platform.vip.pubsubservice DEBUG: PUBSUBSERVICE peer add master.web
2017-07-24 17:22:27,642 () volttron.platform.vip.agent.core INFO: Connected to platform: router: 019ceb26-b3c4-4701-b4db-63ad90d38669 version: 1.0 identity: control
2017-07-24 17:22:27,642 () volttron.platform.vip.agent.core DEBUG: Running onstart methods.
2017-07-24 17:22:27,648 () volttron.platform.vip.agent.core INFO: Connected to platform: router: 019ceb26-b3c4-4701-b4db-63ad90d38669 version: 1.0 identity: master.web
2017-07-24 17:22:27,648 () volttron.platform.vip.agent.core DEBUG: Running onstart methods.
2017-07-24 17:22:27,650 () volttron.platform.vip.agent.core INFO: Connected to platform: router: 019ceb26-b3c4-4701-b4db-63ad90d38669 version: 1.0 identity: pubsub.compat
2017-07-24 17:22:27,650 () volttron.platform.vip.agent.core DEBUG: Running onstart methods.
2017-07-24 17:22:27,654 () volttron.platform.vip.agent.core INFO: Connected to platform: router: 019ceb26-b3c4-4701-b4db-63ad90d38669 version: 1.0 identity: keydiscovery
2017-07-24 17:22:27,655 () volttron.platform.vip.agent.core DEBUG: Running onstart methods.
2017-07-24 17:22:27,657 () volttron.platform.web INFO: Starting web server binding to 127.0.0.66:8080.
2017-07-24 17:22:27,659 () volttron.platform.vip.keydiscovery ERROR: Error opening file /home/volttron/.volttron66/external_address.json
2017-07-24 17:22:27,677 () volttron.platform.vip.agent.subsystems.configstore DEBUG: Processing callbacks for affected files: {}
2017-07-24 17:22:38,456 () volttron.platform.auth INFO: loading auth file /home/volttron/.volttron66/auth.json
2017-07-24 17:22:38,459 () volttron.platform.auth INFO: auth file /home/volttron/.volttron66/auth.json loaded
2017-07-24 17:22:38,465 () volttron.platform.auth DEBUG: AUTH new capabilities update: {}
2017-07-24 17:22:38,471 () volttron.platform.auth INFO: loading auth file /home/volttron/.volttron66/auth.json
2017-07-24 17:22:38,472 () volttron.platform.auth INFO: auth file /home/volttron/.volttron66/auth.json loaded
2017-07-24 17:22:38,478 () volttron.platform.auth DEBUG: AUTH new capabilities update: {'45170da1-bd88-45b3-9169-7abb6b2c0e59': [], 'platform': []}
2017-07-24 17:42:26,858 () volttron.platform.auth INFO: loading auth file /home/volttron/.volttron66/auth.json
2017-07-24 17:42:27,312 () volttron.platform.auth INFO: auth file /home/volttron/.volttron66/auth.json loaded
2017-07-24 17:42:27,658 () volttron.platform.auth DEBUG: AUTH new capabilities update: {'45170da1-bd88-45b3-9169-7abb6b2c0e59': [], 'platform': []}
2017-07-24 17:42:34,661 () volttron.platform.web DEBUG: PATH IS: /discovery/
2017-07-24 17:42:34,662 () volttron.platform.web DEBUG: Peer we path_info is associated with: None
2017-07-24 17:42:34,663 () volttron.platform.web DEBUG: MATCHED:
pattern: ^/discovery/$, path_info: /discovery/
 v: <bound method MasterWebService._get_discovery of <volttron.platform.web.MasterWebService object at 0x7f3498d921d0>>
2017-07-24 17:42:34,664 () volttron.platform.web DEBUG: registered route t is: callable
2017-07-24 17:42:34,747 () volttron.platform.auth INFO: authentication success: domain='vip', address='127.0.0.1', mechanism='CURVE', credentials=['TCMNFHwXpXpqFp-XwbNSJgCnYn30ra7oXZB8veV4WUk'], user_id='45170da1-bd88-45b3-9169-7abb6b2c0e59'
2017-07-24 17:42:34,754 () volttron.platform.vip.pubsubservice DEBUG: PUBSUBSERVICE peer add platform66-0.507311444372
2017-07-24 17:42:34,763 () volttron.platform.vip.routingservice DEBUG: HELLO Recieved hello, sending welcome to platform1
2017-07-24 17:42:34,764 () volttron.platform.vip.routingservice DEBUG: Sending welcome message to sender platform1
2017-07-24 17:42:34,764 () volttron.platform.vip.routingservice DEBUG: Key error for platform platform1
2017-07-24 17:42:34,764 () volttron.platform.vip.pubsubservice DEBUG: PUBSUBSERVICE external_list
2017-07-24 17:42:34,764 () volttron.platform.vip.pubsubservice DEBUG: PUBSUBSERVICE external_subscriptions from external platforms: platform66-0.507311444372
2017-07-24 17:42:34,765 () volttron.platform.vip.pubsubservice DEBUG: PUBSUBSERVICE New external list from platform1: List: defaultdict(<type 'set'>, {'platform1': []})
2017-07-24 17:43:09,979 () volttron.platform.auth INFO: authentication success: domain='vip', address='localhost:1000:1000:912', mechanism='CURVE', credentials=['u6lZ1vm-d8XpjZ2c2DsOyDe5SN29GUG2Kvqw2svLDhk'], user_id='platform'
2017-07-24 17:43:09,983 () volttron.platform.vip.pubsubservice DEBUG: PUBSUBSERVICE peer add control.connection
