2017-07-24 17:23:28,395 () volttron.platform.main DEBUG: open file resource limit increased from 1024 to 4096
2017-07-24 17:23:28,395 () volttron.platform.agent.utils DEBUG: missing file /home/volttron/.volttron69/keystore
2017-07-24 17:23:28,395 () volttron.platform.agent.utils INFO: creating file /home/volttron/.volttron69/keystore
2017-07-24 17:23:28,397 () volttron.platform.main DEBUG: using key-store file /home/volttron/.volttron69/keystore
2017-07-24 17:23:28,397 () volttron.platform.main INFO: public key: wq1BnWy8se7sNoU-HwMsYMPfz5hkrZ_76XNDwac2fT0
2017-07-24 17:23:28,397 () volttron.platform.agent.utils DEBUG: missing file /home/volttron/.volttron69/auth.json
2017-07-24 17:23:28,397 () volttron.platform.agent.utils INFO: creating file /home/volttron/.volttron69/auth.json
2017-07-24 17:23:28,398 () volttron.platform.auth INFO: Created backup of /home/volttron/.volttron69/auth.json at /home/volttron/.volttron69/auth.json.5e4f6b7b-8312-4cf9-aa88-4a1dd1f77cbb.bak
2017-07-24 17:23:28,398 () volttron.platform.agent.utils DEBUG: missing file /home/volttron/.volttron69/known_hosts
2017-07-24 17:23:28,398 () volttron.platform.agent.utils INFO: creating file /home/volttron/.volttron69/known_hosts
2017-07-24 17:23:28,399 () volttron.platform.main DEBUG: protected topics file /home/volttron/.volttron69/protected_topics.json
2017-07-24 17:23:28,399 () volttron.platform.main DEBUG: external_address_file file /home/volttron/.volttron69/external_address.json
2017-07-24 17:23:28,400 () volttron.platform.agent.utils DEBUG: missing file /home/volttron/.volttron69/keystores/config.store/keystore.json
2017-07-24 17:23:28,400 () volttron.platform.agent.utils INFO: creating file /home/volttron/.volttron69/keystores/config.store/keystore.json
2017-07-24 17:23:28,401 () volttron.platform.vip.agent.core DEBUG: address: inproc://vip
2017-07-24 17:23:28,401 () volttron.platform.vip.agent.core DEBUG: identity: config.store
2017-07-24 17:23:28,401 () volttron.platform.vip.agent.core DEBUG: agent_uuid: None
2017-07-24 17:23:28,401 () volttron.platform.vip.agent.core DEBUG: serverkey: None
2017-07-24 17:23:28,403 () volttron.platform.store INFO: Initializing configuration store service.
2017-07-24 17:23:28,404 () volttron.platform.agent.utils DEBUG: missing file /home/volttron/.volttron69/keystores/platform.auth/keystore.json
2017-07-24 17:23:28,404 () volttron.platform.agent.utils INFO: creating file /home/volttron/.volttron69/keystores/platform.auth/keystore.json
2017-07-24 17:23:28,406 () volttron.platform.vip.agent.core DEBUG: address: inproc://vip
2017-07-24 17:23:28,406 () volttron.platform.vip.agent.core DEBUG: identity: platform.auth
2017-07-24 17:23:28,406 () volttron.platform.vip.agent.core DEBUG: agent_uuid: None
2017-07-24 17:23:28,406 () volttron.platform.vip.agent.core DEBUG: serverkey: None
2017-07-24 17:23:28,409 () volttron.platform.auth INFO: loading auth file /home/volttron/.volttron69/auth.json
2017-07-24 17:23:28,409 () volttron.platform.auth INFO: auth file /home/volttron/.volttron69/auth.json loaded
2017-07-24 17:23:28,410 () volttron.platform.agent.utils DEBUG: missing file /home/volttron/.volttron69/protected_topics.json
2017-07-24 17:23:28,410 () volttron.platform.agent.utils INFO: creating file /home/volttron/.volttron69/protected_topics.json
2017-07-24 17:23:28,411 () volttron.platform.main DEBUG: MAIN: protected topics content {}
2017-07-24 17:23:28,412 () volttron.platform.main DEBUG: In-process VIP router bound to inproc://vip
2017-07-24 17:23:28,412 () volttron.platform.main DEBUG: Local VIP router bound to ipc://@/home/volttron/.volttron69/run/vip.socket?secretkey=XXXXX&domain=vip&server=CURVE#27757f20-e0ce-4e77-9eeb-1ecfa8cce3f8
2017-07-24 17:23:28,412 () volttron.platform.main DEBUG: Additional VIP router bound to tcp://127.0.0.69:22916?secretkey=XXXXX&domain=vip&server=CURVE#27757f20-e0ce-4e77-9eeb-1ecfa8cce3f8
2017-07-24 17:23:28,413 () volttron.platform.vip.pubsubservice INFO: protected-topics loaded
2017-07-24 17:23:28,413 () volttron.platform.vip.externalrpcservice DEBUG: ExternalRPCService
2017-07-24 17:23:28,413 () volttron.platform.main DEBUG: ZMQ version: 4.1.5
2017-07-24 17:23:28,413 () volttron.platform.vip.pubsubservice DEBUG: PUBSUBSERVICE peer add config.store
2017-07-24 17:23:28,414 () volttron.platform.vip.pubsubservice DEBUG: PUBSUBSERVICE peer add platform.auth
2017-07-24 17:23:28,415 () volttron.platform.vip.agent.core INFO: Connected to platform: router: 27757f20-e0ce-4e77-9eeb-1ecfa8cce3f8 version: 1.0 identity: config.store
2017-07-24 17:23:28,415 () volttron.platform.vip.agent.core DEBUG: Running onstart methods.
2017-07-24 17:23:28,418 () volttron.platform.vip.agent.core INFO: Connected to platform: router: 27757f20-e0ce-4e77-9eeb-1ecfa8cce3f8 version: 1.0 identity: platform.auth
2017-07-24 17:23:28,418 () volttron.platform.vip.agent.core DEBUG: Running onstart methods.
2017-07-24 17:23:28,424 () volttron.platform.vip.agent.subsystems.configstore DEBUG: Processing callbacks for affected files: {}
2017-07-24 17:23:28,545 () volttron.platform.main DEBUG: protected topics file /home/volttron/.volttron69/protected_topics.json
2017-07-24 17:23:28,545 () volttron.platform.main DEBUG: external_address_file file /home/volttron/.volttron69/external_address.json
2017-07-24 17:23:28,546 () volttron.platform.agent.utils DEBUG: missing file /home/volttron/.volttron69/keystores/control/keystore.json
2017-07-24 17:23:28,547 () volttron.platform.agent.utils INFO: creating file /home/volttron/.volttron69/keystores/control/keystore.json
2017-07-24 17:23:28,550 () volttron.platform.vip.agent.core DEBUG: address: inproc://vip
2017-07-24 17:23:28,550 () volttron.platform.vip.agent.core DEBUG: identity: control
2017-07-24 17:23:28,550 () volttron.platform.vip.agent.core DEBUG: agent_uuid: None
2017-07-24 17:23:28,550 () volttron.platform.vip.agent.core DEBUG: serverkey: None
2017-07-24 17:23:28,554 () volttron.platform.agent.utils DEBUG: missing file /home/volttron/.volttron69/keystores/pubsub.compat/keystore.json
2017-07-24 17:23:28,554 () volttron.platform.agent.utils INFO: creating file /home/volttron/.volttron69/keystores/pubsub.compat/keystore.json
2017-07-24 17:23:28,558 () volttron.platform.vip.agent.core DEBUG: address: inproc://vip
2017-07-24 17:23:28,559 () volttron.platform.vip.agent.core DEBUG: identity: pubsub.compat
2017-07-24 17:23:28,559 () volttron.platform.vip.agent.core DEBUG: agent_uuid: None
2017-07-24 17:23:28,559 () volttron.platform.vip.agent.core DEBUG: serverkey: None
2017-07-24 17:23:28,560 () volttron.platform.agent.utils DEBUG: missing file /home/volttron/.volttron69/keystores/master.web/keystore.json
2017-07-24 17:23:28,560 () volttron.platform.agent.utils INFO: creating file /home/volttron/.volttron69/keystores/master.web/keystore.json
2017-07-24 17:23:28,563 () volttron.platform.vip.agent.core DEBUG: address: inproc://vip
2017-07-24 17:23:28,563 () volttron.platform.vip.agent.core DEBUG: identity: master.web
2017-07-24 17:23:28,563 () volttron.platform.vip.agent.core DEBUG: agent_uuid: None
2017-07-24 17:23:28,563 () volttron.platform.vip.agent.core DEBUG: serverkey: None
2017-07-24 17:23:28,570 () volttron.platform.agent.utils DEBUG: missing file /home/volttron/.volttron69/keystores/keydiscovery/keystore.json
2017-07-24 17:23:28,570 () volttron.platform.agent.utils INFO: creating file /home/volttron/.volttron69/keystores/keydiscovery/keystore.json
2017-07-24 17:23:28,573 () volttron.platform.vip.agent.core DEBUG: address: inproc://vip
2017-07-24 17:23:28,573 () volttron.platform.vip.agent.core DEBUG: identity: keydiscovery
2017-07-24 17:23:28,573 () volttron.platform.vip.agent.core DEBUG: agent_uuid: None
2017-07-24 17:23:28,573 () volttron.platform.vip.agent.core DEBUG: serverkey: None
2017-07-24 17:23:28,583 () volttron.platform.vip.pubsubservice DEBUG: PUBSUBSERVICE peer add control
2017-07-24 17:23:28,584 () volttron.platform.vip.pubsubservice DEBUG: PUBSUBSERVICE peer add keydiscovery
2017-07-24 17:23:28,586 () volttron.platform.vip.agent.core INFO: Connected to platform: router: 27757f20-e0ce-4e77-9eeb-1ecfa8cce3f8 version: 1.0 identity: control
2017-07-24 17:23:28,586 () volttron.platform.vip.agent.core DEBUG: Running onstart methods.
2017-07-24 17:23:28,587 () volttron.platform.vip.pubsubservice DEBUG: PUBSUBSERVICE peer add pubsub.compat
2017-07-24 17:23:28,590 () volttron.platform.vip.pubsubservice DEBUG: PUBSUBSERVICE peer add master.web
2017-07-24 17:23:28,597 () volttron.platform.vip.agent.core INFO: Connected to platform: router: 27757f20-e0ce-4e77-9eeb-1ecfa8cce3f8 version: 1.0 identity: master.web
2017-07-24 17:23:28,598 () volttron.platform.vip.agent.core DEBUG: Running onstart methods.
2017-07-24 17:23:28,600 () volttron.platform.vip.agent.core INFO: Connected to platform: router: 27757f20-e0ce-4e77-9eeb-1ecfa8cce3f8 version: 1.0 identity: pubsub.compat
2017-07-24 17:23:28,600 () volttron.platform.vip.agent.core DEBUG: Running onstart methods.
2017-07-24 17:23:28,602 () volttron.platform.vip.agent.core INFO: Connected to platform: router: 27757f20-e0ce-4e77-9eeb-1ecfa8cce3f8 version: 1.0 identity: keydiscovery
2017-07-24 17:23:28,603 () volttron.platform.vip.agent.core DEBUG: Running onstart methods.
2017-07-24 17:23:28,605 () volttron.platform.web INFO: Starting web server binding to 127.0.0.69:8080.
2017-07-24 17:23:28,606 () volttron.platform.vip.keydiscovery ERROR: Error opening file /home/volttron/.volttron69/external_address.json
2017-07-24 17:23:28,621 () volttron.platform.vip.agent.subsystems.configstore DEBUG: Processing callbacks for affected files: {}
2017-07-24 17:23:46,512 () volttron.platform.auth INFO: loading auth file /home/volttron/.volttron69/auth.json
2017-07-24 17:23:46,513 () volttron.platform.auth INFO: auth file /home/volttron/.volttron69/auth.json loaded
2017-07-24 17:23:46,514 () volttron.platform.auth DEBUG: AUTH new capabilities update: {'platform': [], '246d9c08-910e-4d7e-9ebe-79502ef4db53': []}
2017-07-24 17:42:26,501 () volttron.platform.auth INFO: loading auth file /home/volttron/.volttron69/auth.json
2017-07-24 17:42:27,122 () volttron.platform.auth INFO: auth file /home/volttron/.volttron69/auth.json loaded
2017-07-24 17:42:27,603 () volttron.platform.auth DEBUG: AUTH new capabilities update: {'platform': [], '246d9c08-910e-4d7e-9ebe-79502ef4db53': []}
2017-07-24 17:42:34,006 () volttron.platform.web DEBUG: PATH IS: /discovery/
2017-07-24 17:42:34,006 () volttron.platform.web DEBUG: Peer we path_info is associated with: None
2017-07-24 17:42:34,007 () volttron.platform.web DEBUG: MATCHED:
pattern: ^/discovery/$, path_info: /discovery/
 v: <bound method MasterWebService._get_discovery of <volttron.platform.web.MasterWebService object at 0x7efde45fe1d0>>
2017-07-24 17:42:34,007 () volttron.platform.web DEBUG: registered route t is: callable
2017-07-24 17:42:34,089 () volttron.platform.auth INFO: authentication success: domain='vip', address='127.0.0.1', mechanism='CURVE', credentials=['TCMNFHwXpXpqFp-XwbNSJgCnYn30ra7oXZB8veV4WUk'], user_id='246d9c08-910e-4d7e-9ebe-79502ef4db53'
2017-07-24 17:42:34,096 () volttron.platform.vip.pubsubservice DEBUG: PUBSUBSERVICE peer add platform69-0.311949072409
2017-07-24 17:42:34,097 () volttron.platform.vip.routingservice DEBUG: HELLO Recieved hello, sending welcome to platform1
2017-07-24 17:42:34,104 () volttron.platform.vip.routingservice DEBUG: Sending welcome message to sender platform1
2017-07-24 17:42:34,105 () volttron.platform.vip.routingservice DEBUG: Key error for platform platform1
2017-07-24 17:42:34,105 () volttron.platform.vip.pubsubservice DEBUG: PUBSUBSERVICE external_list
2017-07-24 17:42:34,105 () volttron.platform.vip.pubsubservice DEBUG: PUBSUBSERVICE external_subscriptions from external platforms: platform69-0.311949072409
2017-07-24 17:42:34,105 () volttron.platform.vip.pubsubservice DEBUG: PUBSUBSERVICE New external list from platform1: List: defaultdict(<type 'set'>, {'platform1': []})
2017-07-24 17:43:11,493 () volttron.platform.auth INFO: authentication success: domain='vip', address='localhost:1000:1000:960', mechanism='CURVE', credentials=['wq1BnWy8se7sNoU-HwMsYMPfz5hkrZ_76XNDwac2fT0'], user_id='platform'
2017-07-24 17:43:11,494 () volttron.platform.vip.pubsubservice DEBUG: PUBSUBSERVICE peer add control.connection
