2017-07-24 17:23:59,537 () volttron.platform.main DEBUG: open file resource limit increased from 1024 to 4096
2017-07-24 17:23:59,537 () volttron.platform.agent.utils DEBUG: missing file /home/volttron/.volttron70/keystore
2017-07-24 17:23:59,537 () volttron.platform.agent.utils INFO: creating file /home/volttron/.volttron70/keystore
2017-07-24 17:23:59,539 () volttron.platform.main DEBUG: using key-store file /home/volttron/.volttron70/keystore
2017-07-24 17:23:59,539 () volttron.platform.main INFO: public key: FN6KFBddS_YlmZ3wM18B_D5LGX6ja1DAN3eOoU4PThg
2017-07-24 17:23:59,539 () volttron.platform.agent.utils DEBUG: missing file /home/volttron/.volttron70/auth.json
2017-07-24 17:23:59,539 () volttron.platform.agent.utils INFO: creating file /home/volttron/.volttron70/auth.json
2017-07-24 17:23:59,540 () volttron.platform.auth INFO: Created backup of /home/volttron/.volttron70/auth.json at /home/volttron/.volttron70/auth.json.7058a407-bab5-4f03-b569-e9aa717d4e20.bak
2017-07-24 17:23:59,541 () volttron.platform.agent.utils DEBUG: missing file /home/volttron/.volttron70/known_hosts
2017-07-24 17:23:59,541 () volttron.platform.agent.utils INFO: creating file /home/volttron/.volttron70/known_hosts
2017-07-24 17:23:59,541 () volttron.platform.main DEBUG: protected topics file /home/volttron/.volttron70/protected_topics.json
2017-07-24 17:23:59,541 () volttron.platform.main DEBUG: external_address_file file /home/volttron/.volttron70/external_address.json
2017-07-24 17:23:59,542 () volttron.platform.agent.utils DEBUG: missing file /home/volttron/.volttron70/keystores/config.store/keystore.json
2017-07-24 17:23:59,542 () volttron.platform.agent.utils INFO: creating file /home/volttron/.volttron70/keystores/config.store/keystore.json
2017-07-24 17:23:59,543 () volttron.platform.vip.agent.core DEBUG: address: inproc://vip
2017-07-24 17:23:59,543 () volttron.platform.vip.agent.core DEBUG: identity: config.store
2017-07-24 17:23:59,543 () volttron.platform.vip.agent.core DEBUG: agent_uuid: None
2017-07-24 17:23:59,543 () volttron.platform.vip.agent.core DEBUG: serverkey: None
2017-07-24 17:23:59,545 () volttron.platform.store INFO: Initializing configuration store service.
2017-07-24 17:23:59,546 () volttron.platform.agent.utils DEBUG: missing file /home/volttron/.volttron70/keystores/platform.auth/keystore.json
2017-07-24 17:23:59,547 () volttron.platform.agent.utils INFO: creating file /home/volttron/.volttron70/keystores/platform.auth/keystore.json
2017-07-24 17:23:59,549 () volttron.platform.vip.agent.core DEBUG: address: inproc://vip
2017-07-24 17:23:59,549 () volttron.platform.vip.agent.core DEBUG: identity: platform.auth
2017-07-24 17:23:59,549 () volttron.platform.vip.agent.core DEBUG: agent_uuid: None
2017-07-24 17:23:59,549 () volttron.platform.vip.agent.core DEBUG: serverkey: None
2017-07-24 17:23:59,550 () volttron.platform.auth INFO: loading auth file /home/volttron/.volttron70/auth.json
2017-07-24 17:23:59,551 () volttron.platform.auth INFO: auth file /home/volttron/.volttron70/auth.json loaded
2017-07-24 17:23:59,551 () volttron.platform.agent.utils DEBUG: missing file /home/volttron/.volttron70/protected_topics.json
2017-07-24 17:23:59,551 () volttron.platform.agent.utils INFO: creating file /home/volttron/.volttron70/protected_topics.json
2017-07-24 17:23:59,553 () volttron.platform.main DEBUG: MAIN: protected topics content {}
2017-07-24 17:23:59,554 () volttron.platform.main DEBUG: In-process VIP router bound to inproc://vip
2017-07-24 17:23:59,554 () volttron.platform.main DEBUG: Local VIP router bound to ipc://@/home/volttron/.volttron70/run/vip.socket?secretkey=XXXXX&domain=vip&server=CURVE#ba8176d4-3c9f-4624-9ac8-c3ab3dd4a336
2017-07-24 17:23:59,554 () volttron.platform.main DEBUG: Additional VIP router bound to tcp://127.0.0.70:22916?secretkey=XXXXX&domain=vip&server=CURVE#ba8176d4-3c9f-4624-9ac8-c3ab3dd4a336
2017-07-24 17:23:59,555 () volttron.platform.vip.pubsubservice INFO: protected-topics loaded
2017-07-24 17:23:59,555 () volttron.platform.vip.externalrpcservice DEBUG: ExternalRPCService
2017-07-24 17:23:59,555 () volttron.platform.main DEBUG: ZMQ version: 4.1.5
2017-07-24 17:23:59,555 () volttron.platform.vip.pubsubservice DEBUG: PUBSUBSERVICE peer add config.store
2017-07-24 17:23:59,556 () volttron.platform.vip.pubsubservice DEBUG: PUBSUBSERVICE peer add platform.auth
2017-07-24 17:23:59,557 () volttron.platform.vip.agent.core INFO: Connected to platform: router: ba8176d4-3c9f-4624-9ac8-c3ab3dd4a336 version: 1.0 identity: config.store
2017-07-24 17:23:59,557 () volttron.platform.vip.agent.core DEBUG: Running onstart methods.
2017-07-24 17:23:59,560 () volttron.platform.vip.agent.core INFO: Connected to platform: router: ba8176d4-3c9f-4624-9ac8-c3ab3dd4a336 version: 1.0 identity: platform.auth
2017-07-24 17:23:59,561 () volttron.platform.vip.agent.core DEBUG: Running onstart methods.
2017-07-24 17:23:59,567 () volttron.platform.vip.agent.subsystems.configstore DEBUG: Processing callbacks for affected files: {}
2017-07-24 17:23:59,686 () volttron.platform.main DEBUG: protected topics file /home/volttron/.volttron70/protected_topics.json
2017-07-24 17:23:59,687 () volttron.platform.main DEBUG: external_address_file file /home/volttron/.volttron70/external_address.json
2017-07-24 17:23:59,699 () volttron.platform.agent.utils DEBUG: missing file /home/volttron/.volttron70/keystores/control/keystore.json
2017-07-24 17:23:59,699 () volttron.platform.agent.utils INFO: creating file /home/volttron/.volttron70/keystores/control/keystore.json
2017-07-24 17:23:59,703 () volttron.platform.vip.agent.core DEBUG: address: inproc://vip
2017-07-24 17:23:59,703 () volttron.platform.vip.agent.core DEBUG: identity: control
2017-07-24 17:23:59,703 () volttron.platform.vip.agent.core DEBUG: agent_uuid: None
2017-07-24 17:23:59,703 () volttron.platform.vip.agent.core DEBUG: serverkey: None
2017-07-24 17:23:59,705 () volttron.platform.agent.utils DEBUG: missing file /home/volttron/.volttron70/keystores/pubsub.compat/keystore.json
2017-07-24 17:23:59,705 () volttron.platform.agent.utils INFO: creating file /home/volttron/.volttron70/keystores/pubsub.compat/keystore.json
2017-07-24 17:23:59,707 () volttron.platform.vip.agent.core DEBUG: address: inproc://vip
2017-07-24 17:23:59,708 () volttron.platform.vip.agent.core DEBUG: identity: pubsub.compat
2017-07-24 17:23:59,708 () volttron.platform.vip.agent.core DEBUG: agent_uuid: None
2017-07-24 17:23:59,708 () volttron.platform.vip.agent.core DEBUG: serverkey: None
2017-07-24 17:23:59,709 () volttron.platform.agent.utils DEBUG: missing file /home/volttron/.volttron70/keystores/master.web/keystore.json
2017-07-24 17:23:59,709 () volttron.platform.agent.utils INFO: creating file /home/volttron/.volttron70/keystores/master.web/keystore.json
2017-07-24 17:23:59,711 () volttron.platform.vip.agent.core DEBUG: address: inproc://vip
2017-07-24 17:23:59,711 () volttron.platform.vip.agent.core DEBUG: identity: master.web
2017-07-24 17:23:59,711 () volttron.platform.vip.agent.core DEBUG: agent_uuid: None
2017-07-24 17:23:59,711 () volttron.platform.vip.agent.core DEBUG: serverkey: None
2017-07-24 17:23:59,717 () volttron.platform.agent.utils DEBUG: missing file /home/volttron/.volttron70/keystores/keydiscovery/keystore.json
2017-07-24 17:23:59,717 () volttron.platform.agent.utils INFO: creating file /home/volttron/.volttron70/keystores/keydiscovery/keystore.json
2017-07-24 17:23:59,719 () volttron.platform.vip.agent.core DEBUG: address: inproc://vip
2017-07-24 17:23:59,720 () volttron.platform.vip.agent.core DEBUG: identity: keydiscovery
2017-07-24 17:23:59,720 () volttron.platform.vip.agent.core DEBUG: agent_uuid: None
2017-07-24 17:23:59,720 () volttron.platform.vip.agent.core DEBUG: serverkey: None
2017-07-24 17:23:59,727 () volttron.platform.vip.pubsubservice DEBUG: PUBSUBSERVICE peer add control
2017-07-24 17:23:59,730 () volttron.platform.vip.pubsubservice DEBUG: PUBSUBSERVICE peer add pubsub.compat
2017-07-24 17:23:59,732 () volttron.platform.vip.agent.core INFO: Connected to platform: router: ba8176d4-3c9f-4624-9ac8-c3ab3dd4a336 version: 1.0 identity: pubsub.compat
2017-07-24 17:23:59,732 () volttron.platform.vip.agent.core DEBUG: Running onstart methods.
2017-07-24 17:23:59,734 () volttron.platform.vip.pubsubservice DEBUG: PUBSUBSERVICE peer add master.web
2017-07-24 17:23:59,736 () volttron.platform.vip.pubsubservice DEBUG: PUBSUBSERVICE peer add keydiscovery
2017-07-24 17:23:59,739 () volttron.platform.vip.agent.core INFO: Connected to platform: router: ba8176d4-3c9f-4624-9ac8-c3ab3dd4a336 version: 1.0 identity: keydiscovery
2017-07-24 17:23:59,740 () volttron.platform.vip.agent.core DEBUG: Running onstart methods.
2017-07-24 17:23:59,742 () volttron.platform.vip.agent.core INFO: Connected to platform: router: ba8176d4-3c9f-4624-9ac8-c3ab3dd4a336 version: 1.0 identity: master.web
2017-07-24 17:23:59,742 () volttron.platform.vip.agent.core DEBUG: Running onstart methods.
2017-07-24 17:23:59,747 () volttron.platform.vip.agent.core INFO: Connected to platform: router: ba8176d4-3c9f-4624-9ac8-c3ab3dd4a336 version: 1.0 identity: control
2017-07-24 17:23:59,747 () volttron.platform.vip.agent.core DEBUG: Running onstart methods.
2017-07-24 17:23:59,753 () volttron.platform.vip.keydiscovery ERROR: Error opening file /home/volttron/.volttron70/external_address.json
2017-07-24 17:23:59,754 () volttron.platform.web INFO: Starting web server binding to 127.0.0.70:8080.
2017-07-24 17:23:59,770 () volttron.platform.vip.agent.subsystems.configstore DEBUG: Processing callbacks for affected files: {}
2017-07-24 17:24:08,435 () volttron.platform.auth INFO: loading auth file /home/volttron/.volttron70/auth.json
2017-07-24 17:24:08,436 () volttron.platform.auth INFO: auth file /home/volttron/.volttron70/auth.json loaded
2017-07-24 17:24:08,438 () volttron.platform.auth DEBUG: AUTH new capabilities update: {'platform': [], '60d518c8-0d46-4e33-b708-f1c49c4b8b02': []}
2017-07-24 17:42:27,027 () volttron.platform.auth INFO: loading auth file /home/volttron/.volttron70/auth.json
2017-07-24 17:42:27,390 () volttron.platform.auth INFO: auth file /home/volttron/.volttron70/auth.json loaded
2017-07-24 17:42:27,601 () volttron.platform.auth DEBUG: AUTH new capabilities update: {'platform': [], '60d518c8-0d46-4e33-b708-f1c49c4b8b02': []}
2017-07-24 17:42:27,758 () volttron.platform.auth INFO: loading auth file /home/volttron/.volttron70/auth.json
2017-07-24 17:42:27,785 () volttron.platform.auth INFO: auth file /home/volttron/.volttron70/auth.json loaded
2017-07-24 17:42:27,926 () volttron.platform.auth DEBUG: AUTH new capabilities update: {'platform': [], '60d518c8-0d46-4e33-b708-f1c49c4b8b02': []}
2017-07-24 17:42:33,793 () volttron.platform.web DEBUG: PATH IS: /discovery/
2017-07-24 17:42:33,793 () volttron.platform.web DEBUG: Peer we path_info is associated with: None
2017-07-24 17:42:33,794 () volttron.platform.web DEBUG: MATCHED:
pattern: ^/discovery/$, path_info: /discovery/
 v: <bound method MasterWebService._get_discovery of <volttron.platform.web.MasterWebService object at 0x7f11800591d0>>
2017-07-24 17:42:33,794 () volttron.platform.web DEBUG: registered route t is: callable
2017-07-24 17:42:33,872 () volttron.platform.auth INFO: authentication success: domain='vip', address='127.0.0.1', mechanism='CURVE', credentials=['TCMNFHwXpXpqFp-XwbNSJgCnYn30ra7oXZB8veV4WUk'], user_id='60d518c8-0d46-4e33-b708-f1c49c4b8b02'
2017-07-24 17:42:33,881 () volttron.platform.vip.pubsubservice DEBUG: PUBSUBSERVICE peer add platform70-0.864012273838
2017-07-24 17:42:33,885 () volttron.platform.vip.routingservice DEBUG: HELLO Recieved hello, sending welcome to platform1
2017-07-24 17:42:33,885 () volttron.platform.vip.routingservice DEBUG: Sending welcome message to sender platform1
2017-07-24 17:42:33,885 () volttron.platform.vip.routingservice DEBUG: Key error for platform platform1
2017-07-24 17:42:33,886 () volttron.platform.vip.pubsubservice DEBUG: PUBSUBSERVICE external_list
2017-07-24 17:42:33,886 () volttron.platform.vip.pubsubservice DEBUG: PUBSUBSERVICE external_subscriptions from external platforms: platform70-0.864012273838
2017-07-24 17:42:33,888 () volttron.platform.vip.pubsubservice DEBUG: PUBSUBSERVICE New external list from platform1: List: defaultdict(<type 'set'>, {'platform1': []})
2017-07-24 17:43:12,184 () volttron.platform.auth INFO: authentication success: domain='vip', address='localhost:1000:1000:975', mechanism='CURVE', credentials=['FN6KFBddS_YlmZ3wM18B_D5LGX6ja1DAN3eOoU4PThg'], user_id='platform'
2017-07-24 17:43:12,186 () volttron.platform.vip.pubsubservice DEBUG: PUBSUBSERVICE peer add control.connection
