2017-07-24 17:24:16,409 () volttron.platform.main DEBUG: open file resource limit increased from 1024 to 4096
2017-07-24 17:24:16,409 () volttron.platform.agent.utils DEBUG: missing file /home/volttron/.volttron71/keystore
2017-07-24 17:24:16,409 () volttron.platform.agent.utils INFO: creating file /home/volttron/.volttron71/keystore
2017-07-24 17:24:16,411 () volttron.platform.main DEBUG: using key-store file /home/volttron/.volttron71/keystore
2017-07-24 17:24:16,411 () volttron.platform.main INFO: public key: n4x1NGCRy6sJ3NO-SUvJ12yodRKZPyinNuhSqc2ZTk0
2017-07-24 17:24:16,411 () volttron.platform.agent.utils DEBUG: missing file /home/volttron/.volttron71/auth.json
2017-07-24 17:24:16,411 () volttron.platform.agent.utils INFO: creating file /home/volttron/.volttron71/auth.json
2017-07-24 17:24:16,412 () volttron.platform.auth INFO: Created backup of /home/volttron/.volttron71/auth.json at /home/volttron/.volttron71/auth.json.44704f63-5942-4cbd-ae43-566b19fb7757.bak
2017-07-24 17:24:16,413 () volttron.platform.agent.utils DEBUG: missing file /home/volttron/.volttron71/known_hosts
2017-07-24 17:24:16,413 () volttron.platform.agent.utils INFO: creating file /home/volttron/.volttron71/known_hosts
2017-07-24 17:24:16,413 () volttron.platform.main DEBUG: protected topics file /home/volttron/.volttron71/protected_topics.json
2017-07-24 17:24:16,413 () volttron.platform.main DEBUG: external_address_file file /home/volttron/.volttron71/external_address.json
2017-07-24 17:24:16,414 () volttron.platform.agent.utils DEBUG: missing file /home/volttron/.volttron71/keystores/config.store/keystore.json
2017-07-24 17:24:16,414 () volttron.platform.agent.utils INFO: creating file /home/volttron/.volttron71/keystores/config.store/keystore.json
2017-07-24 17:24:16,415 () volttron.platform.vip.agent.core DEBUG: address: inproc://vip
2017-07-24 17:24:16,415 () volttron.platform.vip.agent.core DEBUG: identity: config.store
2017-07-24 17:24:16,415 () volttron.platform.vip.agent.core DEBUG: agent_uuid: None
2017-07-24 17:24:16,415 () volttron.platform.vip.agent.core DEBUG: serverkey: None
2017-07-24 17:24:16,417 () volttron.platform.store INFO: Initializing configuration store service.
2017-07-24 17:24:16,419 () volttron.platform.agent.utils DEBUG: missing file /home/volttron/.volttron71/keystores/platform.auth/keystore.json
2017-07-24 17:24:16,419 () volttron.platform.agent.utils INFO: creating file /home/volttron/.volttron71/keystores/platform.auth/keystore.json
2017-07-24 17:24:16,420 () volttron.platform.vip.agent.core DEBUG: address: inproc://vip
2017-07-24 17:24:16,420 () volttron.platform.vip.agent.core DEBUG: identity: platform.auth
2017-07-24 17:24:16,421 () volttron.platform.vip.agent.core DEBUG: agent_uuid: None
2017-07-24 17:24:16,421 () volttron.platform.vip.agent.core DEBUG: serverkey: None
2017-07-24 17:24:16,422 () volttron.platform.auth INFO: loading auth file /home/volttron/.volttron71/auth.json
2017-07-24 17:24:16,423 () volttron.platform.auth INFO: auth file /home/volttron/.volttron71/auth.json loaded
2017-07-24 17:24:16,423 () volttron.platform.agent.utils DEBUG: missing file /home/volttron/.volttron71/protected_topics.json
2017-07-24 17:24:16,423 () volttron.platform.agent.utils INFO: creating file /home/volttron/.volttron71/protected_topics.json
2017-07-24 17:24:16,424 () volttron.platform.main DEBUG: MAIN: protected topics content {}
2017-07-24 17:24:16,425 () volttron.platform.main DEBUG: In-process VIP router bound to inproc://vip
2017-07-24 17:24:16,425 () volttron.platform.main DEBUG: Local VIP router bound to ipc://@/home/volttron/.volttron71/run/vip.socket?secretkey=XXXXX&domain=vip&server=CURVE#97961604-d622-4b2c-80de-9113ff5e45f7
2017-07-24 17:24:16,426 () volttron.platform.main DEBUG: Additional VIP router bound to tcp://127.0.0.71:22916?secretkey=XXXXX&domain=vip&server=CURVE#97961604-d622-4b2c-80de-9113ff5e45f7
2017-07-24 17:24:16,426 () volttron.platform.vip.pubsubservice INFO: protected-topics loaded
2017-07-24 17:24:16,426 () volttron.platform.vip.externalrpcservice DEBUG: ExternalRPCService
2017-07-24 17:24:16,426 () volttron.platform.main DEBUG: ZMQ version: 4.1.5
2017-07-24 17:24:16,427 () volttron.platform.vip.pubsubservice DEBUG: PUBSUBSERVICE peer add config.store
2017-07-24 17:24:16,427 () volttron.platform.vip.pubsubservice DEBUG: PUBSUBSERVICE peer add platform.auth
2017-07-24 17:24:16,428 () volttron.platform.vip.agent.core INFO: Connected to platform: router: 97961604-d622-4b2c-80de-9113ff5e45f7 version: 1.0 identity: config.store
2017-07-24 17:24:16,428 () volttron.platform.vip.agent.core DEBUG: Running onstart methods.
2017-07-24 17:24:16,431 () volttron.platform.vip.agent.core INFO: Connected to platform: router: 97961604-d622-4b2c-80de-9113ff5e45f7 version: 1.0 identity: platform.auth
2017-07-24 17:24:16,432 () volttron.platform.vip.agent.core DEBUG: Running onstart methods.
2017-07-24 17:24:16,436 () volttron.platform.vip.agent.subsystems.configstore DEBUG: Processing callbacks for affected files: {}
2017-07-24 17:24:16,567 () volttron.platform.main DEBUG: protected topics file /home/volttron/.volttron71/protected_topics.json
2017-07-24 17:24:16,568 () volttron.platform.main DEBUG: external_address_file file /home/volttron/.volttron71/external_address.json
2017-07-24 17:24:16,569 () volttron.platform.agent.utils DEBUG: missing file /home/volttron/.volttron71/keystores/control/keystore.json
2017-07-24 17:24:16,569 () volttron.platform.agent.utils INFO: creating file /home/volttron/.volttron71/keystores/control/keystore.json
2017-07-24 17:24:16,572 () volttron.platform.vip.agent.core DEBUG: address: inproc://vip
2017-07-24 17:24:16,572 () volttron.platform.vip.agent.core DEBUG: identity: control
2017-07-24 17:24:16,572 () volttron.platform.vip.agent.core DEBUG: agent_uuid: None
2017-07-24 17:24:16,572 () volttron.platform.vip.agent.core DEBUG: serverkey: None
2017-07-24 17:24:16,575 () volttron.platform.agent.utils DEBUG: missing file /home/volttron/.volttron71/keystores/pubsub.compat/keystore.json
2017-07-24 17:24:16,575 () volttron.platform.agent.utils INFO: creating file /home/volttron/.volttron71/keystores/pubsub.compat/keystore.json
2017-07-24 17:24:16,578 () volttron.platform.vip.agent.core DEBUG: address: inproc://vip
2017-07-24 17:24:16,578 () volttron.platform.vip.agent.core DEBUG: identity: pubsub.compat
2017-07-24 17:24:16,578 () volttron.platform.vip.agent.core DEBUG: agent_uuid: None
2017-07-24 17:24:16,578 () volttron.platform.vip.agent.core DEBUG: serverkey: None
2017-07-24 17:24:16,579 () volttron.platform.agent.utils DEBUG: missing file /home/volttron/.volttron71/keystores/master.web/keystore.json
2017-07-24 17:24:16,579 () volttron.platform.agent.utils INFO: creating file /home/volttron/.volttron71/keystores/master.web/keystore.json
2017-07-24 17:24:16,582 () volttron.platform.vip.agent.core DEBUG: address: inproc://vip
2017-07-24 17:24:16,582 () volttron.platform.vip.agent.core DEBUG: identity: master.web
2017-07-24 17:24:16,583 () volttron.platform.vip.agent.core DEBUG: agent_uuid: None
2017-07-24 17:24:16,583 () volttron.platform.vip.agent.core DEBUG: serverkey: None
2017-07-24 17:24:16,589 () volttron.platform.agent.utils DEBUG: missing file /home/volttron/.volttron71/keystores/keydiscovery/keystore.json
2017-07-24 17:24:16,589 () volttron.platform.agent.utils INFO: creating file /home/volttron/.volttron71/keystores/keydiscovery/keystore.json
2017-07-24 17:24:16,592 () volttron.platform.vip.agent.core DEBUG: address: inproc://vip
2017-07-24 17:24:16,592 () volttron.platform.vip.agent.core DEBUG: identity: keydiscovery
2017-07-24 17:24:16,592 () volttron.platform.vip.agent.core DEBUG: agent_uuid: None
2017-07-24 17:24:16,592 () volttron.platform.vip.agent.core DEBUG: serverkey: None
2017-07-24 17:24:16,600 () volttron.platform.vip.pubsubservice DEBUG: PUBSUBSERVICE peer add control
2017-07-24 17:24:16,602 () volttron.platform.vip.pubsubservice DEBUG: PUBSUBSERVICE peer add pubsub.compat
2017-07-24 17:24:16,604 () volttron.platform.vip.pubsubservice DEBUG: PUBSUBSERVICE peer add master.web
2017-07-24 17:24:16,606 () volttron.platform.vip.agent.core INFO: Connected to platform: router: 97961604-d622-4b2c-80de-9113ff5e45f7 version: 1.0 identity: master.web
2017-07-24 17:24:16,607 () volttron.platform.vip.agent.core DEBUG: Running onstart methods.
2017-07-24 17:24:16,609 () volttron.platform.vip.pubsubservice DEBUG: PUBSUBSERVICE peer add keydiscovery
2017-07-24 17:24:16,609 () volttron.platform.web INFO: Starting web server binding to 127.0.0.71:8080.
2017-07-24 17:24:16,621 () volttron.platform.vip.agent.core INFO: Connected to platform: router: 97961604-d622-4b2c-80de-9113ff5e45f7 version: 1.0 identity: keydiscovery
2017-07-24 17:24:16,622 () volttron.platform.vip.agent.core DEBUG: Running onstart methods.
2017-07-24 17:24:16,624 () volttron.platform.vip.agent.core INFO: Connected to platform: router: 97961604-d622-4b2c-80de-9113ff5e45f7 version: 1.0 identity: pubsub.compat
2017-07-24 17:24:16,624 () volttron.platform.vip.agent.core DEBUG: Running onstart methods.
2017-07-24 17:24:16,627 () volttron.platform.vip.agent.core INFO: Connected to platform: router: 97961604-d622-4b2c-80de-9113ff5e45f7 version: 1.0 identity: control
2017-07-24 17:24:16,627 () volttron.platform.vip.agent.core DEBUG: Running onstart methods.
2017-07-24 17:24:16,633 () volttron.platform.vip.keydiscovery ERROR: Error opening file /home/volttron/.volttron71/external_address.json
2017-07-24 17:24:16,645 () volttron.platform.vip.agent.subsystems.configstore DEBUG: Processing callbacks for affected files: {}
2017-07-24 17:24:25,529 () volttron.platform.auth INFO: loading auth file /home/volttron/.volttron71/auth.json
2017-07-24 17:24:25,529 () volttron.platform.auth INFO: auth file /home/volttron/.volttron71/auth.json loaded
2017-07-24 17:24:25,531 () volttron.platform.auth DEBUG: AUTH new capabilities update: {}
2017-07-24 17:24:25,538 () volttron.platform.auth INFO: loading auth file /home/volttron/.volttron71/auth.json
2017-07-24 17:24:25,539 () volttron.platform.auth INFO: auth file /home/volttron/.volttron71/auth.json loaded
2017-07-24 17:24:25,542 () volttron.platform.auth DEBUG: AUTH new capabilities update: {'6347dc70-0255-484f-832b-ddbec9c66ea3': [], 'platform': []}
2017-07-24 17:42:26,373 () volttron.platform.auth INFO: loading auth file /home/volttron/.volttron71/auth.json
2017-07-24 17:42:26,626 () volttron.platform.auth INFO: auth file /home/volttron/.volttron71/auth.json loaded
2017-07-24 17:42:26,720 () volttron.platform.auth DEBUG: AUTH new capabilities update: {'6347dc70-0255-484f-832b-ddbec9c66ea3': [], 'platform': []}
2017-07-24 17:42:33,908 () volttron.platform.web DEBUG: PATH IS: /discovery/
2017-07-24 17:42:33,909 () volttron.platform.web DEBUG: Peer we path_info is associated with: None
2017-07-24 17:42:33,909 () volttron.platform.web DEBUG: MATCHED:
pattern: ^/discovery/$, path_info: /discovery/
 v: <bound method MasterWebService._get_discovery of <volttron.platform.web.MasterWebService object at 0x7f95719511d0>>
2017-07-24 17:42:33,910 () volttron.platform.web DEBUG: registered route t is: callable
2017-07-24 17:42:33,988 () volttron.platform.auth INFO: authentication success: domain='vip', address='127.0.0.1', mechanism='CURVE', credentials=['TCMNFHwXpXpqFp-XwbNSJgCnYn30ra7oXZB8veV4WUk'], user_id='6347dc70-0255-484f-832b-ddbec9c66ea3'
2017-07-24 17:42:34,007 () volttron.platform.vip.pubsubservice DEBUG: PUBSUBSERVICE peer add platform71-0.0714206956283
2017-07-24 17:42:34,009 () volttron.platform.vip.routingservice DEBUG: HELLO Recieved hello, sending welcome to platform1
2017-07-24 17:42:34,009 () volttron.platform.vip.routingservice DEBUG: Sending welcome message to sender platform1
2017-07-24 17:42:34,009 () volttron.platform.vip.routingservice DEBUG: Key error for platform platform1
2017-07-24 17:42:34,010 () volttron.platform.vip.pubsubservice DEBUG: PUBSUBSERVICE external_list
2017-07-24 17:42:34,010 () volttron.platform.vip.pubsubservice DEBUG: PUBSUBSERVICE external_subscriptions from external platforms: platform71-0.0714206956283
2017-07-24 17:42:34,011 () volttron.platform.vip.pubsubservice DEBUG: PUBSUBSERVICE New external list from platform1: List: defaultdict(<type 'set'>, {'platform1': []})
2017-07-24 17:43:12,685 () volttron.platform.auth INFO: authentication success: domain='vip', address='localhost:1000:1000:993', mechanism='CURVE', credentials=['n4x1NGCRy6sJ3NO-SUvJ12yodRKZPyinNuhSqc2ZTk0'], user_id='platform'
2017-07-24 17:43:12,688 () volttron.platform.vip.pubsubservice DEBUG: PUBSUBSERVICE peer add control.connection
