2017-07-24 17:24:33,578 () volttron.platform.main DEBUG: open file resource limit increased from 1024 to 4096
2017-07-24 17:24:33,578 () volttron.platform.agent.utils DEBUG: missing file /home/volttron/.volttron72/keystore
2017-07-24 17:24:33,578 () volttron.platform.agent.utils INFO: creating file /home/volttron/.volttron72/keystore
2017-07-24 17:24:33,579 () volttron.platform.main DEBUG: using key-store file /home/volttron/.volttron72/keystore
2017-07-24 17:24:33,580 () volttron.platform.main INFO: public key: J1cGY0pNp5Ib7eh9nOWjCwm0d2Cy7SHFoC5uH6h8Nxs
2017-07-24 17:24:33,580 () volttron.platform.agent.utils DEBUG: missing file /home/volttron/.volttron72/auth.json
2017-07-24 17:24:33,580 () volttron.platform.agent.utils INFO: creating file /home/volttron/.volttron72/auth.json
2017-07-24 17:24:33,580 () volttron.platform.auth INFO: Created backup of /home/volttron/.volttron72/auth.json at /home/volttron/.volttron72/auth.json.2b2dc340-57b5-41c2-ad35-3a28a6fbc82d.bak
2017-07-24 17:24:33,581 () volttron.platform.agent.utils DEBUG: missing file /home/volttron/.volttron72/known_hosts
2017-07-24 17:24:33,581 () volttron.platform.agent.utils INFO: creating file /home/volttron/.volttron72/known_hosts
2017-07-24 17:24:33,582 () volttron.platform.main DEBUG: protected topics file /home/volttron/.volttron72/protected_topics.json
2017-07-24 17:24:33,582 () volttron.platform.main DEBUG: external_address_file file /home/volttron/.volttron72/external_address.json
2017-07-24 17:24:33,582 () volttron.platform.agent.utils DEBUG: missing file /home/volttron/.volttron72/keystores/config.store/keystore.json
2017-07-24 17:24:33,582 () volttron.platform.agent.utils INFO: creating file /home/volttron/.volttron72/keystores/config.store/keystore.json
2017-07-24 17:24:33,584 () volttron.platform.vip.agent.core DEBUG: address: inproc://vip
2017-07-24 17:24:33,584 () volttron.platform.vip.agent.core DEBUG: identity: config.store
2017-07-24 17:24:33,584 () volttron.platform.vip.agent.core DEBUG: agent_uuid: None
2017-07-24 17:24:33,584 () volttron.platform.vip.agent.core DEBUG: serverkey: None
2017-07-24 17:24:33,586 () volttron.platform.store INFO: Initializing configuration store service.
2017-07-24 17:24:33,587 () volttron.platform.agent.utils DEBUG: missing file /home/volttron/.volttron72/keystores/platform.auth/keystore.json
2017-07-24 17:24:33,587 () volttron.platform.agent.utils INFO: creating file /home/volttron/.volttron72/keystores/platform.auth/keystore.json
2017-07-24 17:24:33,589 () volttron.platform.vip.agent.core DEBUG: address: inproc://vip
2017-07-24 17:24:33,589 () volttron.platform.vip.agent.core DEBUG: identity: platform.auth
2017-07-24 17:24:33,589 () volttron.platform.vip.agent.core DEBUG: agent_uuid: None
2017-07-24 17:24:33,589 () volttron.platform.vip.agent.core DEBUG: serverkey: None
2017-07-24 17:24:33,591 () volttron.platform.auth INFO: loading auth file /home/volttron/.volttron72/auth.json
2017-07-24 17:24:33,591 () volttron.platform.auth INFO: auth file /home/volttron/.volttron72/auth.json loaded
2017-07-24 17:24:33,591 () volttron.platform.agent.utils DEBUG: missing file /home/volttron/.volttron72/protected_topics.json
2017-07-24 17:24:33,591 () volttron.platform.agent.utils INFO: creating file /home/volttron/.volttron72/protected_topics.json
2017-07-24 17:24:33,593 () volttron.platform.main DEBUG: MAIN: protected topics content {}
2017-07-24 17:24:33,593 () volttron.platform.main DEBUG: In-process VIP router bound to inproc://vip
2017-07-24 17:24:33,594 () volttron.platform.main DEBUG: Local VIP router bound to ipc://@/home/volttron/.volttron72/run/vip.socket?secretkey=XXXXX&domain=vip&server=CURVE#b2c6bf6f-1cd4-46e9-8d4f-6ebced82e2f0
2017-07-24 17:24:33,594 () volttron.platform.main DEBUG: Additional VIP router bound to tcp://127.0.0.72:22916?secretkey=XXXXX&domain=vip&server=CURVE#b2c6bf6f-1cd4-46e9-8d4f-6ebced82e2f0
2017-07-24 17:24:33,594 () volttron.platform.vip.pubsubservice INFO: protected-topics loaded
2017-07-24 17:24:33,594 () volttron.platform.vip.externalrpcservice DEBUG: ExternalRPCService
2017-07-24 17:24:33,594 () volttron.platform.main DEBUG: ZMQ version: 4.1.5
2017-07-24 17:24:33,595 () volttron.platform.vip.pubsubservice DEBUG: PUBSUBSERVICE peer add config.store
2017-07-24 17:24:33,596 () volttron.platform.vip.pubsubservice DEBUG: PUBSUBSERVICE peer add platform.auth
2017-07-24 17:24:33,596 () volttron.platform.vip.agent.core INFO: Connected to platform: router: b2c6bf6f-1cd4-46e9-8d4f-6ebced82e2f0 version: 1.0 identity: config.store
2017-07-24 17:24:33,596 () volttron.platform.vip.agent.core DEBUG: Running onstart methods.
2017-07-24 17:24:33,599 () volttron.platform.vip.agent.core INFO: Connected to platform: router: b2c6bf6f-1cd4-46e9-8d4f-6ebced82e2f0 version: 1.0 identity: platform.auth
2017-07-24 17:24:33,599 () volttron.platform.vip.agent.core DEBUG: Running onstart methods.
2017-07-24 17:24:33,604 () volttron.platform.vip.agent.subsystems.configstore DEBUG: Processing callbacks for affected files: {}
2017-07-24 17:24:33,732 () volttron.platform.main DEBUG: protected topics file /home/volttron/.volttron72/protected_topics.json
2017-07-24 17:24:33,732 () volttron.platform.main DEBUG: external_address_file file /home/volttron/.volttron72/external_address.json
2017-07-24 17:24:33,733 () volttron.platform.agent.utils DEBUG: missing file /home/volttron/.volttron72/keystores/control/keystore.json
2017-07-24 17:24:33,733 () volttron.platform.agent.utils INFO: creating file /home/volttron/.volttron72/keystores/control/keystore.json
2017-07-24 17:24:33,737 () volttron.platform.vip.agent.core DEBUG: address: inproc://vip
2017-07-24 17:24:33,737 () volttron.platform.vip.agent.core DEBUG: identity: control
2017-07-24 17:24:33,737 () volttron.platform.vip.agent.core DEBUG: agent_uuid: None
2017-07-24 17:24:33,737 () volttron.platform.vip.agent.core DEBUG: serverkey: None
2017-07-24 17:24:33,740 () volttron.platform.agent.utils DEBUG: missing file /home/volttron/.volttron72/keystores/pubsub.compat/keystore.json
2017-07-24 17:24:33,740 () volttron.platform.agent.utils INFO: creating file /home/volttron/.volttron72/keystores/pubsub.compat/keystore.json
2017-07-24 17:24:33,743 () volttron.platform.vip.agent.core DEBUG: address: inproc://vip
2017-07-24 17:24:33,743 () volttron.platform.vip.agent.core DEBUG: identity: pubsub.compat
2017-07-24 17:24:33,743 () volttron.platform.vip.agent.core DEBUG: agent_uuid: None
2017-07-24 17:24:33,743 () volttron.platform.vip.agent.core DEBUG: serverkey: None
2017-07-24 17:24:33,744 () volttron.platform.agent.utils DEBUG: missing file /home/volttron/.volttron72/keystores/master.web/keystore.json
2017-07-24 17:24:33,745 () volttron.platform.agent.utils INFO: creating file /home/volttron/.volttron72/keystores/master.web/keystore.json
2017-07-24 17:24:33,747 () volttron.platform.vip.agent.core DEBUG: address: inproc://vip
2017-07-24 17:24:33,747 () volttron.platform.vip.agent.core DEBUG: identity: master.web
2017-07-24 17:24:33,748 () volttron.platform.vip.agent.core DEBUG: agent_uuid: None
2017-07-24 17:24:33,748 () volttron.platform.vip.agent.core DEBUG: serverkey: None
2017-07-24 17:24:33,760 () volttron.platform.agent.utils DEBUG: missing file /home/volttron/.volttron72/keystores/keydiscovery/keystore.json
2017-07-24 17:24:33,760 () volttron.platform.agent.utils INFO: creating file /home/volttron/.volttron72/keystores/keydiscovery/keystore.json
2017-07-24 17:24:33,762 () volttron.platform.vip.agent.core DEBUG: address: inproc://vip
2017-07-24 17:24:33,762 () volttron.platform.vip.agent.core DEBUG: identity: keydiscovery
2017-07-24 17:24:33,762 () volttron.platform.vip.agent.core DEBUG: agent_uuid: None
2017-07-24 17:24:33,762 () volttron.platform.vip.agent.core DEBUG: serverkey: None
2017-07-24 17:24:33,772 () volttron.platform.vip.pubsubservice DEBUG: PUBSUBSERVICE peer add control
2017-07-24 17:24:33,773 () volttron.platform.vip.pubsubservice DEBUG: PUBSUBSERVICE peer add master.web
2017-07-24 17:24:33,773 () volttron.platform.vip.pubsubservice DEBUG: PUBSUBSERVICE peer add pubsub.compat
2017-07-24 17:24:33,777 () volttron.platform.vip.pubsubservice DEBUG: PUBSUBSERVICE peer add keydiscovery
2017-07-24 17:24:33,781 () volttron.platform.vip.agent.core INFO: Connected to platform: router: b2c6bf6f-1cd4-46e9-8d4f-6ebced82e2f0 version: 1.0 identity: master.web
2017-07-24 17:24:33,781 () volttron.platform.vip.agent.core DEBUG: Running onstart methods.
2017-07-24 17:24:33,784 () volttron.platform.vip.agent.core INFO: Connected to platform: router: b2c6bf6f-1cd4-46e9-8d4f-6ebced82e2f0 version: 1.0 identity: pubsub.compat
2017-07-24 17:24:33,784 () volttron.platform.vip.agent.core DEBUG: Running onstart methods.
2017-07-24 17:24:33,787 () volttron.platform.vip.agent.core INFO: Connected to platform: router: b2c6bf6f-1cd4-46e9-8d4f-6ebced82e2f0 version: 1.0 identity: control
2017-07-24 17:24:33,788 () volttron.platform.vip.agent.core DEBUG: Running onstart methods.
2017-07-24 17:24:33,795 () volttron.platform.web INFO: Starting web server binding to 127.0.0.72:8080.
2017-07-24 17:24:33,811 () volttron.platform.vip.agent.core INFO: Connected to platform: router: b2c6bf6f-1cd4-46e9-8d4f-6ebced82e2f0 version: 1.0 identity: keydiscovery
2017-07-24 17:24:33,811 () volttron.platform.vip.agent.core DEBUG: Running onstart methods.
2017-07-24 17:24:33,812 () volttron.platform.vip.keydiscovery ERROR: Error opening file /home/volttron/.volttron72/external_address.json
2017-07-24 17:24:33,819 () volttron.platform.vip.agent.subsystems.configstore DEBUG: Processing callbacks for affected files: {}
2017-07-24 17:24:42,105 () volttron.platform.auth INFO: loading auth file /home/volttron/.volttron72/auth.json
2017-07-24 17:24:42,107 () volttron.platform.auth INFO: auth file /home/volttron/.volttron72/auth.json loaded
2017-07-24 17:24:42,111 () volttron.platform.auth DEBUG: AUTH new capabilities update: {'platform': [], 'c288a55d-9ff6-46e7-8660-cddd1c508813': []}
2017-07-24 17:24:42,119 () volttron.platform.auth INFO: loading auth file /home/volttron/.volttron72/auth.json
2017-07-24 17:24:42,121 () volttron.platform.auth INFO: auth file /home/volttron/.volttron72/auth.json loaded
2017-07-24 17:24:42,126 () volttron.platform.auth DEBUG: AUTH new capabilities update: {'platform': [], 'c288a55d-9ff6-46e7-8660-cddd1c508813': []}
2017-07-24 17:42:27,794 () volttron.platform.auth INFO: loading auth file /home/volttron/.volttron72/auth.json
2017-07-24 17:42:28,081 () volttron.platform.auth INFO: auth file /home/volttron/.volttron72/auth.json loaded
2017-07-24 17:42:28,365 () volttron.platform.auth DEBUG: AUTH new capabilities update: {'platform': [], 'c288a55d-9ff6-46e7-8660-cddd1c508813': []}
2017-07-24 17:42:33,558 () volttron.platform.web DEBUG: PATH IS: /discovery/
2017-07-24 17:42:33,559 () volttron.platform.web DEBUG: Peer we path_info is associated with: None
2017-07-24 17:42:33,560 () volttron.platform.web DEBUG: MATCHED:
pattern: ^/discovery/$, path_info: /discovery/
 v: <bound method MasterWebService._get_discovery of <volttron.platform.web.MasterWebService object at 0x7f976053e1d0>>
2017-07-24 17:42:33,560 () volttron.platform.web DEBUG: registered route t is: callable
2017-07-24 17:42:33,636 () volttron.platform.auth INFO: authentication success: domain='vip', address='127.0.0.1', mechanism='CURVE', credentials=['TCMNFHwXpXpqFp-XwbNSJgCnYn30ra7oXZB8veV4WUk'], user_id='c288a55d-9ff6-46e7-8660-cddd1c508813'
2017-07-24 17:42:33,643 () volttron.platform.vip.pubsubservice DEBUG: PUBSUBSERVICE peer add platform72-0.289458229778
2017-07-24 17:42:33,644 () volttron.platform.vip.routingservice DEBUG: HELLO Recieved hello, sending welcome to platform1
2017-07-24 17:42:33,645 () volttron.platform.vip.routingservice DEBUG: Sending welcome message to sender platform1
2017-07-24 17:42:33,645 () volttron.platform.vip.routingservice DEBUG: Key error for platform platform1
2017-07-24 17:42:33,645 () volttron.platform.vip.pubsubservice DEBUG: PUBSUBSERVICE external_list
2017-07-24 17:42:33,645 () volttron.platform.vip.pubsubservice DEBUG: PUBSUBSERVICE external_subscriptions from external platforms: platform72-0.289458229778
2017-07-24 17:42:33,647 () volttron.platform.vip.pubsubservice DEBUG: PUBSUBSERVICE New external list from platform1: List: defaultdict(<type 'set'>, {'platform1': []})
