2017-07-24 17:24:51,407 () volttron.platform.main DEBUG: open file resource limit increased from 1024 to 4096
2017-07-24 17:24:51,407 () volttron.platform.agent.utils DEBUG: missing file /home/volttron/.volttron73/keystore
2017-07-24 17:24:51,407 () volttron.platform.agent.utils INFO: creating file /home/volttron/.volttron73/keystore
2017-07-24 17:24:51,409 () volttron.platform.main DEBUG: using key-store file /home/volttron/.volttron73/keystore
2017-07-24 17:24:51,409 () volttron.platform.main INFO: public key: FhrxsSB3-lOy3-Kpjj2h66oF7O3JPPe2HjdeyG35Tm0
2017-07-24 17:24:51,409 () volttron.platform.agent.utils DEBUG: missing file /home/volttron/.volttron73/auth.json
2017-07-24 17:24:51,410 () volttron.platform.agent.utils INFO: creating file /home/volttron/.volttron73/auth.json
2017-07-24 17:24:51,410 () volttron.platform.auth INFO: Created backup of /home/volttron/.volttron73/auth.json at /home/volttron/.volttron73/auth.json.a2ca0797-6138-4dbf-90ed-ab36e6335170.bak
2017-07-24 17:24:51,411 () volttron.platform.agent.utils DEBUG: missing file /home/volttron/.volttron73/known_hosts
2017-07-24 17:24:51,411 () volttron.platform.agent.utils INFO: creating file /home/volttron/.volttron73/known_hosts
2017-07-24 17:24:51,411 () volttron.platform.main DEBUG: protected topics file /home/volttron/.volttron73/protected_topics.json
2017-07-24 17:24:51,412 () volttron.platform.main DEBUG: external_address_file file /home/volttron/.volttron73/external_address.json
2017-07-24 17:24:51,412 () volttron.platform.agent.utils DEBUG: missing file /home/volttron/.volttron73/keystores/config.store/keystore.json
2017-07-24 17:24:51,412 () volttron.platform.agent.utils INFO: creating file /home/volttron/.volttron73/keystores/config.store/keystore.json
2017-07-24 17:24:51,413 () volttron.platform.vip.agent.core DEBUG: address: inproc://vip
2017-07-24 17:24:51,414 () volttron.platform.vip.agent.core DEBUG: identity: config.store
2017-07-24 17:24:51,414 () volttron.platform.vip.agent.core DEBUG: agent_uuid: None
2017-07-24 17:24:51,414 () volttron.platform.vip.agent.core DEBUG: serverkey: None
2017-07-24 17:24:51,416 () volttron.platform.store INFO: Initializing configuration store service.
2017-07-24 17:24:51,417 () volttron.platform.agent.utils DEBUG: missing file /home/volttron/.volttron73/keystores/platform.auth/keystore.json
2017-07-24 17:24:51,418 () volttron.platform.agent.utils INFO: creating file /home/volttron/.volttron73/keystores/platform.auth/keystore.json
2017-07-24 17:24:51,419 () volttron.platform.vip.agent.core DEBUG: address: inproc://vip
2017-07-24 17:24:51,419 () volttron.platform.vip.agent.core DEBUG: identity: platform.auth
2017-07-24 17:24:51,419 () volttron.platform.vip.agent.core DEBUG: agent_uuid: None
2017-07-24 17:24:51,419 () volttron.platform.vip.agent.core DEBUG: serverkey: None
2017-07-24 17:24:51,421 () volttron.platform.auth INFO: loading auth file /home/volttron/.volttron73/auth.json
2017-07-24 17:24:51,421 () volttron.platform.auth INFO: auth file /home/volttron/.volttron73/auth.json loaded
2017-07-24 17:24:51,421 () volttron.platform.agent.utils DEBUG: missing file /home/volttron/.volttron73/protected_topics.json
2017-07-24 17:24:51,421 () volttron.platform.agent.utils INFO: creating file /home/volttron/.volttron73/protected_topics.json
2017-07-24 17:24:51,422 () volttron.platform.main DEBUG: MAIN: protected topics content {}
2017-07-24 17:24:51,423 () volttron.platform.main DEBUG: In-process VIP router bound to inproc://vip
2017-07-24 17:24:51,423 () volttron.platform.main DEBUG: Local VIP router bound to ipc://@/home/volttron/.volttron73/run/vip.socket?secretkey=XXXXX&domain=vip&server=CURVE#6bb158f6-6f2a-4bb8-b0cc-3fcdc1794145
2017-07-24 17:24:51,424 () volttron.platform.main DEBUG: Additional VIP router bound to tcp://127.0.0.73:22916?secretkey=XXXXX&domain=vip&server=CURVE#6bb158f6-6f2a-4bb8-b0cc-3fcdc1794145
2017-07-24 17:24:51,424 () volttron.platform.vip.pubsubservice INFO: protected-topics loaded
2017-07-24 17:24:51,424 () volttron.platform.vip.externalrpcservice DEBUG: ExternalRPCService
2017-07-24 17:24:51,424 () volttron.platform.main DEBUG: ZMQ version: 4.1.5
2017-07-24 17:24:51,424 () volttron.platform.vip.pubsubservice DEBUG: PUBSUBSERVICE peer add config.store
2017-07-24 17:24:51,426 () volttron.platform.vip.pubsubservice DEBUG: PUBSUBSERVICE peer add platform.auth
2017-07-24 17:24:51,426 () volttron.platform.vip.agent.core INFO: Connected to platform: router: 6bb158f6-6f2a-4bb8-b0cc-3fcdc1794145 version: 1.0 identity: config.store
2017-07-24 17:24:51,426 () volttron.platform.vip.agent.core DEBUG: Running onstart methods.
2017-07-24 17:24:51,428 () volttron.platform.vip.agent.core INFO: Connected to platform: router: 6bb158f6-6f2a-4bb8-b0cc-3fcdc1794145 version: 1.0 identity: platform.auth
2017-07-24 17:24:51,429 () volttron.platform.vip.agent.core DEBUG: Running onstart methods.
2017-07-24 17:24:51,435 () volttron.platform.vip.agent.subsystems.configstore DEBUG: Processing callbacks for affected files: {}
2017-07-24 17:24:51,551 () volttron.platform.main DEBUG: protected topics file /home/volttron/.volttron73/protected_topics.json
2017-07-24 17:24:51,552 () volttron.platform.main DEBUG: external_address_file file /home/volttron/.volttron73/external_address.json
2017-07-24 17:24:51,552 () volttron.platform.agent.utils DEBUG: missing file /home/volttron/.volttron73/keystores/control/keystore.json
2017-07-24 17:24:51,553 () volttron.platform.agent.utils INFO: creating file /home/volttron/.volttron73/keystores/control/keystore.json
2017-07-24 17:24:51,556 () volttron.platform.vip.agent.core DEBUG: address: inproc://vip
2017-07-24 17:24:51,556 () volttron.platform.vip.agent.core DEBUG: identity: control
2017-07-24 17:24:51,556 () volttron.platform.vip.agent.core DEBUG: agent_uuid: None
2017-07-24 17:24:51,556 () volttron.platform.vip.agent.core DEBUG: serverkey: None
2017-07-24 17:24:51,559 () volttron.platform.agent.utils DEBUG: missing file /home/volttron/.volttron73/keystores/pubsub.compat/keystore.json
2017-07-24 17:24:51,559 () volttron.platform.agent.utils INFO: creating file /home/volttron/.volttron73/keystores/pubsub.compat/keystore.json
2017-07-24 17:24:51,562 () volttron.platform.vip.agent.core DEBUG: address: inproc://vip
2017-07-24 17:24:51,563 () volttron.platform.vip.agent.core DEBUG: identity: pubsub.compat
2017-07-24 17:24:51,563 () volttron.platform.vip.agent.core DEBUG: agent_uuid: None
2017-07-24 17:24:51,563 () volttron.platform.vip.agent.core DEBUG: serverkey: None
2017-07-24 17:24:51,565 () volttron.platform.agent.utils DEBUG: missing file /home/volttron/.volttron73/keystores/master.web/keystore.json
2017-07-24 17:24:51,565 () volttron.platform.agent.utils INFO: creating file /home/volttron/.volttron73/keystores/master.web/keystore.json
2017-07-24 17:24:51,568 () volttron.platform.vip.agent.core DEBUG: address: inproc://vip
2017-07-24 17:24:51,568 () volttron.platform.vip.agent.core DEBUG: identity: master.web
2017-07-24 17:24:51,568 () volttron.platform.vip.agent.core DEBUG: agent_uuid: None
2017-07-24 17:24:51,569 () volttron.platform.vip.agent.core DEBUG: serverkey: None
2017-07-24 17:24:51,576 () volttron.platform.agent.utils DEBUG: missing file /home/volttron/.volttron73/keystores/keydiscovery/keystore.json
2017-07-24 17:24:51,576 () volttron.platform.agent.utils INFO: creating file /home/volttron/.volttron73/keystores/keydiscovery/keystore.json
2017-07-24 17:24:51,579 () volttron.platform.vip.agent.core DEBUG: address: inproc://vip
2017-07-24 17:24:51,579 () volttron.platform.vip.agent.core DEBUG: identity: keydiscovery
2017-07-24 17:24:51,579 () volttron.platform.vip.agent.core DEBUG: agent_uuid: None
2017-07-24 17:24:51,579 () volttron.platform.vip.agent.core DEBUG: serverkey: None
2017-07-24 17:24:51,587 () volttron.platform.vip.pubsubservice DEBUG: PUBSUBSERVICE peer add control
2017-07-24 17:24:51,591 () volttron.platform.vip.pubsubservice DEBUG: PUBSUBSERVICE peer add keydiscovery
2017-07-24 17:24:51,593 () volttron.platform.vip.agent.core INFO: Connected to platform: router: 6bb158f6-6f2a-4bb8-b0cc-3fcdc1794145 version: 1.0 identity: keydiscovery
2017-07-24 17:24:51,594 () volttron.platform.vip.agent.core DEBUG: Running onstart methods.
2017-07-24 17:24:51,595 () volttron.platform.vip.pubsubservice DEBUG: PUBSUBSERVICE peer add pubsub.compat
2017-07-24 17:24:51,596 () volttron.platform.vip.pubsubservice DEBUG: PUBSUBSERVICE peer add master.web
2017-07-24 17:24:51,597 () volttron.platform.vip.agent.core INFO: Connected to platform: router: 6bb158f6-6f2a-4bb8-b0cc-3fcdc1794145 version: 1.0 identity: control
2017-07-24 17:24:51,597 () volttron.platform.vip.agent.core DEBUG: Running onstart methods.
2017-07-24 17:24:51,602 () volttron.platform.vip.keydiscovery ERROR: Error opening file /home/volttron/.volttron73/external_address.json
2017-07-24 17:24:51,609 () volttron.platform.vip.agent.core INFO: Connected to platform: router: 6bb158f6-6f2a-4bb8-b0cc-3fcdc1794145 version: 1.0 identity: master.web
2017-07-24 17:24:51,609 () volttron.platform.vip.agent.core DEBUG: Running onstart methods.
2017-07-24 17:24:51,612 () volttron.platform.vip.agent.core INFO: Connected to platform: router: 6bb158f6-6f2a-4bb8-b0cc-3fcdc1794145 version: 1.0 identity: pubsub.compat
2017-07-24 17:24:51,613 () volttron.platform.vip.agent.core DEBUG: Running onstart methods.
2017-07-24 17:24:51,614 () volttron.platform.web INFO: Starting web server binding to 127.0.0.73:8080.
2017-07-24 17:24:51,629 () volttron.platform.vip.agent.subsystems.configstore DEBUG: Processing callbacks for affected files: {}
2017-07-24 17:25:00,992 () volttron.platform.auth INFO: loading auth file /home/volttron/.volttron73/auth.json
2017-07-24 17:25:00,992 () volttron.platform.auth INFO: auth file /home/volttron/.volttron73/auth.json loaded
2017-07-24 17:25:00,994 () volttron.platform.auth DEBUG: AUTH new capabilities update: {}
2017-07-24 17:25:00,998 () volttron.platform.auth INFO: loading auth file /home/volttron/.volttron73/auth.json
2017-07-24 17:25:00,999 () volttron.platform.auth INFO: auth file /home/volttron/.volttron73/auth.json loaded
2017-07-24 17:25:01,003 () volttron.platform.auth DEBUG: AUTH new capabilities update: {'platform': [], 'a20364f9-68b6-498e-98ae-719662781426': []}
2017-07-24 17:42:28,131 () volttron.platform.auth INFO: loading auth file /home/volttron/.volttron73/auth.json
2017-07-24 17:42:28,538 () volttron.platform.auth INFO: auth file /home/volttron/.volttron73/auth.json loaded
2017-07-24 17:42:28,854 () volttron.platform.auth DEBUG: AUTH new capabilities update: {'platform': [], 'a20364f9-68b6-498e-98ae-719662781426': []}
2017-07-24 17:42:33,688 () volttron.platform.web DEBUG: PATH IS: /discovery/
2017-07-24 17:42:33,689 () volttron.platform.web DEBUG: Peer we path_info is associated with: None
2017-07-24 17:42:33,689 () volttron.platform.web DEBUG: MATCHED:
pattern: ^/discovery/$, path_info: /discovery/
 v: <bound method MasterWebService._get_discovery of <volttron.platform.web.MasterWebService object at 0x7fb0bdb11210>>
2017-07-24 17:42:33,690 () volttron.platform.web DEBUG: registered route t is: callable
2017-07-24 17:42:33,772 () volttron.platform.auth INFO: authentication success: domain='vip', address='127.0.0.1', mechanism='CURVE', credentials=['TCMNFHwXpXpqFp-XwbNSJgCnYn30ra7oXZB8veV4WUk'], user_id='a20364f9-68b6-498e-98ae-719662781426'
2017-07-24 17:42:33,780 () volttron.platform.vip.pubsubservice DEBUG: PUBSUBSERVICE peer add platform73-0.936805269801
2017-07-24 17:42:33,784 () volttron.platform.vip.routingservice DEBUG: HELLO Recieved hello, sending welcome to platform1
2017-07-24 17:42:33,785 () volttron.platform.vip.routingservice DEBUG: Sending welcome message to sender platform1
2017-07-24 17:42:33,786 () volttron.platform.vip.routingservice DEBUG: Key error for platform platform1
2017-07-24 17:42:33,787 () volttron.platform.vip.pubsubservice DEBUG: PUBSUBSERVICE external_list
2017-07-24 17:42:33,787 () volttron.platform.vip.pubsubservice DEBUG: PUBSUBSERVICE external_subscriptions from external platforms: platform73-0.936805269801
2017-07-24 17:42:33,789 () volttron.platform.vip.pubsubservice DEBUG: PUBSUBSERVICE New external list from platform1: List: defaultdict(<type 'set'>, {'platform1': []})
