2017-07-24 17:25:30,304 () volttron.platform.main DEBUG: open file resource limit increased from 1024 to 4096
2017-07-24 17:25:30,305 () volttron.platform.agent.utils DEBUG: missing file /home/volttron/.volttron75/keystore
2017-07-24 17:25:30,305 () volttron.platform.agent.utils INFO: creating file /home/volttron/.volttron75/keystore
2017-07-24 17:25:30,306 () volttron.platform.main DEBUG: using key-store file /home/volttron/.volttron75/keystore
2017-07-24 17:25:30,307 () volttron.platform.main INFO: public key: GEdQG-E20m1jqRdKZuS3pqPXjN_E9m7NpgRnodOEtBU
2017-07-24 17:25:30,307 () volttron.platform.agent.utils DEBUG: missing file /home/volttron/.volttron75/auth.json
2017-07-24 17:25:30,307 () volttron.platform.agent.utils INFO: creating file /home/volttron/.volttron75/auth.json
2017-07-24 17:25:30,307 () volttron.platform.auth INFO: Created backup of /home/volttron/.volttron75/auth.json at /home/volttron/.volttron75/auth.json.11e62a5b-1f30-4836-8e30-c07cbdcc327a.bak
2017-07-24 17:25:30,308 () volttron.platform.agent.utils DEBUG: missing file /home/volttron/.volttron75/known_hosts
2017-07-24 17:25:30,308 () volttron.platform.agent.utils INFO: creating file /home/volttron/.volttron75/known_hosts
2017-07-24 17:25:30,309 () volttron.platform.main DEBUG: protected topics file /home/volttron/.volttron75/protected_topics.json
2017-07-24 17:25:30,309 () volttron.platform.main DEBUG: external_address_file file /home/volttron/.volttron75/external_address.json
2017-07-24 17:25:30,309 () volttron.platform.agent.utils DEBUG: missing file /home/volttron/.volttron75/keystores/config.store/keystore.json
2017-07-24 17:25:30,309 () volttron.platform.agent.utils INFO: creating file /home/volttron/.volttron75/keystores/config.store/keystore.json
2017-07-24 17:25:30,311 () volttron.platform.vip.agent.core DEBUG: address: inproc://vip
2017-07-24 17:25:30,311 () volttron.platform.vip.agent.core DEBUG: identity: config.store
2017-07-24 17:25:30,311 () volttron.platform.vip.agent.core DEBUG: agent_uuid: None
2017-07-24 17:25:30,311 () volttron.platform.vip.agent.core DEBUG: serverkey: None
2017-07-24 17:25:30,312 () volttron.platform.store INFO: Initializing configuration store service.
2017-07-24 17:25:30,314 () volttron.platform.agent.utils DEBUG: missing file /home/volttron/.volttron75/keystores/platform.auth/keystore.json
2017-07-24 17:25:30,314 () volttron.platform.agent.utils INFO: creating file /home/volttron/.volttron75/keystores/platform.auth/keystore.json
2017-07-24 17:25:30,315 () volttron.platform.vip.agent.core DEBUG: address: inproc://vip
2017-07-24 17:25:30,315 () volttron.platform.vip.agent.core DEBUG: identity: platform.auth
2017-07-24 17:25:30,316 () volttron.platform.vip.agent.core DEBUG: agent_uuid: None
2017-07-24 17:25:30,316 () volttron.platform.vip.agent.core DEBUG: serverkey: None
2017-07-24 17:25:30,317 () volttron.platform.auth INFO: loading auth file /home/volttron/.volttron75/auth.json
2017-07-24 17:25:30,317 () volttron.platform.auth INFO: auth file /home/volttron/.volttron75/auth.json loaded
2017-07-24 17:25:30,317 () volttron.platform.agent.utils DEBUG: missing file /home/volttron/.volttron75/protected_topics.json
2017-07-24 17:25:30,317 () volttron.platform.agent.utils INFO: creating file /home/volttron/.volttron75/protected_topics.json
2017-07-24 17:25:30,319 () volttron.platform.main DEBUG: MAIN: protected topics content {}
2017-07-24 17:25:30,320 () volttron.platform.main DEBUG: In-process VIP router bound to inproc://vip
2017-07-24 17:25:30,320 () volttron.platform.main DEBUG: Local VIP router bound to ipc://@/home/volttron/.volttron75/run/vip.socket?secretkey=XXXXX&domain=vip&server=CURVE#7291f1d7-3de3-4897-a6b0-3acb910b4802
2017-07-24 17:25:30,320 () volttron.platform.main DEBUG: Additional VIP router bound to tcp://127.0.0.75:22916?secretkey=XXXXX&domain=vip&server=CURVE#7291f1d7-3de3-4897-a6b0-3acb910b4802
2017-07-24 17:25:30,320 () volttron.platform.vip.pubsubservice INFO: protected-topics loaded
2017-07-24 17:25:30,321 () volttron.platform.vip.externalrpcservice DEBUG: ExternalRPCService
2017-07-24 17:25:30,321 () volttron.platform.main DEBUG: ZMQ version: 4.1.5
2017-07-24 17:25:30,321 () volttron.platform.vip.pubsubservice DEBUG: PUBSUBSERVICE peer add config.store
2017-07-24 17:25:30,323 () volttron.platform.vip.agent.core INFO: Connected to platform: router: 7291f1d7-3de3-4897-a6b0-3acb910b4802 version: 1.0 identity: config.store
2017-07-24 17:25:30,323 () volttron.platform.vip.agent.core DEBUG: Running onstart methods.
2017-07-24 17:25:30,324 () volttron.platform.vip.pubsubservice DEBUG: PUBSUBSERVICE peer add platform.auth
2017-07-24 17:25:30,327 () volttron.platform.vip.agent.core INFO: Connected to platform: router: 7291f1d7-3de3-4897-a6b0-3acb910b4802 version: 1.0 identity: platform.auth
2017-07-24 17:25:30,327 () volttron.platform.vip.agent.core DEBUG: Running onstart methods.
2017-07-24 17:25:30,332 () volttron.platform.vip.agent.subsystems.configstore DEBUG: Processing callbacks for affected files: {}
2017-07-24 17:25:30,459 () volttron.platform.main DEBUG: protected topics file /home/volttron/.volttron75/protected_topics.json
2017-07-24 17:25:30,459 () volttron.platform.main DEBUG: external_address_file file /home/volttron/.volttron75/external_address.json
2017-07-24 17:25:30,463 () volttron.platform.agent.utils DEBUG: missing file /home/volttron/.volttron75/keystores/control/keystore.json
2017-07-24 17:25:30,463 () volttron.platform.agent.utils INFO: creating file /home/volttron/.volttron75/keystores/control/keystore.json
2017-07-24 17:25:30,465 () volttron.platform.vip.agent.core DEBUG: address: inproc://vip
2017-07-24 17:25:30,465 () volttron.platform.vip.agent.core DEBUG: identity: control
2017-07-24 17:25:30,465 () volttron.platform.vip.agent.core DEBUG: agent_uuid: None
2017-07-24 17:25:30,465 () volttron.platform.vip.agent.core DEBUG: serverkey: None
2017-07-24 17:25:30,467 () volttron.platform.agent.utils DEBUG: missing file /home/volttron/.volttron75/keystores/pubsub.compat/keystore.json
2017-07-24 17:25:30,467 () volttron.platform.agent.utils INFO: creating file /home/volttron/.volttron75/keystores/pubsub.compat/keystore.json
2017-07-24 17:25:30,470 () volttron.platform.vip.agent.core DEBUG: address: inproc://vip
2017-07-24 17:25:30,470 () volttron.platform.vip.agent.core DEBUG: identity: pubsub.compat
2017-07-24 17:25:30,470 () volttron.platform.vip.agent.core DEBUG: agent_uuid: None
2017-07-24 17:25:30,471 () volttron.platform.vip.agent.core DEBUG: serverkey: None
2017-07-24 17:25:30,471 () volttron.platform.agent.utils DEBUG: missing file /home/volttron/.volttron75/keystores/master.web/keystore.json
2017-07-24 17:25:30,472 () volttron.platform.agent.utils INFO: creating file /home/volttron/.volttron75/keystores/master.web/keystore.json
2017-07-24 17:25:30,474 () volttron.platform.vip.agent.core DEBUG: address: inproc://vip
2017-07-24 17:25:30,474 () volttron.platform.vip.agent.core DEBUG: identity: master.web
2017-07-24 17:25:30,474 () volttron.platform.vip.agent.core DEBUG: agent_uuid: None
2017-07-24 17:25:30,474 () volttron.platform.vip.agent.core DEBUG: serverkey: None
2017-07-24 17:25:30,482 () volttron.platform.agent.utils DEBUG: missing file /home/volttron/.volttron75/keystores/keydiscovery/keystore.json
2017-07-24 17:25:30,482 () volttron.platform.agent.utils INFO: creating file /home/volttron/.volttron75/keystores/keydiscovery/keystore.json
2017-07-24 17:25:30,485 () volttron.platform.vip.agent.core DEBUG: address: inproc://vip
2017-07-24 17:25:30,485 () volttron.platform.vip.agent.core DEBUG: identity: keydiscovery
2017-07-24 17:25:30,485 () volttron.platform.vip.agent.core DEBUG: agent_uuid: None
2017-07-24 17:25:30,485 () volttron.platform.vip.agent.core DEBUG: serverkey: None
2017-07-24 17:25:30,493 () volttron.platform.vip.pubsubservice DEBUG: PUBSUBSERVICE peer add control
2017-07-24 17:25:30,495 () volttron.platform.vip.pubsubservice DEBUG: PUBSUBSERVICE peer add pubsub.compat
2017-07-24 17:25:30,497 () volttron.platform.vip.pubsubservice DEBUG: PUBSUBSERVICE peer add master.web
2017-07-24 17:25:30,500 () volttron.platform.vip.agent.core INFO: Connected to platform: router: 7291f1d7-3de3-4897-a6b0-3acb910b4802 version: 1.0 identity: pubsub.compat
2017-07-24 17:25:30,500 () volttron.platform.vip.agent.core DEBUG: Running onstart methods.
2017-07-24 17:25:30,501 () volttron.platform.vip.pubsubservice DEBUG: PUBSUBSERVICE peer add keydiscovery
2017-07-24 17:25:30,503 () volttron.platform.vip.agent.core INFO: Connected to platform: router: 7291f1d7-3de3-4897-a6b0-3acb910b4802 version: 1.0 identity: control
2017-07-24 17:25:30,503 () volttron.platform.vip.agent.core DEBUG: Running onstart methods.
2017-07-24 17:25:30,517 () volttron.platform.vip.agent.core INFO: Connected to platform: router: 7291f1d7-3de3-4897-a6b0-3acb910b4802 version: 1.0 identity: keydiscovery
2017-07-24 17:25:30,517 () volttron.platform.vip.agent.core DEBUG: Running onstart methods.
2017-07-24 17:25:30,519 () volttron.platform.vip.agent.core INFO: Connected to platform: router: 7291f1d7-3de3-4897-a6b0-3acb910b4802 version: 1.0 identity: master.web
2017-07-24 17:25:30,519 () volttron.platform.vip.agent.core DEBUG: Running onstart methods.
2017-07-24 17:25:30,520 () volttron.platform.vip.keydiscovery ERROR: Error opening file /home/volttron/.volttron75/external_address.json
2017-07-24 17:25:30,521 () volttron.platform.web INFO: Starting web server binding to 127.0.0.75:8080.
2017-07-24 17:25:30,537 () volttron.platform.vip.agent.subsystems.configstore DEBUG: Processing callbacks for affected files: {}
2017-07-24 17:25:38,848 () volttron.platform.auth INFO: loading auth file /home/volttron/.volttron75/auth.json
2017-07-24 17:25:38,848 () volttron.platform.auth INFO: auth file /home/volttron/.volttron75/auth.json loaded
2017-07-24 17:25:38,851 () volttron.platform.auth DEBUG: AUTH new capabilities update: {}
2017-07-24 17:25:38,866 () volttron.platform.auth INFO: loading auth file /home/volttron/.volttron75/auth.json
2017-07-24 17:25:38,867 () volttron.platform.auth INFO: auth file /home/volttron/.volttron75/auth.json loaded
2017-07-24 17:25:38,869 () volttron.platform.auth DEBUG: AUTH new capabilities update: {'platform': [], '36b0fc48-23e0-45eb-ae51-5133837149d5': []}
2017-07-24 17:42:28,760 () volttron.platform.auth INFO: loading auth file /home/volttron/.volttron75/auth.json
2017-07-24 17:42:29,196 () volttron.platform.auth INFO: auth file /home/volttron/.volttron75/auth.json loaded
2017-07-24 17:42:29,401 () volttron.platform.auth DEBUG: AUTH new capabilities update: {'platform': [], '36b0fc48-23e0-45eb-ae51-5133837149d5': []}
2017-07-24 17:42:33,411 () volttron.platform.web DEBUG: PATH IS: /discovery/
2017-07-24 17:42:33,411 () volttron.platform.web DEBUG: Peer we path_info is associated with: None
2017-07-24 17:42:33,412 () volttron.platform.web DEBUG: MATCHED:
pattern: ^/discovery/$, path_info: /discovery/
 v: <bound method MasterWebService._get_discovery of <volttron.platform.web.MasterWebService object at 0x7ff9485431d0>>
2017-07-24 17:42:33,412 () volttron.platform.web DEBUG: registered route t is: callable
2017-07-24 17:42:33,526 () volttron.platform.auth INFO: authentication success: domain='vip', address='127.0.0.1', mechanism='CURVE', credentials=['TCMNFHwXpXpqFp-XwbNSJgCnYn30ra7oXZB8veV4WUk'], user_id='36b0fc48-23e0-45eb-ae51-5133837149d5'
2017-07-24 17:42:33,533 () volttron.platform.vip.pubsubservice DEBUG: PUBSUBSERVICE peer add platform75-0.504748630169
2017-07-24 17:42:33,534 () volttron.platform.vip.routingservice DEBUG: HELLO Recieved hello, sending welcome to platform1
2017-07-24 17:42:33,535 () volttron.platform.vip.routingservice DEBUG: Sending welcome message to sender platform1
2017-07-24 17:42:33,540 () volttron.platform.vip.routingservice DEBUG: Key error for platform platform1
2017-07-24 17:42:33,540 () volttron.platform.vip.pubsubservice DEBUG: PUBSUBSERVICE external_list
2017-07-24 17:42:33,541 () volttron.platform.vip.pubsubservice DEBUG: PUBSUBSERVICE external_subscriptions from external platforms: platform75-0.504748630169
2017-07-24 17:42:33,542 () volttron.platform.vip.pubsubservice DEBUG: PUBSUBSERVICE New external list from platform1: List: defaultdict(<type 'set'>, {'platform1': []})
2017-07-24 17:43:14,109 () volttron.platform.auth INFO: authentication success: domain='vip', address='localhost:1000:1000:1038', mechanism='CURVE', credentials=['GEdQG-E20m1jqRdKZuS3pqPXjN_E9m7NpgRnodOEtBU'], user_id='platform'
2017-07-24 17:43:14,113 () volttron.platform.vip.pubsubservice DEBUG: PUBSUBSERVICE peer add control.connection
