2017-07-24 17:25:49,071 () volttron.platform.main DEBUG: open file resource limit increased from 1024 to 4096
2017-07-24 17:25:49,071 () volttron.platform.agent.utils DEBUG: missing file /home/volttron/.volttron76/keystore
2017-07-24 17:25:49,071 () volttron.platform.agent.utils INFO: creating file /home/volttron/.volttron76/keystore
2017-07-24 17:25:49,076 () volttron.platform.main DEBUG: using key-store file /home/volttron/.volttron76/keystore
2017-07-24 17:25:49,077 () volttron.platform.main INFO: public key: Y2JHaklpiXdLOqtrF-Sbst0dHohsREnQpndmZbTwQVE
2017-07-24 17:25:49,077 () volttron.platform.agent.utils DEBUG: missing file /home/volttron/.volttron76/auth.json
2017-07-24 17:25:49,077 () volttron.platform.agent.utils INFO: creating file /home/volttron/.volttron76/auth.json
2017-07-24 17:25:49,078 () volttron.platform.auth INFO: Created backup of /home/volttron/.volttron76/auth.json at /home/volttron/.volttron76/auth.json.502886f9-a1e3-4ef6-a2dd-b677279b2aca.bak
2017-07-24 17:25:49,080 () volttron.platform.agent.utils DEBUG: missing file /home/volttron/.volttron76/known_hosts
2017-07-24 17:25:49,080 () volttron.platform.agent.utils INFO: creating file /home/volttron/.volttron76/known_hosts
2017-07-24 17:25:49,081 () volttron.platform.main DEBUG: protected topics file /home/volttron/.volttron76/protected_topics.json
2017-07-24 17:25:49,081 () volttron.platform.main DEBUG: external_address_file file /home/volttron/.volttron76/external_address.json
2017-07-24 17:25:49,082 () volttron.platform.agent.utils DEBUG: missing file /home/volttron/.volttron76/keystores/config.store/keystore.json
2017-07-24 17:25:49,082 () volttron.platform.agent.utils INFO: creating file /home/volttron/.volttron76/keystores/config.store/keystore.json
2017-07-24 17:25:49,084 () volttron.platform.vip.agent.core DEBUG: address: inproc://vip
2017-07-24 17:25:49,084 () volttron.platform.vip.agent.core DEBUG: identity: config.store
2017-07-24 17:25:49,084 () volttron.platform.vip.agent.core DEBUG: agent_uuid: None
2017-07-24 17:25:49,084 () volttron.platform.vip.agent.core DEBUG: serverkey: None
2017-07-24 17:25:49,086 () volttron.platform.store INFO: Initializing configuration store service.
2017-07-24 17:25:49,089 () volttron.platform.agent.utils DEBUG: missing file /home/volttron/.volttron76/keystores/platform.auth/keystore.json
2017-07-24 17:25:49,090 () volttron.platform.agent.utils INFO: creating file /home/volttron/.volttron76/keystores/platform.auth/keystore.json
2017-07-24 17:25:49,092 () volttron.platform.vip.agent.core DEBUG: address: inproc://vip
2017-07-24 17:25:49,092 () volttron.platform.vip.agent.core DEBUG: identity: platform.auth
2017-07-24 17:25:49,092 () volttron.platform.vip.agent.core DEBUG: agent_uuid: None
2017-07-24 17:25:49,092 () volttron.platform.vip.agent.core DEBUG: serverkey: None
2017-07-24 17:25:49,094 () volttron.platform.auth INFO: loading auth file /home/volttron/.volttron76/auth.json
2017-07-24 17:25:49,094 () volttron.platform.auth INFO: auth file /home/volttron/.volttron76/auth.json loaded
2017-07-24 17:25:49,094 () volttron.platform.agent.utils DEBUG: missing file /home/volttron/.volttron76/protected_topics.json
2017-07-24 17:25:49,095 () volttron.platform.agent.utils INFO: creating file /home/volttron/.volttron76/protected_topics.json
2017-07-24 17:25:49,097 () volttron.platform.main DEBUG: MAIN: protected topics content {}
2017-07-24 17:25:49,098 () volttron.platform.main DEBUG: In-process VIP router bound to inproc://vip
2017-07-24 17:25:49,099 () volttron.platform.main DEBUG: Local VIP router bound to ipc://@/home/volttron/.volttron76/run/vip.socket?secretkey=XXXXX&domain=vip&server=CURVE#1e3a1821-d803-4e8b-90cd-b63daf0f35c7
2017-07-24 17:25:49,099 () volttron.platform.main DEBUG: Additional VIP router bound to tcp://127.0.0.76:22916?secretkey=XXXXX&domain=vip&server=CURVE#1e3a1821-d803-4e8b-90cd-b63daf0f35c7
2017-07-24 17:25:49,099 () volttron.platform.vip.pubsubservice INFO: protected-topics loaded
2017-07-24 17:25:49,100 () volttron.platform.vip.externalrpcservice DEBUG: ExternalRPCService
2017-07-24 17:25:49,100 () volttron.platform.main DEBUG: ZMQ version: 4.1.5
2017-07-24 17:25:49,101 () volttron.platform.vip.pubsubservice DEBUG: PUBSUBSERVICE peer add config.store
2017-07-24 17:25:49,103 () volttron.platform.vip.pubsubservice DEBUG: PUBSUBSERVICE peer add platform.auth
2017-07-24 17:25:49,104 () volttron.platform.vip.agent.core INFO: Connected to platform: router: 1e3a1821-d803-4e8b-90cd-b63daf0f35c7 version: 1.0 identity: config.store
2017-07-24 17:25:49,104 () volttron.platform.vip.agent.core DEBUG: Running onstart methods.
2017-07-24 17:25:49,108 () volttron.platform.vip.agent.core INFO: Connected to platform: router: 1e3a1821-d803-4e8b-90cd-b63daf0f35c7 version: 1.0 identity: platform.auth
2017-07-24 17:25:49,110 () volttron.platform.vip.agent.core DEBUG: Running onstart methods.
2017-07-24 17:25:49,119 () volttron.platform.vip.agent.subsystems.configstore DEBUG: Processing callbacks for affected files: {}
2017-07-24 17:25:49,219 () volttron.platform.main DEBUG: protected topics file /home/volttron/.volttron76/protected_topics.json
2017-07-24 17:25:49,220 () volttron.platform.main DEBUG: external_address_file file /home/volttron/.volttron76/external_address.json
2017-07-24 17:25:49,221 () volttron.platform.agent.utils DEBUG: missing file /home/volttron/.volttron76/keystores/control/keystore.json
2017-07-24 17:25:49,221 () volttron.platform.agent.utils INFO: creating file /home/volttron/.volttron76/keystores/control/keystore.json
2017-07-24 17:25:49,224 () volttron.platform.vip.agent.core DEBUG: address: inproc://vip
2017-07-24 17:25:49,224 () volttron.platform.vip.agent.core DEBUG: identity: control
2017-07-24 17:25:49,224 () volttron.platform.vip.agent.core DEBUG: agent_uuid: None
2017-07-24 17:25:49,224 () volttron.platform.vip.agent.core DEBUG: serverkey: None
2017-07-24 17:25:49,226 () volttron.platform.agent.utils DEBUG: missing file /home/volttron/.volttron76/keystores/pubsub.compat/keystore.json
2017-07-24 17:25:49,226 () volttron.platform.agent.utils INFO: creating file /home/volttron/.volttron76/keystores/pubsub.compat/keystore.json
2017-07-24 17:25:49,229 () volttron.platform.vip.agent.core DEBUG: address: inproc://vip
2017-07-24 17:25:49,230 () volttron.platform.vip.agent.core DEBUG: identity: pubsub.compat
2017-07-24 17:25:49,230 () volttron.platform.vip.agent.core DEBUG: agent_uuid: None
2017-07-24 17:25:49,230 () volttron.platform.vip.agent.core DEBUG: serverkey: None
2017-07-24 17:25:49,232 () volttron.platform.agent.utils DEBUG: missing file /home/volttron/.volttron76/keystores/master.web/keystore.json
2017-07-24 17:25:49,232 () volttron.platform.agent.utils INFO: creating file /home/volttron/.volttron76/keystores/master.web/keystore.json
2017-07-24 17:25:49,236 () volttron.platform.vip.agent.core DEBUG: address: inproc://vip
2017-07-24 17:25:49,236 () volttron.platform.vip.agent.core DEBUG: identity: master.web
2017-07-24 17:25:49,236 () volttron.platform.vip.agent.core DEBUG: agent_uuid: None
2017-07-24 17:25:49,236 () volttron.platform.vip.agent.core DEBUG: serverkey: None
2017-07-24 17:25:49,247 () volttron.platform.agent.utils DEBUG: missing file /home/volttron/.volttron76/keystores/keydiscovery/keystore.json
2017-07-24 17:25:49,247 () volttron.platform.agent.utils INFO: creating file /home/volttron/.volttron76/keystores/keydiscovery/keystore.json
2017-07-24 17:25:49,251 () volttron.platform.vip.agent.core DEBUG: address: inproc://vip
2017-07-24 17:25:49,251 () volttron.platform.vip.agent.core DEBUG: identity: keydiscovery
2017-07-24 17:25:49,251 () volttron.platform.vip.agent.core DEBUG: agent_uuid: None
2017-07-24 17:25:49,252 () volttron.platform.vip.agent.core DEBUG: serverkey: None
2017-07-24 17:25:49,267 () volttron.platform.vip.pubsubservice DEBUG: PUBSUBSERVICE peer add control
2017-07-24 17:25:49,271 () volttron.platform.vip.agent.core INFO: Connected to platform: router: 1e3a1821-d803-4e8b-90cd-b63daf0f35c7 version: 1.0 identity: control
2017-07-24 17:25:49,271 () volttron.platform.vip.agent.core DEBUG: Running onstart methods.
2017-07-24 17:25:49,274 () volttron.platform.vip.pubsubservice DEBUG: PUBSUBSERVICE peer add keydiscovery
2017-07-24 17:25:49,282 () volttron.platform.vip.pubsubservice DEBUG: PUBSUBSERVICE peer add pubsub.compat
2017-07-24 17:25:49,287 () volttron.platform.vip.agent.core INFO: Connected to platform: router: 1e3a1821-d803-4e8b-90cd-b63daf0f35c7 version: 1.0 identity: keydiscovery
2017-07-24 17:25:49,287 () volttron.platform.vip.agent.core DEBUG: Running onstart methods.
2017-07-24 17:25:49,289 () volttron.platform.vip.pubsubservice DEBUG: PUBSUBSERVICE peer add master.web
2017-07-24 17:25:49,293 () volttron.platform.vip.keydiscovery ERROR: Error opening file /home/volttron/.volttron76/external_address.json
2017-07-24 17:25:49,295 () volttron.platform.vip.agent.core INFO: Connected to platform: router: 1e3a1821-d803-4e8b-90cd-b63daf0f35c7 version: 1.0 identity: master.web
2017-07-24 17:25:49,296 () volttron.platform.vip.agent.core DEBUG: Running onstart methods.
2017-07-24 17:25:49,305 () volttron.platform.vip.agent.core INFO: Connected to platform: router: 1e3a1821-d803-4e8b-90cd-b63daf0f35c7 version: 1.0 identity: pubsub.compat
2017-07-24 17:25:49,305 () volttron.platform.vip.agent.core DEBUG: Running onstart methods.
2017-07-24 17:25:49,309 () volttron.platform.web INFO: Starting web server binding to 127.0.0.76:8080.
2017-07-24 17:25:49,338 () volttron.platform.vip.agent.subsystems.configstore DEBUG: Processing callbacks for affected files: {}
2017-07-24 17:25:58,277 () volttron.platform.auth INFO: loading auth file /home/volttron/.volttron76/auth.json
2017-07-24 17:25:58,278 () volttron.platform.auth INFO: auth file /home/volttron/.volttron76/auth.json loaded
2017-07-24 17:25:58,279 () volttron.platform.auth DEBUG: AUTH new capabilities update: {}
2017-07-24 17:25:58,294 () volttron.platform.auth INFO: loading auth file /home/volttron/.volttron76/auth.json
2017-07-24 17:25:58,295 () volttron.platform.auth INFO: auth file /home/volttron/.volttron76/auth.json loaded
2017-07-24 17:25:58,299 () volttron.platform.auth DEBUG: AUTH new capabilities update: {'platform': [], '617d74bb-b70f-4516-b3a2-dcd63c77cd18': []}
2017-07-24 17:42:27,804 () volttron.platform.auth INFO: loading auth file /home/volttron/.volttron76/auth.json
2017-07-24 17:42:28,063 () volttron.platform.auth INFO: auth file /home/volttron/.volttron76/auth.json loaded
2017-07-24 17:42:28,301 () volttron.platform.auth DEBUG: AUTH new capabilities update: {'platform': [], '617d74bb-b70f-4516-b3a2-dcd63c77cd18': []}
2017-07-24 17:42:32,923 () volttron.platform.web DEBUG: PATH IS: /discovery/
2017-07-24 17:42:32,923 () volttron.platform.web DEBUG: Peer we path_info is associated with: None
2017-07-24 17:42:32,926 () volttron.platform.web DEBUG: MATCHED:
pattern: ^/discovery/$, path_info: /discovery/
 v: <bound method MasterWebService._get_discovery of <volttron.platform.web.MasterWebService object at 0x7f2c7c451190>>
2017-07-24 17:42:32,927 () volttron.platform.web DEBUG: registered route t is: callable
2017-07-24 17:42:33,022 () volttron.platform.auth INFO: authentication success: domain='vip', address='127.0.0.1', mechanism='CURVE', credentials=['TCMNFHwXpXpqFp-XwbNSJgCnYn30ra7oXZB8veV4WUk'], user_id='617d74bb-b70f-4516-b3a2-dcd63c77cd18'
2017-07-24 17:42:33,041 () volttron.platform.vip.pubsubservice DEBUG: PUBSUBSERVICE peer add platform76-0.659232663506
2017-07-24 17:42:33,043 () volttron.platform.vip.routingservice DEBUG: HELLO Recieved hello, sending welcome to platform1
2017-07-24 17:42:33,043 () volttron.platform.vip.routingservice DEBUG: Sending welcome message to sender platform1
2017-07-24 17:42:33,043 () volttron.platform.vip.routingservice DEBUG: Key error for platform platform1
2017-07-24 17:42:33,044 () volttron.platform.vip.pubsubservice DEBUG: PUBSUBSERVICE external_list
2017-07-24 17:42:33,044 () volttron.platform.vip.pubsubservice DEBUG: PUBSUBSERVICE external_subscriptions from external platforms: platform76-0.659232663506
2017-07-24 17:42:33,046 () volttron.platform.vip.pubsubservice DEBUG: PUBSUBSERVICE New external list from platform1: List: defaultdict(<type 'set'>, {'platform1': []})
