2017-07-24 17:26:06,524 () volttron.platform.main DEBUG: open file resource limit increased from 1024 to 4096
2017-07-24 17:26:06,524 () volttron.platform.agent.utils DEBUG: missing file /home/volttron/.volttron77/keystore
2017-07-24 17:26:06,525 () volttron.platform.agent.utils INFO: creating file /home/volttron/.volttron77/keystore
2017-07-24 17:26:06,526 () volttron.platform.main DEBUG: using key-store file /home/volttron/.volttron77/keystore
2017-07-24 17:26:06,527 () volttron.platform.main INFO: public key: nmoeO0Y1BgE4s_XTUc79YHWNK7Ax6PyBtX2coJxUsHs
2017-07-24 17:26:06,527 () volttron.platform.agent.utils DEBUG: missing file /home/volttron/.volttron77/auth.json
2017-07-24 17:26:06,527 () volttron.platform.agent.utils INFO: creating file /home/volttron/.volttron77/auth.json
2017-07-24 17:26:06,528 () volttron.platform.auth INFO: Created backup of /home/volttron/.volttron77/auth.json at /home/volttron/.volttron77/auth.json.02b11926-92e4-47ef-bb8e-adf9179aece5.bak
2017-07-24 17:26:06,529 () volttron.platform.agent.utils DEBUG: missing file /home/volttron/.volttron77/known_hosts
2017-07-24 17:26:06,529 () volttron.platform.agent.utils INFO: creating file /home/volttron/.volttron77/known_hosts
2017-07-24 17:26:06,530 () volttron.platform.main DEBUG: protected topics file /home/volttron/.volttron77/protected_topics.json
2017-07-24 17:26:06,530 () volttron.platform.main DEBUG: external_address_file file /home/volttron/.volttron77/external_address.json
2017-07-24 17:26:06,530 () volttron.platform.agent.utils DEBUG: missing file /home/volttron/.volttron77/keystores/config.store/keystore.json
2017-07-24 17:26:06,530 () volttron.platform.agent.utils INFO: creating file /home/volttron/.volttron77/keystores/config.store/keystore.json
2017-07-24 17:26:06,532 () volttron.platform.vip.agent.core DEBUG: address: inproc://vip
2017-07-24 17:26:06,532 () volttron.platform.vip.agent.core DEBUG: identity: config.store
2017-07-24 17:26:06,532 () volttron.platform.vip.agent.core DEBUG: agent_uuid: None
2017-07-24 17:26:06,532 () volttron.platform.vip.agent.core DEBUG: serverkey: None
2017-07-24 17:26:06,534 () volttron.platform.store INFO: Initializing configuration store service.
2017-07-24 17:26:06,536 () volttron.platform.agent.utils DEBUG: missing file /home/volttron/.volttron77/keystores/platform.auth/keystore.json
2017-07-24 17:26:06,536 () volttron.platform.agent.utils INFO: creating file /home/volttron/.volttron77/keystores/platform.auth/keystore.json
2017-07-24 17:26:06,538 () volttron.platform.vip.agent.core DEBUG: address: inproc://vip
2017-07-24 17:26:06,538 () volttron.platform.vip.agent.core DEBUG: identity: platform.auth
2017-07-24 17:26:06,538 () volttron.platform.vip.agent.core DEBUG: agent_uuid: None
2017-07-24 17:26:06,538 () volttron.platform.vip.agent.core DEBUG: serverkey: None
2017-07-24 17:26:06,539 () volttron.platform.auth INFO: loading auth file /home/volttron/.volttron77/auth.json
2017-07-24 17:26:06,540 () volttron.platform.auth INFO: auth file /home/volttron/.volttron77/auth.json loaded
2017-07-24 17:26:06,540 () volttron.platform.agent.utils DEBUG: missing file /home/volttron/.volttron77/protected_topics.json
2017-07-24 17:26:06,540 () volttron.platform.agent.utils INFO: creating file /home/volttron/.volttron77/protected_topics.json
2017-07-24 17:26:06,542 () volttron.platform.main DEBUG: MAIN: protected topics content {}
2017-07-24 17:26:06,543 () volttron.platform.main DEBUG: In-process VIP router bound to inproc://vip
2017-07-24 17:26:06,543 () volttron.platform.main DEBUG: Local VIP router bound to ipc://@/home/volttron/.volttron77/run/vip.socket?secretkey=XXXXX&domain=vip&server=CURVE#b024efb4-d354-4eba-afa6-0f7de77d45a1
2017-07-24 17:26:06,544 () volttron.platform.main DEBUG: Additional VIP router bound to tcp://127.0.0.77:22916?secretkey=XXXXX&domain=vip&server=CURVE#b024efb4-d354-4eba-afa6-0f7de77d45a1
2017-07-24 17:26:06,544 () volttron.platform.vip.pubsubservice INFO: protected-topics loaded
2017-07-24 17:26:06,544 () volttron.platform.vip.externalrpcservice DEBUG: ExternalRPCService
2017-07-24 17:26:06,544 () volttron.platform.main DEBUG: ZMQ version: 4.1.5
2017-07-24 17:26:06,545 () volttron.platform.vip.pubsubservice DEBUG: PUBSUBSERVICE peer add config.store
2017-07-24 17:26:06,546 () volttron.platform.vip.pubsubservice DEBUG: PUBSUBSERVICE peer add platform.auth
2017-07-24 17:26:06,548 () volttron.platform.vip.agent.core INFO: Connected to platform: router: b024efb4-d354-4eba-afa6-0f7de77d45a1 version: 1.0 identity: config.store
2017-07-24 17:26:06,548 () volttron.platform.vip.agent.core DEBUG: Running onstart methods.
2017-07-24 17:26:06,552 () volttron.platform.vip.agent.core INFO: Connected to platform: router: b024efb4-d354-4eba-afa6-0f7de77d45a1 version: 1.0 identity: platform.auth
2017-07-24 17:26:06,552 () volttron.platform.vip.agent.core DEBUG: Running onstart methods.
2017-07-24 17:26:06,559 () volttron.platform.vip.agent.subsystems.configstore DEBUG: Processing callbacks for affected files: {}
2017-07-24 17:26:06,674 () volttron.platform.main DEBUG: protected topics file /home/volttron/.volttron77/protected_topics.json
2017-07-24 17:26:06,675 () volttron.platform.main DEBUG: external_address_file file /home/volttron/.volttron77/external_address.json
2017-07-24 17:26:06,676 () volttron.platform.agent.utils DEBUG: missing file /home/volttron/.volttron77/keystores/control/keystore.json
2017-07-24 17:26:06,676 () volttron.platform.agent.utils INFO: creating file /home/volttron/.volttron77/keystores/control/keystore.json
2017-07-24 17:26:06,678 () volttron.platform.vip.agent.core DEBUG: address: inproc://vip
2017-07-24 17:26:06,679 () volttron.platform.vip.agent.core DEBUG: identity: control
2017-07-24 17:26:06,679 () volttron.platform.vip.agent.core DEBUG: agent_uuid: None
2017-07-24 17:26:06,679 () volttron.platform.vip.agent.core DEBUG: serverkey: None
2017-07-24 17:26:06,681 () volttron.platform.agent.utils DEBUG: missing file /home/volttron/.volttron77/keystores/pubsub.compat/keystore.json
2017-07-24 17:26:06,681 () volttron.platform.agent.utils INFO: creating file /home/volttron/.volttron77/keystores/pubsub.compat/keystore.json
2017-07-24 17:26:06,684 () volttron.platform.vip.agent.core DEBUG: address: inproc://vip
2017-07-24 17:26:06,684 () volttron.platform.vip.agent.core DEBUG: identity: pubsub.compat
2017-07-24 17:26:06,684 () volttron.platform.vip.agent.core DEBUG: agent_uuid: None
2017-07-24 17:26:06,684 () volttron.platform.vip.agent.core DEBUG: serverkey: None
2017-07-24 17:26:06,685 () volttron.platform.agent.utils DEBUG: missing file /home/volttron/.volttron77/keystores/master.web/keystore.json
2017-07-24 17:26:06,685 () volttron.platform.agent.utils INFO: creating file /home/volttron/.volttron77/keystores/master.web/keystore.json
2017-07-24 17:26:06,687 () volttron.platform.vip.agent.core DEBUG: address: inproc://vip
2017-07-24 17:26:06,687 () volttron.platform.vip.agent.core DEBUG: identity: master.web
2017-07-24 17:26:06,688 () volttron.platform.vip.agent.core DEBUG: agent_uuid: None
2017-07-24 17:26:06,688 () volttron.platform.vip.agent.core DEBUG: serverkey: None
2017-07-24 17:26:06,696 () volttron.platform.agent.utils DEBUG: missing file /home/volttron/.volttron77/keystores/keydiscovery/keystore.json
2017-07-24 17:26:06,696 () volttron.platform.agent.utils INFO: creating file /home/volttron/.volttron77/keystores/keydiscovery/keystore.json
2017-07-24 17:26:06,698 () volttron.platform.vip.agent.core DEBUG: address: inproc://vip
2017-07-24 17:26:06,698 () volttron.platform.vip.agent.core DEBUG: identity: keydiscovery
2017-07-24 17:26:06,698 () volttron.platform.vip.agent.core DEBUG: agent_uuid: None
2017-07-24 17:26:06,699 () volttron.platform.vip.agent.core DEBUG: serverkey: None
2017-07-24 17:26:06,709 () volttron.platform.vip.pubsubservice DEBUG: PUBSUBSERVICE peer add control
2017-07-24 17:26:06,711 () volttron.platform.vip.pubsubservice DEBUG: PUBSUBSERVICE peer add keydiscovery
2017-07-24 17:26:06,714 () volttron.platform.vip.agent.core INFO: Connected to platform: router: b024efb4-d354-4eba-afa6-0f7de77d45a1 version: 1.0 identity: keydiscovery
2017-07-24 17:26:06,714 () volttron.platform.vip.agent.core DEBUG: Running onstart methods.
2017-07-24 17:26:06,722 () volttron.platform.vip.pubsubservice DEBUG: PUBSUBSERVICE peer add pubsub.compat
2017-07-24 17:26:06,722 () volttron.platform.vip.pubsubservice DEBUG: PUBSUBSERVICE peer add master.web
2017-07-24 17:26:06,725 () volttron.platform.vip.agent.core INFO: Connected to platform: router: b024efb4-d354-4eba-afa6-0f7de77d45a1 version: 1.0 identity: control
2017-07-24 17:26:06,725 () volttron.platform.vip.agent.core DEBUG: Running onstart methods.
2017-07-24 17:26:06,728 () volttron.platform.vip.keydiscovery ERROR: Error opening file /home/volttron/.volttron77/external_address.json
2017-07-24 17:26:06,734 () volttron.platform.vip.agent.core INFO: Connected to platform: router: b024efb4-d354-4eba-afa6-0f7de77d45a1 version: 1.0 identity: master.web
2017-07-24 17:26:06,736 () volttron.platform.vip.agent.core DEBUG: Running onstart methods.
2017-07-24 17:26:06,738 () volttron.platform.vip.agent.core INFO: Connected to platform: router: b024efb4-d354-4eba-afa6-0f7de77d45a1 version: 1.0 identity: pubsub.compat
2017-07-24 17:26:06,739 () volttron.platform.vip.agent.core DEBUG: Running onstart methods.
2017-07-24 17:26:06,740 () volttron.platform.web INFO: Starting web server binding to 127.0.0.77:8080.
2017-07-24 17:26:06,749 () volttron.platform.vip.agent.subsystems.configstore DEBUG: Processing callbacks for affected files: {}
2017-07-24 17:26:15,631 () volttron.platform.auth INFO: loading auth file /home/volttron/.volttron77/auth.json
2017-07-24 17:26:15,631 () volttron.platform.auth INFO: auth file /home/volttron/.volttron77/auth.json loaded
2017-07-24 17:26:15,634 () volttron.platform.auth DEBUG: AUTH new capabilities update: {}
2017-07-24 17:26:15,640 () volttron.platform.auth INFO: loading auth file /home/volttron/.volttron77/auth.json
2017-07-24 17:26:15,641 () volttron.platform.auth INFO: auth file /home/volttron/.volttron77/auth.json loaded
2017-07-24 17:26:15,653 () volttron.platform.auth DEBUG: AUTH new capabilities update: {'platform': [], '39acace6-8ec0-44ac-9604-b49e5d911fc3': []}
2017-07-24 17:42:28,053 () volttron.platform.auth INFO: loading auth file /home/volttron/.volttron77/auth.json
2017-07-24 17:42:28,447 () volttron.platform.auth INFO: auth file /home/volttron/.volttron77/auth.json loaded
2017-07-24 17:42:28,661 () volttron.platform.auth DEBUG: AUTH new capabilities update: {'platform': [], '39acace6-8ec0-44ac-9604-b49e5d911fc3': []}
2017-07-24 17:42:33,104 () volttron.platform.web DEBUG: PATH IS: /discovery/
2017-07-24 17:42:33,104 () volttron.platform.web DEBUG: Peer we path_info is associated with: None
2017-07-24 17:42:33,109 () volttron.platform.web DEBUG: MATCHED:
pattern: ^/discovery/$, path_info: /discovery/
 v: <bound method MasterWebService._get_discovery of <volttron.platform.web.MasterWebService object at 0x7f362c1711d0>>
2017-07-24 17:42:33,110 () volttron.platform.web DEBUG: registered route t is: callable
2017-07-24 17:42:33,255 () volttron.platform.auth INFO: authentication success: domain='vip', address='127.0.0.1', mechanism='CURVE', credentials=['TCMNFHwXpXpqFp-XwbNSJgCnYn30ra7oXZB8veV4WUk'], user_id='39acace6-8ec0-44ac-9604-b49e5d911fc3'
2017-07-24 17:42:33,261 () volttron.platform.vip.pubsubservice DEBUG: PUBSUBSERVICE peer add platform77-0.683752848674
2017-07-24 17:42:33,263 () volttron.platform.vip.routingservice DEBUG: HELLO Recieved hello, sending welcome to platform1
2017-07-24 17:42:33,264 () volttron.platform.vip.routingservice DEBUG: Sending welcome message to sender platform1
2017-07-24 17:42:33,264 () volttron.platform.vip.routingservice DEBUG: Key error for platform platform1
2017-07-24 17:42:33,264 () volttron.platform.vip.pubsubservice DEBUG: PUBSUBSERVICE external_list
2017-07-24 17:42:33,265 () volttron.platform.vip.pubsubservice DEBUG: PUBSUBSERVICE external_subscriptions from external platforms: platform77-0.683752848674
2017-07-24 17:42:33,266 () volttron.platform.vip.pubsubservice DEBUG: PUBSUBSERVICE New external list from platform1: List: defaultdict(<type 'set'>, {'platform1': []})
