2017-07-24 17:26:44,187 () volttron.platform.main DEBUG: open file resource limit increased from 1024 to 4096
2017-07-24 17:26:44,187 () volttron.platform.agent.utils DEBUG: missing file /home/volttron/.volttron79/keystore
2017-07-24 17:26:44,187 () volttron.platform.agent.utils INFO: creating file /home/volttron/.volttron79/keystore
2017-07-24 17:26:44,188 () volttron.platform.main DEBUG: using key-store file /home/volttron/.volttron79/keystore
2017-07-24 17:26:44,189 () volttron.platform.main INFO: public key: dDMqrrng5TD06NtR5HK_WNshLOmivqI5gwaOdclAnAg
2017-07-24 17:26:44,189 () volttron.platform.agent.utils DEBUG: missing file /home/volttron/.volttron79/auth.json
2017-07-24 17:26:44,189 () volttron.platform.agent.utils INFO: creating file /home/volttron/.volttron79/auth.json
2017-07-24 17:26:44,189 () volttron.platform.auth INFO: Created backup of /home/volttron/.volttron79/auth.json at /home/volttron/.volttron79/auth.json.0f1f4069-7ca1-4bb2-919a-488c40bcd6dd.bak
2017-07-24 17:26:44,190 () volttron.platform.agent.utils DEBUG: missing file /home/volttron/.volttron79/known_hosts
2017-07-24 17:26:44,190 () volttron.platform.agent.utils INFO: creating file /home/volttron/.volttron79/known_hosts
2017-07-24 17:26:44,191 () volttron.platform.main DEBUG: protected topics file /home/volttron/.volttron79/protected_topics.json
2017-07-24 17:26:44,191 () volttron.platform.main DEBUG: external_address_file file /home/volttron/.volttron79/external_address.json
2017-07-24 17:26:44,191 () volttron.platform.agent.utils DEBUG: missing file /home/volttron/.volttron79/keystores/config.store/keystore.json
2017-07-24 17:26:44,191 () volttron.platform.agent.utils INFO: creating file /home/volttron/.volttron79/keystores/config.store/keystore.json
2017-07-24 17:26:44,193 () volttron.platform.vip.agent.core DEBUG: address: inproc://vip
2017-07-24 17:26:44,193 () volttron.platform.vip.agent.core DEBUG: identity: config.store
2017-07-24 17:26:44,193 () volttron.platform.vip.agent.core DEBUG: agent_uuid: None
2017-07-24 17:26:44,193 () volttron.platform.vip.agent.core DEBUG: serverkey: None
2017-07-24 17:26:44,194 () volttron.platform.store INFO: Initializing configuration store service.
2017-07-24 17:26:44,196 () volttron.platform.agent.utils DEBUG: missing file /home/volttron/.volttron79/keystores/platform.auth/keystore.json
2017-07-24 17:26:44,196 () volttron.platform.agent.utils INFO: creating file /home/volttron/.volttron79/keystores/platform.auth/keystore.json
2017-07-24 17:26:44,197 () volttron.platform.vip.agent.core DEBUG: address: inproc://vip
2017-07-24 17:26:44,197 () volttron.platform.vip.agent.core DEBUG: identity: platform.auth
2017-07-24 17:26:44,198 () volttron.platform.vip.agent.core DEBUG: agent_uuid: None
2017-07-24 17:26:44,198 () volttron.platform.vip.agent.core DEBUG: serverkey: None
2017-07-24 17:26:44,199 () volttron.platform.auth INFO: loading auth file /home/volttron/.volttron79/auth.json
2017-07-24 17:26:44,199 () volttron.platform.auth INFO: auth file /home/volttron/.volttron79/auth.json loaded
2017-07-24 17:26:44,199 () volttron.platform.agent.utils DEBUG: missing file /home/volttron/.volttron79/protected_topics.json
2017-07-24 17:26:44,199 () volttron.platform.agent.utils INFO: creating file /home/volttron/.volttron79/protected_topics.json
2017-07-24 17:26:44,201 () volttron.platform.main DEBUG: MAIN: protected topics content {}
2017-07-24 17:26:44,201 () volttron.platform.main DEBUG: In-process VIP router bound to inproc://vip
2017-07-24 17:26:44,202 () volttron.platform.main DEBUG: Local VIP router bound to ipc://@/home/volttron/.volttron79/run/vip.socket?secretkey=XXXXX&domain=vip&server=CURVE#627ecbbb-b4f3-4460-a2aa-200faf98766a
2017-07-24 17:26:44,202 () volttron.platform.main DEBUG: Additional VIP router bound to tcp://127.0.0.79:22916?secretkey=XXXXX&domain=vip&server=CURVE#627ecbbb-b4f3-4460-a2aa-200faf98766a
2017-07-24 17:26:44,202 () volttron.platform.vip.pubsubservice INFO: protected-topics loaded
2017-07-24 17:26:44,202 () volttron.platform.vip.externalrpcservice DEBUG: ExternalRPCService
2017-07-24 17:26:44,202 () volttron.platform.main DEBUG: ZMQ version: 4.1.5
2017-07-24 17:26:44,203 () volttron.platform.vip.pubsubservice DEBUG: PUBSUBSERVICE peer add config.store
2017-07-24 17:26:44,203 () volttron.platform.vip.pubsubservice DEBUG: PUBSUBSERVICE peer add platform.auth
2017-07-24 17:26:44,204 () volttron.platform.vip.agent.core INFO: Connected to platform: router: 627ecbbb-b4f3-4460-a2aa-200faf98766a version: 1.0 identity: platform.auth
2017-07-24 17:26:44,204 () volttron.platform.vip.agent.core DEBUG: Running onstart methods.
2017-07-24 17:26:44,205 () volttron.platform.vip.agent.core INFO: Connected to platform: router: 627ecbbb-b4f3-4460-a2aa-200faf98766a version: 1.0 identity: config.store
2017-07-24 17:26:44,205 () volttron.platform.vip.agent.core DEBUG: Running onstart methods.
2017-07-24 17:26:44,212 () volttron.platform.vip.agent.subsystems.configstore DEBUG: Processing callbacks for affected files: {}
2017-07-24 17:26:44,321 () volttron.platform.main DEBUG: protected topics file /home/volttron/.volttron79/protected_topics.json
2017-07-24 17:26:44,321 () volttron.platform.main DEBUG: external_address_file file /home/volttron/.volttron79/external_address.json
2017-07-24 17:26:44,322 () volttron.platform.agent.utils DEBUG: missing file /home/volttron/.volttron79/keystores/control/keystore.json
2017-07-24 17:26:44,322 () volttron.platform.agent.utils INFO: creating file /home/volttron/.volttron79/keystores/control/keystore.json
2017-07-24 17:26:44,325 () volttron.platform.vip.agent.core DEBUG: address: inproc://vip
2017-07-24 17:26:44,325 () volttron.platform.vip.agent.core DEBUG: identity: control
2017-07-24 17:26:44,325 () volttron.platform.vip.agent.core DEBUG: agent_uuid: None
2017-07-24 17:26:44,325 () volttron.platform.vip.agent.core DEBUG: serverkey: None
2017-07-24 17:26:44,328 () volttron.platform.agent.utils DEBUG: missing file /home/volttron/.volttron79/keystores/pubsub.compat/keystore.json
2017-07-24 17:26:44,328 () volttron.platform.agent.utils INFO: creating file /home/volttron/.volttron79/keystores/pubsub.compat/keystore.json
2017-07-24 17:26:44,331 () volttron.platform.vip.agent.core DEBUG: address: inproc://vip
2017-07-24 17:26:44,331 () volttron.platform.vip.agent.core DEBUG: identity: pubsub.compat
2017-07-24 17:26:44,331 () volttron.platform.vip.agent.core DEBUG: agent_uuid: None
2017-07-24 17:26:44,331 () volttron.platform.vip.agent.core DEBUG: serverkey: None
2017-07-24 17:26:44,332 () volttron.platform.agent.utils DEBUG: missing file /home/volttron/.volttron79/keystores/master.web/keystore.json
2017-07-24 17:26:44,332 () volttron.platform.agent.utils INFO: creating file /home/volttron/.volttron79/keystores/master.web/keystore.json
2017-07-24 17:26:44,334 () volttron.platform.vip.agent.core DEBUG: address: inproc://vip
2017-07-24 17:26:44,334 () volttron.platform.vip.agent.core DEBUG: identity: master.web
2017-07-24 17:26:44,334 () volttron.platform.vip.agent.core DEBUG: agent_uuid: None
2017-07-24 17:26:44,335 () volttron.platform.vip.agent.core DEBUG: serverkey: None
2017-07-24 17:26:44,341 () volttron.platform.agent.utils DEBUG: missing file /home/volttron/.volttron79/keystores/keydiscovery/keystore.json
2017-07-24 17:26:44,341 () volttron.platform.agent.utils INFO: creating file /home/volttron/.volttron79/keystores/keydiscovery/keystore.json
2017-07-24 17:26:44,343 () volttron.platform.vip.agent.core DEBUG: address: inproc://vip
2017-07-24 17:26:44,343 () volttron.platform.vip.agent.core DEBUG: identity: keydiscovery
2017-07-24 17:26:44,343 () volttron.platform.vip.agent.core DEBUG: agent_uuid: None
2017-07-24 17:26:44,344 () volttron.platform.vip.agent.core DEBUG: serverkey: None
2017-07-24 17:26:44,354 () volttron.platform.vip.pubsubservice DEBUG: PUBSUBSERVICE peer add control
2017-07-24 17:26:44,357 () volttron.platform.vip.agent.core INFO: Connected to platform: router: 627ecbbb-b4f3-4460-a2aa-200faf98766a version: 1.0 identity: control
2017-07-24 17:26:44,357 () volttron.platform.vip.agent.core DEBUG: Running onstart methods.
2017-07-24 17:26:44,360 () volttron.platform.vip.pubsubservice DEBUG: PUBSUBSERVICE peer add keydiscovery
2017-07-24 17:26:44,363 () volttron.platform.vip.agent.core INFO: Connected to platform: router: 627ecbbb-b4f3-4460-a2aa-200faf98766a version: 1.0 identity: keydiscovery
2017-07-24 17:26:44,363 () volttron.platform.vip.agent.core DEBUG: Running onstart methods.
2017-07-24 17:26:44,364 () volttron.platform.vip.keydiscovery ERROR: Error opening file /home/volttron/.volttron79/external_address.json
2017-07-24 17:26:44,366 () volttron.platform.vip.pubsubservice DEBUG: PUBSUBSERVICE peer add pubsub.compat
2017-07-24 17:26:44,371 () volttron.platform.vip.agent.core INFO: Connected to platform: router: 627ecbbb-b4f3-4460-a2aa-200faf98766a version: 1.0 identity: pubsub.compat
2017-07-24 17:26:44,372 () volttron.platform.vip.agent.core DEBUG: Running onstart methods.
2017-07-24 17:26:44,374 () volttron.platform.vip.pubsubservice DEBUG: PUBSUBSERVICE peer add master.web
2017-07-24 17:26:44,376 () volttron.platform.vip.agent.core INFO: Connected to platform: router: 627ecbbb-b4f3-4460-a2aa-200faf98766a version: 1.0 identity: master.web
2017-07-24 17:26:44,376 () volttron.platform.vip.agent.core DEBUG: Running onstart methods.
2017-07-24 17:26:44,378 () volttron.platform.web INFO: Starting web server binding to 127.0.0.79:8080.
2017-07-24 17:26:44,400 () volttron.platform.vip.agent.subsystems.configstore DEBUG: Processing callbacks for affected files: {}
2017-07-24 17:27:19,917 () volttron.platform.auth INFO: loading auth file /home/volttron/.volttron79/auth.json
2017-07-24 17:27:19,919 () volttron.platform.auth INFO: auth file /home/volttron/.volttron79/auth.json loaded
2017-07-24 17:27:19,923 () volttron.platform.auth DEBUG: AUTH new capabilities update: {'761542ed-894d-4bf0-8924-e0b4640b9949': [], 'platform': []}
2017-07-24 17:42:28,798 () volttron.platform.auth INFO: loading auth file /home/volttron/.volttron79/auth.json
2017-07-24 17:42:29,122 () volttron.platform.auth INFO: auth file /home/volttron/.volttron79/auth.json loaded
2017-07-24 17:42:29,281 () volttron.platform.auth DEBUG: AUTH new capabilities update: {'761542ed-894d-4bf0-8924-e0b4640b9949': [], 'platform': []}
2017-07-24 17:42:32,812 () volttron.platform.web DEBUG: PATH IS: /discovery/
2017-07-24 17:42:32,812 () volttron.platform.web DEBUG: Peer we path_info is associated with: None
2017-07-24 17:42:32,814 () volttron.platform.web DEBUG: MATCHED:
pattern: ^/discovery/$, path_info: /discovery/
 v: <bound method MasterWebService._get_discovery of <volttron.platform.web.MasterWebService object at 0x7fa7c817c190>>
2017-07-24 17:42:32,814 () volttron.platform.web DEBUG: registered route t is: callable
2017-07-24 17:42:32,897 () volttron.platform.auth INFO: authentication success: domain='vip', address='127.0.0.1', mechanism='CURVE', credentials=['TCMNFHwXpXpqFp-XwbNSJgCnYn30ra7oXZB8veV4WUk'], user_id='761542ed-894d-4bf0-8924-e0b4640b9949'
2017-07-24 17:42:32,902 () volttron.platform.vip.pubsubservice DEBUG: PUBSUBSERVICE peer add platform79-0.577557349589
2017-07-24 17:42:32,904 () volttron.platform.vip.routingservice DEBUG: HELLO Recieved hello, sending welcome to platform1
2017-07-24 17:42:32,904 () volttron.platform.vip.routingservice DEBUG: Sending welcome message to sender platform1
2017-07-24 17:42:32,905 () volttron.platform.vip.routingservice DEBUG: Key error for platform platform1
2017-07-24 17:42:32,905 () volttron.platform.vip.pubsubservice DEBUG: PUBSUBSERVICE external_list
2017-07-24 17:42:32,906 () volttron.platform.vip.pubsubservice DEBUG: PUBSUBSERVICE external_subscriptions from external platforms: platform79-0.577557349589
2017-07-24 17:42:32,907 () volttron.platform.vip.pubsubservice DEBUG: PUBSUBSERVICE New external list from platform1: List: defaultdict(<type 'set'>, {'platform1': []})
