2017-07-24 17:27:30,838 () volttron.platform.main DEBUG: open file resource limit increased from 1024 to 4096
2017-07-24 17:27:30,839 () volttron.platform.agent.utils DEBUG: missing file /home/volttron/.volttron80/keystore
2017-07-24 17:27:30,839 () volttron.platform.agent.utils INFO: creating file /home/volttron/.volttron80/keystore
2017-07-24 17:27:30,840 () volttron.platform.main DEBUG: using key-store file /home/volttron/.volttron80/keystore
2017-07-24 17:27:30,841 () volttron.platform.main INFO: public key: aF1C-65afzftowiU9YuwaTs8XMayr1JVthg83snpvH8
2017-07-24 17:27:30,841 () volttron.platform.agent.utils DEBUG: missing file /home/volttron/.volttron80/auth.json
2017-07-24 17:27:30,841 () volttron.platform.agent.utils INFO: creating file /home/volttron/.volttron80/auth.json
2017-07-24 17:27:30,841 () volttron.platform.auth INFO: Created backup of /home/volttron/.volttron80/auth.json at /home/volttron/.volttron80/auth.json.efc38f75-7d06-4da8-8b25-1f91b834c9e0.bak
2017-07-24 17:27:30,842 () volttron.platform.agent.utils DEBUG: missing file /home/volttron/.volttron80/known_hosts
2017-07-24 17:27:30,842 () volttron.platform.agent.utils INFO: creating file /home/volttron/.volttron80/known_hosts
2017-07-24 17:27:30,843 () volttron.platform.main DEBUG: protected topics file /home/volttron/.volttron80/protected_topics.json
2017-07-24 17:27:30,843 () volttron.platform.main DEBUG: external_address_file file /home/volttron/.volttron80/external_address.json
2017-07-24 17:27:30,843 () volttron.platform.agent.utils DEBUG: missing file /home/volttron/.volttron80/keystores/config.store/keystore.json
2017-07-24 17:27:30,843 () volttron.platform.agent.utils INFO: creating file /home/volttron/.volttron80/keystores/config.store/keystore.json
2017-07-24 17:27:30,845 () volttron.platform.vip.agent.core DEBUG: address: inproc://vip
2017-07-24 17:27:30,845 () volttron.platform.vip.agent.core DEBUG: identity: config.store
2017-07-24 17:27:30,845 () volttron.platform.vip.agent.core DEBUG: agent_uuid: None
2017-07-24 17:27:30,845 () volttron.platform.vip.agent.core DEBUG: serverkey: None
2017-07-24 17:27:30,847 () volttron.platform.store INFO: Initializing configuration store service.
2017-07-24 17:27:30,849 () volttron.platform.agent.utils DEBUG: missing file /home/volttron/.volttron80/keystores/platform.auth/keystore.json
2017-07-24 17:27:30,849 () volttron.platform.agent.utils INFO: creating file /home/volttron/.volttron80/keystores/platform.auth/keystore.json
2017-07-24 17:27:30,851 () volttron.platform.vip.agent.core DEBUG: address: inproc://vip
2017-07-24 17:27:30,851 () volttron.platform.vip.agent.core DEBUG: identity: platform.auth
2017-07-24 17:27:30,851 () volttron.platform.vip.agent.core DEBUG: agent_uuid: None
2017-07-24 17:27:30,851 () volttron.platform.vip.agent.core DEBUG: serverkey: None
2017-07-24 17:27:30,853 () volttron.platform.auth INFO: loading auth file /home/volttron/.volttron80/auth.json
2017-07-24 17:27:30,853 () volttron.platform.auth INFO: auth file /home/volttron/.volttron80/auth.json loaded
2017-07-24 17:27:30,853 () volttron.platform.agent.utils DEBUG: missing file /home/volttron/.volttron80/protected_topics.json
2017-07-24 17:27:30,854 () volttron.platform.agent.utils INFO: creating file /home/volttron/.volttron80/protected_topics.json
2017-07-24 17:27:30,857 () volttron.platform.main DEBUG: MAIN: protected topics content {}
2017-07-24 17:27:30,859 () volttron.platform.main DEBUG: In-process VIP router bound to inproc://vip
2017-07-24 17:27:30,860 () volttron.platform.main DEBUG: Local VIP router bound to ipc://@/home/volttron/.volttron80/run/vip.socket?secretkey=XXXXX&domain=vip&server=CURVE#0dcdd7ed-1455-48ab-b3fd-a5a370120f84
2017-07-24 17:27:30,860 () volttron.platform.main DEBUG: Additional VIP router bound to tcp://127.0.0.80:22916?secretkey=XXXXX&domain=vip&server=CURVE#0dcdd7ed-1455-48ab-b3fd-a5a370120f84
2017-07-24 17:27:30,860 () volttron.platform.vip.pubsubservice INFO: protected-topics loaded
2017-07-24 17:27:30,860 () volttron.platform.vip.externalrpcservice DEBUG: ExternalRPCService
2017-07-24 17:27:30,861 () volttron.platform.main DEBUG: ZMQ version: 4.1.5
2017-07-24 17:27:30,861 () volttron.platform.vip.pubsubservice DEBUG: PUBSUBSERVICE peer add config.store
2017-07-24 17:27:30,862 () volttron.platform.vip.pubsubservice DEBUG: PUBSUBSERVICE peer add platform.auth
2017-07-24 17:27:30,864 () volttron.platform.vip.agent.core INFO: Connected to platform: router: 0dcdd7ed-1455-48ab-b3fd-a5a370120f84 version: 1.0 identity: config.store
2017-07-24 17:27:30,865 () volttron.platform.vip.agent.core DEBUG: Running onstart methods.
2017-07-24 17:27:30,867 () volttron.platform.vip.agent.core INFO: Connected to platform: router: 0dcdd7ed-1455-48ab-b3fd-a5a370120f84 version: 1.0 identity: platform.auth
2017-07-24 17:27:30,868 () volttron.platform.vip.agent.core DEBUG: Running onstart methods.
2017-07-24 17:27:30,874 () volttron.platform.vip.agent.subsystems.configstore DEBUG: Processing callbacks for affected files: {}
2017-07-24 17:27:30,974 () volttron.platform.main DEBUG: protected topics file /home/volttron/.volttron80/protected_topics.json
2017-07-24 17:27:30,974 () volttron.platform.main DEBUG: external_address_file file /home/volttron/.volttron80/external_address.json
2017-07-24 17:27:30,975 () volttron.platform.agent.utils DEBUG: missing file /home/volttron/.volttron80/keystores/control/keystore.json
2017-07-24 17:27:30,975 () volttron.platform.agent.utils INFO: creating file /home/volttron/.volttron80/keystores/control/keystore.json
2017-07-24 17:27:30,978 () volttron.platform.vip.agent.core DEBUG: address: inproc://vip
2017-07-24 17:27:30,978 () volttron.platform.vip.agent.core DEBUG: identity: control
2017-07-24 17:27:30,978 () volttron.platform.vip.agent.core DEBUG: agent_uuid: None
2017-07-24 17:27:30,978 () volttron.platform.vip.agent.core DEBUG: serverkey: None
2017-07-24 17:27:30,980 () volttron.platform.agent.utils DEBUG: missing file /home/volttron/.volttron80/keystores/pubsub.compat/keystore.json
2017-07-24 17:27:30,980 () volttron.platform.agent.utils INFO: creating file /home/volttron/.volttron80/keystores/pubsub.compat/keystore.json
2017-07-24 17:27:30,982 () volttron.platform.vip.agent.core DEBUG: address: inproc://vip
2017-07-24 17:27:30,983 () volttron.platform.vip.agent.core DEBUG: identity: pubsub.compat
2017-07-24 17:27:30,983 () volttron.platform.vip.agent.core DEBUG: agent_uuid: None
2017-07-24 17:27:30,983 () volttron.platform.vip.agent.core DEBUG: serverkey: None
2017-07-24 17:27:30,984 () volttron.platform.agent.utils DEBUG: missing file /home/volttron/.volttron80/keystores/master.web/keystore.json
2017-07-24 17:27:30,984 () volttron.platform.agent.utils INFO: creating file /home/volttron/.volttron80/keystores/master.web/keystore.json
2017-07-24 17:27:30,986 () volttron.platform.vip.agent.core DEBUG: address: inproc://vip
2017-07-24 17:27:30,987 () volttron.platform.vip.agent.core DEBUG: identity: master.web
2017-07-24 17:27:30,987 () volttron.platform.vip.agent.core DEBUG: agent_uuid: None
2017-07-24 17:27:30,987 () volttron.platform.vip.agent.core DEBUG: serverkey: None
2017-07-24 17:27:30,992 () volttron.platform.agent.utils DEBUG: missing file /home/volttron/.volttron80/keystores/keydiscovery/keystore.json
2017-07-24 17:27:30,993 () volttron.platform.agent.utils INFO: creating file /home/volttron/.volttron80/keystores/keydiscovery/keystore.json
2017-07-24 17:27:30,995 () volttron.platform.vip.agent.core DEBUG: address: inproc://vip
2017-07-24 17:27:30,995 () volttron.platform.vip.agent.core DEBUG: identity: keydiscovery
2017-07-24 17:27:30,995 () volttron.platform.vip.agent.core DEBUG: agent_uuid: None
2017-07-24 17:27:30,995 () volttron.platform.vip.agent.core DEBUG: serverkey: None
2017-07-24 17:27:31,003 () volttron.platform.vip.pubsubservice DEBUG: PUBSUBSERVICE peer add control
2017-07-24 17:27:31,007 () volttron.platform.vip.pubsubservice DEBUG: PUBSUBSERVICE peer add pubsub.compat
2017-07-24 17:27:31,008 () volttron.platform.vip.pubsubservice DEBUG: PUBSUBSERVICE peer add keydiscovery
2017-07-24 17:27:31,010 () volttron.platform.vip.agent.core INFO: Connected to platform: router: 0dcdd7ed-1455-48ab-b3fd-a5a370120f84 version: 1.0 identity: control
2017-07-24 17:27:31,010 () volttron.platform.vip.agent.core DEBUG: Running onstart methods.
2017-07-24 17:27:31,012 () volttron.platform.vip.pubsubservice DEBUG: PUBSUBSERVICE peer add master.web
2017-07-24 17:27:31,021 () volttron.platform.vip.agent.core INFO: Connected to platform: router: 0dcdd7ed-1455-48ab-b3fd-a5a370120f84 version: 1.0 identity: master.web
2017-07-24 17:27:31,021 () volttron.platform.vip.agent.core DEBUG: Running onstart methods.
2017-07-24 17:27:31,023 () volttron.platform.vip.agent.core INFO: Connected to platform: router: 0dcdd7ed-1455-48ab-b3fd-a5a370120f84 version: 1.0 identity: keydiscovery
2017-07-24 17:27:31,023 () volttron.platform.vip.agent.core DEBUG: Running onstart methods.
2017-07-24 17:27:31,026 () volttron.platform.vip.agent.core INFO: Connected to platform: router: 0dcdd7ed-1455-48ab-b3fd-a5a370120f84 version: 1.0 identity: pubsub.compat
2017-07-24 17:27:31,026 () volttron.platform.vip.agent.core DEBUG: Running onstart methods.
2017-07-24 17:27:31,029 () volttron.platform.web INFO: Starting web server binding to 127.0.0.80:8080.
2017-07-24 17:27:31,030 () volttron.platform.vip.keydiscovery ERROR: Error opening file /home/volttron/.volttron80/external_address.json
2017-07-24 17:27:31,044 () volttron.platform.vip.agent.subsystems.configstore DEBUG: Processing callbacks for affected files: {}
2017-07-24 17:27:41,295 () volttron.platform.auth INFO: loading auth file /home/volttron/.volttron80/auth.json
2017-07-24 17:27:41,297 () volttron.platform.auth INFO: auth file /home/volttron/.volttron80/auth.json loaded
2017-07-24 17:27:41,300 () volttron.platform.auth DEBUG: AUTH new capabilities update: {'platform': [], 'f3d4428f-ffe1-47bb-8223-b3c0838c95a7': []}
2017-07-24 17:42:29,466 () volttron.platform.auth INFO: loading auth file /home/volttron/.volttron80/auth.json
2017-07-24 17:42:29,866 () volttron.platform.auth INFO: auth file /home/volttron/.volttron80/auth.json loaded
2017-07-24 17:42:30,154 () volttron.platform.auth DEBUG: AUTH new capabilities update: {'platform': [], 'f3d4428f-ffe1-47bb-8223-b3c0838c95a7': []}
2017-07-24 17:42:31,816 () volttron.platform.web DEBUG: PATH IS: /discovery/
2017-07-24 17:42:31,816 () volttron.platform.web DEBUG: Peer we path_info is associated with: None
2017-07-24 17:42:31,817 () volttron.platform.web DEBUG: MATCHED:
pattern: ^/discovery/$, path_info: /discovery/
 v: <bound method MasterWebService._get_discovery of <volttron.platform.web.MasterWebService object at 0x7f717db16190>>
2017-07-24 17:42:31,817 () volttron.platform.web DEBUG: registered route t is: callable
2017-07-24 17:42:31,902 () volttron.platform.auth INFO: authentication success: domain='vip', address='127.0.0.1', mechanism='CURVE', credentials=['TCMNFHwXpXpqFp-XwbNSJgCnYn30ra7oXZB8veV4WUk'], user_id='f3d4428f-ffe1-47bb-8223-b3c0838c95a7'
2017-07-24 17:42:31,915 () volttron.platform.vip.pubsubservice DEBUG: PUBSUBSERVICE peer add platform80-0.638680544529
2017-07-24 17:42:31,922 () volttron.platform.vip.routingservice DEBUG: HELLO Recieved hello, sending welcome to platform1
2017-07-24 17:42:31,923 () volttron.platform.vip.routingservice DEBUG: Sending welcome message to sender platform1
2017-07-24 17:42:31,923 () volttron.platform.vip.routingservice DEBUG: Key error for platform platform1
2017-07-24 17:42:31,923 () volttron.platform.vip.pubsubservice DEBUG: PUBSUBSERVICE external_list
2017-07-24 17:42:31,924 () volttron.platform.vip.pubsubservice DEBUG: PUBSUBSERVICE external_subscriptions from external platforms: platform80-0.638680544529
2017-07-24 17:42:31,924 () volttron.platform.vip.pubsubservice DEBUG: PUBSUBSERVICE New external list from platform1: List: defaultdict(<type 'set'>, {'platform1': []})
