2017-07-24 17:27:50,903 () volttron.platform.main DEBUG: open file resource limit increased from 1024 to 4096
2017-07-24 17:27:50,903 () volttron.platform.agent.utils DEBUG: missing file /home/volttron/.volttron81/keystore
2017-07-24 17:27:50,903 () volttron.platform.agent.utils INFO: creating file /home/volttron/.volttron81/keystore
2017-07-24 17:27:50,904 () volttron.platform.main DEBUG: using key-store file /home/volttron/.volttron81/keystore
2017-07-24 17:27:50,905 () volttron.platform.main INFO: public key: pm9073hYSKDuVhFgTUlgcotLTYvfZyENjgQMNqqo5XM
2017-07-24 17:27:50,905 () volttron.platform.agent.utils DEBUG: missing file /home/volttron/.volttron81/auth.json
2017-07-24 17:27:50,905 () volttron.platform.agent.utils INFO: creating file /home/volttron/.volttron81/auth.json
2017-07-24 17:27:50,905 () volttron.platform.auth INFO: Created backup of /home/volttron/.volttron81/auth.json at /home/volttron/.volttron81/auth.json.9f5b980c-98db-4599-9628-9f1e290dc344.bak
2017-07-24 17:27:50,906 () volttron.platform.agent.utils DEBUG: missing file /home/volttron/.volttron81/known_hosts
2017-07-24 17:27:50,906 () volttron.platform.agent.utils INFO: creating file /home/volttron/.volttron81/known_hosts
2017-07-24 17:27:50,907 () volttron.platform.main DEBUG: protected topics file /home/volttron/.volttron81/protected_topics.json
2017-07-24 17:27:50,907 () volttron.platform.main DEBUG: external_address_file file /home/volttron/.volttron81/external_address.json
2017-07-24 17:27:50,907 () volttron.platform.agent.utils DEBUG: missing file /home/volttron/.volttron81/keystores/config.store/keystore.json
2017-07-24 17:27:50,907 () volttron.platform.agent.utils INFO: creating file /home/volttron/.volttron81/keystores/config.store/keystore.json
2017-07-24 17:27:50,909 () volttron.platform.vip.agent.core DEBUG: address: inproc://vip
2017-07-24 17:27:50,909 () volttron.platform.vip.agent.core DEBUG: identity: config.store
2017-07-24 17:27:50,909 () volttron.platform.vip.agent.core DEBUG: agent_uuid: None
2017-07-24 17:27:50,909 () volttron.platform.vip.agent.core DEBUG: serverkey: None
2017-07-24 17:27:50,910 () volttron.platform.store INFO: Initializing configuration store service.
2017-07-24 17:27:50,912 () volttron.platform.agent.utils DEBUG: missing file /home/volttron/.volttron81/keystores/platform.auth/keystore.json
2017-07-24 17:27:50,912 () volttron.platform.agent.utils INFO: creating file /home/volttron/.volttron81/keystores/platform.auth/keystore.json
2017-07-24 17:27:50,913 () volttron.platform.vip.agent.core DEBUG: address: inproc://vip
2017-07-24 17:27:50,914 () volttron.platform.vip.agent.core DEBUG: identity: platform.auth
2017-07-24 17:27:50,914 () volttron.platform.vip.agent.core DEBUG: agent_uuid: None
2017-07-24 17:27:50,914 () volttron.platform.vip.agent.core DEBUG: serverkey: None
2017-07-24 17:27:50,915 () volttron.platform.auth INFO: loading auth file /home/volttron/.volttron81/auth.json
2017-07-24 17:27:50,915 () volttron.platform.auth INFO: auth file /home/volttron/.volttron81/auth.json loaded
2017-07-24 17:27:50,915 () volttron.platform.agent.utils DEBUG: missing file /home/volttron/.volttron81/protected_topics.json
2017-07-24 17:27:50,915 () volttron.platform.agent.utils INFO: creating file /home/volttron/.volttron81/protected_topics.json
2017-07-24 17:27:50,917 () volttron.platform.main DEBUG: MAIN: protected topics content {}
2017-07-24 17:27:50,918 () volttron.platform.main DEBUG: In-process VIP router bound to inproc://vip
2017-07-24 17:27:50,918 () volttron.platform.main DEBUG: Local VIP router bound to ipc://@/home/volttron/.volttron81/run/vip.socket?secretkey=XXXXX&domain=vip&server=CURVE#c571be75-b50d-4025-918b-6c33593f6b84
2017-07-24 17:27:50,919 () volttron.platform.main DEBUG: Additional VIP router bound to tcp://127.0.0.81:22916?secretkey=XXXXX&domain=vip&server=CURVE#c571be75-b50d-4025-918b-6c33593f6b84
2017-07-24 17:27:50,919 () volttron.platform.vip.pubsubservice INFO: protected-topics loaded
2017-07-24 17:27:50,919 () volttron.platform.vip.externalrpcservice DEBUG: ExternalRPCService
2017-07-24 17:27:50,919 () volttron.platform.main DEBUG: ZMQ version: 4.1.5
2017-07-24 17:27:50,920 () volttron.platform.vip.pubsubservice DEBUG: PUBSUBSERVICE peer add config.store
2017-07-24 17:27:50,921 () volttron.platform.vip.agent.core INFO: Connected to platform: router: c571be75-b50d-4025-918b-6c33593f6b84 version: 1.0 identity: config.store
2017-07-24 17:27:50,921 () volttron.platform.vip.agent.core DEBUG: Running onstart methods.
2017-07-24 17:27:50,922 () volttron.platform.vip.pubsubservice DEBUG: PUBSUBSERVICE peer add platform.auth
2017-07-24 17:27:50,927 () volttron.platform.vip.agent.core INFO: Connected to platform: router: c571be75-b50d-4025-918b-6c33593f6b84 version: 1.0 identity: platform.auth
2017-07-24 17:27:50,927 () volttron.platform.vip.agent.core DEBUG: Running onstart methods.
2017-07-24 17:27:50,932 () volttron.platform.vip.agent.subsystems.configstore DEBUG: Processing callbacks for affected files: {}
2017-07-24 17:27:51,034 () volttron.platform.main DEBUG: protected topics file /home/volttron/.volttron81/protected_topics.json
2017-07-24 17:27:51,034 () volttron.platform.main DEBUG: external_address_file file /home/volttron/.volttron81/external_address.json
2017-07-24 17:27:51,035 () volttron.platform.agent.utils DEBUG: missing file /home/volttron/.volttron81/keystores/control/keystore.json
2017-07-24 17:27:51,035 () volttron.platform.agent.utils INFO: creating file /home/volttron/.volttron81/keystores/control/keystore.json
2017-07-24 17:27:51,037 () volttron.platform.vip.agent.core DEBUG: address: inproc://vip
2017-07-24 17:27:51,037 () volttron.platform.vip.agent.core DEBUG: identity: control
2017-07-24 17:27:51,037 () volttron.platform.vip.agent.core DEBUG: agent_uuid: None
2017-07-24 17:27:51,037 () volttron.platform.vip.agent.core DEBUG: serverkey: None
2017-07-24 17:27:51,039 () volttron.platform.agent.utils DEBUG: missing file /home/volttron/.volttron81/keystores/pubsub.compat/keystore.json
2017-07-24 17:27:51,039 () volttron.platform.agent.utils INFO: creating file /home/volttron/.volttron81/keystores/pubsub.compat/keystore.json
2017-07-24 17:27:51,041 () volttron.platform.vip.agent.core DEBUG: address: inproc://vip
2017-07-24 17:27:51,042 () volttron.platform.vip.agent.core DEBUG: identity: pubsub.compat
2017-07-24 17:27:51,042 () volttron.platform.vip.agent.core DEBUG: agent_uuid: None
2017-07-24 17:27:51,042 () volttron.platform.vip.agent.core DEBUG: serverkey: None
2017-07-24 17:27:51,043 () volttron.platform.agent.utils DEBUG: missing file /home/volttron/.volttron81/keystores/master.web/keystore.json
2017-07-24 17:27:51,043 () volttron.platform.agent.utils INFO: creating file /home/volttron/.volttron81/keystores/master.web/keystore.json
2017-07-24 17:27:51,045 () volttron.platform.vip.agent.core DEBUG: address: inproc://vip
2017-07-24 17:27:51,045 () volttron.platform.vip.agent.core DEBUG: identity: master.web
2017-07-24 17:27:51,045 () volttron.platform.vip.agent.core DEBUG: agent_uuid: None
2017-07-24 17:27:51,045 () volttron.platform.vip.agent.core DEBUG: serverkey: None
2017-07-24 17:27:51,052 () volttron.platform.agent.utils DEBUG: missing file /home/volttron/.volttron81/keystores/keydiscovery/keystore.json
2017-07-24 17:27:51,052 () volttron.platform.agent.utils INFO: creating file /home/volttron/.volttron81/keystores/keydiscovery/keystore.json
2017-07-24 17:27:51,054 () volttron.platform.vip.agent.core DEBUG: address: inproc://vip
2017-07-24 17:27:51,054 () volttron.platform.vip.agent.core DEBUG: identity: keydiscovery
2017-07-24 17:27:51,055 () volttron.platform.vip.agent.core DEBUG: agent_uuid: None
2017-07-24 17:27:51,055 () volttron.platform.vip.agent.core DEBUG: serverkey: None
2017-07-24 17:27:51,062 () volttron.platform.vip.pubsubservice DEBUG: PUBSUBSERVICE peer add control
2017-07-24 17:27:51,064 () volttron.platform.vip.pubsubservice DEBUG: PUBSUBSERVICE peer add pubsub.compat
2017-07-24 17:27:51,068 () volttron.platform.vip.pubsubservice DEBUG: PUBSUBSERVICE peer add master.web
2017-07-24 17:27:51,070 () volttron.platform.vip.pubsubservice DEBUG: PUBSUBSERVICE peer add keydiscovery
2017-07-24 17:27:51,073 () volttron.platform.vip.agent.core INFO: Connected to platform: router: c571be75-b50d-4025-918b-6c33593f6b84 version: 1.0 identity: keydiscovery
2017-07-24 17:27:51,073 () volttron.platform.vip.agent.core DEBUG: Running onstart methods.
2017-07-24 17:27:51,074 () volttron.platform.vip.keydiscovery ERROR: Error opening file /home/volttron/.volttron81/external_address.json
2017-07-24 17:27:51,077 () volttron.platform.vip.agent.core INFO: Connected to platform: router: c571be75-b50d-4025-918b-6c33593f6b84 version: 1.0 identity: master.web
2017-07-24 17:27:51,077 () volttron.platform.vip.agent.core DEBUG: Running onstart methods.
2017-07-24 17:27:51,080 () volttron.platform.vip.agent.core INFO: Connected to platform: router: c571be75-b50d-4025-918b-6c33593f6b84 version: 1.0 identity: pubsub.compat
2017-07-24 17:27:51,080 () volttron.platform.vip.agent.core DEBUG: Running onstart methods.
2017-07-24 17:27:51,083 () volttron.platform.vip.agent.core INFO: Connected to platform: router: c571be75-b50d-4025-918b-6c33593f6b84 version: 1.0 identity: control
2017-07-24 17:27:51,084 () volttron.platform.vip.agent.core DEBUG: Running onstart methods.
2017-07-24 17:27:51,089 () volttron.platform.web INFO: Starting web server binding to 127.0.0.81:8080.
2017-07-24 17:27:51,109 () volttron.platform.vip.agent.subsystems.configstore DEBUG: Processing callbacks for affected files: {}
2017-07-24 17:27:59,789 () volttron.platform.auth INFO: loading auth file /home/volttron/.volttron81/auth.json
2017-07-24 17:27:59,790 () volttron.platform.auth INFO: auth file /home/volttron/.volttron81/auth.json loaded
2017-07-24 17:27:59,793 () volttron.platform.auth DEBUG: AUTH new capabilities update: {}
2017-07-24 17:27:59,800 () volttron.platform.auth INFO: loading auth file /home/volttron/.volttron81/auth.json
2017-07-24 17:27:59,801 () volttron.platform.auth INFO: auth file /home/volttron/.volttron81/auth.json loaded
2017-07-24 17:27:59,826 () volttron.platform.auth DEBUG: AUTH new capabilities update: {'platform': [], 'a4458963-cbf3-410f-beda-3ddbd326d6aa': []}
2017-07-24 17:42:29,187 () volttron.platform.auth INFO: loading auth file /home/volttron/.volttron81/auth.json
2017-07-24 17:42:29,574 () volttron.platform.auth INFO: auth file /home/volttron/.volttron81/auth.json loaded
2017-07-24 17:42:29,819 () volttron.platform.auth DEBUG: AUTH new capabilities update: {'platform': [], 'a4458963-cbf3-410f-beda-3ddbd326d6aa': []}
2017-07-24 17:42:31,666 () volttron.platform.web DEBUG: PATH IS: /discovery/
2017-07-24 17:42:31,666 () volttron.platform.web DEBUG: Peer we path_info is associated with: None
2017-07-24 17:42:31,667 () volttron.platform.web DEBUG: MATCHED:
pattern: ^/discovery/$, path_info: /discovery/
 v: <bound method MasterWebService._get_discovery of <volttron.platform.web.MasterWebService object at 0x7f83380b2210>>
2017-07-24 17:42:31,668 () volttron.platform.web DEBUG: registered route t is: callable
2017-07-24 17:42:31,744 () volttron.platform.auth INFO: authentication success: domain='vip', address='127.0.0.1', mechanism='CURVE', credentials=['TCMNFHwXpXpqFp-XwbNSJgCnYn30ra7oXZB8veV4WUk'], user_id='a4458963-cbf3-410f-beda-3ddbd326d6aa'
2017-07-24 17:42:31,749 () volttron.platform.vip.pubsubservice DEBUG: PUBSUBSERVICE peer add platform81-0.850841837225
2017-07-24 17:42:31,762 () volttron.platform.vip.routingservice DEBUG: HELLO Recieved hello, sending welcome to platform1
2017-07-24 17:42:31,763 () volttron.platform.vip.routingservice DEBUG: Sending welcome message to sender platform1
2017-07-24 17:42:31,764 () volttron.platform.vip.routingservice DEBUG: Key error for platform platform1
2017-07-24 17:42:31,774 () volttron.platform.vip.pubsubservice DEBUG: PUBSUBSERVICE external_list
2017-07-24 17:42:31,775 () volttron.platform.vip.pubsubservice DEBUG: PUBSUBSERVICE external_subscriptions from external platforms: platform81-0.850841837225
2017-07-24 17:42:31,777 () volttron.platform.vip.pubsubservice DEBUG: PUBSUBSERVICE New external list from platform1: List: defaultdict(<type 'set'>, {'platform1': []})
2017-07-24 17:43:15,628 () volttron.platform.auth INFO: authentication success: domain='vip', address='localhost:1000:1000:1065', mechanism='CURVE', credentials=['pm9073hYSKDuVhFgTUlgcotLTYvfZyENjgQMNqqo5XM'], user_id='platform'
2017-07-24 17:43:15,631 () volttron.platform.vip.pubsubservice DEBUG: PUBSUBSERVICE peer add control.connection
