2017-07-24 17:28:08,072 () volttron.platform.main DEBUG: open file resource limit increased from 1024 to 4096
2017-07-24 17:28:08,072 () volttron.platform.agent.utils DEBUG: missing file /home/volttron/.volttron82/keystore
2017-07-24 17:28:08,072 () volttron.platform.agent.utils INFO: creating file /home/volttron/.volttron82/keystore
2017-07-24 17:28:08,074 () volttron.platform.main DEBUG: using key-store file /home/volttron/.volttron82/keystore
2017-07-24 17:28:08,074 () volttron.platform.main INFO: public key: eMM5siOuy0unnB4nUkXHRUlbNYB8OtN4Q3-EVOGP3mQ
2017-07-24 17:28:08,075 () volttron.platform.agent.utils DEBUG: missing file /home/volttron/.volttron82/auth.json
2017-07-24 17:28:08,075 () volttron.platform.agent.utils INFO: creating file /home/volttron/.volttron82/auth.json
2017-07-24 17:28:08,075 () volttron.platform.auth INFO: Created backup of /home/volttron/.volttron82/auth.json at /home/volttron/.volttron82/auth.json.c8f1dd72-1fbc-4ceb-ae20-f497bbbd4ddd.bak
2017-07-24 17:28:08,076 () volttron.platform.agent.utils DEBUG: missing file /home/volttron/.volttron82/known_hosts
2017-07-24 17:28:08,076 () volttron.platform.agent.utils INFO: creating file /home/volttron/.volttron82/known_hosts
2017-07-24 17:28:08,077 () volttron.platform.main DEBUG: protected topics file /home/volttron/.volttron82/protected_topics.json
2017-07-24 17:28:08,077 () volttron.platform.main DEBUG: external_address_file file /home/volttron/.volttron82/external_address.json
2017-07-24 17:28:08,077 () volttron.platform.agent.utils DEBUG: missing file /home/volttron/.volttron82/keystores/config.store/keystore.json
2017-07-24 17:28:08,078 () volttron.platform.agent.utils INFO: creating file /home/volttron/.volttron82/keystores/config.store/keystore.json
2017-07-24 17:28:08,080 () volttron.platform.vip.agent.core DEBUG: address: inproc://vip
2017-07-24 17:28:08,080 () volttron.platform.vip.agent.core DEBUG: identity: config.store
2017-07-24 17:28:08,080 () volttron.platform.vip.agent.core DEBUG: agent_uuid: None
2017-07-24 17:28:08,080 () volttron.platform.vip.agent.core DEBUG: serverkey: None
2017-07-24 17:28:08,081 () volttron.platform.store INFO: Initializing configuration store service.
2017-07-24 17:28:08,083 () volttron.platform.agent.utils DEBUG: missing file /home/volttron/.volttron82/keystores/platform.auth/keystore.json
2017-07-24 17:28:08,083 () volttron.platform.agent.utils INFO: creating file /home/volttron/.volttron82/keystores/platform.auth/keystore.json
2017-07-24 17:28:08,084 () volttron.platform.vip.agent.core DEBUG: address: inproc://vip
2017-07-24 17:28:08,085 () volttron.platform.vip.agent.core DEBUG: identity: platform.auth
2017-07-24 17:28:08,085 () volttron.platform.vip.agent.core DEBUG: agent_uuid: None
2017-07-24 17:28:08,085 () volttron.platform.vip.agent.core DEBUG: serverkey: None
2017-07-24 17:28:08,086 () volttron.platform.auth INFO: loading auth file /home/volttron/.volttron82/auth.json
2017-07-24 17:28:08,087 () volttron.platform.auth INFO: auth file /home/volttron/.volttron82/auth.json loaded
2017-07-24 17:28:08,087 () volttron.platform.agent.utils DEBUG: missing file /home/volttron/.volttron82/protected_topics.json
2017-07-24 17:28:08,087 () volttron.platform.agent.utils INFO: creating file /home/volttron/.volttron82/protected_topics.json
2017-07-24 17:28:08,088 () volttron.platform.main DEBUG: MAIN: protected topics content {}
2017-07-24 17:28:08,090 () volttron.platform.main DEBUG: In-process VIP router bound to inproc://vip
2017-07-24 17:28:08,091 () volttron.platform.main DEBUG: Local VIP router bound to ipc://@/home/volttron/.volttron82/run/vip.socket?secretkey=XXXXX&domain=vip&server=CURVE#d1002440-8a6f-4de3-bd31-c705b7f9fb29
2017-07-24 17:28:08,091 () volttron.platform.main DEBUG: Additional VIP router bound to tcp://127.0.0.82:22916?secretkey=XXXXX&domain=vip&server=CURVE#d1002440-8a6f-4de3-bd31-c705b7f9fb29
2017-07-24 17:28:08,091 () volttron.platform.vip.pubsubservice INFO: protected-topics loaded
2017-07-24 17:28:08,091 () volttron.platform.vip.externalrpcservice DEBUG: ExternalRPCService
2017-07-24 17:28:08,091 () volttron.platform.main DEBUG: ZMQ version: 4.1.5
2017-07-24 17:28:08,092 () volttron.platform.vip.pubsubservice DEBUG: PUBSUBSERVICE peer add config.store
2017-07-24 17:28:08,093 () volttron.platform.vip.agent.core INFO: Connected to platform: router: d1002440-8a6f-4de3-bd31-c705b7f9fb29 version: 1.0 identity: config.store
2017-07-24 17:28:08,093 () volttron.platform.vip.agent.core DEBUG: Running onstart methods.
2017-07-24 17:28:08,094 () volttron.platform.vip.pubsubservice DEBUG: PUBSUBSERVICE peer add platform.auth
2017-07-24 17:28:08,095 () volttron.platform.vip.agent.core INFO: Connected to platform: router: d1002440-8a6f-4de3-bd31-c705b7f9fb29 version: 1.0 identity: platform.auth
2017-07-24 17:28:08,095 () volttron.platform.vip.agent.core DEBUG: Running onstart methods.
2017-07-24 17:28:08,102 () volttron.platform.vip.agent.subsystems.configstore DEBUG: Processing callbacks for affected files: {}
2017-07-24 17:28:08,228 () volttron.platform.main DEBUG: protected topics file /home/volttron/.volttron82/protected_topics.json
2017-07-24 17:28:08,228 () volttron.platform.main DEBUG: external_address_file file /home/volttron/.volttron82/external_address.json
2017-07-24 17:28:08,229 () volttron.platform.agent.utils DEBUG: missing file /home/volttron/.volttron82/keystores/control/keystore.json
2017-07-24 17:28:08,230 () volttron.platform.agent.utils INFO: creating file /home/volttron/.volttron82/keystores/control/keystore.json
2017-07-24 17:28:08,232 () volttron.platform.vip.agent.core DEBUG: address: inproc://vip
2017-07-24 17:28:08,233 () volttron.platform.vip.agent.core DEBUG: identity: control
2017-07-24 17:28:08,233 () volttron.platform.vip.agent.core DEBUG: agent_uuid: None
2017-07-24 17:28:08,233 () volttron.platform.vip.agent.core DEBUG: serverkey: None
2017-07-24 17:28:08,235 () volttron.platform.agent.utils DEBUG: missing file /home/volttron/.volttron82/keystores/pubsub.compat/keystore.json
2017-07-24 17:28:08,235 () volttron.platform.agent.utils INFO: creating file /home/volttron/.volttron82/keystores/pubsub.compat/keystore.json
2017-07-24 17:28:08,238 () volttron.platform.vip.agent.core DEBUG: address: inproc://vip
2017-07-24 17:28:08,238 () volttron.platform.vip.agent.core DEBUG: identity: pubsub.compat
2017-07-24 17:28:08,238 () volttron.platform.vip.agent.core DEBUG: agent_uuid: None
2017-07-24 17:28:08,238 () volttron.platform.vip.agent.core DEBUG: serverkey: None
2017-07-24 17:28:08,240 () volttron.platform.agent.utils DEBUG: missing file /home/volttron/.volttron82/keystores/master.web/keystore.json
2017-07-24 17:28:08,240 () volttron.platform.agent.utils INFO: creating file /home/volttron/.volttron82/keystores/master.web/keystore.json
2017-07-24 17:28:08,244 () volttron.platform.vip.agent.core DEBUG: address: inproc://vip
2017-07-24 17:28:08,244 () volttron.platform.vip.agent.core DEBUG: identity: master.web
2017-07-24 17:28:08,244 () volttron.platform.vip.agent.core DEBUG: agent_uuid: None
2017-07-24 17:28:08,244 () volttron.platform.vip.agent.core DEBUG: serverkey: None
2017-07-24 17:28:08,254 () volttron.platform.agent.utils DEBUG: missing file /home/volttron/.volttron82/keystores/keydiscovery/keystore.json
2017-07-24 17:28:08,254 () volttron.platform.agent.utils INFO: creating file /home/volttron/.volttron82/keystores/keydiscovery/keystore.json
2017-07-24 17:28:08,256 () volttron.platform.vip.agent.core DEBUG: address: inproc://vip
2017-07-24 17:28:08,256 () volttron.platform.vip.agent.core DEBUG: identity: keydiscovery
2017-07-24 17:28:08,257 () volttron.platform.vip.agent.core DEBUG: agent_uuid: None
2017-07-24 17:28:08,257 () volttron.platform.vip.agent.core DEBUG: serverkey: None
2017-07-24 17:28:08,264 () volttron.platform.vip.pubsubservice DEBUG: PUBSUBSERVICE peer add control
2017-07-24 17:28:08,265 () volttron.platform.vip.pubsubservice DEBUG: PUBSUBSERVICE peer add pubsub.compat
2017-07-24 17:28:08,267 () volttron.platform.vip.pubsubservice DEBUG: PUBSUBSERVICE peer add master.web
2017-07-24 17:28:08,269 () volttron.platform.vip.agent.core INFO: Connected to platform: router: d1002440-8a6f-4de3-bd31-c705b7f9fb29 version: 1.0 identity: master.web
2017-07-24 17:28:08,269 () volttron.platform.vip.agent.core DEBUG: Running onstart methods.
2017-07-24 17:28:08,271 () volttron.platform.vip.pubsubservice DEBUG: PUBSUBSERVICE peer add keydiscovery
2017-07-24 17:28:08,272 () volttron.platform.web INFO: Starting web server binding to 127.0.0.82:8080.
2017-07-24 17:28:08,291 () volttron.platform.vip.agent.core INFO: Connected to platform: router: d1002440-8a6f-4de3-bd31-c705b7f9fb29 version: 1.0 identity: keydiscovery
2017-07-24 17:28:08,291 () volttron.platform.vip.agent.core DEBUG: Running onstart methods.
2017-07-24 17:28:08,295 () volttron.platform.vip.agent.core INFO: Connected to platform: router: d1002440-8a6f-4de3-bd31-c705b7f9fb29 version: 1.0 identity: pubsub.compat
2017-07-24 17:28:08,295 () volttron.platform.vip.agent.core DEBUG: Running onstart methods.
2017-07-24 17:28:08,299 () volttron.platform.vip.agent.core INFO: Connected to platform: router: d1002440-8a6f-4de3-bd31-c705b7f9fb29 version: 1.0 identity: control
2017-07-24 17:28:08,300 () volttron.platform.vip.agent.core DEBUG: Running onstart methods.
2017-07-24 17:28:08,312 () volttron.platform.vip.keydiscovery ERROR: Error opening file /home/volttron/.volttron82/external_address.json
2017-07-24 17:28:08,328 () volttron.platform.vip.agent.subsystems.configstore DEBUG: Processing callbacks for affected files: {}
2017-07-24 17:28:17,252 () volttron.platform.auth INFO: loading auth file /home/volttron/.volttron82/auth.json
2017-07-24 17:28:17,252 () volttron.platform.auth INFO: auth file /home/volttron/.volttron82/auth.json loaded
2017-07-24 17:28:17,254 () volttron.platform.auth DEBUG: AUTH new capabilities update: {}
2017-07-24 17:28:17,259 () volttron.platform.auth INFO: loading auth file /home/volttron/.volttron82/auth.json
2017-07-24 17:28:17,260 () volttron.platform.auth INFO: auth file /home/volttron/.volttron82/auth.json loaded
2017-07-24 17:28:17,263 () volttron.platform.auth DEBUG: AUTH new capabilities update: {'platform': [], '023a8710-a735-47e0-b07d-fb5858583c85': []}
2017-07-24 17:42:09,527 () volttron.platform.web DEBUG: PATH IS: /discovery/
2017-07-24 17:42:09,527 () volttron.platform.web DEBUG: Peer we path_info is associated with: None
2017-07-24 17:42:09,527 () volttron.platform.web DEBUG: MATCHED:
pattern: ^/discovery/$, path_info: /discovery/
 v: <bound method MasterWebService._get_discovery of <volttron.platform.web.MasterWebService object at 0x7f80b002f1d0>>
2017-07-24 17:42:09,527 () volttron.platform.web DEBUG: registered route t is: callable
2017-07-24 17:42:09,706 () volttron.platform.auth INFO: authentication success: domain='vip', address='127.0.0.1', mechanism='CURVE', credentials=['TCMNFHwXpXpqFp-XwbNSJgCnYn30ra7oXZB8veV4WUk'], user_id='023a8710-a735-47e0-b07d-fb5858583c85'
2017-07-24 17:42:09,753 () volttron.platform.vip.pubsubservice DEBUG: PUBSUBSERVICE peer add platform82-0.408344324546
2017-07-24 17:42:09,753 () volttron.platform.vip.routingservice DEBUG: HELLO Recieved hello, sending welcome to platform1
2017-07-24 17:42:09,753 () volttron.platform.vip.routingservice DEBUG: Sending welcome message to sender platform1
2017-07-24 17:42:09,753 () volttron.platform.vip.routingservice DEBUG: Key error for platform platform1
2017-07-24 17:42:09,753 () volttron.platform.vip.pubsubservice DEBUG: PUBSUBSERVICE external_list
2017-07-24 17:42:09,754 () volttron.platform.vip.pubsubservice DEBUG: PUBSUBSERVICE external_subscriptions from external platforms: platform82-0.408344324546
2017-07-24 17:42:09,754 () volttron.platform.vip.pubsubservice DEBUG: PUBSUBSERVICE New external list from platform1: List: defaultdict(<type 'set'>, {'platform1': []})
2017-07-24 17:42:29,145 () volttron.platform.auth INFO: loading auth file /home/volttron/.volttron82/auth.json
2017-07-24 17:42:29,464 () volttron.platform.auth INFO: auth file /home/volttron/.volttron82/auth.json loaded
2017-07-24 17:42:29,702 () volttron.platform.auth DEBUG: AUTH new capabilities update: {'platform': [], '023a8710-a735-47e0-b07d-fb5858583c85': []}
