2017-07-24 17:29:25,217 () volttron.platform.main DEBUG: open file resource limit increased from 1024 to 4096
2017-07-24 17:29:25,217 () volttron.platform.agent.utils DEBUG: missing file /home/volttron/.volttron85/keystore
2017-07-24 17:29:25,217 () volttron.platform.agent.utils INFO: creating file /home/volttron/.volttron85/keystore
2017-07-24 17:29:25,218 () volttron.platform.main DEBUG: using key-store file /home/volttron/.volttron85/keystore
2017-07-24 17:29:25,219 () volttron.platform.main INFO: public key: Ms1Ce4iVBbZAJuswSCFh3Do-u-2P4jxqGmmV7rFQey0
2017-07-24 17:29:25,219 () volttron.platform.agent.utils DEBUG: missing file /home/volttron/.volttron85/auth.json
2017-07-24 17:29:25,219 () volttron.platform.agent.utils INFO: creating file /home/volttron/.volttron85/auth.json
2017-07-24 17:29:25,219 () volttron.platform.auth INFO: Created backup of /home/volttron/.volttron85/auth.json at /home/volttron/.volttron85/auth.json.db2e98e8-3eea-4774-9c5a-d31b5cd134e0.bak
2017-07-24 17:29:25,220 () volttron.platform.agent.utils DEBUG: missing file /home/volttron/.volttron85/known_hosts
2017-07-24 17:29:25,220 () volttron.platform.agent.utils INFO: creating file /home/volttron/.volttron85/known_hosts
2017-07-24 17:29:25,221 () volttron.platform.main DEBUG: protected topics file /home/volttron/.volttron85/protected_topics.json
2017-07-24 17:29:25,221 () volttron.platform.main DEBUG: external_address_file file /home/volttron/.volttron85/external_address.json
2017-07-24 17:29:25,221 () volttron.platform.agent.utils DEBUG: missing file /home/volttron/.volttron85/keystores/config.store/keystore.json
2017-07-24 17:29:25,221 () volttron.platform.agent.utils INFO: creating file /home/volttron/.volttron85/keystores/config.store/keystore.json
2017-07-24 17:29:25,223 () volttron.platform.vip.agent.core DEBUG: address: inproc://vip
2017-07-24 17:29:25,223 () volttron.platform.vip.agent.core DEBUG: identity: config.store
2017-07-24 17:29:25,223 () volttron.platform.vip.agent.core DEBUG: agent_uuid: None
2017-07-24 17:29:25,223 () volttron.platform.vip.agent.core DEBUG: serverkey: None
2017-07-24 17:29:25,224 () volttron.platform.store INFO: Initializing configuration store service.
2017-07-24 17:29:25,226 () volttron.platform.agent.utils DEBUG: missing file /home/volttron/.volttron85/keystores/platform.auth/keystore.json
2017-07-24 17:29:25,226 () volttron.platform.agent.utils INFO: creating file /home/volttron/.volttron85/keystores/platform.auth/keystore.json
2017-07-24 17:29:25,228 () volttron.platform.vip.agent.core DEBUG: address: inproc://vip
2017-07-24 17:29:25,228 () volttron.platform.vip.agent.core DEBUG: identity: platform.auth
2017-07-24 17:29:25,228 () volttron.platform.vip.agent.core DEBUG: agent_uuid: None
2017-07-24 17:29:25,228 () volttron.platform.vip.agent.core DEBUG: serverkey: None
2017-07-24 17:29:25,229 () volttron.platform.auth INFO: loading auth file /home/volttron/.volttron85/auth.json
2017-07-24 17:29:25,230 () volttron.platform.auth INFO: auth file /home/volttron/.volttron85/auth.json loaded
2017-07-24 17:29:25,230 () volttron.platform.agent.utils DEBUG: missing file /home/volttron/.volttron85/protected_topics.json
2017-07-24 17:29:25,230 () volttron.platform.agent.utils INFO: creating file /home/volttron/.volttron85/protected_topics.json
2017-07-24 17:29:25,231 () volttron.platform.main DEBUG: MAIN: protected topics content {}
2017-07-24 17:29:25,232 () volttron.platform.main DEBUG: In-process VIP router bound to inproc://vip
2017-07-24 17:29:25,232 () volttron.platform.main DEBUG: Local VIP router bound to ipc://@/home/volttron/.volttron85/run/vip.socket?secretkey=XXXXX&domain=vip&server=CURVE#65600619-b020-466e-8f5a-f2a9ef39211d
2017-07-24 17:29:25,233 () volttron.platform.main DEBUG: Additional VIP router bound to tcp://127.0.0.85:22916?secretkey=XXXXX&domain=vip&server=CURVE#65600619-b020-466e-8f5a-f2a9ef39211d
2017-07-24 17:29:25,233 () volttron.platform.vip.pubsubservice INFO: protected-topics loaded
2017-07-24 17:29:25,233 () volttron.platform.vip.externalrpcservice DEBUG: ExternalRPCService
2017-07-24 17:29:25,233 () volttron.platform.main DEBUG: ZMQ version: 4.1.5
2017-07-24 17:29:25,233 () volttron.platform.vip.pubsubservice DEBUG: PUBSUBSERVICE peer add config.store
2017-07-24 17:29:25,235 () volttron.platform.vip.pubsubservice DEBUG: PUBSUBSERVICE peer add platform.auth
2017-07-24 17:29:25,235 () volttron.platform.vip.agent.core INFO: Connected to platform: router: 65600619-b020-466e-8f5a-f2a9ef39211d version: 1.0 identity: config.store
2017-07-24 17:29:25,236 () volttron.platform.vip.agent.core DEBUG: Running onstart methods.
2017-07-24 17:29:25,237 () volttron.platform.vip.agent.core INFO: Connected to platform: router: 65600619-b020-466e-8f5a-f2a9ef39211d version: 1.0 identity: platform.auth
2017-07-24 17:29:25,238 () volttron.platform.vip.agent.core DEBUG: Running onstart methods.
2017-07-24 17:29:25,243 () volttron.platform.vip.agent.subsystems.configstore DEBUG: Processing callbacks for affected files: {}
2017-07-24 17:29:25,365 () volttron.platform.main DEBUG: protected topics file /home/volttron/.volttron85/protected_topics.json
2017-07-24 17:29:25,365 () volttron.platform.main DEBUG: external_address_file file /home/volttron/.volttron85/external_address.json
2017-07-24 17:29:25,366 () volttron.platform.agent.utils DEBUG: missing file /home/volttron/.volttron85/keystores/control/keystore.json
2017-07-24 17:29:25,366 () volttron.platform.agent.utils INFO: creating file /home/volttron/.volttron85/keystores/control/keystore.json
2017-07-24 17:29:25,369 () volttron.platform.vip.agent.core DEBUG: address: inproc://vip
2017-07-24 17:29:25,369 () volttron.platform.vip.agent.core DEBUG: identity: control
2017-07-24 17:29:25,369 () volttron.platform.vip.agent.core DEBUG: agent_uuid: None
2017-07-24 17:29:25,369 () volttron.platform.vip.agent.core DEBUG: serverkey: None
2017-07-24 17:29:25,371 () volttron.platform.agent.utils DEBUG: missing file /home/volttron/.volttron85/keystores/pubsub.compat/keystore.json
2017-07-24 17:29:25,371 () volttron.platform.agent.utils INFO: creating file /home/volttron/.volttron85/keystores/pubsub.compat/keystore.json
2017-07-24 17:29:25,374 () volttron.platform.vip.agent.core DEBUG: address: inproc://vip
2017-07-24 17:29:25,374 () volttron.platform.vip.agent.core DEBUG: identity: pubsub.compat
2017-07-24 17:29:25,374 () volttron.platform.vip.agent.core DEBUG: agent_uuid: None
2017-07-24 17:29:25,374 () volttron.platform.vip.agent.core DEBUG: serverkey: None
2017-07-24 17:29:25,376 () volttron.platform.agent.utils DEBUG: missing file /home/volttron/.volttron85/keystores/master.web/keystore.json
2017-07-24 17:29:25,376 () volttron.platform.agent.utils INFO: creating file /home/volttron/.volttron85/keystores/master.web/keystore.json
2017-07-24 17:29:25,380 () volttron.platform.vip.agent.core DEBUG: address: inproc://vip
2017-07-24 17:29:25,380 () volttron.platform.vip.agent.core DEBUG: identity: master.web
2017-07-24 17:29:25,380 () volttron.platform.vip.agent.core DEBUG: agent_uuid: None
2017-07-24 17:29:25,380 () volttron.platform.vip.agent.core DEBUG: serverkey: None
2017-07-24 17:29:25,390 () volttron.platform.agent.utils DEBUG: missing file /home/volttron/.volttron85/keystores/keydiscovery/keystore.json
2017-07-24 17:29:25,390 () volttron.platform.agent.utils INFO: creating file /home/volttron/.volttron85/keystores/keydiscovery/keystore.json
2017-07-24 17:29:25,393 () volttron.platform.vip.agent.core DEBUG: address: inproc://vip
2017-07-24 17:29:25,393 () volttron.platform.vip.agent.core DEBUG: identity: keydiscovery
2017-07-24 17:29:25,393 () volttron.platform.vip.agent.core DEBUG: agent_uuid: None
2017-07-24 17:29:25,393 () volttron.platform.vip.agent.core DEBUG: serverkey: None
2017-07-24 17:29:25,401 () volttron.platform.vip.pubsubservice DEBUG: PUBSUBSERVICE peer add control
2017-07-24 17:29:25,404 () volttron.platform.vip.pubsubservice DEBUG: PUBSUBSERVICE peer add keydiscovery
2017-07-24 17:29:25,406 () volttron.platform.vip.agent.core INFO: Connected to platform: router: 65600619-b020-466e-8f5a-f2a9ef39211d version: 1.0 identity: keydiscovery
2017-07-24 17:29:25,407 () volttron.platform.vip.agent.core DEBUG: Running onstart methods.
2017-07-24 17:29:25,408 () volttron.platform.vip.agent.core INFO: Connected to platform: router: 65600619-b020-466e-8f5a-f2a9ef39211d version: 1.0 identity: control
2017-07-24 17:29:25,409 () volttron.platform.vip.agent.core DEBUG: Running onstart methods.
2017-07-24 17:29:25,409 () volttron.platform.vip.pubsubservice DEBUG: PUBSUBSERVICE peer add pubsub.compat
2017-07-24 17:29:25,412 () volttron.platform.vip.keydiscovery ERROR: Error opening file /home/volttron/.volttron85/external_address.json
2017-07-24 17:29:25,418 () volttron.platform.vip.agent.core INFO: Connected to platform: router: 65600619-b020-466e-8f5a-f2a9ef39211d version: 1.0 identity: pubsub.compat
2017-07-24 17:29:25,418 () volttron.platform.vip.agent.core DEBUG: Running onstart methods.
2017-07-24 17:29:25,416 () volttron.platform.vip.pubsubservice DEBUG: PUBSUBSERVICE peer add master.web
2017-07-24 17:29:25,424 () volttron.platform.vip.agent.core INFO: Connected to platform: router: 65600619-b020-466e-8f5a-f2a9ef39211d version: 1.0 identity: master.web
2017-07-24 17:29:25,425 () volttron.platform.vip.agent.core DEBUG: Running onstart methods.
2017-07-24 17:29:25,426 () volttron.platform.web INFO: Starting web server binding to 127.0.0.85:8080.
2017-07-24 17:29:25,441 () volttron.platform.vip.agent.subsystems.configstore DEBUG: Processing callbacks for affected files: {}
2017-07-24 17:29:39,111 () volttron.platform.auth INFO: loading auth file /home/volttron/.volttron85/auth.json
2017-07-24 17:29:39,114 () volttron.platform.auth INFO: auth file /home/volttron/.volttron85/auth.json loaded
2017-07-24 17:29:39,117 () volttron.platform.auth DEBUG: AUTH new capabilities update: {'platform': [], 'cfce089b-dfeb-49f8-aa93-27a7d8712754': []}
2017-07-24 17:29:39,144 () volttron.platform.auth INFO: loading auth file /home/volttron/.volttron85/auth.json
2017-07-24 17:29:39,145 () volttron.platform.auth INFO: auth file /home/volttron/.volttron85/auth.json loaded
2017-07-24 17:29:39,156 () volttron.platform.auth DEBUG: AUTH new capabilities update: {'platform': [], 'cfce089b-dfeb-49f8-aa93-27a7d8712754': []}
2017-07-24 17:42:29,173 () volttron.platform.auth INFO: loading auth file /home/volttron/.volttron85/auth.json
2017-07-24 17:42:29,185 () volttron.platform.auth INFO: auth file /home/volttron/.volttron85/auth.json loaded
2017-07-24 17:42:29,188 () volttron.platform.auth DEBUG: AUTH new capabilities update: {'platform': [], 'cfce089b-dfeb-49f8-aa93-27a7d8712754': []}
2017-07-24 17:42:29,226 () volttron.platform.auth INFO: loading auth file /home/volttron/.volttron85/auth.json
2017-07-24 17:42:29,228 () volttron.platform.auth INFO: auth file /home/volttron/.volttron85/auth.json loaded
2017-07-24 17:42:29,357 () volttron.platform.auth DEBUG: AUTH new capabilities update: {'platform': [], 'cfce089b-dfeb-49f8-aa93-27a7d8712754': []}
2017-07-24 17:42:32,023 () volttron.platform.web DEBUG: PATH IS: /discovery/
2017-07-24 17:42:32,024 () volttron.platform.web DEBUG: Peer we path_info is associated with: None
2017-07-24 17:42:32,024 () volttron.platform.web DEBUG: MATCHED:
pattern: ^/discovery/$, path_info: /discovery/
 v: <bound method MasterWebService._get_discovery of <volttron.platform.web.MasterWebService object at 0x7f12657df1d0>>
2017-07-24 17:42:32,024 () volttron.platform.web DEBUG: registered route t is: callable
2017-07-24 17:42:32,087 () volttron.platform.auth INFO: authentication success: domain='vip', address='127.0.0.1', mechanism='CURVE', credentials=['TCMNFHwXpXpqFp-XwbNSJgCnYn30ra7oXZB8veV4WUk'], user_id='cfce089b-dfeb-49f8-aa93-27a7d8712754'
2017-07-24 17:42:32,092 () volttron.platform.vip.pubsubservice DEBUG: PUBSUBSERVICE peer add platform85-0.965081643077
2017-07-24 17:42:32,093 () volttron.platform.vip.routingservice DEBUG: HELLO Recieved hello, sending welcome to platform1
2017-07-24 17:42:32,093 () volttron.platform.vip.routingservice DEBUG: Sending welcome message to sender platform1
2017-07-24 17:42:32,093 () volttron.platform.vip.routingservice DEBUG: Key error for platform platform1
2017-07-24 17:42:32,114 () volttron.platform.vip.pubsubservice DEBUG: PUBSUBSERVICE external_list
2017-07-24 17:42:32,115 () volttron.platform.vip.pubsubservice DEBUG: PUBSUBSERVICE external_subscriptions from external platforms: platform85-0.965081643077
2017-07-24 17:42:32,115 () volttron.platform.vip.pubsubservice DEBUG: PUBSUBSERVICE New external list from platform1: List: defaultdict(<type 'set'>, {'platform1': []})
