2017-07-24 17:30:51,530 () volttron.platform.main DEBUG: open file resource limit increased from 1024 to 4096
2017-07-24 17:30:51,530 () volttron.platform.agent.utils DEBUG: missing file /home/volttron/.volttron89/keystore
2017-07-24 17:30:51,530 () volttron.platform.agent.utils INFO: creating file /home/volttron/.volttron89/keystore
2017-07-24 17:30:51,532 () volttron.platform.main DEBUG: using key-store file /home/volttron/.volttron89/keystore
2017-07-24 17:30:51,532 () volttron.platform.main INFO: public key: 3llUP-PEeYlB2mtbzrabmUWbU0h02gMHrsIZG8Ey0R0
2017-07-24 17:30:51,532 () volttron.platform.agent.utils DEBUG: missing file /home/volttron/.volttron89/auth.json
2017-07-24 17:30:51,532 () volttron.platform.agent.utils INFO: creating file /home/volttron/.volttron89/auth.json
2017-07-24 17:30:51,533 () volttron.platform.auth INFO: Created backup of /home/volttron/.volttron89/auth.json at /home/volttron/.volttron89/auth.json.3526b08f-1737-4457-a6bb-50589d4db829.bak
2017-07-24 17:30:51,533 () volttron.platform.agent.utils DEBUG: missing file /home/volttron/.volttron89/known_hosts
2017-07-24 17:30:51,533 () volttron.platform.agent.utils INFO: creating file /home/volttron/.volttron89/known_hosts
2017-07-24 17:30:51,534 () volttron.platform.main DEBUG: protected topics file /home/volttron/.volttron89/protected_topics.json
2017-07-24 17:30:51,534 () volttron.platform.main DEBUG: external_address_file file /home/volttron/.volttron89/external_address.json
2017-07-24 17:30:51,534 () volttron.platform.agent.utils DEBUG: missing file /home/volttron/.volttron89/keystores/config.store/keystore.json
2017-07-24 17:30:51,534 () volttron.platform.agent.utils INFO: creating file /home/volttron/.volttron89/keystores/config.store/keystore.json
2017-07-24 17:30:51,536 () volttron.platform.vip.agent.core DEBUG: address: inproc://vip
2017-07-24 17:30:51,536 () volttron.platform.vip.agent.core DEBUG: identity: config.store
2017-07-24 17:30:51,536 () volttron.platform.vip.agent.core DEBUG: agent_uuid: None
2017-07-24 17:30:51,536 () volttron.platform.vip.agent.core DEBUG: serverkey: None
2017-07-24 17:30:51,537 () volttron.platform.store INFO: Initializing configuration store service.
2017-07-24 17:30:51,539 () volttron.platform.agent.utils DEBUG: missing file /home/volttron/.volttron89/keystores/platform.auth/keystore.json
2017-07-24 17:30:51,539 () volttron.platform.agent.utils INFO: creating file /home/volttron/.volttron89/keystores/platform.auth/keystore.json
2017-07-24 17:30:51,540 () volttron.platform.vip.agent.core DEBUG: address: inproc://vip
2017-07-24 17:30:51,540 () volttron.platform.vip.agent.core DEBUG: identity: platform.auth
2017-07-24 17:30:51,541 () volttron.platform.vip.agent.core DEBUG: agent_uuid: None
2017-07-24 17:30:51,541 () volttron.platform.vip.agent.core DEBUG: serverkey: None
2017-07-24 17:30:51,542 () volttron.platform.auth INFO: loading auth file /home/volttron/.volttron89/auth.json
2017-07-24 17:30:51,542 () volttron.platform.auth INFO: auth file /home/volttron/.volttron89/auth.json loaded
2017-07-24 17:30:51,542 () volttron.platform.agent.utils DEBUG: missing file /home/volttron/.volttron89/protected_topics.json
2017-07-24 17:30:51,542 () volttron.platform.agent.utils INFO: creating file /home/volttron/.volttron89/protected_topics.json
2017-07-24 17:30:51,544 () volttron.platform.main DEBUG: MAIN: protected topics content {}
2017-07-24 17:30:51,544 () volttron.platform.main DEBUG: In-process VIP router bound to inproc://vip
2017-07-24 17:30:51,545 () volttron.platform.main DEBUG: Local VIP router bound to ipc://@/home/volttron/.volttron89/run/vip.socket?secretkey=XXXXX&domain=vip&server=CURVE#3c171024-cb53-487c-965c-47a7199863a7
2017-07-24 17:30:51,545 () volttron.platform.main DEBUG: Additional VIP router bound to tcp://127.0.0.89:22916?secretkey=XXXXX&domain=vip&server=CURVE#3c171024-cb53-487c-965c-47a7199863a7
2017-07-24 17:30:51,545 () volttron.platform.vip.pubsubservice INFO: protected-topics loaded
2017-07-24 17:30:51,546 () volttron.platform.vip.externalrpcservice DEBUG: ExternalRPCService
2017-07-24 17:30:51,546 () volttron.platform.main DEBUG: ZMQ version: 4.1.5
2017-07-24 17:30:51,546 () volttron.platform.vip.pubsubservice DEBUG: PUBSUBSERVICE peer add config.store
2017-07-24 17:30:51,548 () volttron.platform.vip.pubsubservice DEBUG: PUBSUBSERVICE peer add platform.auth
2017-07-24 17:30:51,548 () volttron.platform.vip.agent.core INFO: Connected to platform: router: 3c171024-cb53-487c-965c-47a7199863a7 version: 1.0 identity: config.store
2017-07-24 17:30:51,548 () volttron.platform.vip.agent.core DEBUG: Running onstart methods.
2017-07-24 17:30:51,551 () volttron.platform.vip.agent.core INFO: Connected to platform: router: 3c171024-cb53-487c-965c-47a7199863a7 version: 1.0 identity: platform.auth
2017-07-24 17:30:51,552 () volttron.platform.vip.agent.core DEBUG: Running onstart methods.
2017-07-24 17:30:51,557 () volttron.platform.vip.agent.subsystems.configstore DEBUG: Processing callbacks for affected files: {}
2017-07-24 17:30:51,681 () volttron.platform.main DEBUG: protected topics file /home/volttron/.volttron89/protected_topics.json
2017-07-24 17:30:51,682 () volttron.platform.main DEBUG: external_address_file file /home/volttron/.volttron89/external_address.json
2017-07-24 17:30:51,683 () volttron.platform.agent.utils DEBUG: missing file /home/volttron/.volttron89/keystores/control/keystore.json
2017-07-24 17:30:51,683 () volttron.platform.agent.utils INFO: creating file /home/volttron/.volttron89/keystores/control/keystore.json
2017-07-24 17:30:51,687 () volttron.platform.vip.agent.core DEBUG: address: inproc://vip
2017-07-24 17:30:51,687 () volttron.platform.vip.agent.core DEBUG: identity: control
2017-07-24 17:30:51,687 () volttron.platform.vip.agent.core DEBUG: agent_uuid: None
2017-07-24 17:30:51,687 () volttron.platform.vip.agent.core DEBUG: serverkey: None
2017-07-24 17:30:51,690 () volttron.platform.agent.utils DEBUG: missing file /home/volttron/.volttron89/keystores/pubsub.compat/keystore.json
2017-07-24 17:30:51,691 () volttron.platform.agent.utils INFO: creating file /home/volttron/.volttron89/keystores/pubsub.compat/keystore.json
2017-07-24 17:30:51,694 () volttron.platform.vip.agent.core DEBUG: address: inproc://vip
2017-07-24 17:30:51,694 () volttron.platform.vip.agent.core DEBUG: identity: pubsub.compat
2017-07-24 17:30:51,694 () volttron.platform.vip.agent.core DEBUG: agent_uuid: None
2017-07-24 17:30:51,694 () volttron.platform.vip.agent.core DEBUG: serverkey: None
2017-07-24 17:30:51,696 () volttron.platform.agent.utils DEBUG: missing file /home/volttron/.volttron89/keystores/master.web/keystore.json
2017-07-24 17:30:51,696 () volttron.platform.agent.utils INFO: creating file /home/volttron/.volttron89/keystores/master.web/keystore.json
2017-07-24 17:30:51,699 () volttron.platform.vip.agent.core DEBUG: address: inproc://vip
2017-07-24 17:30:51,699 () volttron.platform.vip.agent.core DEBUG: identity: master.web
2017-07-24 17:30:51,700 () volttron.platform.vip.agent.core DEBUG: agent_uuid: None
2017-07-24 17:30:51,700 () volttron.platform.vip.agent.core DEBUG: serverkey: None
2017-07-24 17:30:51,709 () volttron.platform.agent.utils DEBUG: missing file /home/volttron/.volttron89/keystores/keydiscovery/keystore.json
2017-07-24 17:30:51,709 () volttron.platform.agent.utils INFO: creating file /home/volttron/.volttron89/keystores/keydiscovery/keystore.json
2017-07-24 17:30:51,712 () volttron.platform.vip.agent.core DEBUG: address: inproc://vip
2017-07-24 17:30:51,713 () volttron.platform.vip.agent.core DEBUG: identity: keydiscovery
2017-07-24 17:30:51,713 () volttron.platform.vip.agent.core DEBUG: agent_uuid: None
2017-07-24 17:30:51,713 () volttron.platform.vip.agent.core DEBUG: serverkey: None
2017-07-24 17:30:51,722 () volttron.platform.vip.pubsubservice DEBUG: PUBSUBSERVICE peer add control
2017-07-24 17:30:51,725 () volttron.platform.vip.pubsubservice DEBUG: PUBSUBSERVICE peer add pubsub.compat
2017-07-24 17:30:51,727 () volttron.platform.vip.agent.core INFO: Connected to platform: router: 3c171024-cb53-487c-965c-47a7199863a7 version: 1.0 identity: control
2017-07-24 17:30:51,728 () volttron.platform.vip.agent.core DEBUG: Running onstart methods.
2017-07-24 17:30:51,729 () volttron.platform.vip.pubsubservice DEBUG: PUBSUBSERVICE peer add keydiscovery
2017-07-24 17:30:51,732 () volttron.platform.vip.pubsubservice DEBUG: PUBSUBSERVICE peer add master.web
2017-07-24 17:30:51,743 () volttron.platform.vip.agent.core INFO: Connected to platform: router: 3c171024-cb53-487c-965c-47a7199863a7 version: 1.0 identity: master.web
2017-07-24 17:30:51,744 () volttron.platform.vip.agent.core DEBUG: Running onstart methods.
2017-07-24 17:30:51,745 () volttron.platform.vip.agent.core INFO: Connected to platform: router: 3c171024-cb53-487c-965c-47a7199863a7 version: 1.0 identity: keydiscovery
2017-07-24 17:30:51,745 () volttron.platform.vip.agent.core DEBUG: Running onstart methods.
2017-07-24 17:30:51,747 () volttron.platform.vip.agent.core INFO: Connected to platform: router: 3c171024-cb53-487c-965c-47a7199863a7 version: 1.0 identity: pubsub.compat
2017-07-24 17:30:51,747 () volttron.platform.vip.agent.core DEBUG: Running onstart methods.
2017-07-24 17:30:51,752 () volttron.platform.web INFO: Starting web server binding to 127.0.0.89:8080.
2017-07-24 17:30:51,753 () volttron.platform.vip.keydiscovery ERROR: Error opening file /home/volttron/.volttron89/external_address.json
2017-07-24 17:30:51,764 () volttron.platform.vip.agent.subsystems.configstore DEBUG: Processing callbacks for affected files: {}
2017-07-24 17:31:01,150 () volttron.platform.auth INFO: loading auth file /home/volttron/.volttron89/auth.json
2017-07-24 17:31:01,152 () volttron.platform.auth INFO: auth file /home/volttron/.volttron89/auth.json loaded
2017-07-24 17:31:01,155 () volttron.platform.auth DEBUG: AUTH new capabilities update: {'platform': [], '004d0806-1fd8-441f-959d-9f2c6e0a8598': []}
2017-07-24 17:31:01,166 () volttron.platform.auth INFO: loading auth file /home/volttron/.volttron89/auth.json
2017-07-24 17:31:01,168 () volttron.platform.auth INFO: auth file /home/volttron/.volttron89/auth.json loaded
2017-07-24 17:31:01,174 () volttron.platform.auth DEBUG: AUTH new capabilities update: {'platform': [], '004d0806-1fd8-441f-959d-9f2c6e0a8598': []}
2017-07-24 17:42:30,433 () volttron.platform.auth INFO: loading auth file /home/volttron/.volttron89/auth.json
2017-07-24 17:42:30,447 () volttron.platform.auth INFO: auth file /home/volttron/.volttron89/auth.json loaded
2017-07-24 17:42:30,452 () volttron.platform.auth DEBUG: AUTH new capabilities update: {'platform': [], '004d0806-1fd8-441f-959d-9f2c6e0a8598': []}
2017-07-24 17:42:30,553 () volttron.platform.auth INFO: loading auth file /home/volttron/.volttron89/auth.json
2017-07-24 17:42:30,554 () volttron.platform.auth INFO: auth file /home/volttron/.volttron89/auth.json loaded
2017-07-24 17:42:30,618 () volttron.platform.auth DEBUG: AUTH new capabilities update: {'platform': [], '004d0806-1fd8-441f-959d-9f2c6e0a8598': []}
2017-07-24 17:42:32,169 () volttron.platform.web DEBUG: PATH IS: /discovery/
2017-07-24 17:42:32,170 () volttron.platform.web DEBUG: Peer we path_info is associated with: None
2017-07-24 17:42:32,173 () volttron.platform.web DEBUG: MATCHED:
pattern: ^/discovery/$, path_info: /discovery/
 v: <bound method MasterWebService._get_discovery of <volttron.platform.web.MasterWebService object at 0x7f3dc89da1d0>>
2017-07-24 17:42:32,174 () volttron.platform.web DEBUG: registered route t is: callable
2017-07-24 17:42:32,246 () volttron.platform.auth INFO: authentication success: domain='vip', address='127.0.0.1', mechanism='CURVE', credentials=['TCMNFHwXpXpqFp-XwbNSJgCnYn30ra7oXZB8veV4WUk'], user_id='004d0806-1fd8-441f-959d-9f2c6e0a8598'
2017-07-24 17:42:32,249 () volttron.platform.vip.pubsubservice DEBUG: PUBSUBSERVICE peer add platform89-0.0327657626963
2017-07-24 17:42:32,251 () volttron.platform.vip.routingservice DEBUG: HELLO Recieved hello, sending welcome to platform1
2017-07-24 17:42:32,252 () volttron.platform.vip.routingservice DEBUG: Sending welcome message to sender platform1
2017-07-24 17:42:32,252 () volttron.platform.vip.routingservice DEBUG: Key error for platform platform1
2017-07-24 17:42:32,253 () volttron.platform.vip.pubsubservice DEBUG: PUBSUBSERVICE external_list
2017-07-24 17:42:32,253 () volttron.platform.vip.pubsubservice DEBUG: PUBSUBSERVICE external_subscriptions from external platforms: platform89-0.0327657626963
2017-07-24 17:42:32,253 () volttron.platform.vip.pubsubservice DEBUG: PUBSUBSERVICE New external list from platform1: List: defaultdict(<type 'set'>, {'platform1': []})
