2017-07-24 17:31:11,152 () volttron.platform.main DEBUG: open file resource limit increased from 1024 to 4096
2017-07-24 17:31:11,152 () volttron.platform.agent.utils DEBUG: missing file /home/volttron/.volttron90/keystore
2017-07-24 17:31:11,152 () volttron.platform.agent.utils INFO: creating file /home/volttron/.volttron90/keystore
2017-07-24 17:31:11,154 () volttron.platform.main DEBUG: using key-store file /home/volttron/.volttron90/keystore
2017-07-24 17:31:11,154 () volttron.platform.main INFO: public key: V4w4_oEWGA_FI9tcrgV0QHABmoEpC3NIR_M5aol_mmo
2017-07-24 17:31:11,154 () volttron.platform.agent.utils DEBUG: missing file /home/volttron/.volttron90/auth.json
2017-07-24 17:31:11,155 () volttron.platform.agent.utils INFO: creating file /home/volttron/.volttron90/auth.json
2017-07-24 17:31:11,155 () volttron.platform.auth INFO: Created backup of /home/volttron/.volttron90/auth.json at /home/volttron/.volttron90/auth.json.d8378c88-cd73-4e58-8e66-2318d067c96a.bak
2017-07-24 17:31:11,156 () volttron.platform.agent.utils DEBUG: missing file /home/volttron/.volttron90/known_hosts
2017-07-24 17:31:11,156 () volttron.platform.agent.utils INFO: creating file /home/volttron/.volttron90/known_hosts
2017-07-24 17:31:11,157 () volttron.platform.main DEBUG: protected topics file /home/volttron/.volttron90/protected_topics.json
2017-07-24 17:31:11,157 () volttron.platform.main DEBUG: external_address_file file /home/volttron/.volttron90/external_address.json
2017-07-24 17:31:11,157 () volttron.platform.agent.utils DEBUG: missing file /home/volttron/.volttron90/keystores/config.store/keystore.json
2017-07-24 17:31:11,157 () volttron.platform.agent.utils INFO: creating file /home/volttron/.volttron90/keystores/config.store/keystore.json
2017-07-24 17:31:11,159 () volttron.platform.vip.agent.core DEBUG: address: inproc://vip
2017-07-24 17:31:11,159 () volttron.platform.vip.agent.core DEBUG: identity: config.store
2017-07-24 17:31:11,159 () volttron.platform.vip.agent.core DEBUG: agent_uuid: None
2017-07-24 17:31:11,159 () volttron.platform.vip.agent.core DEBUG: serverkey: None
2017-07-24 17:31:11,161 () volttron.platform.store INFO: Initializing configuration store service.
2017-07-24 17:31:11,162 () volttron.platform.agent.utils DEBUG: missing file /home/volttron/.volttron90/keystores/platform.auth/keystore.json
2017-07-24 17:31:11,162 () volttron.platform.agent.utils INFO: creating file /home/volttron/.volttron90/keystores/platform.auth/keystore.json
2017-07-24 17:31:11,164 () volttron.platform.vip.agent.core DEBUG: address: inproc://vip
2017-07-24 17:31:11,164 () volttron.platform.vip.agent.core DEBUG: identity: platform.auth
2017-07-24 17:31:11,164 () volttron.platform.vip.agent.core DEBUG: agent_uuid: None
2017-07-24 17:31:11,164 () volttron.platform.vip.agent.core DEBUG: serverkey: None
2017-07-24 17:31:11,165 () volttron.platform.auth INFO: loading auth file /home/volttron/.volttron90/auth.json
2017-07-24 17:31:11,166 () volttron.platform.auth INFO: auth file /home/volttron/.volttron90/auth.json loaded
2017-07-24 17:31:11,166 () volttron.platform.agent.utils DEBUG: missing file /home/volttron/.volttron90/protected_topics.json
2017-07-24 17:31:11,166 () volttron.platform.agent.utils INFO: creating file /home/volttron/.volttron90/protected_topics.json
2017-07-24 17:31:11,168 () volttron.platform.main DEBUG: MAIN: protected topics content {}
2017-07-24 17:31:11,168 () volttron.platform.main DEBUG: In-process VIP router bound to inproc://vip
2017-07-24 17:31:11,168 () volttron.platform.main DEBUG: Local VIP router bound to ipc://@/home/volttron/.volttron90/run/vip.socket?secretkey=XXXXX&domain=vip&server=CURVE#32d4bddb-0a3a-420c-bb55-df6635e729f3
2017-07-24 17:31:11,169 () volttron.platform.main DEBUG: Additional VIP router bound to tcp://127.0.0.90:22916?secretkey=XXXXX&domain=vip&server=CURVE#32d4bddb-0a3a-420c-bb55-df6635e729f3
2017-07-24 17:31:11,169 () volttron.platform.vip.pubsubservice INFO: protected-topics loaded
2017-07-24 17:31:11,169 () volttron.platform.vip.externalrpcservice DEBUG: ExternalRPCService
2017-07-24 17:31:11,169 () volttron.platform.main DEBUG: ZMQ version: 4.1.5
2017-07-24 17:31:11,170 () volttron.platform.vip.pubsubservice DEBUG: PUBSUBSERVICE peer add config.store
2017-07-24 17:31:11,170 () volttron.platform.vip.agent.core INFO: Connected to platform: router: 32d4bddb-0a3a-420c-bb55-df6635e729f3 version: 1.0 identity: config.store
2017-07-24 17:31:11,170 () volttron.platform.vip.agent.core DEBUG: Running onstart methods.
2017-07-24 17:31:11,172 () volttron.platform.vip.pubsubservice DEBUG: PUBSUBSERVICE peer add platform.auth
2017-07-24 17:31:11,173 () volttron.platform.vip.agent.core INFO: Connected to platform: router: 32d4bddb-0a3a-420c-bb55-df6635e729f3 version: 1.0 identity: platform.auth
2017-07-24 17:31:11,173 () volttron.platform.vip.agent.core DEBUG: Running onstart methods.
2017-07-24 17:31:11,179 () volttron.platform.vip.agent.subsystems.configstore DEBUG: Processing callbacks for affected files: {}
2017-07-24 17:31:11,295 () volttron.platform.main DEBUG: protected topics file /home/volttron/.volttron90/protected_topics.json
2017-07-24 17:31:11,296 () volttron.platform.main DEBUG: external_address_file file /home/volttron/.volttron90/external_address.json
2017-07-24 17:31:11,297 () volttron.platform.agent.utils DEBUG: missing file /home/volttron/.volttron90/keystores/control/keystore.json
2017-07-24 17:31:11,298 () volttron.platform.agent.utils INFO: creating file /home/volttron/.volttron90/keystores/control/keystore.json
2017-07-24 17:31:11,302 () volttron.platform.vip.agent.core DEBUG: address: inproc://vip
2017-07-24 17:31:11,302 () volttron.platform.vip.agent.core DEBUG: identity: control
2017-07-24 17:31:11,303 () volttron.platform.vip.agent.core DEBUG: agent_uuid: None
2017-07-24 17:31:11,303 () volttron.platform.vip.agent.core DEBUG: serverkey: None
2017-07-24 17:31:11,306 () volttron.platform.agent.utils DEBUG: missing file /home/volttron/.volttron90/keystores/pubsub.compat/keystore.json
2017-07-24 17:31:11,307 () volttron.platform.agent.utils INFO: creating file /home/volttron/.volttron90/keystores/pubsub.compat/keystore.json
2017-07-24 17:31:11,310 () volttron.platform.vip.agent.core DEBUG: address: inproc://vip
2017-07-24 17:31:11,310 () volttron.platform.vip.agent.core DEBUG: identity: pubsub.compat
2017-07-24 17:31:11,310 () volttron.platform.vip.agent.core DEBUG: agent_uuid: None
2017-07-24 17:31:11,310 () volttron.platform.vip.agent.core DEBUG: serverkey: None
2017-07-24 17:31:11,311 () volttron.platform.agent.utils DEBUG: missing file /home/volttron/.volttron90/keystores/master.web/keystore.json
2017-07-24 17:31:11,311 () volttron.platform.agent.utils INFO: creating file /home/volttron/.volttron90/keystores/master.web/keystore.json
2017-07-24 17:31:11,313 () volttron.platform.vip.agent.core DEBUG: address: inproc://vip
2017-07-24 17:31:11,313 () volttron.platform.vip.agent.core DEBUG: identity: master.web
2017-07-24 17:31:11,314 () volttron.platform.vip.agent.core DEBUG: agent_uuid: None
2017-07-24 17:31:11,314 () volttron.platform.vip.agent.core DEBUG: serverkey: None
2017-07-24 17:31:11,322 () volttron.platform.agent.utils DEBUG: missing file /home/volttron/.volttron90/keystores/keydiscovery/keystore.json
2017-07-24 17:31:11,322 () volttron.platform.agent.utils INFO: creating file /home/volttron/.volttron90/keystores/keydiscovery/keystore.json
2017-07-24 17:31:11,324 () volttron.platform.vip.agent.core DEBUG: address: inproc://vip
2017-07-24 17:31:11,324 () volttron.platform.vip.agent.core DEBUG: identity: keydiscovery
2017-07-24 17:31:11,324 () volttron.platform.vip.agent.core DEBUG: agent_uuid: None
2017-07-24 17:31:11,324 () volttron.platform.vip.agent.core DEBUG: serverkey: None
2017-07-24 17:31:11,331 () volttron.platform.vip.pubsubservice DEBUG: PUBSUBSERVICE peer add control
2017-07-24 17:31:11,332 () volttron.platform.vip.pubsubservice DEBUG: PUBSUBSERVICE peer add pubsub.compat
2017-07-24 17:31:11,334 () volttron.platform.vip.agent.core INFO: Connected to platform: router: 32d4bddb-0a3a-420c-bb55-df6635e729f3 version: 1.0 identity: pubsub.compat
2017-07-24 17:31:11,334 () volttron.platform.vip.agent.core DEBUG: Running onstart methods.
2017-07-24 17:31:11,336 () volttron.platform.vip.pubsubservice DEBUG: PUBSUBSERVICE peer add master.web
2017-07-24 17:31:11,338 () volttron.platform.vip.pubsubservice DEBUG: PUBSUBSERVICE peer add keydiscovery
2017-07-24 17:31:11,341 () volttron.platform.vip.agent.core INFO: Connected to platform: router: 32d4bddb-0a3a-420c-bb55-df6635e729f3 version: 1.0 identity: keydiscovery
2017-07-24 17:31:11,345 () volttron.platform.vip.agent.core DEBUG: Running onstart methods.
2017-07-24 17:31:11,347 () volttron.platform.vip.agent.core INFO: Connected to platform: router: 32d4bddb-0a3a-420c-bb55-df6635e729f3 version: 1.0 identity: master.web
2017-07-24 17:31:11,347 () volttron.platform.vip.agent.core DEBUG: Running onstart methods.
2017-07-24 17:31:11,352 () volttron.platform.vip.agent.core INFO: Connected to platform: router: 32d4bddb-0a3a-420c-bb55-df6635e729f3 version: 1.0 identity: control
2017-07-24 17:31:11,352 () volttron.platform.vip.agent.core DEBUG: Running onstart methods.
2017-07-24 17:31:11,358 () volttron.platform.vip.keydiscovery ERROR: Error opening file /home/volttron/.volttron90/external_address.json
2017-07-24 17:31:11,359 () volttron.platform.web INFO: Starting web server binding to 127.0.0.90:8080.
2017-07-24 17:31:11,380 () volttron.platform.vip.agent.subsystems.configstore DEBUG: Processing callbacks for affected files: {}
2017-07-24 17:31:19,931 () volttron.platform.auth INFO: loading auth file /home/volttron/.volttron90/auth.json
2017-07-24 17:31:19,932 () volttron.platform.auth INFO: auth file /home/volttron/.volttron90/auth.json loaded
2017-07-24 17:31:19,933 () volttron.platform.auth DEBUG: AUTH new capabilities update: {'platform': [], 'aabdba2d-ea62-4c27-aa58-351815bd0dc2': []}
2017-07-24 17:31:19,938 () volttron.platform.auth INFO: loading auth file /home/volttron/.volttron90/auth.json
2017-07-24 17:31:19,938 () volttron.platform.auth INFO: auth file /home/volttron/.volttron90/auth.json loaded
2017-07-24 17:31:19,940 () volttron.platform.auth DEBUG: AUTH new capabilities update: {'platform': [], 'aabdba2d-ea62-4c27-aa58-351815bd0dc2': []}
2017-07-24 17:42:21,498 () volttron.platform.web DEBUG: PATH IS: /discovery/
2017-07-24 17:42:21,939 () volttron.platform.web DEBUG: Peer we path_info is associated with: None
2017-07-24 17:42:21,940 () volttron.platform.web DEBUG: MATCHED:
pattern: ^/discovery/$, path_info: /discovery/
 v: <bound method MasterWebService._get_discovery of <volttron.platform.web.MasterWebService object at 0x7f94a43051d0>>
2017-07-24 17:42:21,940 () volttron.platform.web DEBUG: registered route t is: callable
2017-07-24 17:42:22,852 () volttron.platform.auth INFO: authentication success: domain='vip', address='127.0.0.1', mechanism='CURVE', credentials=['TCMNFHwXpXpqFp-XwbNSJgCnYn30ra7oXZB8veV4WUk'], user_id='aabdba2d-ea62-4c27-aa58-351815bd0dc2'
2017-07-24 17:42:22,859 () volttron.platform.vip.pubsubservice DEBUG: PUBSUBSERVICE peer add platform90-0.0943961510169
2017-07-24 17:42:22,861 () volttron.platform.vip.routingservice DEBUG: HELLO Recieved hello, sending welcome to platform1
2017-07-24 17:42:22,862 () volttron.platform.vip.routingservice DEBUG: Sending welcome message to sender platform1
2017-07-24 17:42:22,862 () volttron.platform.vip.routingservice DEBUG: Key error for platform platform1
2017-07-24 17:42:22,862 () volttron.platform.vip.pubsubservice DEBUG: PUBSUBSERVICE external_list
2017-07-24 17:42:22,862 () volttron.platform.vip.pubsubservice DEBUG: PUBSUBSERVICE external_subscriptions from external platforms: platform90-0.0943961510169
2017-07-24 17:42:22,862 () volttron.platform.vip.pubsubservice DEBUG: PUBSUBSERVICE New external list from platform1: List: defaultdict(<type 'set'>, {'platform1': []})
2017-07-24 17:42:30,589 () volttron.platform.auth INFO: loading auth file /home/volttron/.volttron90/auth.json
2017-07-24 17:42:30,593 () volttron.platform.auth INFO: auth file /home/volttron/.volttron90/auth.json loaded
2017-07-24 17:42:30,594 () volttron.platform.auth DEBUG: AUTH new capabilities update: {'platform': [], 'aabdba2d-ea62-4c27-aa58-351815bd0dc2': []}
