2017-07-24 17:31:27,995 () volttron.platform.main DEBUG: open file resource limit increased from 1024 to 4096
2017-07-24 17:31:27,995 () volttron.platform.agent.utils DEBUG: missing file /home/volttron/.volttron91/keystore
2017-07-24 17:31:27,995 () volttron.platform.agent.utils INFO: creating file /home/volttron/.volttron91/keystore
2017-07-24 17:31:27,997 () volttron.platform.main DEBUG: using key-store file /home/volttron/.volttron91/keystore
2017-07-24 17:31:27,997 () volttron.platform.main INFO: public key: kSP0D0pmWMz_wavcaSTVzM4949i4VyNM3BGMQn-PSR8
2017-07-24 17:31:27,997 () volttron.platform.agent.utils DEBUG: missing file /home/volttron/.volttron91/auth.json
2017-07-24 17:31:27,997 () volttron.platform.agent.utils INFO: creating file /home/volttron/.volttron91/auth.json
2017-07-24 17:31:27,998 () volttron.platform.auth INFO: Created backup of /home/volttron/.volttron91/auth.json at /home/volttron/.volttron91/auth.json.f0311ad2-d956-4011-b335-53b7f5889e90.bak
2017-07-24 17:31:27,998 () volttron.platform.agent.utils DEBUG: missing file /home/volttron/.volttron91/known_hosts
2017-07-24 17:31:27,999 () volttron.platform.agent.utils INFO: creating file /home/volttron/.volttron91/known_hosts
2017-07-24 17:31:27,999 () volttron.platform.main DEBUG: protected topics file /home/volttron/.volttron91/protected_topics.json
2017-07-24 17:31:27,999 () volttron.platform.main DEBUG: external_address_file file /home/volttron/.volttron91/external_address.json
2017-07-24 17:31:28,001 () volttron.platform.agent.utils DEBUG: missing file /home/volttron/.volttron91/keystores/config.store/keystore.json
2017-07-24 17:31:28,001 () volttron.platform.agent.utils INFO: creating file /home/volttron/.volttron91/keystores/config.store/keystore.json
2017-07-24 17:31:28,003 () volttron.platform.vip.agent.core DEBUG: address: inproc://vip
2017-07-24 17:31:28,003 () volttron.platform.vip.agent.core DEBUG: identity: config.store
2017-07-24 17:31:28,003 () volttron.platform.vip.agent.core DEBUG: agent_uuid: None
2017-07-24 17:31:28,003 () volttron.platform.vip.agent.core DEBUG: serverkey: None
2017-07-24 17:31:28,005 () volttron.platform.store INFO: Initializing configuration store service.
2017-07-24 17:31:28,006 () volttron.platform.agent.utils DEBUG: missing file /home/volttron/.volttron91/keystores/platform.auth/keystore.json
2017-07-24 17:31:28,006 () volttron.platform.agent.utils INFO: creating file /home/volttron/.volttron91/keystores/platform.auth/keystore.json
2017-07-24 17:31:28,008 () volttron.platform.vip.agent.core DEBUG: address: inproc://vip
2017-07-24 17:31:28,008 () volttron.platform.vip.agent.core DEBUG: identity: platform.auth
2017-07-24 17:31:28,008 () volttron.platform.vip.agent.core DEBUG: agent_uuid: None
2017-07-24 17:31:28,008 () volttron.platform.vip.agent.core DEBUG: serverkey: None
2017-07-24 17:31:28,009 () volttron.platform.auth INFO: loading auth file /home/volttron/.volttron91/auth.json
2017-07-24 17:31:28,010 () volttron.platform.auth INFO: auth file /home/volttron/.volttron91/auth.json loaded
2017-07-24 17:31:28,010 () volttron.platform.agent.utils DEBUG: missing file /home/volttron/.volttron91/protected_topics.json
2017-07-24 17:31:28,010 () volttron.platform.agent.utils INFO: creating file /home/volttron/.volttron91/protected_topics.json
2017-07-24 17:31:28,011 () volttron.platform.main DEBUG: MAIN: protected topics content {}
2017-07-24 17:31:28,012 () volttron.platform.main DEBUG: In-process VIP router bound to inproc://vip
2017-07-24 17:31:28,012 () volttron.platform.main DEBUG: Local VIP router bound to ipc://@/home/volttron/.volttron91/run/vip.socket?secretkey=XXXXX&domain=vip&server=CURVE#6a8979cc-2323-4c3a-8ff8-2fd93491fa4b
2017-07-24 17:31:28,012 () volttron.platform.main DEBUG: Additional VIP router bound to tcp://127.0.0.91:22916?secretkey=XXXXX&domain=vip&server=CURVE#6a8979cc-2323-4c3a-8ff8-2fd93491fa4b
2017-07-24 17:31:28,012 () volttron.platform.vip.pubsubservice INFO: protected-topics loaded
2017-07-24 17:31:28,013 () volttron.platform.vip.externalrpcservice DEBUG: ExternalRPCService
2017-07-24 17:31:28,013 () volttron.platform.main DEBUG: ZMQ version: 4.1.5
2017-07-24 17:31:28,013 () volttron.platform.vip.pubsubservice DEBUG: PUBSUBSERVICE peer add config.store
2017-07-24 17:31:28,015 () volttron.platform.vip.pubsubservice DEBUG: PUBSUBSERVICE peer add platform.auth
2017-07-24 17:31:28,015 () volttron.platform.vip.agent.core INFO: Connected to platform: router: 6a8979cc-2323-4c3a-8ff8-2fd93491fa4b version: 1.0 identity: config.store
2017-07-24 17:31:28,015 () volttron.platform.vip.agent.core DEBUG: Running onstart methods.
2017-07-24 17:31:28,018 () volttron.platform.vip.agent.core INFO: Connected to platform: router: 6a8979cc-2323-4c3a-8ff8-2fd93491fa4b version: 1.0 identity: platform.auth
2017-07-24 17:31:28,018 () volttron.platform.vip.agent.core DEBUG: Running onstart methods.
2017-07-24 17:31:28,023 () volttron.platform.vip.agent.subsystems.configstore DEBUG: Processing callbacks for affected files: {}
2017-07-24 17:31:28,149 () volttron.platform.main DEBUG: protected topics file /home/volttron/.volttron91/protected_topics.json
2017-07-24 17:31:28,150 () volttron.platform.main DEBUG: external_address_file file /home/volttron/.volttron91/external_address.json
2017-07-24 17:31:28,155 () volttron.platform.agent.utils DEBUG: missing file /home/volttron/.volttron91/keystores/control/keystore.json
2017-07-24 17:31:28,155 () volttron.platform.agent.utils INFO: creating file /home/volttron/.volttron91/keystores/control/keystore.json
2017-07-24 17:31:28,158 () volttron.platform.vip.agent.core DEBUG: address: inproc://vip
2017-07-24 17:31:28,158 () volttron.platform.vip.agent.core DEBUG: identity: control
2017-07-24 17:31:28,158 () volttron.platform.vip.agent.core DEBUG: agent_uuid: None
2017-07-24 17:31:28,158 () volttron.platform.vip.agent.core DEBUG: serverkey: None
2017-07-24 17:31:28,162 () volttron.platform.agent.utils DEBUG: missing file /home/volttron/.volttron91/keystores/pubsub.compat/keystore.json
2017-07-24 17:31:28,163 () volttron.platform.agent.utils INFO: creating file /home/volttron/.volttron91/keystores/pubsub.compat/keystore.json
2017-07-24 17:31:28,165 () volttron.platform.vip.agent.core DEBUG: address: inproc://vip
2017-07-24 17:31:28,165 () volttron.platform.vip.agent.core DEBUG: identity: pubsub.compat
2017-07-24 17:31:28,166 () volttron.platform.vip.agent.core DEBUG: agent_uuid: None
2017-07-24 17:31:28,166 () volttron.platform.vip.agent.core DEBUG: serverkey: None
2017-07-24 17:31:28,167 () volttron.platform.agent.utils DEBUG: missing file /home/volttron/.volttron91/keystores/master.web/keystore.json
2017-07-24 17:31:28,167 () volttron.platform.agent.utils INFO: creating file /home/volttron/.volttron91/keystores/master.web/keystore.json
2017-07-24 17:31:28,170 () volttron.platform.vip.agent.core DEBUG: address: inproc://vip
2017-07-24 17:31:28,170 () volttron.platform.vip.agent.core DEBUG: identity: master.web
2017-07-24 17:31:28,170 () volttron.platform.vip.agent.core DEBUG: agent_uuid: None
2017-07-24 17:31:28,170 () volttron.platform.vip.agent.core DEBUG: serverkey: None
2017-07-24 17:31:28,179 () volttron.platform.agent.utils DEBUG: missing file /home/volttron/.volttron91/keystores/keydiscovery/keystore.json
2017-07-24 17:31:28,179 () volttron.platform.agent.utils INFO: creating file /home/volttron/.volttron91/keystores/keydiscovery/keystore.json
2017-07-24 17:31:28,181 () volttron.platform.vip.agent.core DEBUG: address: inproc://vip
2017-07-24 17:31:28,181 () volttron.platform.vip.agent.core DEBUG: identity: keydiscovery
2017-07-24 17:31:28,182 () volttron.platform.vip.agent.core DEBUG: agent_uuid: None
2017-07-24 17:31:28,182 () volttron.platform.vip.agent.core DEBUG: serverkey: None
2017-07-24 17:31:28,191 () volttron.platform.vip.pubsubservice DEBUG: PUBSUBSERVICE peer add control
2017-07-24 17:31:28,195 () volttron.platform.vip.pubsubservice DEBUG: PUBSUBSERVICE peer add pubsub.compat
2017-07-24 17:31:28,197 () volttron.platform.vip.pubsubservice DEBUG: PUBSUBSERVICE peer add keydiscovery
2017-07-24 17:31:28,197 () volttron.platform.vip.agent.core INFO: Connected to platform: router: 6a8979cc-2323-4c3a-8ff8-2fd93491fa4b version: 1.0 identity: control
2017-07-24 17:31:28,199 () volttron.platform.vip.agent.core DEBUG: Running onstart methods.
2017-07-24 17:31:28,199 () volttron.platform.vip.pubsubservice DEBUG: PUBSUBSERVICE peer add master.web
2017-07-24 17:31:28,211 () volttron.platform.vip.agent.core INFO: Connected to platform: router: 6a8979cc-2323-4c3a-8ff8-2fd93491fa4b version: 1.0 identity: master.web
2017-07-24 17:31:28,211 () volttron.platform.vip.agent.core DEBUG: Running onstart methods.
2017-07-24 17:31:28,214 () volttron.platform.vip.agent.core INFO: Connected to platform: router: 6a8979cc-2323-4c3a-8ff8-2fd93491fa4b version: 1.0 identity: keydiscovery
2017-07-24 17:31:28,214 () volttron.platform.vip.agent.core DEBUG: Running onstart methods.
2017-07-24 17:31:28,217 () volttron.platform.vip.agent.core INFO: Connected to platform: router: 6a8979cc-2323-4c3a-8ff8-2fd93491fa4b version: 1.0 identity: pubsub.compat
2017-07-24 17:31:28,217 () volttron.platform.vip.agent.core DEBUG: Running onstart methods.
2017-07-24 17:31:28,219 () volttron.platform.web INFO: Starting web server binding to 127.0.0.91:8080.
2017-07-24 17:31:28,220 () volttron.platform.vip.keydiscovery ERROR: Error opening file /home/volttron/.volttron91/external_address.json
2017-07-24 17:31:28,235 () volttron.platform.vip.agent.subsystems.configstore DEBUG: Processing callbacks for affected files: {}
2017-07-24 17:31:36,825 () volttron.platform.auth INFO: loading auth file /home/volttron/.volttron91/auth.json
2017-07-24 17:31:36,826 () volttron.platform.auth INFO: auth file /home/volttron/.volttron91/auth.json loaded
2017-07-24 17:31:36,830 () volttron.platform.auth DEBUG: AUTH new capabilities update: {}
2017-07-24 17:31:36,846 () volttron.platform.auth INFO: loading auth file /home/volttron/.volttron91/auth.json
2017-07-24 17:31:36,854 () volttron.platform.auth INFO: auth file /home/volttron/.volttron91/auth.json loaded
2017-07-24 17:31:36,859 () volttron.platform.auth DEBUG: AUTH new capabilities update: {'platform': [], '363016ab-dd46-4e81-9dcc-17aa47c010a9': []}
2017-07-24 17:42:23,007 () volttron.platform.web DEBUG: PATH IS: /discovery/
2017-07-24 17:42:23,008 () volttron.platform.web DEBUG: Peer we path_info is associated with: None
2017-07-24 17:42:23,009 () volttron.platform.web DEBUG: MATCHED:
pattern: ^/discovery/$, path_info: /discovery/
 v: <bound method MasterWebService._get_discovery of <volttron.platform.web.MasterWebService object at 0x7f6a9c417210>>
2017-07-24 17:42:23,009 () volttron.platform.web DEBUG: registered route t is: callable
2017-07-24 17:42:23,161 () volttron.platform.auth INFO: authentication success: domain='vip', address='127.0.0.1', mechanism='CURVE', credentials=['TCMNFHwXpXpqFp-XwbNSJgCnYn30ra7oXZB8veV4WUk'], user_id='363016ab-dd46-4e81-9dcc-17aa47c010a9'
2017-07-24 17:42:23,187 () volttron.platform.vip.pubsubservice DEBUG: PUBSUBSERVICE peer add platform91-0.213534991299
2017-07-24 17:42:23,188 () volttron.platform.vip.routingservice DEBUG: HELLO Recieved hello, sending welcome to platform1
2017-07-24 17:42:23,189 () volttron.platform.vip.routingservice DEBUG: Sending welcome message to sender platform1
2017-07-24 17:42:23,189 () volttron.platform.vip.routingservice DEBUG: Key error for platform platform1
2017-07-24 17:42:23,189 () volttron.platform.vip.pubsubservice DEBUG: PUBSUBSERVICE external_list
2017-07-24 17:42:23,189 () volttron.platform.vip.pubsubservice DEBUG: PUBSUBSERVICE external_subscriptions from external platforms: platform91-0.213534991299
2017-07-24 17:42:23,189 () volttron.platform.vip.pubsubservice DEBUG: PUBSUBSERVICE New external list from platform1: List: defaultdict(<type 'set'>, {'platform1': []})
2017-07-24 17:42:29,703 () volttron.platform.auth INFO: loading auth file /home/volttron/.volttron91/auth.json
2017-07-24 17:42:29,704 () volttron.platform.auth INFO: auth file /home/volttron/.volttron91/auth.json loaded
2017-07-24 17:42:29,705 () volttron.platform.auth DEBUG: AUTH new capabilities update: {'platform': [], '363016ab-dd46-4e81-9dcc-17aa47c010a9': []}
