2017-07-24 17:31:44,668 () volttron.platform.main DEBUG: open file resource limit increased from 1024 to 4096
2017-07-24 17:31:44,669 () volttron.platform.agent.utils DEBUG: missing file /home/volttron/.volttron92/keystore
2017-07-24 17:31:44,669 () volttron.platform.agent.utils INFO: creating file /home/volttron/.volttron92/keystore
2017-07-24 17:31:44,670 () volttron.platform.main DEBUG: using key-store file /home/volttron/.volttron92/keystore
2017-07-24 17:31:44,670 () volttron.platform.main INFO: public key: -whPm1GMxI7JQijixsqI2Yflzl6Ke3uh0O-mW9k-qwI
2017-07-24 17:31:44,671 () volttron.platform.agent.utils DEBUG: missing file /home/volttron/.volttron92/auth.json
2017-07-24 17:31:44,671 () volttron.platform.agent.utils INFO: creating file /home/volttron/.volttron92/auth.json
2017-07-24 17:31:44,671 () volttron.platform.auth INFO: Created backup of /home/volttron/.volttron92/auth.json at /home/volttron/.volttron92/auth.json.7c4bfddc-5796-420d-9489-8fe64086df5e.bak
2017-07-24 17:31:44,672 () volttron.platform.agent.utils DEBUG: missing file /home/volttron/.volttron92/known_hosts
2017-07-24 17:31:44,672 () volttron.platform.agent.utils INFO: creating file /home/volttron/.volttron92/known_hosts
2017-07-24 17:31:44,672 () volttron.platform.main DEBUG: protected topics file /home/volttron/.volttron92/protected_topics.json
2017-07-24 17:31:44,672 () volttron.platform.main DEBUG: external_address_file file /home/volttron/.volttron92/external_address.json
2017-07-24 17:31:44,673 () volttron.platform.agent.utils DEBUG: missing file /home/volttron/.volttron92/keystores/config.store/keystore.json
2017-07-24 17:31:44,673 () volttron.platform.agent.utils INFO: creating file /home/volttron/.volttron92/keystores/config.store/keystore.json
2017-07-24 17:31:44,674 () volttron.platform.vip.agent.core DEBUG: address: inproc://vip
2017-07-24 17:31:44,674 () volttron.platform.vip.agent.core DEBUG: identity: config.store
2017-07-24 17:31:44,675 () volttron.platform.vip.agent.core DEBUG: agent_uuid: None
2017-07-24 17:31:44,675 () volttron.platform.vip.agent.core DEBUG: serverkey: None
2017-07-24 17:31:44,676 () volttron.platform.store INFO: Initializing configuration store service.
2017-07-24 17:31:44,677 () volttron.platform.agent.utils DEBUG: missing file /home/volttron/.volttron92/keystores/platform.auth/keystore.json
2017-07-24 17:31:44,677 () volttron.platform.agent.utils INFO: creating file /home/volttron/.volttron92/keystores/platform.auth/keystore.json
2017-07-24 17:31:44,679 () volttron.platform.vip.agent.core DEBUG: address: inproc://vip
2017-07-24 17:31:44,679 () volttron.platform.vip.agent.core DEBUG: identity: platform.auth
2017-07-24 17:31:44,679 () volttron.platform.vip.agent.core DEBUG: agent_uuid: None
2017-07-24 17:31:44,679 () volttron.platform.vip.agent.core DEBUG: serverkey: None
2017-07-24 17:31:44,680 () volttron.platform.auth INFO: loading auth file /home/volttron/.volttron92/auth.json
2017-07-24 17:31:44,681 () volttron.platform.auth INFO: auth file /home/volttron/.volttron92/auth.json loaded
2017-07-24 17:31:44,681 () volttron.platform.agent.utils DEBUG: missing file /home/volttron/.volttron92/protected_topics.json
2017-07-24 17:31:44,681 () volttron.platform.agent.utils INFO: creating file /home/volttron/.volttron92/protected_topics.json
2017-07-24 17:31:44,682 () volttron.platform.main DEBUG: MAIN: protected topics content {}
2017-07-24 17:31:44,683 () volttron.platform.main DEBUG: In-process VIP router bound to inproc://vip
2017-07-24 17:31:44,684 () volttron.platform.main DEBUG: Local VIP router bound to ipc://@/home/volttron/.volttron92/run/vip.socket?secretkey=XXXXX&domain=vip&server=CURVE#8b4be1ca-8871-42a1-b296-9f78bbfa11f3
2017-07-24 17:31:44,684 () volttron.platform.main DEBUG: Additional VIP router bound to tcp://127.0.0.92:22916?secretkey=XXXXX&domain=vip&server=CURVE#8b4be1ca-8871-42a1-b296-9f78bbfa11f3
2017-07-24 17:31:44,684 () volttron.platform.vip.pubsubservice INFO: protected-topics loaded
2017-07-24 17:31:44,684 () volttron.platform.vip.externalrpcservice DEBUG: ExternalRPCService
2017-07-24 17:31:44,684 () volttron.platform.main DEBUG: ZMQ version: 4.1.5
2017-07-24 17:31:44,685 () volttron.platform.vip.pubsubservice DEBUG: PUBSUBSERVICE peer add config.store
2017-07-24 17:31:44,685 () volttron.platform.vip.pubsubservice DEBUG: PUBSUBSERVICE peer add platform.auth
2017-07-24 17:31:44,687 () volttron.platform.vip.agent.core INFO: Connected to platform: router: 8b4be1ca-8871-42a1-b296-9f78bbfa11f3 version: 1.0 identity: config.store
2017-07-24 17:31:44,687 () volttron.platform.vip.agent.core DEBUG: Running onstart methods.
2017-07-24 17:31:44,690 () volttron.platform.vip.agent.core INFO: Connected to platform: router: 8b4be1ca-8871-42a1-b296-9f78bbfa11f3 version: 1.0 identity: platform.auth
2017-07-24 17:31:44,690 () volttron.platform.vip.agent.core DEBUG: Running onstart methods.
2017-07-24 17:31:44,695 () volttron.platform.vip.agent.subsystems.configstore DEBUG: Processing callbacks for affected files: {}
2017-07-24 17:31:44,819 () volttron.platform.main DEBUG: protected topics file /home/volttron/.volttron92/protected_topics.json
2017-07-24 17:31:44,820 () volttron.platform.main DEBUG: external_address_file file /home/volttron/.volttron92/external_address.json
2017-07-24 17:31:44,822 () volttron.platform.agent.utils DEBUG: missing file /home/volttron/.volttron92/keystores/control/keystore.json
2017-07-24 17:31:44,822 () volttron.platform.agent.utils INFO: creating file /home/volttron/.volttron92/keystores/control/keystore.json
2017-07-24 17:31:44,826 () volttron.platform.vip.agent.core DEBUG: address: inproc://vip
2017-07-24 17:31:44,826 () volttron.platform.vip.agent.core DEBUG: identity: control
2017-07-24 17:31:44,827 () volttron.platform.vip.agent.core DEBUG: agent_uuid: None
2017-07-24 17:31:44,827 () volttron.platform.vip.agent.core DEBUG: serverkey: None
2017-07-24 17:31:44,831 () volttron.platform.agent.utils DEBUG: missing file /home/volttron/.volttron92/keystores/pubsub.compat/keystore.json
2017-07-24 17:31:44,831 () volttron.platform.agent.utils INFO: creating file /home/volttron/.volttron92/keystores/pubsub.compat/keystore.json
2017-07-24 17:31:44,835 () volttron.platform.vip.agent.core DEBUG: address: inproc://vip
2017-07-24 17:31:44,835 () volttron.platform.vip.agent.core DEBUG: identity: pubsub.compat
2017-07-24 17:31:44,835 () volttron.platform.vip.agent.core DEBUG: agent_uuid: None
2017-07-24 17:31:44,835 () volttron.platform.vip.agent.core DEBUG: serverkey: None
2017-07-24 17:31:44,837 () volttron.platform.agent.utils DEBUG: missing file /home/volttron/.volttron92/keystores/master.web/keystore.json
2017-07-24 17:31:44,837 () volttron.platform.agent.utils INFO: creating file /home/volttron/.volttron92/keystores/master.web/keystore.json
2017-07-24 17:31:44,839 () volttron.platform.vip.agent.core DEBUG: address: inproc://vip
2017-07-24 17:31:44,839 () volttron.platform.vip.agent.core DEBUG: identity: master.web
2017-07-24 17:31:44,839 () volttron.platform.vip.agent.core DEBUG: agent_uuid: None
2017-07-24 17:31:44,839 () volttron.platform.vip.agent.core DEBUG: serverkey: None
2017-07-24 17:31:44,847 () volttron.platform.agent.utils DEBUG: missing file /home/volttron/.volttron92/keystores/keydiscovery/keystore.json
2017-07-24 17:31:44,847 () volttron.platform.agent.utils INFO: creating file /home/volttron/.volttron92/keystores/keydiscovery/keystore.json
2017-07-24 17:31:44,849 () volttron.platform.vip.agent.core DEBUG: address: inproc://vip
2017-07-24 17:31:44,849 () volttron.platform.vip.agent.core DEBUG: identity: keydiscovery
2017-07-24 17:31:44,849 () volttron.platform.vip.agent.core DEBUG: agent_uuid: None
2017-07-24 17:31:44,849 () volttron.platform.vip.agent.core DEBUG: serverkey: None
2017-07-24 17:31:44,858 () volttron.platform.vip.pubsubservice DEBUG: PUBSUBSERVICE peer add control
2017-07-24 17:31:44,860 () volttron.platform.vip.pubsubservice DEBUG: PUBSUBSERVICE peer add pubsub.compat
2017-07-24 17:31:44,867 () volttron.platform.vip.pubsubservice DEBUG: PUBSUBSERVICE peer add master.web
2017-07-24 17:31:44,868 () volttron.platform.vip.pubsubservice DEBUG: PUBSUBSERVICE peer add keydiscovery
2017-07-24 17:31:44,872 () volttron.platform.vip.agent.core INFO: Connected to platform: router: 8b4be1ca-8871-42a1-b296-9f78bbfa11f3 version: 1.0 identity: pubsub.compat
2017-07-24 17:31:44,872 () volttron.platform.vip.agent.core DEBUG: Running onstart methods.
2017-07-24 17:31:44,875 () volttron.platform.vip.agent.core INFO: Connected to platform: router: 8b4be1ca-8871-42a1-b296-9f78bbfa11f3 version: 1.0 identity: control
2017-07-24 17:31:44,875 () volttron.platform.vip.agent.core DEBUG: Running onstart methods.
2017-07-24 17:31:44,884 () volttron.platform.vip.agent.core INFO: Connected to platform: router: 8b4be1ca-8871-42a1-b296-9f78bbfa11f3 version: 1.0 identity: keydiscovery
2017-07-24 17:31:44,885 () volttron.platform.vip.agent.core DEBUG: Running onstart methods.
2017-07-24 17:31:44,889 () volttron.platform.vip.agent.core INFO: Connected to platform: router: 8b4be1ca-8871-42a1-b296-9f78bbfa11f3 version: 1.0 identity: master.web
2017-07-24 17:31:44,889 () volttron.platform.vip.agent.core DEBUG: Running onstart methods.
2017-07-24 17:31:44,891 () volttron.platform.vip.keydiscovery ERROR: Error opening file /home/volttron/.volttron92/external_address.json
2017-07-24 17:31:44,892 () volttron.platform.web INFO: Starting web server binding to 127.0.0.92:8080.
2017-07-24 17:31:44,908 () volttron.platform.vip.agent.subsystems.configstore DEBUG: Processing callbacks for affected files: {}
2017-07-24 17:31:52,401 () volttron.platform.auth INFO: loading auth file /home/volttron/.volttron92/auth.json
2017-07-24 17:31:52,403 () volttron.platform.auth INFO: auth file /home/volttron/.volttron92/auth.json loaded
2017-07-24 17:31:52,407 () volttron.platform.auth DEBUG: AUTH new capabilities update: {}
2017-07-24 17:31:52,418 () volttron.platform.auth INFO: loading auth file /home/volttron/.volttron92/auth.json
2017-07-24 17:31:52,419 () volttron.platform.auth INFO: auth file /home/volttron/.volttron92/auth.json loaded
2017-07-24 17:31:52,423 () volttron.platform.auth DEBUG: AUTH new capabilities update: {'platform': [], '0649895c-4c10-4453-bcf8-50a82869c691': []}
2017-07-24 17:42:23,275 () volttron.platform.web DEBUG: PATH IS: /discovery/
2017-07-24 17:42:23,388 () volttron.platform.web DEBUG: Peer we path_info is associated with: None
2017-07-24 17:42:23,389 () volttron.platform.web DEBUG: MATCHED:
pattern: ^/discovery/$, path_info: /discovery/
 v: <bound method MasterWebService._get_discovery of <volttron.platform.web.MasterWebService object at 0x7fea2428e1d0>>
2017-07-24 17:42:23,391 () volttron.platform.web DEBUG: registered route t is: callable
2017-07-24 17:42:23,879 () volttron.platform.auth INFO: authentication success: domain='vip', address='127.0.0.1', mechanism='CURVE', credentials=['TCMNFHwXpXpqFp-XwbNSJgCnYn30ra7oXZB8veV4WUk'], user_id='0649895c-4c10-4453-bcf8-50a82869c691'
2017-07-24 17:42:24,108 () volttron.platform.vip.pubsubservice DEBUG: PUBSUBSERVICE peer add platform92-0.827105284839
2017-07-24 17:42:24,120 () volttron.platform.vip.routingservice DEBUG: HELLO Recieved hello, sending welcome to platform1
2017-07-24 17:42:24,120 () volttron.platform.vip.routingservice DEBUG: Sending welcome message to sender platform1
2017-07-24 17:42:24,121 () volttron.platform.vip.routingservice DEBUG: Key error for platform platform1
2017-07-24 17:42:24,122 () volttron.platform.vip.pubsubservice DEBUG: PUBSUBSERVICE external_list
2017-07-24 17:42:24,122 () volttron.platform.vip.pubsubservice DEBUG: PUBSUBSERVICE external_subscriptions from external platforms: platform92-0.827105284839
2017-07-24 17:42:24,124 () volttron.platform.vip.pubsubservice DEBUG: PUBSUBSERVICE New external list from platform1: List: defaultdict(<type 'set'>, {'platform1': []})
2017-07-24 17:42:30,067 () volttron.platform.auth INFO: loading auth file /home/volttron/.volttron92/auth.json
2017-07-24 17:42:30,075 () volttron.platform.auth INFO: auth file /home/volttron/.volttron92/auth.json loaded
2017-07-24 17:42:30,076 () volttron.platform.auth DEBUG: AUTH new capabilities update: {'platform': [], '0649895c-4c10-4453-bcf8-50a82869c691': []}
2017-07-24 17:42:30,084 () volttron.platform.auth INFO: loading auth file /home/volttron/.volttron92/auth.json
2017-07-24 17:42:30,118 () volttron.platform.auth INFO: auth file /home/volttron/.volttron92/auth.json loaded
2017-07-24 17:42:30,187 () volttron.platform.auth DEBUG: AUTH new capabilities update: {'platform': [], '0649895c-4c10-4453-bcf8-50a82869c691': []}
