2017-07-24 17:32:00,774 () volttron.platform.main DEBUG: open file resource limit increased from 1024 to 4096
2017-07-24 17:32:00,775 () volttron.platform.agent.utils DEBUG: missing file /home/volttron/.volttron93/keystore
2017-07-24 17:32:00,775 () volttron.platform.agent.utils INFO: creating file /home/volttron/.volttron93/keystore
2017-07-24 17:32:00,776 () volttron.platform.main DEBUG: using key-store file /home/volttron/.volttron93/keystore
2017-07-24 17:32:00,777 () volttron.platform.main INFO: public key: QmtaRu_F90dkXrhDVmSu-mlAHCExvX56EeU4qDbVIQk
2017-07-24 17:32:00,777 () volttron.platform.agent.utils DEBUG: missing file /home/volttron/.volttron93/auth.json
2017-07-24 17:32:00,777 () volttron.platform.agent.utils INFO: creating file /home/volttron/.volttron93/auth.json
2017-07-24 17:32:00,777 () volttron.platform.auth INFO: Created backup of /home/volttron/.volttron93/auth.json at /home/volttron/.volttron93/auth.json.b0fe7f49-c133-42cc-9263-407d3ab936d7.bak
2017-07-24 17:32:00,778 () volttron.platform.agent.utils DEBUG: missing file /home/volttron/.volttron93/known_hosts
2017-07-24 17:32:00,778 () volttron.platform.agent.utils INFO: creating file /home/volttron/.volttron93/known_hosts
2017-07-24 17:32:00,779 () volttron.platform.main DEBUG: protected topics file /home/volttron/.volttron93/protected_topics.json
2017-07-24 17:32:00,779 () volttron.platform.main DEBUG: external_address_file file /home/volttron/.volttron93/external_address.json
2017-07-24 17:32:00,779 () volttron.platform.agent.utils DEBUG: missing file /home/volttron/.volttron93/keystores/config.store/keystore.json
2017-07-24 17:32:00,779 () volttron.platform.agent.utils INFO: creating file /home/volttron/.volttron93/keystores/config.store/keystore.json
2017-07-24 17:32:00,781 () volttron.platform.vip.agent.core DEBUG: address: inproc://vip
2017-07-24 17:32:00,781 () volttron.platform.vip.agent.core DEBUG: identity: config.store
2017-07-24 17:32:00,781 () volttron.platform.vip.agent.core DEBUG: agent_uuid: None
2017-07-24 17:32:00,781 () volttron.platform.vip.agent.core DEBUG: serverkey: None
2017-07-24 17:32:00,783 () volttron.platform.store INFO: Initializing configuration store service.
2017-07-24 17:32:00,784 () volttron.platform.agent.utils DEBUG: missing file /home/volttron/.volttron93/keystores/platform.auth/keystore.json
2017-07-24 17:32:00,784 () volttron.platform.agent.utils INFO: creating file /home/volttron/.volttron93/keystores/platform.auth/keystore.json
2017-07-24 17:32:00,786 () volttron.platform.vip.agent.core DEBUG: address: inproc://vip
2017-07-24 17:32:00,786 () volttron.platform.vip.agent.core DEBUG: identity: platform.auth
2017-07-24 17:32:00,786 () volttron.platform.vip.agent.core DEBUG: agent_uuid: None
2017-07-24 17:32:00,786 () volttron.platform.vip.agent.core DEBUG: serverkey: None
2017-07-24 17:32:00,787 () volttron.platform.auth INFO: loading auth file /home/volttron/.volttron93/auth.json
2017-07-24 17:32:00,787 () volttron.platform.auth INFO: auth file /home/volttron/.volttron93/auth.json loaded
2017-07-24 17:32:00,788 () volttron.platform.agent.utils DEBUG: missing file /home/volttron/.volttron93/protected_topics.json
2017-07-24 17:32:00,788 () volttron.platform.agent.utils INFO: creating file /home/volttron/.volttron93/protected_topics.json
2017-07-24 17:32:00,789 () volttron.platform.main DEBUG: MAIN: protected topics content {}
2017-07-24 17:32:00,790 () volttron.platform.main DEBUG: In-process VIP router bound to inproc://vip
2017-07-24 17:32:00,790 () volttron.platform.main DEBUG: Local VIP router bound to ipc://@/home/volttron/.volttron93/run/vip.socket?secretkey=XXXXX&domain=vip&server=CURVE#b9926299-fc75-442d-ba34-fa4d6ec5021d
2017-07-24 17:32:00,791 () volttron.platform.main DEBUG: Additional VIP router bound to tcp://127.0.0.93:22916?secretkey=XXXXX&domain=vip&server=CURVE#b9926299-fc75-442d-ba34-fa4d6ec5021d
2017-07-24 17:32:00,791 () volttron.platform.vip.pubsubservice INFO: protected-topics loaded
2017-07-24 17:32:00,791 () volttron.platform.vip.externalrpcservice DEBUG: ExternalRPCService
2017-07-24 17:32:00,791 () volttron.platform.main DEBUG: ZMQ version: 4.1.5
2017-07-24 17:32:00,791 () volttron.platform.vip.pubsubservice DEBUG: PUBSUBSERVICE peer add config.store
2017-07-24 17:32:00,793 () volttron.platform.vip.agent.core INFO: Connected to platform: router: b9926299-fc75-442d-ba34-fa4d6ec5021d version: 1.0 identity: config.store
2017-07-24 17:32:00,794 () volttron.platform.vip.agent.core DEBUG: Running onstart methods.
2017-07-24 17:32:00,793 () volttron.platform.vip.pubsubservice DEBUG: PUBSUBSERVICE peer add platform.auth
2017-07-24 17:32:00,796 () volttron.platform.vip.agent.core INFO: Connected to platform: router: b9926299-fc75-442d-ba34-fa4d6ec5021d version: 1.0 identity: platform.auth
2017-07-24 17:32:00,797 () volttron.platform.vip.agent.core DEBUG: Running onstart methods.
2017-07-24 17:32:00,803 () volttron.platform.vip.agent.subsystems.configstore DEBUG: Processing callbacks for affected files: {}
2017-07-24 17:32:00,925 () volttron.platform.main DEBUG: protected topics file /home/volttron/.volttron93/protected_topics.json
2017-07-24 17:32:00,926 () volttron.platform.main DEBUG: external_address_file file /home/volttron/.volttron93/external_address.json
2017-07-24 17:32:00,927 () volttron.platform.agent.utils DEBUG: missing file /home/volttron/.volttron93/keystores/control/keystore.json
2017-07-24 17:32:00,927 () volttron.platform.agent.utils INFO: creating file /home/volttron/.volttron93/keystores/control/keystore.json
2017-07-24 17:32:00,930 () volttron.platform.vip.agent.core DEBUG: address: inproc://vip
2017-07-24 17:32:00,930 () volttron.platform.vip.agent.core DEBUG: identity: control
2017-07-24 17:32:00,931 () volttron.platform.vip.agent.core DEBUG: agent_uuid: None
2017-07-24 17:32:00,931 () volttron.platform.vip.agent.core DEBUG: serverkey: None
2017-07-24 17:32:00,934 () volttron.platform.agent.utils DEBUG: missing file /home/volttron/.volttron93/keystores/pubsub.compat/keystore.json
2017-07-24 17:32:00,934 () volttron.platform.agent.utils INFO: creating file /home/volttron/.volttron93/keystores/pubsub.compat/keystore.json
2017-07-24 17:32:00,938 () volttron.platform.vip.agent.core DEBUG: address: inproc://vip
2017-07-24 17:32:00,938 () volttron.platform.vip.agent.core DEBUG: identity: pubsub.compat
2017-07-24 17:32:00,938 () volttron.platform.vip.agent.core DEBUG: agent_uuid: None
2017-07-24 17:32:00,938 () volttron.platform.vip.agent.core DEBUG: serverkey: None
2017-07-24 17:32:00,940 () volttron.platform.agent.utils DEBUG: missing file /home/volttron/.volttron93/keystores/master.web/keystore.json
2017-07-24 17:32:00,940 () volttron.platform.agent.utils INFO: creating file /home/volttron/.volttron93/keystores/master.web/keystore.json
2017-07-24 17:32:00,942 () volttron.platform.vip.agent.core DEBUG: address: inproc://vip
2017-07-24 17:32:00,942 () volttron.platform.vip.agent.core DEBUG: identity: master.web
2017-07-24 17:32:00,942 () volttron.platform.vip.agent.core DEBUG: agent_uuid: None
2017-07-24 17:32:00,942 () volttron.platform.vip.agent.core DEBUG: serverkey: None
2017-07-24 17:32:00,950 () volttron.platform.agent.utils DEBUG: missing file /home/volttron/.volttron93/keystores/keydiscovery/keystore.json
2017-07-24 17:32:00,950 () volttron.platform.agent.utils INFO: creating file /home/volttron/.volttron93/keystores/keydiscovery/keystore.json
2017-07-24 17:32:00,952 () volttron.platform.vip.agent.core DEBUG: address: inproc://vip
2017-07-24 17:32:00,952 () volttron.platform.vip.agent.core DEBUG: identity: keydiscovery
2017-07-24 17:32:00,952 () volttron.platform.vip.agent.core DEBUG: agent_uuid: None
2017-07-24 17:32:00,953 () volttron.platform.vip.agent.core DEBUG: serverkey: None
2017-07-24 17:32:00,965 () volttron.platform.vip.pubsubservice DEBUG: PUBSUBSERVICE peer add control
2017-07-24 17:32:00,967 () volttron.platform.vip.pubsubservice DEBUG: PUBSUBSERVICE peer add keydiscovery
2017-07-24 17:32:00,967 () volttron.platform.vip.agent.core INFO: Connected to platform: router: b9926299-fc75-442d-ba34-fa4d6ec5021d version: 1.0 identity: control
2017-07-24 17:32:00,967 () volttron.platform.vip.agent.core DEBUG: Running onstart methods.
2017-07-24 17:32:00,970 () volttron.platform.vip.pubsubservice DEBUG: PUBSUBSERVICE peer add pubsub.compat
2017-07-24 17:32:00,972 () volttron.platform.vip.pubsubservice DEBUG: PUBSUBSERVICE peer add master.web
2017-07-24 17:32:00,982 () volttron.platform.vip.agent.core INFO: Connected to platform: router: b9926299-fc75-442d-ba34-fa4d6ec5021d version: 1.0 identity: master.web
2017-07-24 17:32:00,985 () volttron.platform.vip.agent.core DEBUG: Running onstart methods.
2017-07-24 17:32:00,986 () volttron.platform.vip.agent.core INFO: Connected to platform: router: b9926299-fc75-442d-ba34-fa4d6ec5021d version: 1.0 identity: pubsub.compat
2017-07-24 17:32:00,986 () volttron.platform.vip.agent.core DEBUG: Running onstart methods.
2017-07-24 17:32:00,988 () volttron.platform.vip.agent.core INFO: Connected to platform: router: b9926299-fc75-442d-ba34-fa4d6ec5021d version: 1.0 identity: keydiscovery
2017-07-24 17:32:00,988 () volttron.platform.vip.agent.core DEBUG: Running onstart methods.
2017-07-24 17:32:00,991 () volttron.platform.web INFO: Starting web server binding to 127.0.0.93:8080.
2017-07-24 17:32:00,992 () volttron.platform.vip.keydiscovery ERROR: Error opening file /home/volttron/.volttron93/external_address.json
2017-07-24 17:32:01,002 () volttron.platform.vip.agent.subsystems.configstore DEBUG: Processing callbacks for affected files: {}
2017-07-24 17:32:08,648 () volttron.platform.auth INFO: loading auth file /home/volttron/.volttron93/auth.json
2017-07-24 17:32:08,649 () volttron.platform.auth INFO: auth file /home/volttron/.volttron93/auth.json loaded
2017-07-24 17:32:08,652 () volttron.platform.auth DEBUG: AUTH new capabilities update: {}
2017-07-24 17:32:08,666 () volttron.platform.auth INFO: loading auth file /home/volttron/.volttron93/auth.json
2017-07-24 17:32:08,667 () volttron.platform.auth INFO: auth file /home/volttron/.volttron93/auth.json loaded
2017-07-24 17:32:08,680 () volttron.platform.auth DEBUG: AUTH new capabilities update: {'platform': [], 'e3af0f9f-d2a0-4ad3-8218-39e5655388cf': []}
2017-07-24 17:42:24,082 () volttron.platform.web DEBUG: PATH IS: /discovery/
2017-07-24 17:42:24,130 () volttron.platform.web DEBUG: Peer we path_info is associated with: None
2017-07-24 17:42:24,130 () volttron.platform.web DEBUG: MATCHED:
pattern: ^/discovery/$, path_info: /discovery/
 v: <bound method MasterWebService._get_discovery of <volttron.platform.web.MasterWebService object at 0x7f8e7465b1d0>>
2017-07-24 17:42:24,130 () volttron.platform.web DEBUG: registered route t is: callable
2017-07-24 17:42:24,413 () volttron.platform.auth INFO: authentication success: domain='vip', address='127.0.0.1', mechanism='CURVE', credentials=['TCMNFHwXpXpqFp-XwbNSJgCnYn30ra7oXZB8veV4WUk'], user_id='e3af0f9f-d2a0-4ad3-8218-39e5655388cf'
2017-07-24 17:42:24,468 () volttron.platform.vip.pubsubservice DEBUG: PUBSUBSERVICE peer add platform93-0.624942224343
2017-07-24 17:42:24,470 () volttron.platform.vip.routingservice DEBUG: HELLO Recieved hello, sending welcome to platform1
2017-07-24 17:42:24,470 () volttron.platform.vip.routingservice DEBUG: Sending welcome message to sender platform1
2017-07-24 17:42:24,470 () volttron.platform.vip.routingservice DEBUG: Key error for platform platform1
2017-07-24 17:42:24,470 () volttron.platform.vip.pubsubservice DEBUG: PUBSUBSERVICE external_list
2017-07-24 17:42:24,470 () volttron.platform.vip.pubsubservice DEBUG: PUBSUBSERVICE external_subscriptions from external platforms: platform93-0.624942224343
2017-07-24 17:42:24,470 () volttron.platform.vip.pubsubservice DEBUG: PUBSUBSERVICE New external list from platform1: List: defaultdict(<type 'set'>, {'platform1': []})
2017-07-24 17:42:30,244 () volttron.platform.auth INFO: loading auth file /home/volttron/.volttron93/auth.json
2017-07-24 17:42:30,245 () volttron.platform.auth INFO: auth file /home/volttron/.volttron93/auth.json loaded
2017-07-24 17:42:30,253 () volttron.platform.auth DEBUG: AUTH new capabilities update: {}
2017-07-24 17:42:30,427 () volttron.platform.auth INFO: loading auth file /home/volttron/.volttron93/auth.json
2017-07-24 17:42:30,468 () volttron.platform.auth INFO: auth file /home/volttron/.volttron93/auth.json loaded
2017-07-24 17:42:30,502 () volttron.platform.auth DEBUG: AUTH new capabilities update: {'platform': [], 'e3af0f9f-d2a0-4ad3-8218-39e5655388cf': []}
