2017-07-24 17:32:16,218 () volttron.platform.main DEBUG: open file resource limit increased from 1024 to 4096
2017-07-24 17:32:16,218 () volttron.platform.agent.utils DEBUG: missing file /home/volttron/.volttron94/keystore
2017-07-24 17:32:16,218 () volttron.platform.agent.utils INFO: creating file /home/volttron/.volttron94/keystore
2017-07-24 17:32:16,220 () volttron.platform.main DEBUG: using key-store file /home/volttron/.volttron94/keystore
2017-07-24 17:32:16,220 () volttron.platform.main INFO: public key: BPj21cGpeMHkL70zEvst7mP4DUK3epdkMmn3u6LyXkM
2017-07-24 17:32:16,220 () volttron.platform.agent.utils DEBUG: missing file /home/volttron/.volttron94/auth.json
2017-07-24 17:32:16,220 () volttron.platform.agent.utils INFO: creating file /home/volttron/.volttron94/auth.json
2017-07-24 17:32:16,221 () volttron.platform.auth INFO: Created backup of /home/volttron/.volttron94/auth.json at /home/volttron/.volttron94/auth.json.db575a4c-8307-427f-baf0-42ceb3f98304.bak
2017-07-24 17:32:16,222 () volttron.platform.agent.utils DEBUG: missing file /home/volttron/.volttron94/known_hosts
2017-07-24 17:32:16,222 () volttron.platform.agent.utils INFO: creating file /home/volttron/.volttron94/known_hosts
2017-07-24 17:32:16,222 () volttron.platform.main DEBUG: protected topics file /home/volttron/.volttron94/protected_topics.json
2017-07-24 17:32:16,222 () volttron.platform.main DEBUG: external_address_file file /home/volttron/.volttron94/external_address.json
2017-07-24 17:32:16,223 () volttron.platform.agent.utils DEBUG: missing file /home/volttron/.volttron94/keystores/config.store/keystore.json
2017-07-24 17:32:16,223 () volttron.platform.agent.utils INFO: creating file /home/volttron/.volttron94/keystores/config.store/keystore.json
2017-07-24 17:32:16,224 () volttron.platform.vip.agent.core DEBUG: address: inproc://vip
2017-07-24 17:32:16,224 () volttron.platform.vip.agent.core DEBUG: identity: config.store
2017-07-24 17:32:16,224 () volttron.platform.vip.agent.core DEBUG: agent_uuid: None
2017-07-24 17:32:16,224 () volttron.platform.vip.agent.core DEBUG: serverkey: None
2017-07-24 17:32:16,226 () volttron.platform.store INFO: Initializing configuration store service.
2017-07-24 17:32:16,228 () volttron.platform.agent.utils DEBUG: missing file /home/volttron/.volttron94/keystores/platform.auth/keystore.json
2017-07-24 17:32:16,228 () volttron.platform.agent.utils INFO: creating file /home/volttron/.volttron94/keystores/platform.auth/keystore.json
2017-07-24 17:32:16,230 () volttron.platform.vip.agent.core DEBUG: address: inproc://vip
2017-07-24 17:32:16,230 () volttron.platform.vip.agent.core DEBUG: identity: platform.auth
2017-07-24 17:32:16,230 () volttron.platform.vip.agent.core DEBUG: agent_uuid: None
2017-07-24 17:32:16,230 () volttron.platform.vip.agent.core DEBUG: serverkey: None
2017-07-24 17:32:16,231 () volttron.platform.auth INFO: loading auth file /home/volttron/.volttron94/auth.json
2017-07-24 17:32:16,231 () volttron.platform.auth INFO: auth file /home/volttron/.volttron94/auth.json loaded
2017-07-24 17:32:16,232 () volttron.platform.agent.utils DEBUG: missing file /home/volttron/.volttron94/protected_topics.json
2017-07-24 17:32:16,232 () volttron.platform.agent.utils INFO: creating file /home/volttron/.volttron94/protected_topics.json
2017-07-24 17:32:16,234 () volttron.platform.main DEBUG: MAIN: protected topics content {}
2017-07-24 17:32:16,235 () volttron.platform.main DEBUG: In-process VIP router bound to inproc://vip
2017-07-24 17:32:16,235 () volttron.platform.main DEBUG: Local VIP router bound to ipc://@/home/volttron/.volttron94/run/vip.socket?secretkey=XXXXX&domain=vip&server=CURVE#0b0e7e1e-72bf-4ad3-aab8-f5dd67b6cd3c
2017-07-24 17:32:16,235 () volttron.platform.main DEBUG: Additional VIP router bound to tcp://127.0.0.94:22916?secretkey=XXXXX&domain=vip&server=CURVE#0b0e7e1e-72bf-4ad3-aab8-f5dd67b6cd3c
2017-07-24 17:32:16,235 () volttron.platform.vip.pubsubservice INFO: protected-topics loaded
2017-07-24 17:32:16,235 () volttron.platform.vip.externalrpcservice DEBUG: ExternalRPCService
2017-07-24 17:32:16,235 () volttron.platform.main DEBUG: ZMQ version: 4.1.5
2017-07-24 17:32:16,236 () volttron.platform.vip.pubsubservice DEBUG: PUBSUBSERVICE peer add config.store
2017-07-24 17:32:16,237 () volttron.platform.vip.agent.core INFO: Connected to platform: router: 0b0e7e1e-72bf-4ad3-aab8-f5dd67b6cd3c version: 1.0 identity: config.store
2017-07-24 17:32:16,237 () volttron.platform.vip.agent.core DEBUG: Running onstart methods.
2017-07-24 17:32:16,238 () volttron.platform.vip.pubsubservice DEBUG: PUBSUBSERVICE peer add platform.auth
2017-07-24 17:32:16,240 () volttron.platform.vip.agent.core INFO: Connected to platform: router: 0b0e7e1e-72bf-4ad3-aab8-f5dd67b6cd3c version: 1.0 identity: platform.auth
2017-07-24 17:32:16,241 () volttron.platform.vip.agent.core DEBUG: Running onstart methods.
2017-07-24 17:32:16,247 () volttron.platform.vip.agent.subsystems.configstore DEBUG: Processing callbacks for affected files: {}
2017-07-24 17:32:16,386 () volttron.platform.main DEBUG: protected topics file /home/volttron/.volttron94/protected_topics.json
2017-07-24 17:32:16,386 () volttron.platform.main DEBUG: external_address_file file /home/volttron/.volttron94/external_address.json
2017-07-24 17:32:16,389 () volttron.platform.agent.utils DEBUG: missing file /home/volttron/.volttron94/keystores/control/keystore.json
2017-07-24 17:32:16,389 () volttron.platform.agent.utils INFO: creating file /home/volttron/.volttron94/keystores/control/keystore.json
2017-07-24 17:32:16,392 () volttron.platform.vip.agent.core DEBUG: address: inproc://vip
2017-07-24 17:32:16,392 () volttron.platform.vip.agent.core DEBUG: identity: control
2017-07-24 17:32:16,392 () volttron.platform.vip.agent.core DEBUG: agent_uuid: None
2017-07-24 17:32:16,393 () volttron.platform.vip.agent.core DEBUG: serverkey: None
2017-07-24 17:32:16,395 () volttron.platform.agent.utils DEBUG: missing file /home/volttron/.volttron94/keystores/pubsub.compat/keystore.json
2017-07-24 17:32:16,395 () volttron.platform.agent.utils INFO: creating file /home/volttron/.volttron94/keystores/pubsub.compat/keystore.json
2017-07-24 17:32:16,397 () volttron.platform.vip.agent.core DEBUG: address: inproc://vip
2017-07-24 17:32:16,397 () volttron.platform.vip.agent.core DEBUG: identity: pubsub.compat
2017-07-24 17:32:16,397 () volttron.platform.vip.agent.core DEBUG: agent_uuid: None
2017-07-24 17:32:16,398 () volttron.platform.vip.agent.core DEBUG: serverkey: None
2017-07-24 17:32:16,399 () volttron.platform.agent.utils DEBUG: missing file /home/volttron/.volttron94/keystores/master.web/keystore.json
2017-07-24 17:32:16,399 () volttron.platform.agent.utils INFO: creating file /home/volttron/.volttron94/keystores/master.web/keystore.json
2017-07-24 17:32:16,402 () volttron.platform.vip.agent.core DEBUG: address: inproc://vip
2017-07-24 17:32:16,402 () volttron.platform.vip.agent.core DEBUG: identity: master.web
2017-07-24 17:32:16,402 () volttron.platform.vip.agent.core DEBUG: agent_uuid: None
2017-07-24 17:32:16,402 () volttron.platform.vip.agent.core DEBUG: serverkey: None
2017-07-24 17:32:16,411 () volttron.platform.agent.utils DEBUG: missing file /home/volttron/.volttron94/keystores/keydiscovery/keystore.json
2017-07-24 17:32:16,411 () volttron.platform.agent.utils INFO: creating file /home/volttron/.volttron94/keystores/keydiscovery/keystore.json
2017-07-24 17:32:16,413 () volttron.platform.vip.agent.core DEBUG: address: inproc://vip
2017-07-24 17:32:16,413 () volttron.platform.vip.agent.core DEBUG: identity: keydiscovery
2017-07-24 17:32:16,413 () volttron.platform.vip.agent.core DEBUG: agent_uuid: None
2017-07-24 17:32:16,413 () volttron.platform.vip.agent.core DEBUG: serverkey: None
2017-07-24 17:32:16,421 () volttron.platform.vip.pubsubservice DEBUG: PUBSUBSERVICE peer add control
2017-07-24 17:32:16,427 () volttron.platform.vip.agent.core INFO: Connected to platform: router: 0b0e7e1e-72bf-4ad3-aab8-f5dd67b6cd3c version: 1.0 identity: control
2017-07-24 17:32:16,427 () volttron.platform.vip.agent.core DEBUG: Running onstart methods.
2017-07-24 17:32:16,429 () volttron.platform.vip.pubsubservice DEBUG: PUBSUBSERVICE peer add pubsub.compat
2017-07-24 17:32:16,430 () volttron.platform.vip.pubsubservice DEBUG: PUBSUBSERVICE peer add master.web
2017-07-24 17:32:16,435 () volttron.platform.vip.agent.core INFO: Connected to platform: router: 0b0e7e1e-72bf-4ad3-aab8-f5dd67b6cd3c version: 1.0 identity: master.web
2017-07-24 17:32:16,435 () volttron.platform.vip.agent.core DEBUG: Running onstart methods.
2017-07-24 17:32:16,437 () volttron.platform.web INFO: Starting web server binding to 127.0.0.94:8080.
2017-07-24 17:32:16,438 () volttron.platform.vip.pubsubservice DEBUG: PUBSUBSERVICE peer add keydiscovery
2017-07-24 17:32:16,451 () volttron.platform.vip.agent.core INFO: Connected to platform: router: 0b0e7e1e-72bf-4ad3-aab8-f5dd67b6cd3c version: 1.0 identity: keydiscovery
2017-07-24 17:32:16,451 () volttron.platform.vip.agent.core DEBUG: Running onstart methods.
2017-07-24 17:32:16,454 () volttron.platform.vip.agent.core INFO: Connected to platform: router: 0b0e7e1e-72bf-4ad3-aab8-f5dd67b6cd3c version: 1.0 identity: pubsub.compat
2017-07-24 17:32:16,454 () volttron.platform.vip.agent.core DEBUG: Running onstart methods.
2017-07-24 17:32:16,458 () volttron.platform.vip.keydiscovery ERROR: Error opening file /home/volttron/.volttron94/external_address.json
2017-07-24 17:32:16,465 () volttron.platform.vip.agent.subsystems.configstore DEBUG: Processing callbacks for affected files: {}
2017-07-24 17:32:25,569 () volttron.platform.auth INFO: loading auth file /home/volttron/.volttron94/auth.json
2017-07-24 17:32:25,569 () volttron.platform.auth INFO: auth file /home/volttron/.volttron94/auth.json loaded
2017-07-24 17:32:25,574 () volttron.platform.auth DEBUG: AUTH new capabilities update: {}
2017-07-24 17:32:25,590 () volttron.platform.auth INFO: loading auth file /home/volttron/.volttron94/auth.json
2017-07-24 17:32:25,600 () volttron.platform.auth INFO: auth file /home/volttron/.volttron94/auth.json loaded
2017-07-24 17:32:25,621 () volttron.platform.auth DEBUG: AUTH new capabilities update: {'platform': [], '7542c4db-72f8-498e-ab22-38cdf66cf69a': []}
2017-07-24 17:42:17,738 () volttron.platform.web DEBUG: PATH IS: /discovery/
2017-07-24 17:42:17,741 () volttron.platform.web DEBUG: Peer we path_info is associated with: None
2017-07-24 17:42:17,741 () volttron.platform.web DEBUG: MATCHED:
pattern: ^/discovery/$, path_info: /discovery/
 v: <bound method MasterWebService._get_discovery of <volttron.platform.web.MasterWebService object at 0x7f9cc819e1d0>>
2017-07-24 17:42:17,741 () volttron.platform.web DEBUG: registered route t is: callable
2017-07-24 17:42:18,184 () volttron.platform.auth INFO: authentication success: domain='vip', address='127.0.0.1', mechanism='CURVE', credentials=['TCMNFHwXpXpqFp-XwbNSJgCnYn30ra7oXZB8veV4WUk'], user_id='7542c4db-72f8-498e-ab22-38cdf66cf69a'
2017-07-24 17:42:18,188 () volttron.platform.vip.pubsubservice DEBUG: PUBSUBSERVICE peer add platform94-0.618417367317
2017-07-24 17:42:18,188 () volttron.platform.vip.routingservice DEBUG: HELLO Recieved hello, sending welcome to platform1
2017-07-24 17:42:18,188 () volttron.platform.vip.routingservice DEBUG: Sending welcome message to sender platform1
2017-07-24 17:42:18,188 () volttron.platform.vip.routingservice DEBUG: Key error for platform platform1
2017-07-24 17:42:18,189 () volttron.platform.vip.pubsubservice DEBUG: PUBSUBSERVICE external_list
2017-07-24 17:42:18,189 () volttron.platform.vip.pubsubservice DEBUG: PUBSUBSERVICE external_subscriptions from external platforms: platform94-0.618417367317
2017-07-24 17:42:18,189 () volttron.platform.vip.pubsubservice DEBUG: PUBSUBSERVICE New external list from platform1: List: defaultdict(<type 'set'>, {'platform1': []})
2017-07-24 17:42:30,868 () volttron.platform.auth INFO: loading auth file /home/volttron/.volttron94/auth.json
2017-07-24 17:42:30,882 () volttron.platform.auth INFO: auth file /home/volttron/.volttron94/auth.json loaded
2017-07-24 17:42:30,883 () volttron.platform.auth DEBUG: AUTH new capabilities update: {'platform': [], '7542c4db-72f8-498e-ab22-38cdf66cf69a': []}
