2017-07-24 17:32:51,204 () volttron.platform.main DEBUG: open file resource limit increased from 1024 to 4096
2017-07-24 17:32:51,204 () volttron.platform.agent.utils DEBUG: missing file /home/volttron/.volttron96/keystore
2017-07-24 17:32:51,204 () volttron.platform.agent.utils INFO: creating file /home/volttron/.volttron96/keystore
2017-07-24 17:32:51,206 () volttron.platform.main DEBUG: using key-store file /home/volttron/.volttron96/keystore
2017-07-24 17:32:51,206 () volttron.platform.main INFO: public key: vImMC6gHhTvyPb8QDlDmH_g-g-Pj1-E9qupHdFgWrGg
2017-07-24 17:32:51,206 () volttron.platform.agent.utils DEBUG: missing file /home/volttron/.volttron96/auth.json
2017-07-24 17:32:51,207 () volttron.platform.agent.utils INFO: creating file /home/volttron/.volttron96/auth.json
2017-07-24 17:32:51,207 () volttron.platform.auth INFO: Created backup of /home/volttron/.volttron96/auth.json at /home/volttron/.volttron96/auth.json.214c495f-08d4-4a25-8768-392c00ded659.bak
2017-07-24 17:32:51,208 () volttron.platform.agent.utils DEBUG: missing file /home/volttron/.volttron96/known_hosts
2017-07-24 17:32:51,208 () volttron.platform.agent.utils INFO: creating file /home/volttron/.volttron96/known_hosts
2017-07-24 17:32:51,209 () volttron.platform.main DEBUG: protected topics file /home/volttron/.volttron96/protected_topics.json
2017-07-24 17:32:51,209 () volttron.platform.main DEBUG: external_address_file file /home/volttron/.volttron96/external_address.json
2017-07-24 17:32:51,209 () volttron.platform.agent.utils DEBUG: missing file /home/volttron/.volttron96/keystores/config.store/keystore.json
2017-07-24 17:32:51,210 () volttron.platform.agent.utils INFO: creating file /home/volttron/.volttron96/keystores/config.store/keystore.json
2017-07-24 17:32:51,211 () volttron.platform.vip.agent.core DEBUG: address: inproc://vip
2017-07-24 17:32:51,211 () volttron.platform.vip.agent.core DEBUG: identity: config.store
2017-07-24 17:32:51,211 () volttron.platform.vip.agent.core DEBUG: agent_uuid: None
2017-07-24 17:32:51,211 () volttron.platform.vip.agent.core DEBUG: serverkey: None
2017-07-24 17:32:51,213 () volttron.platform.store INFO: Initializing configuration store service.
2017-07-24 17:32:51,214 () volttron.platform.agent.utils DEBUG: missing file /home/volttron/.volttron96/keystores/platform.auth/keystore.json
2017-07-24 17:32:51,214 () volttron.platform.agent.utils INFO: creating file /home/volttron/.volttron96/keystores/platform.auth/keystore.json
2017-07-24 17:32:51,216 () volttron.platform.vip.agent.core DEBUG: address: inproc://vip
2017-07-24 17:32:51,216 () volttron.platform.vip.agent.core DEBUG: identity: platform.auth
2017-07-24 17:32:51,216 () volttron.platform.vip.agent.core DEBUG: agent_uuid: None
2017-07-24 17:32:51,216 () volttron.platform.vip.agent.core DEBUG: serverkey: None
2017-07-24 17:32:51,217 () volttron.platform.auth INFO: loading auth file /home/volttron/.volttron96/auth.json
2017-07-24 17:32:51,218 () volttron.platform.auth INFO: auth file /home/volttron/.volttron96/auth.json loaded
2017-07-24 17:32:51,218 () volttron.platform.agent.utils DEBUG: missing file /home/volttron/.volttron96/protected_topics.json
2017-07-24 17:32:51,218 () volttron.platform.agent.utils INFO: creating file /home/volttron/.volttron96/protected_topics.json
2017-07-24 17:32:51,220 () volttron.platform.main DEBUG: MAIN: protected topics content {}
2017-07-24 17:32:51,220 () volttron.platform.main DEBUG: In-process VIP router bound to inproc://vip
2017-07-24 17:32:51,221 () volttron.platform.main DEBUG: Local VIP router bound to ipc://@/home/volttron/.volttron96/run/vip.socket?secretkey=XXXXX&domain=vip&server=CURVE#d4d23f6e-f305-42bf-8fdf-6c4307dad60d
2017-07-24 17:32:51,221 () volttron.platform.main DEBUG: Additional VIP router bound to tcp://127.0.0.96:22916?secretkey=XXXXX&domain=vip&server=CURVE#d4d23f6e-f305-42bf-8fdf-6c4307dad60d
2017-07-24 17:32:51,221 () volttron.platform.vip.pubsubservice INFO: protected-topics loaded
2017-07-24 17:32:51,221 () volttron.platform.vip.externalrpcservice DEBUG: ExternalRPCService
2017-07-24 17:32:51,221 () volttron.platform.main DEBUG: ZMQ version: 4.1.5
2017-07-24 17:32:51,222 () volttron.platform.vip.pubsubservice DEBUG: PUBSUBSERVICE peer add config.store
2017-07-24 17:32:51,222 () volttron.platform.vip.pubsubservice DEBUG: PUBSUBSERVICE peer add platform.auth
2017-07-24 17:32:51,223 () volttron.platform.vip.agent.core INFO: Connected to platform: router: d4d23f6e-f305-42bf-8fdf-6c4307dad60d version: 1.0 identity: config.store
2017-07-24 17:32:51,224 () volttron.platform.vip.agent.core DEBUG: Running onstart methods.
2017-07-24 17:32:51,226 () volttron.platform.vip.agent.core INFO: Connected to platform: router: d4d23f6e-f305-42bf-8fdf-6c4307dad60d version: 1.0 identity: platform.auth
2017-07-24 17:32:51,226 () volttron.platform.vip.agent.core DEBUG: Running onstart methods.
2017-07-24 17:32:51,233 () volttron.platform.vip.agent.subsystems.configstore DEBUG: Processing callbacks for affected files: {}
2017-07-24 17:32:51,363 () volttron.platform.main DEBUG: protected topics file /home/volttron/.volttron96/protected_topics.json
2017-07-24 17:32:51,363 () volttron.platform.main DEBUG: external_address_file file /home/volttron/.volttron96/external_address.json
2017-07-24 17:32:51,364 () volttron.platform.agent.utils DEBUG: missing file /home/volttron/.volttron96/keystores/control/keystore.json
2017-07-24 17:32:51,364 () volttron.platform.agent.utils INFO: creating file /home/volttron/.volttron96/keystores/control/keystore.json
2017-07-24 17:32:51,367 () volttron.platform.vip.agent.core DEBUG: address: inproc://vip
2017-07-24 17:32:51,367 () volttron.platform.vip.agent.core DEBUG: identity: control
2017-07-24 17:32:51,367 () volttron.platform.vip.agent.core DEBUG: agent_uuid: None
2017-07-24 17:32:51,368 () volttron.platform.vip.agent.core DEBUG: serverkey: None
2017-07-24 17:32:51,370 () volttron.platform.agent.utils DEBUG: missing file /home/volttron/.volttron96/keystores/pubsub.compat/keystore.json
2017-07-24 17:32:51,371 () volttron.platform.agent.utils INFO: creating file /home/volttron/.volttron96/keystores/pubsub.compat/keystore.json
2017-07-24 17:32:51,376 () volttron.platform.vip.agent.core DEBUG: address: inproc://vip
2017-07-24 17:32:51,376 () volttron.platform.vip.agent.core DEBUG: identity: pubsub.compat
2017-07-24 17:32:51,376 () volttron.platform.vip.agent.core DEBUG: agent_uuid: None
2017-07-24 17:32:51,377 () volttron.platform.vip.agent.core DEBUG: serverkey: None
2017-07-24 17:32:51,378 () volttron.platform.agent.utils DEBUG: missing file /home/volttron/.volttron96/keystores/master.web/keystore.json
2017-07-24 17:32:51,378 () volttron.platform.agent.utils INFO: creating file /home/volttron/.volttron96/keystores/master.web/keystore.json
2017-07-24 17:32:51,380 () volttron.platform.vip.agent.core DEBUG: address: inproc://vip
2017-07-24 17:32:51,380 () volttron.platform.vip.agent.core DEBUG: identity: master.web
2017-07-24 17:32:51,381 () volttron.platform.vip.agent.core DEBUG: agent_uuid: None
2017-07-24 17:32:51,381 () volttron.platform.vip.agent.core DEBUG: serverkey: None
2017-07-24 17:32:51,388 () volttron.platform.agent.utils DEBUG: missing file /home/volttron/.volttron96/keystores/keydiscovery/keystore.json
2017-07-24 17:32:51,388 () volttron.platform.agent.utils INFO: creating file /home/volttron/.volttron96/keystores/keydiscovery/keystore.json
2017-07-24 17:32:51,391 () volttron.platform.vip.agent.core DEBUG: address: inproc://vip
2017-07-24 17:32:51,391 () volttron.platform.vip.agent.core DEBUG: identity: keydiscovery
2017-07-24 17:32:51,391 () volttron.platform.vip.agent.core DEBUG: agent_uuid: None
2017-07-24 17:32:51,391 () volttron.platform.vip.agent.core DEBUG: serverkey: None
2017-07-24 17:32:51,400 () volttron.platform.vip.pubsubservice DEBUG: PUBSUBSERVICE peer add control
2017-07-24 17:32:51,402 () volttron.platform.vip.pubsubservice DEBUG: PUBSUBSERVICE peer add keydiscovery
2017-07-24 17:32:51,404 () volttron.platform.vip.pubsubservice DEBUG: PUBSUBSERVICE peer add pubsub.compat
2017-07-24 17:32:51,405 () volttron.platform.vip.pubsubservice DEBUG: PUBSUBSERVICE peer add master.web
2017-07-24 17:32:51,411 () volttron.platform.vip.agent.core INFO: Connected to platform: router: d4d23f6e-f305-42bf-8fdf-6c4307dad60d version: 1.0 identity: master.web
2017-07-24 17:32:51,412 () volttron.platform.vip.agent.core DEBUG: Running onstart methods.
2017-07-24 17:32:51,414 () volttron.platform.vip.agent.core INFO: Connected to platform: router: d4d23f6e-f305-42bf-8fdf-6c4307dad60d version: 1.0 identity: pubsub.compat
2017-07-24 17:32:51,414 () volttron.platform.vip.agent.core DEBUG: Running onstart methods.
2017-07-24 17:32:51,416 () volttron.platform.vip.agent.core INFO: Connected to platform: router: d4d23f6e-f305-42bf-8fdf-6c4307dad60d version: 1.0 identity: keydiscovery
2017-07-24 17:32:51,416 () volttron.platform.vip.agent.core DEBUG: Running onstart methods.
2017-07-24 17:32:51,419 () volttron.platform.vip.agent.core INFO: Connected to platform: router: d4d23f6e-f305-42bf-8fdf-6c4307dad60d version: 1.0 identity: control
2017-07-24 17:32:51,419 () volttron.platform.vip.agent.core DEBUG: Running onstart methods.
2017-07-24 17:32:51,422 () volttron.platform.web INFO: Starting web server binding to 127.0.0.96:8080.
2017-07-24 17:32:51,424 () volttron.platform.vip.keydiscovery ERROR: Error opening file /home/volttron/.volttron96/external_address.json
2017-07-24 17:32:51,444 () volttron.platform.vip.agent.subsystems.configstore DEBUG: Processing callbacks for affected files: {}
2017-07-24 17:32:59,389 () volttron.platform.auth INFO: loading auth file /home/volttron/.volttron96/auth.json
2017-07-24 17:32:59,390 () volttron.platform.auth INFO: auth file /home/volttron/.volttron96/auth.json loaded
2017-07-24 17:32:59,393 () volttron.platform.auth DEBUG: AUTH new capabilities update: {}
2017-07-24 17:32:59,403 () volttron.platform.auth INFO: loading auth file /home/volttron/.volttron96/auth.json
2017-07-24 17:32:59,405 () volttron.platform.auth INFO: auth file /home/volttron/.volttron96/auth.json loaded
2017-07-24 17:32:59,411 () volttron.platform.auth DEBUG: AUTH new capabilities update: {'platform': [], 'ca7bc6ec-dd22-4f44-8434-8513870a3247': []}
2017-07-24 17:42:19,010 () volttron.platform.web DEBUG: PATH IS: /discovery/
2017-07-24 17:42:19,011 () volttron.platform.web DEBUG: Peer we path_info is associated with: None
2017-07-24 17:42:19,011 () volttron.platform.web DEBUG: MATCHED:
pattern: ^/discovery/$, path_info: /discovery/
 v: <bound method MasterWebService._get_discovery of <volttron.platform.web.MasterWebService object at 0x7faaec3221d0>>
2017-07-24 17:42:19,011 () volttron.platform.web DEBUG: registered route t is: callable
2017-07-24 17:42:19,894 () volttron.platform.auth INFO: authentication success: domain='vip', address='127.0.0.1', mechanism='CURVE', credentials=['TCMNFHwXpXpqFp-XwbNSJgCnYn30ra7oXZB8veV4WUk'], user_id='ca7bc6ec-dd22-4f44-8434-8513870a3247'
2017-07-24 17:42:19,919 () volttron.platform.vip.pubsubservice DEBUG: PUBSUBSERVICE peer add platform96-0.826901441727
2017-07-24 17:42:19,920 () volttron.platform.vip.routingservice DEBUG: HELLO Recieved hello, sending welcome to platform1
2017-07-24 17:42:19,920 () volttron.platform.vip.routingservice DEBUG: Sending welcome message to sender platform1
2017-07-24 17:42:19,920 () volttron.platform.vip.routingservice DEBUG: Key error for platform platform1
2017-07-24 17:42:19,920 () volttron.platform.vip.pubsubservice DEBUG: PUBSUBSERVICE external_list
2017-07-24 17:42:19,920 () volttron.platform.vip.pubsubservice DEBUG: PUBSUBSERVICE external_subscriptions from external platforms: platform96-0.826901441727
2017-07-24 17:42:19,920 () volttron.platform.vip.pubsubservice DEBUG: PUBSUBSERVICE New external list from platform1: List: defaultdict(<type 'set'>, {'platform1': []})
2017-07-24 17:42:30,341 () volttron.platform.auth INFO: loading auth file /home/volttron/.volttron96/auth.json
2017-07-24 17:42:30,344 () volttron.platform.auth INFO: auth file /home/volttron/.volttron96/auth.json loaded
2017-07-24 17:42:30,349 () volttron.platform.auth DEBUG: AUTH new capabilities update: {'platform': [], 'ca7bc6ec-dd22-4f44-8434-8513870a3247': []}
