2017-07-24 17:33:15,842 () volttron.platform.main DEBUG: open file resource limit increased from 1024 to 4096
2017-07-24 17:33:15,843 () volttron.platform.agent.utils DEBUG: missing file /home/volttron/.volttron97/keystore
2017-07-24 17:33:15,843 () volttron.platform.agent.utils INFO: creating file /home/volttron/.volttron97/keystore
2017-07-24 17:33:15,844 () volttron.platform.main DEBUG: using key-store file /home/volttron/.volttron97/keystore
2017-07-24 17:33:15,845 () volttron.platform.main INFO: public key: V0NJd7sy1t7XR0iHt8p2AQ732MvJbUSJUaBR8VRrSAE
2017-07-24 17:33:15,845 () volttron.platform.agent.utils DEBUG: missing file /home/volttron/.volttron97/auth.json
2017-07-24 17:33:15,845 () volttron.platform.agent.utils INFO: creating file /home/volttron/.volttron97/auth.json
2017-07-24 17:33:15,845 () volttron.platform.auth INFO: Created backup of /home/volttron/.volttron97/auth.json at /home/volttron/.volttron97/auth.json.3cf3ee93-379d-49f8-88d1-e84c17797485.bak
2017-07-24 17:33:15,846 () volttron.platform.agent.utils DEBUG: missing file /home/volttron/.volttron97/known_hosts
2017-07-24 17:33:15,846 () volttron.platform.agent.utils INFO: creating file /home/volttron/.volttron97/known_hosts
2017-07-24 17:33:15,847 () volttron.platform.main DEBUG: protected topics file /home/volttron/.volttron97/protected_topics.json
2017-07-24 17:33:15,847 () volttron.platform.main DEBUG: external_address_file file /home/volttron/.volttron97/external_address.json
2017-07-24 17:33:15,847 () volttron.platform.agent.utils DEBUG: missing file /home/volttron/.volttron97/keystores/config.store/keystore.json
2017-07-24 17:33:15,848 () volttron.platform.agent.utils INFO: creating file /home/volttron/.volttron97/keystores/config.store/keystore.json
2017-07-24 17:33:15,850 () volttron.platform.vip.agent.core DEBUG: address: inproc://vip
2017-07-24 17:33:15,850 () volttron.platform.vip.agent.core DEBUG: identity: config.store
2017-07-24 17:33:15,850 () volttron.platform.vip.agent.core DEBUG: agent_uuid: None
2017-07-24 17:33:15,850 () volttron.platform.vip.agent.core DEBUG: serverkey: None
2017-07-24 17:33:15,851 () volttron.platform.store INFO: Initializing configuration store service.
2017-07-24 17:33:15,853 () volttron.platform.agent.utils DEBUG: missing file /home/volttron/.volttron97/keystores/platform.auth/keystore.json
2017-07-24 17:33:15,853 () volttron.platform.agent.utils INFO: creating file /home/volttron/.volttron97/keystores/platform.auth/keystore.json
2017-07-24 17:33:15,855 () volttron.platform.vip.agent.core DEBUG: address: inproc://vip
2017-07-24 17:33:15,855 () volttron.platform.vip.agent.core DEBUG: identity: platform.auth
2017-07-24 17:33:15,855 () volttron.platform.vip.agent.core DEBUG: agent_uuid: None
2017-07-24 17:33:15,855 () volttron.platform.vip.agent.core DEBUG: serverkey: None
2017-07-24 17:33:15,857 () volttron.platform.auth INFO: loading auth file /home/volttron/.volttron97/auth.json
2017-07-24 17:33:15,858 () volttron.platform.auth INFO: auth file /home/volttron/.volttron97/auth.json loaded
2017-07-24 17:33:15,858 () volttron.platform.agent.utils DEBUG: missing file /home/volttron/.volttron97/protected_topics.json
2017-07-24 17:33:15,858 () volttron.platform.agent.utils INFO: creating file /home/volttron/.volttron97/protected_topics.json
2017-07-24 17:33:15,860 () volttron.platform.main DEBUG: MAIN: protected topics content {}
2017-07-24 17:33:15,861 () volttron.platform.main DEBUG: In-process VIP router bound to inproc://vip
2017-07-24 17:33:15,861 () volttron.platform.main DEBUG: Local VIP router bound to ipc://@/home/volttron/.volttron97/run/vip.socket?secretkey=XXXXX&domain=vip&server=CURVE#72c74d66-e556-4bea-9e2c-f4b47cab2ff6
2017-07-24 17:33:15,862 () volttron.platform.main DEBUG: Additional VIP router bound to tcp://127.0.0.97:22916?secretkey=XXXXX&domain=vip&server=CURVE#72c74d66-e556-4bea-9e2c-f4b47cab2ff6
2017-07-24 17:33:15,862 () volttron.platform.vip.pubsubservice INFO: protected-topics loaded
2017-07-24 17:33:15,862 () volttron.platform.vip.externalrpcservice DEBUG: ExternalRPCService
2017-07-24 17:33:15,862 () volttron.platform.main DEBUG: ZMQ version: 4.1.5
2017-07-24 17:33:15,862 () volttron.platform.vip.pubsubservice DEBUG: PUBSUBSERVICE peer add config.store
2017-07-24 17:33:15,864 () volttron.platform.vip.pubsubservice DEBUG: PUBSUBSERVICE peer add platform.auth
2017-07-24 17:33:15,864 () volttron.platform.vip.agent.core INFO: Connected to platform: router: 72c74d66-e556-4bea-9e2c-f4b47cab2ff6 version: 1.0 identity: config.store
2017-07-24 17:33:15,865 () volttron.platform.vip.agent.core DEBUG: Running onstart methods.
2017-07-24 17:33:15,867 () volttron.platform.vip.agent.core INFO: Connected to platform: router: 72c74d66-e556-4bea-9e2c-f4b47cab2ff6 version: 1.0 identity: platform.auth
2017-07-24 17:33:15,867 () volttron.platform.vip.agent.core DEBUG: Running onstart methods.
2017-07-24 17:33:15,872 () volttron.platform.vip.agent.subsystems.configstore DEBUG: Processing callbacks for affected files: {}
2017-07-24 17:33:15,986 () volttron.platform.main DEBUG: protected topics file /home/volttron/.volttron97/protected_topics.json
2017-07-24 17:33:15,987 () volttron.platform.main DEBUG: external_address_file file /home/volttron/.volttron97/external_address.json
2017-07-24 17:33:15,987 () volttron.platform.agent.utils DEBUG: missing file /home/volttron/.volttron97/keystores/control/keystore.json
2017-07-24 17:33:15,987 () volttron.platform.agent.utils INFO: creating file /home/volttron/.volttron97/keystores/control/keystore.json
2017-07-24 17:33:15,989 () volttron.platform.vip.agent.core DEBUG: address: inproc://vip
2017-07-24 17:33:15,989 () volttron.platform.vip.agent.core DEBUG: identity: control
2017-07-24 17:33:15,989 () volttron.platform.vip.agent.core DEBUG: agent_uuid: None
2017-07-24 17:33:15,989 () volttron.platform.vip.agent.core DEBUG: serverkey: None
2017-07-24 17:33:15,990 () volttron.platform.agent.utils DEBUG: missing file /home/volttron/.volttron97/keystores/pubsub.compat/keystore.json
2017-07-24 17:33:15,990 () volttron.platform.agent.utils INFO: creating file /home/volttron/.volttron97/keystores/pubsub.compat/keystore.json
2017-07-24 17:33:15,992 () volttron.platform.vip.agent.core DEBUG: address: inproc://vip
2017-07-24 17:33:15,992 () volttron.platform.vip.agent.core DEBUG: identity: pubsub.compat
2017-07-24 17:33:15,992 () volttron.platform.vip.agent.core DEBUG: agent_uuid: None
2017-07-24 17:33:15,992 () volttron.platform.vip.agent.core DEBUG: serverkey: None
2017-07-24 17:33:15,994 () volttron.platform.agent.utils DEBUG: missing file /home/volttron/.volttron97/keystores/master.web/keystore.json
2017-07-24 17:33:15,995 () volttron.platform.agent.utils INFO: creating file /home/volttron/.volttron97/keystores/master.web/keystore.json
2017-07-24 17:33:15,997 () volttron.platform.vip.agent.core DEBUG: address: inproc://vip
2017-07-24 17:33:15,997 () volttron.platform.vip.agent.core DEBUG: identity: master.web
2017-07-24 17:33:15,997 () volttron.platform.vip.agent.core DEBUG: agent_uuid: None
2017-07-24 17:33:15,997 () volttron.platform.vip.agent.core DEBUG: serverkey: None
2017-07-24 17:33:16,003 () volttron.platform.agent.utils DEBUG: missing file /home/volttron/.volttron97/keystores/keydiscovery/keystore.json
2017-07-24 17:33:16,004 () volttron.platform.agent.utils INFO: creating file /home/volttron/.volttron97/keystores/keydiscovery/keystore.json
2017-07-24 17:33:16,006 () volttron.platform.vip.agent.core DEBUG: address: inproc://vip
2017-07-24 17:33:16,006 () volttron.platform.vip.agent.core DEBUG: identity: keydiscovery
2017-07-24 17:33:16,006 () volttron.platform.vip.agent.core DEBUG: agent_uuid: None
2017-07-24 17:33:16,006 () volttron.platform.vip.agent.core DEBUG: serverkey: None
2017-07-24 17:33:16,015 () volttron.platform.vip.pubsubservice DEBUG: PUBSUBSERVICE peer add control
2017-07-24 17:33:16,017 () volttron.platform.vip.agent.core INFO: Connected to platform: router: 72c74d66-e556-4bea-9e2c-f4b47cab2ff6 version: 1.0 identity: control
2017-07-24 17:33:16,018 () volttron.platform.vip.agent.core DEBUG: Running onstart methods.
2017-07-24 17:33:16,018 () volttron.platform.vip.pubsubservice DEBUG: PUBSUBSERVICE peer add keydiscovery
2017-07-24 17:33:16,022 () volttron.platform.vip.pubsubservice DEBUG: PUBSUBSERVICE peer add pubsub.compat
2017-07-24 17:33:16,022 () volttron.platform.vip.pubsubservice DEBUG: PUBSUBSERVICE peer add master.web
2017-07-24 17:33:16,028 () volttron.platform.vip.agent.core INFO: Connected to platform: router: 72c74d66-e556-4bea-9e2c-f4b47cab2ff6 version: 1.0 identity: master.web
2017-07-24 17:33:16,028 () volttron.platform.vip.agent.core DEBUG: Running onstart methods.
2017-07-24 17:33:16,031 () volttron.platform.vip.agent.core INFO: Connected to platform: router: 72c74d66-e556-4bea-9e2c-f4b47cab2ff6 version: 1.0 identity: pubsub.compat
2017-07-24 17:33:16,032 () volttron.platform.vip.agent.core DEBUG: Running onstart methods.
2017-07-24 17:33:16,034 () volttron.platform.vip.agent.core INFO: Connected to platform: router: 72c74d66-e556-4bea-9e2c-f4b47cab2ff6 version: 1.0 identity: keydiscovery
2017-07-24 17:33:16,034 () volttron.platform.vip.agent.core DEBUG: Running onstart methods.
2017-07-24 17:33:16,038 () volttron.platform.web INFO: Starting web server binding to 127.0.0.97:8080.
2017-07-24 17:33:16,039 () volttron.platform.vip.keydiscovery ERROR: Error opening file /home/volttron/.volttron97/external_address.json
2017-07-24 17:33:16,059 () volttron.platform.vip.agent.subsystems.configstore DEBUG: Processing callbacks for affected files: {}
2017-07-24 17:33:23,080 () volttron.platform.auth INFO: loading auth file /home/volttron/.volttron97/auth.json
2017-07-24 17:33:23,080 () volttron.platform.auth INFO: auth file /home/volttron/.volttron97/auth.json loaded
2017-07-24 17:33:23,082 () volttron.platform.auth DEBUG: AUTH new capabilities update: {'platform': [], '7e35c61e-e4b4-4a5b-b40b-8f732bb572d2': []}
2017-07-24 17:33:23,087 () volttron.platform.auth INFO: loading auth file /home/volttron/.volttron97/auth.json
2017-07-24 17:33:23,088 () volttron.platform.auth INFO: auth file /home/volttron/.volttron97/auth.json loaded
2017-07-24 17:33:23,091 () volttron.platform.auth DEBUG: AUTH new capabilities update: {'platform': [], '7e35c61e-e4b4-4a5b-b40b-8f732bb572d2': []}
2017-07-24 17:42:20,973 () volttron.platform.web DEBUG: PATH IS: /discovery/
2017-07-24 17:42:21,178 () volttron.platform.web DEBUG: Peer we path_info is associated with: None
2017-07-24 17:42:21,179 () volttron.platform.web DEBUG: MATCHED:
pattern: ^/discovery/$, path_info: /discovery/
 v: <bound method MasterWebService._get_discovery of <volttron.platform.web.MasterWebService object at 0x7f86682cb150>>
2017-07-24 17:42:21,179 () volttron.platform.web DEBUG: registered route t is: callable
2017-07-24 17:42:21,524 () volttron.platform.auth INFO: authentication success: domain='vip', address='127.0.0.1', mechanism='CURVE', credentials=['TCMNFHwXpXpqFp-XwbNSJgCnYn30ra7oXZB8veV4WUk'], user_id='7e35c61e-e4b4-4a5b-b40b-8f732bb572d2'
2017-07-24 17:42:21,534 () volttron.platform.vip.pubsubservice DEBUG: PUBSUBSERVICE peer add platform97-0.0939449667157
2017-07-24 17:42:21,535 () volttron.platform.vip.routingservice DEBUG: HELLO Recieved hello, sending welcome to platform1
2017-07-24 17:42:21,535 () volttron.platform.vip.routingservice DEBUG: Sending welcome message to sender platform1
2017-07-24 17:42:21,535 () volttron.platform.vip.routingservice DEBUG: Key error for platform platform1
2017-07-24 17:42:21,535 () volttron.platform.vip.pubsubservice DEBUG: PUBSUBSERVICE external_list
2017-07-24 17:42:21,535 () volttron.platform.vip.pubsubservice DEBUG: PUBSUBSERVICE external_subscriptions from external platforms: platform97-0.0939449667157
2017-07-24 17:42:21,535 () volttron.platform.vip.pubsubservice DEBUG: PUBSUBSERVICE New external list from platform1: List: defaultdict(<type 'set'>, {'platform1': []})
2017-07-24 17:42:31,369 () volttron.platform.auth INFO: loading auth file /home/volttron/.volttron97/auth.json
2017-07-24 17:42:31,376 () volttron.platform.auth INFO: auth file /home/volttron/.volttron97/auth.json loaded
2017-07-24 17:42:31,378 () volttron.platform.auth DEBUG: AUTH new capabilities update: {'platform': [], '7e35c61e-e4b4-4a5b-b40b-8f732bb572d2': []}
