2017-07-24 17:33:31,755 () volttron.platform.main DEBUG: open file resource limit increased from 1024 to 4096
2017-07-24 17:33:31,755 () volttron.platform.agent.utils DEBUG: missing file /home/volttron/.volttron98/keystore
2017-07-24 17:33:31,755 () volttron.platform.agent.utils INFO: creating file /home/volttron/.volttron98/keystore
2017-07-24 17:33:31,756 () volttron.platform.main DEBUG: using key-store file /home/volttron/.volttron98/keystore
2017-07-24 17:33:31,757 () volttron.platform.main INFO: public key: IsrLg0dG5JPnYaRLZoN3kMWe0nZ-xwe8jw2yRBQkh0w
2017-07-24 17:33:31,757 () volttron.platform.agent.utils DEBUG: missing file /home/volttron/.volttron98/auth.json
2017-07-24 17:33:31,757 () volttron.platform.agent.utils INFO: creating file /home/volttron/.volttron98/auth.json
2017-07-24 17:33:31,757 () volttron.platform.auth INFO: Created backup of /home/volttron/.volttron98/auth.json at /home/volttron/.volttron98/auth.json.4cf07a35-0dc2-44c0-9447-a0756757ce50.bak
2017-07-24 17:33:31,758 () volttron.platform.agent.utils DEBUG: missing file /home/volttron/.volttron98/known_hosts
2017-07-24 17:33:31,758 () volttron.platform.agent.utils INFO: creating file /home/volttron/.volttron98/known_hosts
2017-07-24 17:33:31,759 () volttron.platform.main DEBUG: protected topics file /home/volttron/.volttron98/protected_topics.json
2017-07-24 17:33:31,759 () volttron.platform.main DEBUG: external_address_file file /home/volttron/.volttron98/external_address.json
2017-07-24 17:33:31,759 () volttron.platform.agent.utils DEBUG: missing file /home/volttron/.volttron98/keystores/config.store/keystore.json
2017-07-24 17:33:31,759 () volttron.platform.agent.utils INFO: creating file /home/volttron/.volttron98/keystores/config.store/keystore.json
2017-07-24 17:33:31,761 () volttron.platform.vip.agent.core DEBUG: address: inproc://vip
2017-07-24 17:33:31,761 () volttron.platform.vip.agent.core DEBUG: identity: config.store
2017-07-24 17:33:31,761 () volttron.platform.vip.agent.core DEBUG: agent_uuid: None
2017-07-24 17:33:31,761 () volttron.platform.vip.agent.core DEBUG: serverkey: None
2017-07-24 17:33:31,762 () volttron.platform.store INFO: Initializing configuration store service.
2017-07-24 17:33:31,764 () volttron.platform.agent.utils DEBUG: missing file /home/volttron/.volttron98/keystores/platform.auth/keystore.json
2017-07-24 17:33:31,764 () volttron.platform.agent.utils INFO: creating file /home/volttron/.volttron98/keystores/platform.auth/keystore.json
2017-07-24 17:33:31,766 () volttron.platform.vip.agent.core DEBUG: address: inproc://vip
2017-07-24 17:33:31,766 () volttron.platform.vip.agent.core DEBUG: identity: platform.auth
2017-07-24 17:33:31,766 () volttron.platform.vip.agent.core DEBUG: agent_uuid: None
2017-07-24 17:33:31,766 () volttron.platform.vip.agent.core DEBUG: serverkey: None
2017-07-24 17:33:31,767 () volttron.platform.auth INFO: loading auth file /home/volttron/.volttron98/auth.json
2017-07-24 17:33:31,767 () volttron.platform.auth INFO: auth file /home/volttron/.volttron98/auth.json loaded
2017-07-24 17:33:31,767 () volttron.platform.agent.utils DEBUG: missing file /home/volttron/.volttron98/protected_topics.json
2017-07-24 17:33:31,767 () volttron.platform.agent.utils INFO: creating file /home/volttron/.volttron98/protected_topics.json
2017-07-24 17:33:31,769 () volttron.platform.main DEBUG: MAIN: protected topics content {}
2017-07-24 17:33:31,770 () volttron.platform.main DEBUG: In-process VIP router bound to inproc://vip
2017-07-24 17:33:31,770 () volttron.platform.main DEBUG: Local VIP router bound to ipc://@/home/volttron/.volttron98/run/vip.socket?secretkey=XXXXX&domain=vip&server=CURVE#6f8e5206-0db8-4c02-a649-8c99a5a0d6dd
2017-07-24 17:33:31,770 () volttron.platform.main DEBUG: Additional VIP router bound to tcp://127.0.0.98:22916?secretkey=XXXXX&domain=vip&server=CURVE#6f8e5206-0db8-4c02-a649-8c99a5a0d6dd
2017-07-24 17:33:31,770 () volttron.platform.vip.pubsubservice INFO: protected-topics loaded
2017-07-24 17:33:31,771 () volttron.platform.vip.externalrpcservice DEBUG: ExternalRPCService
2017-07-24 17:33:31,771 () volttron.platform.main DEBUG: ZMQ version: 4.1.5
2017-07-24 17:33:31,771 () volttron.platform.vip.pubsubservice DEBUG: PUBSUBSERVICE peer add config.store
2017-07-24 17:33:31,773 () volttron.platform.vip.pubsubservice DEBUG: PUBSUBSERVICE peer add platform.auth
2017-07-24 17:33:31,773 () volttron.platform.vip.agent.core INFO: Connected to platform: router: 6f8e5206-0db8-4c02-a649-8c99a5a0d6dd version: 1.0 identity: config.store
2017-07-24 17:33:31,774 () volttron.platform.vip.agent.core DEBUG: Running onstart methods.
2017-07-24 17:33:31,776 () volttron.platform.vip.agent.core INFO: Connected to platform: router: 6f8e5206-0db8-4c02-a649-8c99a5a0d6dd version: 1.0 identity: platform.auth
2017-07-24 17:33:31,776 () volttron.platform.vip.agent.core DEBUG: Running onstart methods.
2017-07-24 17:33:31,782 () volttron.platform.vip.agent.subsystems.configstore DEBUG: Processing callbacks for affected files: {}
2017-07-24 17:33:31,916 () volttron.platform.main DEBUG: protected topics file /home/volttron/.volttron98/protected_topics.json
2017-07-24 17:33:31,916 () volttron.platform.main DEBUG: external_address_file file /home/volttron/.volttron98/external_address.json
2017-07-24 17:33:31,917 () volttron.platform.agent.utils DEBUG: missing file /home/volttron/.volttron98/keystores/control/keystore.json
2017-07-24 17:33:31,917 () volttron.platform.agent.utils INFO: creating file /home/volttron/.volttron98/keystores/control/keystore.json
2017-07-24 17:33:31,920 () volttron.platform.vip.agent.core DEBUG: address: inproc://vip
2017-07-24 17:33:31,920 () volttron.platform.vip.agent.core DEBUG: identity: control
2017-07-24 17:33:31,920 () volttron.platform.vip.agent.core DEBUG: agent_uuid: None
2017-07-24 17:33:31,920 () volttron.platform.vip.agent.core DEBUG: serverkey: None
2017-07-24 17:33:31,923 () volttron.platform.agent.utils DEBUG: missing file /home/volttron/.volttron98/keystores/pubsub.compat/keystore.json
2017-07-24 17:33:31,923 () volttron.platform.agent.utils INFO: creating file /home/volttron/.volttron98/keystores/pubsub.compat/keystore.json
2017-07-24 17:33:31,925 () volttron.platform.vip.agent.core DEBUG: address: inproc://vip
2017-07-24 17:33:31,926 () volttron.platform.vip.agent.core DEBUG: identity: pubsub.compat
2017-07-24 17:33:31,926 () volttron.platform.vip.agent.core DEBUG: agent_uuid: None
2017-07-24 17:33:31,926 () volttron.platform.vip.agent.core DEBUG: serverkey: None
2017-07-24 17:33:31,927 () volttron.platform.agent.utils DEBUG: missing file /home/volttron/.volttron98/keystores/master.web/keystore.json
2017-07-24 17:33:31,928 () volttron.platform.agent.utils INFO: creating file /home/volttron/.volttron98/keystores/master.web/keystore.json
2017-07-24 17:33:31,931 () volttron.platform.vip.agent.core DEBUG: address: inproc://vip
2017-07-24 17:33:31,931 () volttron.platform.vip.agent.core DEBUG: identity: master.web
2017-07-24 17:33:31,931 () volttron.platform.vip.agent.core DEBUG: agent_uuid: None
2017-07-24 17:33:31,931 () volttron.platform.vip.agent.core DEBUG: serverkey: None
2017-07-24 17:33:31,941 () volttron.platform.agent.utils DEBUG: missing file /home/volttron/.volttron98/keystores/keydiscovery/keystore.json
2017-07-24 17:33:31,941 () volttron.platform.agent.utils INFO: creating file /home/volttron/.volttron98/keystores/keydiscovery/keystore.json
2017-07-24 17:33:31,944 () volttron.platform.vip.agent.core DEBUG: address: inproc://vip
2017-07-24 17:33:31,944 () volttron.platform.vip.agent.core DEBUG: identity: keydiscovery
2017-07-24 17:33:31,945 () volttron.platform.vip.agent.core DEBUG: agent_uuid: None
2017-07-24 17:33:31,945 () volttron.platform.vip.agent.core DEBUG: serverkey: None
2017-07-24 17:33:31,952 () volttron.platform.vip.pubsubservice DEBUG: PUBSUBSERVICE peer add control
2017-07-24 17:33:31,953 () volttron.platform.vip.pubsubservice DEBUG: PUBSUBSERVICE peer add pubsub.compat
2017-07-24 17:33:31,957 () volttron.platform.vip.pubsubservice DEBUG: PUBSUBSERVICE peer add master.web
2017-07-24 17:33:31,958 () volttron.platform.vip.pubsubservice DEBUG: PUBSUBSERVICE peer add keydiscovery
2017-07-24 17:33:31,959 () volttron.platform.vip.agent.core INFO: Connected to platform: router: 6f8e5206-0db8-4c02-a649-8c99a5a0d6dd version: 1.0 identity: pubsub.compat
2017-07-24 17:33:31,959 () volttron.platform.vip.agent.core DEBUG: Running onstart methods.
2017-07-24 17:33:31,962 () volttron.platform.vip.agent.core INFO: Connected to platform: router: 6f8e5206-0db8-4c02-a649-8c99a5a0d6dd version: 1.0 identity: control
2017-07-24 17:33:31,962 () volttron.platform.vip.agent.core DEBUG: Running onstart methods.
2017-07-24 17:33:31,973 () volttron.platform.vip.agent.core INFO: Connected to platform: router: 6f8e5206-0db8-4c02-a649-8c99a5a0d6dd version: 1.0 identity: keydiscovery
2017-07-24 17:33:31,974 () volttron.platform.vip.agent.core DEBUG: Running onstart methods.
2017-07-24 17:33:31,976 () volttron.platform.vip.agent.core INFO: Connected to platform: router: 6f8e5206-0db8-4c02-a649-8c99a5a0d6dd version: 1.0 identity: master.web
2017-07-24 17:33:31,977 () volttron.platform.vip.agent.core DEBUG: Running onstart methods.
2017-07-24 17:33:31,978 () volttron.platform.vip.keydiscovery ERROR: Error opening file /home/volttron/.volttron98/external_address.json
2017-07-24 17:33:31,979 () volttron.platform.web INFO: Starting web server binding to 127.0.0.98:8080.
2017-07-24 17:33:31,999 () volttron.platform.vip.agent.subsystems.configstore DEBUG: Processing callbacks for affected files: {}
2017-07-24 17:33:40,121 () volttron.platform.auth INFO: loading auth file /home/volttron/.volttron98/auth.json
2017-07-24 17:33:40,122 () volttron.platform.auth INFO: auth file /home/volttron/.volttron98/auth.json loaded
2017-07-24 17:33:40,128 () volttron.platform.auth DEBUG: AUTH new capabilities update: {}
2017-07-24 17:33:40,140 () volttron.platform.auth INFO: loading auth file /home/volttron/.volttron98/auth.json
2017-07-24 17:33:40,141 () volttron.platform.auth INFO: auth file /home/volttron/.volttron98/auth.json loaded
2017-07-24 17:33:40,152 () volttron.platform.auth DEBUG: AUTH new capabilities update: {'23946799-238f-4fba-92dc-c88bf6221dcf': [], 'platform': []}
2017-07-24 17:42:16,953 () volttron.platform.web DEBUG: PATH IS: /discovery/
2017-07-24 17:42:16,985 () volttron.platform.web DEBUG: Peer we path_info is associated with: None
2017-07-24 17:42:16,985 () volttron.platform.web DEBUG: MATCHED:
pattern: ^/discovery/$, path_info: /discovery/
 v: <bound method MasterWebService._get_discovery of <volttron.platform.web.MasterWebService object at 0x7fe9040fe1d0>>
2017-07-24 17:42:16,985 () volttron.platform.web DEBUG: registered route t is: callable
2017-07-24 17:42:17,269 () volttron.platform.auth INFO: authentication success: domain='vip', address='127.0.0.1', mechanism='CURVE', credentials=['TCMNFHwXpXpqFp-XwbNSJgCnYn30ra7oXZB8veV4WUk'], user_id='23946799-238f-4fba-92dc-c88bf6221dcf'
2017-07-24 17:42:17,331 () volttron.platform.vip.pubsubservice DEBUG: PUBSUBSERVICE peer add platform98-0.333701709724
2017-07-24 17:42:17,331 () volttron.platform.vip.routingservice DEBUG: HELLO Recieved hello, sending welcome to platform1
2017-07-24 17:42:17,331 () volttron.platform.vip.routingservice DEBUG: Sending welcome message to sender platform1
2017-07-24 17:42:17,331 () volttron.platform.vip.routingservice DEBUG: Key error for platform platform1
2017-07-24 17:42:17,331 () volttron.platform.vip.pubsubservice DEBUG: PUBSUBSERVICE external_list
2017-07-24 17:42:17,331 () volttron.platform.vip.pubsubservice DEBUG: PUBSUBSERVICE external_subscriptions from external platforms: platform98-0.333701709724
2017-07-24 17:42:17,331 () volttron.platform.vip.pubsubservice DEBUG: PUBSUBSERVICE New external list from platform1: List: defaultdict(<type 'set'>, {'platform1': []})
2017-07-24 17:42:30,999 () volttron.platform.auth INFO: loading auth file /home/volttron/.volttron98/auth.json
2017-07-24 17:42:31,002 () volttron.platform.auth INFO: auth file /home/volttron/.volttron98/auth.json loaded
2017-07-24 17:42:31,004 () volttron.platform.auth DEBUG: AUTH new capabilities update: {'23946799-238f-4fba-92dc-c88bf6221dcf': [], 'platform': []}
2017-07-24 17:42:31,025 () volttron.platform.auth INFO: loading auth file /home/volttron/.volttron98/auth.json
2017-07-24 17:42:31,026 () volttron.platform.auth INFO: auth file /home/volttron/.volttron98/auth.json loaded
2017-07-24 17:42:31,059 () volttron.platform.auth DEBUG: AUTH new capabilities update: {'23946799-238f-4fba-92dc-c88bf6221dcf': [], 'platform': []}
