2017-07-24 17:33:50,242 () volttron.platform.main DEBUG: open file resource limit increased from 1024 to 4096
2017-07-24 17:33:50,242 () volttron.platform.agent.utils DEBUG: missing file /home/volttron/.volttron99/keystore
2017-07-24 17:33:50,242 () volttron.platform.agent.utils INFO: creating file /home/volttron/.volttron99/keystore
2017-07-24 17:33:50,244 () volttron.platform.main DEBUG: using key-store file /home/volttron/.volttron99/keystore
2017-07-24 17:33:50,244 () volttron.platform.main INFO: public key: EcFnl_6mkZ3yZpoPaLb115evb4stNYEcmoWbszfQ7Bc
2017-07-24 17:33:50,244 () volttron.platform.agent.utils DEBUG: missing file /home/volttron/.volttron99/auth.json
2017-07-24 17:33:50,244 () volttron.platform.agent.utils INFO: creating file /home/volttron/.volttron99/auth.json
2017-07-24 17:33:50,245 () volttron.platform.auth INFO: Created backup of /home/volttron/.volttron99/auth.json at /home/volttron/.volttron99/auth.json.fea1d106-8469-4269-8f07-4be54c811b34.bak
2017-07-24 17:33:50,246 () volttron.platform.agent.utils DEBUG: missing file /home/volttron/.volttron99/known_hosts
2017-07-24 17:33:50,246 () volttron.platform.agent.utils INFO: creating file /home/volttron/.volttron99/known_hosts
2017-07-24 17:33:50,246 () volttron.platform.main DEBUG: protected topics file /home/volttron/.volttron99/protected_topics.json
2017-07-24 17:33:50,246 () volttron.platform.main DEBUG: external_address_file file /home/volttron/.volttron99/external_address.json
2017-07-24 17:33:50,247 () volttron.platform.agent.utils DEBUG: missing file /home/volttron/.volttron99/keystores/config.store/keystore.json
2017-07-24 17:33:50,247 () volttron.platform.agent.utils INFO: creating file /home/volttron/.volttron99/keystores/config.store/keystore.json
2017-07-24 17:33:50,248 () volttron.platform.vip.agent.core DEBUG: address: inproc://vip
2017-07-24 17:33:50,249 () volttron.platform.vip.agent.core DEBUG: identity: config.store
2017-07-24 17:33:50,249 () volttron.platform.vip.agent.core DEBUG: agent_uuid: None
2017-07-24 17:33:50,249 () volttron.platform.vip.agent.core DEBUG: serverkey: None
2017-07-24 17:33:50,250 () volttron.platform.store INFO: Initializing configuration store service.
2017-07-24 17:33:50,252 () volttron.platform.agent.utils DEBUG: missing file /home/volttron/.volttron99/keystores/platform.auth/keystore.json
2017-07-24 17:33:50,252 () volttron.platform.agent.utils INFO: creating file /home/volttron/.volttron99/keystores/platform.auth/keystore.json
2017-07-24 17:33:50,253 () volttron.platform.vip.agent.core DEBUG: address: inproc://vip
2017-07-24 17:33:50,253 () volttron.platform.vip.agent.core DEBUG: identity: platform.auth
2017-07-24 17:33:50,253 () volttron.platform.vip.agent.core DEBUG: agent_uuid: None
2017-07-24 17:33:50,254 () volttron.platform.vip.agent.core DEBUG: serverkey: None
2017-07-24 17:33:50,255 () volttron.platform.auth INFO: loading auth file /home/volttron/.volttron99/auth.json
2017-07-24 17:33:50,255 () volttron.platform.auth INFO: auth file /home/volttron/.volttron99/auth.json loaded
2017-07-24 17:33:50,255 () volttron.platform.agent.utils DEBUG: missing file /home/volttron/.volttron99/protected_topics.json
2017-07-24 17:33:50,255 () volttron.platform.agent.utils INFO: creating file /home/volttron/.volttron99/protected_topics.json
2017-07-24 17:33:50,257 () volttron.platform.main DEBUG: MAIN: protected topics content {}
2017-07-24 17:33:50,257 () volttron.platform.main DEBUG: In-process VIP router bound to inproc://vip
2017-07-24 17:33:50,258 () volttron.platform.main DEBUG: Local VIP router bound to ipc://@/home/volttron/.volttron99/run/vip.socket?secretkey=XXXXX&domain=vip&server=CURVE#314f1cd8-0d06-4779-9018-21b4d21d90e9
2017-07-24 17:33:50,258 () volttron.platform.main DEBUG: Additional VIP router bound to tcp://127.0.0.99:22916?secretkey=XXXXX&domain=vip&server=CURVE#314f1cd8-0d06-4779-9018-21b4d21d90e9
2017-07-24 17:33:50,258 () volttron.platform.vip.pubsubservice INFO: protected-topics loaded
2017-07-24 17:33:50,258 () volttron.platform.vip.externalrpcservice DEBUG: ExternalRPCService
2017-07-24 17:33:50,259 () volttron.platform.main DEBUG: ZMQ version: 4.1.5
2017-07-24 17:33:50,259 () volttron.platform.vip.pubsubservice DEBUG: PUBSUBSERVICE peer add config.store
2017-07-24 17:33:50,260 () volttron.platform.vip.pubsubservice DEBUG: PUBSUBSERVICE peer add platform.auth
2017-07-24 17:33:50,261 () volttron.platform.vip.agent.core INFO: Connected to platform: router: 314f1cd8-0d06-4779-9018-21b4d21d90e9 version: 1.0 identity: config.store
2017-07-24 17:33:50,261 () volttron.platform.vip.agent.core DEBUG: Running onstart methods.
2017-07-24 17:33:50,263 () volttron.platform.vip.agent.core INFO: Connected to platform: router: 314f1cd8-0d06-4779-9018-21b4d21d90e9 version: 1.0 identity: platform.auth
2017-07-24 17:33:50,264 () volttron.platform.vip.agent.core DEBUG: Running onstart methods.
2017-07-24 17:33:50,268 () volttron.platform.vip.agent.subsystems.configstore DEBUG: Processing callbacks for affected files: {}
2017-07-24 17:33:50,372 () volttron.platform.main DEBUG: protected topics file /home/volttron/.volttron99/protected_topics.json
2017-07-24 17:33:50,372 () volttron.platform.main DEBUG: external_address_file file /home/volttron/.volttron99/external_address.json
2017-07-24 17:33:50,373 () volttron.platform.agent.utils DEBUG: missing file /home/volttron/.volttron99/keystores/control/keystore.json
2017-07-24 17:33:50,373 () volttron.platform.agent.utils INFO: creating file /home/volttron/.volttron99/keystores/control/keystore.json
2017-07-24 17:33:50,376 () volttron.platform.vip.agent.core DEBUG: address: inproc://vip
2017-07-24 17:33:50,376 () volttron.platform.vip.agent.core DEBUG: identity: control
2017-07-24 17:33:50,376 () volttron.platform.vip.agent.core DEBUG: agent_uuid: None
2017-07-24 17:33:50,377 () volttron.platform.vip.agent.core DEBUG: serverkey: None
2017-07-24 17:33:50,379 () volttron.platform.agent.utils DEBUG: missing file /home/volttron/.volttron99/keystores/pubsub.compat/keystore.json
2017-07-24 17:33:50,380 () volttron.platform.agent.utils INFO: creating file /home/volttron/.volttron99/keystores/pubsub.compat/keystore.json
2017-07-24 17:33:50,382 () volttron.platform.vip.agent.core DEBUG: address: inproc://vip
2017-07-24 17:33:50,382 () volttron.platform.vip.agent.core DEBUG: identity: pubsub.compat
2017-07-24 17:33:50,382 () volttron.platform.vip.agent.core DEBUG: agent_uuid: None
2017-07-24 17:33:50,382 () volttron.platform.vip.agent.core DEBUG: serverkey: None
2017-07-24 17:33:50,383 () volttron.platform.agent.utils DEBUG: missing file /home/volttron/.volttron99/keystores/master.web/keystore.json
2017-07-24 17:33:50,383 () volttron.platform.agent.utils INFO: creating file /home/volttron/.volttron99/keystores/master.web/keystore.json
2017-07-24 17:33:50,385 () volttron.platform.vip.agent.core DEBUG: address: inproc://vip
2017-07-24 17:33:50,386 () volttron.platform.vip.agent.core DEBUG: identity: master.web
2017-07-24 17:33:50,386 () volttron.platform.vip.agent.core DEBUG: agent_uuid: None
2017-07-24 17:33:50,386 () volttron.platform.vip.agent.core DEBUG: serverkey: None
2017-07-24 17:33:50,395 () volttron.platform.agent.utils DEBUG: missing file /home/volttron/.volttron99/keystores/keydiscovery/keystore.json
2017-07-24 17:33:50,395 () volttron.platform.agent.utils INFO: creating file /home/volttron/.volttron99/keystores/keydiscovery/keystore.json
2017-07-24 17:33:50,398 () volttron.platform.vip.agent.core DEBUG: address: inproc://vip
2017-07-24 17:33:50,398 () volttron.platform.vip.agent.core DEBUG: identity: keydiscovery
2017-07-24 17:33:50,398 () volttron.platform.vip.agent.core DEBUG: agent_uuid: None
2017-07-24 17:33:50,398 () volttron.platform.vip.agent.core DEBUG: serverkey: None
2017-07-24 17:33:50,408 () volttron.platform.vip.pubsubservice DEBUG: PUBSUBSERVICE peer add control
2017-07-24 17:33:50,412 () volttron.platform.vip.pubsubservice DEBUG: PUBSUBSERVICE peer add keydiscovery
2017-07-24 17:33:50,414 () volttron.platform.vip.pubsubservice DEBUG: PUBSUBSERVICE peer add pubsub.compat
2017-07-24 17:33:50,416 () volttron.platform.vip.pubsubservice DEBUG: PUBSUBSERVICE peer add master.web
2017-07-24 17:33:50,419 () volttron.platform.vip.agent.core INFO: Connected to platform: router: 314f1cd8-0d06-4779-9018-21b4d21d90e9 version: 1.0 identity: master.web
2017-07-24 17:33:50,421 () volttron.platform.vip.agent.core DEBUG: Running onstart methods.
2017-07-24 17:33:50,423 () volttron.platform.vip.agent.core INFO: Connected to platform: router: 314f1cd8-0d06-4779-9018-21b4d21d90e9 version: 1.0 identity: pubsub.compat
2017-07-24 17:33:50,423 () volttron.platform.vip.agent.core DEBUG: Running onstart methods.
2017-07-24 17:33:50,429 () volttron.platform.vip.agent.core INFO: Connected to platform: router: 314f1cd8-0d06-4779-9018-21b4d21d90e9 version: 1.0 identity: keydiscovery
2017-07-24 17:33:50,429 () volttron.platform.vip.agent.core DEBUG: Running onstart methods.
2017-07-24 17:33:50,432 () volttron.platform.vip.agent.core INFO: Connected to platform: router: 314f1cd8-0d06-4779-9018-21b4d21d90e9 version: 1.0 identity: control
2017-07-24 17:33:50,432 () volttron.platform.vip.agent.core DEBUG: Running onstart methods.
2017-07-24 17:33:50,435 () volttron.platform.web INFO: Starting web server binding to 127.0.0.99:8080.
2017-07-24 17:33:50,436 () volttron.platform.vip.keydiscovery ERROR: Error opening file /home/volttron/.volttron99/external_address.json
2017-07-24 17:33:50,450 () volttron.platform.vip.agent.subsystems.configstore DEBUG: Processing callbacks for affected files: {}
2017-07-24 17:34:00,337 () volttron.platform.auth INFO: loading auth file /home/volttron/.volttron99/auth.json
2017-07-24 17:34:00,339 () volttron.platform.auth INFO: auth file /home/volttron/.volttron99/auth.json loaded
2017-07-24 17:34:00,343 () volttron.platform.auth DEBUG: AUTH new capabilities update: {'2b3fadbb-9be1-439c-ad34-cbb21258ea3b': [], 'platform': []}
2017-07-24 17:34:00,369 () volttron.platform.auth INFO: loading auth file /home/volttron/.volttron99/auth.json
2017-07-24 17:34:00,370 () volttron.platform.auth INFO: auth file /home/volttron/.volttron99/auth.json loaded
2017-07-24 17:34:00,373 () volttron.platform.auth DEBUG: AUTH new capabilities update: {'2b3fadbb-9be1-439c-ad34-cbb21258ea3b': [], 'platform': []}
2017-07-24 17:34:06,146 () volttron.platform.auth INFO: loading auth file /home/volttron/.volttron99/auth.json
2017-07-24 17:34:06,147 () volttron.platform.auth INFO: auth file /home/volttron/.volttron99/auth.json loaded
2017-07-24 17:34:06,149 () volttron.platform.auth DEBUG: AUTH new capabilities update: {'2b3fadbb-9be1-439c-ad34-cbb21258ea3b': [], 'platform': []}
2017-07-24 17:34:06,153 () volttron.platform.auth INFO: loading auth file /home/volttron/.volttron99/auth.json
2017-07-24 17:34:06,154 () volttron.platform.auth INFO: auth file /home/volttron/.volttron99/auth.json loaded
2017-07-24 17:34:06,164 () volttron.platform.auth DEBUG: AUTH new capabilities update: {'2b3fadbb-9be1-439c-ad34-cbb21258ea3b': [], 'platform': []}
2017-07-24 17:42:17,105 () volttron.platform.web DEBUG: PATH IS: /discovery/
2017-07-24 17:42:17,106 () volttron.platform.web DEBUG: Peer we path_info is associated with: None
2017-07-24 17:42:17,106 () volttron.platform.web DEBUG: MATCHED:
pattern: ^/discovery/$, path_info: /discovery/
 v: <bound method MasterWebService._get_discovery of <volttron.platform.web.MasterWebService object at 0x7fb7580d61d0>>
2017-07-24 17:42:17,106 () volttron.platform.web DEBUG: registered route t is: callable
2017-07-24 17:42:17,303 () volttron.platform.auth INFO: authentication success: domain='vip', address='127.0.0.1', mechanism='CURVE', credentials=['TCMNFHwXpXpqFp-XwbNSJgCnYn30ra7oXZB8veV4WUk'], user_id='2b3fadbb-9be1-439c-ad34-cbb21258ea3b'
2017-07-24 17:42:17,363 () volttron.platform.vip.pubsubservice DEBUG: PUBSUBSERVICE peer add platform99-0.101683030156
2017-07-24 17:42:17,364 () volttron.platform.vip.routingservice DEBUG: HELLO Recieved hello, sending welcome to platform1
2017-07-24 17:42:17,364 () volttron.platform.vip.routingservice DEBUG: Sending welcome message to sender platform1
2017-07-24 17:42:17,364 () volttron.platform.vip.routingservice DEBUG: Key error for platform platform1
2017-07-24 17:42:17,364 () volttron.platform.vip.pubsubservice DEBUG: PUBSUBSERVICE external_list
2017-07-24 17:42:17,364 () volttron.platform.vip.pubsubservice DEBUG: PUBSUBSERVICE external_subscriptions from external platforms: platform99-0.101683030156
2017-07-24 17:42:17,364 () volttron.platform.vip.pubsubservice DEBUG: PUBSUBSERVICE New external list from platform1: List: defaultdict(<type 'set'>, {'platform1': []})
2017-07-24 17:42:31,373 () volttron.platform.auth INFO: loading auth file /home/volttron/.volttron99/auth.json
2017-07-24 17:42:31,380 () volttron.platform.auth INFO: auth file /home/volttron/.volttron99/auth.json loaded
2017-07-24 17:42:31,394 () volttron.platform.auth DEBUG: AUTH new capabilities update: {'2b3fadbb-9be1-439c-ad34-cbb21258ea3b': [], 'platform': []}
